40.6102 	DATA 	Keypress: o
40.6109 	Level start key press 	25
40.6109 	Level fixation 0.000001 	25
42.6374 	DATA 	Keypress: o
44.6207 	DATA 	Keypress: o
46.6211 	DATA 	Keypress: o
48.6211 	DATA 	Keypress: o
49.0522 	Level fixation end 0.000001 	25
49.0522 	Level START 	25
49.4582 	Level b.jpg at position=right and a.jpg at position=left 	25
51.0537 	DATA 	Keypress: 2
51.0553 	DATA 	Keypress: o
51.0859 	Level keypress=2 at time= 1.568326 	25
51.0863 	Level injecting via pump at address 1 and a keypress of 2 and image of b.jpg 	25
56.0567 	DATA 	Keypress: o
56.0577 	DATA 	Keypress: o
57.0550 	DATA 	Keypress: o
57.0694 	Level RINSE 	25
59.0572 	DATA 	Keypress: o
65.0522 	Level finished 	25
65.0536 	DATA 	Keypress: o
65.0545 	DATA 	Keypress: o
65.0555 	DATA 	Keypress: o
65.4368 	Level e.jpg at position=right and f.jpg at position=left 	25
67.0535 	DATA 	Keypress: 1
67.0547 	DATA 	Keypress: o
67.0867 	Level keypress=1 at time= 1.599899 	25
67.0872 	Level injecting via pump at address 1 and a keypress of 1 and image of f.jpg 	25
72.0576 	DATA 	Keypress: o
72.0588 	DATA 	Keypress: o
73.0555 	DATA 	Keypress: o
73.0706 	Level RINSE 	25
75.0574 	DATA 	Keypress: o
80.0522 	Level finished 	25
80.0537 	DATA 	Keypress: o
80.0548 	DATA 	Keypress: o
80.4327 	Level d.jpg at position=left and c.jpg at position=right 	25
82.0535 	DATA 	Keypress: o
82.0546 	DATA 	Keypress: 2
82.0711 	Level keypress=2 at time= 1.600333 	25
82.0716 	Level injecting via pump at address 1 and a keypress of 2 and image of c.jpg 	25
87.0571 	DATA 	Keypress: o
87.0582 	DATA 	Keypress: o
87.0593 	DATA 	Keypress: o
88.0716 	Level RINSE 	25
90.0570 	DATA 	Keypress: o
95.0522 	Level finished 	25
95.0536 	DATA 	Keypress: o
95.0547 	DATA 	Keypress: o
95.0557 	DATA 	Keypress: o
95.4283 	Level a.jpg at position=left and b.jpg at position=right 	25
97.0536 	DATA 	Keypress: 1
97.0549 	DATA 	Keypress: o
97.0726 	Level keypress=1 at time= 1.598313 	25
97.0731 	Level injecting via pump at address 1 and a keypress of 1 and image of a.jpg 	25
102.0571 	DATA 	Keypress: o
102.0583 	DATA 	Keypress: o
103.0559 	DATA 	Keypress: o
103.0725 	Level RINSE 	25
105.0584 	DATA 	Keypress: o
111.0522 	Level finished 	25
111.0537 	DATA 	Keypress: o
111.0547 	DATA 	Keypress: o
111.0558 	DATA 	Keypress: o
111.4378 	Level f.jpg at position=right and e.jpg at position=left 	25
113.0538 	DATA 	Keypress: 2
113.0554 	DATA 	Keypress: o
113.0731 	Level keypress=2 at time= 1.580235 	25
113.0735 	Level injecting via pump at address 2 and a keypress of 2 and image of f.jpg 	25
118.0579 	DATA 	Keypress: o
118.0592 	DATA 	Keypress: o
119.0546 	DATA 	Keypress: o
119.0738 	Level RINSE 	25
121.0582 	DATA 	Keypress: o
125.0522 	Level finished 	25
125.0536 	DATA 	Keypress: o
125.0551 	DATA 	Keypress: o
125.4384 	Level d.jpg at position=right and c.jpg at position=left 	25
127.0535 	DATA 	Keypress: 2
127.0548 	DATA 	Keypress: o
127.0742 	Level keypress=2 at time= 1.595734 	25
127.0746 	Level injecting via pump at address 1 and a keypress of 2 and image of d.jpg 	25
132.0571 	DATA 	Keypress: o
132.0580 	DATA 	Keypress: o
133.0556 	DATA 	Keypress: o
133.0747 	Level RINSE 	25
135.0576 	DATA 	Keypress: o
140.0522 	Level finished 	25
140.0538 	DATA 	Keypress: o
140.0550 	DATA 	Keypress: o
140.4421 	Level f.jpg at position=right and e.jpg at position=left 	25
142.0533 	DATA 	Keypress: o
142.0752 	Level Key Press Missed! 	25
147.0578 	DATA 	Keypress: o
147.0590 	DATA 	Keypress: o
147.0601 	DATA 	Keypress: o
148.0758 	Level RINSE 	25
150.0572 	DATA 	Keypress: o
155.0522 	Level finished 	25
155.0538 	DATA 	Keypress: o
155.0551 	DATA 	Keypress: o
155.0563 	DATA 	Keypress: o
155.4378 	Level d.jpg at position=right and c.jpg at position=left 	25
157.0533 	DATA 	Keypress: o
157.0766 	Level Key Press Missed! 	25
162.0580 	DATA 	Keypress: o
162.0592 	DATA 	Keypress: o
163.0547 	DATA 	Keypress: o
163.0768 	Level RINSE 	25
165.0568 	DATA 	Keypress: o
171.0522 	Level finished 	25
171.0537 	DATA 	Keypress: o
171.0547 	DATA 	Keypress: o
171.0557 	DATA 	Keypress: o
171.4367 	Level c.jpg at position=right and d.jpg at position=left 	25
173.0536 	DATA 	Keypress: 2
173.0548 	DATA 	Keypress: o
173.0773 	Level keypress=2 at time= 1.592674 	25
173.0778 	Level injecting via pump at address 1 and a keypress of 2 and image of c.jpg 	25
178.0579 	DATA 	Keypress: o
178.0593 	DATA 	Keypress: o
179.0553 	DATA 	Keypress: o
179.0779 	Level RINSE 	25
181.0568 	DATA 	Keypress: o
187.0522 	Level finished 	25
187.0538 	DATA 	Keypress: o
187.0550 	DATA 	Keypress: o
187.0562 	DATA 	Keypress: o
187.4423 	Level d.jpg at position=right and c.jpg at position=left 	25
189.0535 	DATA 	Keypress: 1
189.0547 	DATA 	Keypress: 1
189.0559 	DATA 	Keypress: o
189.0785 	Level keypress=1 at time= 1.591456 	25
189.0789 	Level injecting via pump at address 1 and a keypress of 1 and image of c.jpg 	25
194.0597 	DATA 	Keypress: o
194.0615 	DATA 	Keypress: o
195.0549 	DATA 	Keypress: o
195.0791 	Level RINSE 	25
197.0572 	DATA 	Keypress: o
200.0522 	Level finished 	25
200.0541 	DATA 	Keypress: o
200.4372 	Level e.jpg at position=right and f.jpg at position=left 	25
202.0535 	DATA 	Keypress: o
202.0549 	DATA 	Keypress: 1
202.0626 	Level keypress=1 at time= 1.591982 	25
202.0631 	Level injecting via pump at address 2 and a keypress of 1 and image of f.jpg 	25
207.0579 	DATA 	Keypress: o
207.0593 	DATA 	Keypress: o
207.0606 	DATA 	Keypress: o
208.0799 	Level RINSE 	25
210.0579 	DATA 	Keypress: o
215.0522 	Level finished 	25
215.0539 	DATA 	Keypress: o
215.0552 	DATA 	Keypress: o
215.0564 	DATA 	Keypress: o
215.4395 	Level e.jpg at position=left and f.jpg at position=right 	25
217.0533 	DATA 	Keypress: 2
217.0543 	DATA 	Keypress: o
217.0803 	Level keypress=2 at time= 1.589343 	25
217.0808 	Level injecting via pump at address 2 and a keypress of 2 and image of f.jpg 	25
222.0573 	DATA 	Keypress: o
222.0587 	DATA 	Keypress: o
223.0551 	DATA 	Keypress: o
223.0809 	Level RINSE 	25
225.0575 	DATA 	Keypress: o
231.0522 	Level finished 	25
231.0558 	DATA 	Keypress: o
231.0568 	DATA 	Keypress: o
231.0579 	DATA 	Keypress: o
231.4480 	Level c.jpg at position=left and d.jpg at position=right 	25
233.0535 	DATA 	Keypress: o
233.0815 	Level Key Press Missed! 	25
238.0584 	DATA 	Keypress: o
238.0601 	DATA 	Keypress: o
239.0548 	DATA 	Keypress: o
239.0820 	Level RINSE 	25
241.0576 	DATA 	Keypress: o
245.0522 	Level finished 	25
245.0537 	DATA 	Keypress: o
245.0548 	DATA 	Keypress: o
245.4443 	Level b.jpg at position=left and a.jpg at position=right 	25
247.0535 	DATA 	Keypress: o
247.0548 	DATA 	Keypress: 1
247.0657 	Level keypress=1 at time= 1.572082 	25
247.0663 	Level injecting via pump at address 2 and a keypress of 1 and image of b.jpg 	25
252.0567 	DATA 	Keypress: o
252.0577 	DATA 	Keypress: o
253.0546 	DATA 	Keypress: o
253.0664 	Level RINSE 	25
255.0589 	DATA 	Keypress: o
259.0522 	Level finished 	25
259.0538 	DATA 	Keypress: o
259.0550 	DATA 	Keypress: o
259.4285 	Level c.jpg at position=right and d.jpg at position=left 	25
261.0535 	DATA 	Keypress: 2
261.0548 	DATA 	Keypress: o
261.0834 	Level keypress=2 at time= 1.603139 	25
261.0839 	Level injecting via pump at address 1 and a keypress of 2 and image of c.jpg 	25
266.0586 	DATA 	Keypress: o
266.0600 	DATA 	Keypress: o
267.0551 	DATA 	Keypress: o
267.0840 	Level RINSE 	25
269.0570 	DATA 	Keypress: o
273.0522 	Level finished 	25
273.0536 	DATA 	Keypress: o
273.0547 	DATA 	Keypress: o
273.4293 	Level b.jpg at position=left and a.jpg at position=right 	25
275.0535 	DATA 	Keypress: o
275.0677 	Level Key Press Missed! 	25
280.0568 	DATA 	Keypress: o
280.0578 	DATA 	Keypress: o
281.0550 	DATA 	Keypress: o
281.0683 	Level RINSE 	25
283.0579 	DATA 	Keypress: o
286.0522 	Level finished 	25
286.0537 	DATA 	Keypress: o
286.4322 	Level d.jpg at position=right and c.jpg at position=left 	25
288.0539 	DATA 	Keypress: o
288.0685 	Level Key Press Missed! 	25
288.0783 	DATA 	Keypress: 1
293.0585 	DATA 	Keypress: o
293.0597 	DATA 	Keypress: o
293.0609 	DATA 	Keypress: o
294.0692 	Level RINSE 	25
296.0578 	DATA 	Keypress: o
301.0522 	Level finished 	25
301.0538 	DATA 	Keypress: o
301.0549 	DATA 	Keypress: o
301.0559 	DATA 	Keypress: o
301.4408 	Level a.jpg at position=left and b.jpg at position=right 	25
303.0535 	DATA 	Keypress: o
303.0700 	Level Key Press Missed! 	25
308.0582 	DATA 	Keypress: o
308.0595 	DATA 	Keypress: o
309.0547 	DATA 	Keypress: o
309.0702 	Level RINSE 	25
311.0572 	DATA 	Keypress: o
316.0522 	Level finished 	25
316.0539 	DATA 	Keypress: o
316.0553 	DATA 	Keypress: o
316.4299 	Level f.jpg at position=left and e.jpg at position=right 	25
318.0537 	DATA 	Keypress: o
318.0706 	Level Key Press Missed! 	25
323.0571 	DATA 	Keypress: o
323.0583 	DATA 	Keypress: o
323.0597 	DATA 	Keypress: o
324.0713 	Level RINSE 	25
326.0576 	DATA 	Keypress: o
330.0522 	Level finished 	25
330.0538 	DATA 	Keypress: o
330.0551 	DATA 	Keypress: o
330.4408 	Level c.jpg at position=right and d.jpg at position=left 	25
332.0533 	DATA 	Keypress: o
332.0716 	Level Key Press Missed! 	25
337.0582 	DATA 	Keypress: o
337.0595 	DATA 	Keypress: o
337.0608 	DATA 	Keypress: o
338.0723 	Level RINSE 	25
340.0577 	DATA 	Keypress: o
344.0522 	Level finished 	25
344.0536 	DATA 	Keypress: o
344.0546 	DATA 	Keypress: o
344.4291 	Level b.jpg at position=left and a.jpg at position=right 	25
346.0535 	DATA 	Keypress: o
346.0726 	Level Key Press Missed! 	25
351.0575 	DATA 	Keypress: o
351.0586 	DATA 	Keypress: o
351.0595 	DATA 	Keypress: o
352.0565 	Level RINSE 	25
354.0575 	DATA 	Keypress: o
360.0522 	Level finished 	25
360.0537 	DATA 	Keypress: o
360.0549 	DATA 	Keypress: o
360.0561 	DATA 	Keypress: o
360.4435 	Level a.jpg at position=left and b.jpg at position=right 	25
362.0535 	DATA 	Keypress: o
362.0737 	Level Key Press Missed! 	25
367.0576 	DATA 	Keypress: o
367.0591 	DATA 	Keypress: o
367.0604 	DATA 	Keypress: o
368.0744 	Level RINSE 	25
370.0578 	DATA 	Keypress: o
374.0522 	Level finished 	25
374.0537 	DATA 	Keypress: o
374.0547 	DATA 	Keypress: o
374.4389 	Level b.jpg at position=right and a.jpg at position=left 	25
376.0538 	DATA 	Keypress: q
376.0555 	DATA 	Keypress: q
376.0570 	DATA 	Keypress: q
376.0583 	DATA 	Keypress: q
376.0596 	DATA 	Keypress: q
376.0610 	DATA 	Keypress: q
376.0913 	Level Key Press Missed! 	25
381.0578 	DATA 	Keypress: q
381.0590 	DATA 	Keypress: q
381.0602 	DATA 	Keypress: q
381.0614 	DATA 	Keypress: q
381.0625 	DATA 	Keypress: q
382.0753 	Level RINSE 	25
389.0522 	Level finished 	25
