29.7243 	DATA 	Keypress: o
29.7250 	Level start key press 	25
29.7250 	Level fixation 0.000001 	25
31.7244 	DATA 	Keypress: o
33.7247 	DATA 	Keypress: o
35.7246 	DATA 	Keypress: o
37.7246 	DATA 	Keypress: o
38.1723 	Level fixation end 0.000001 	25
38.1723 	Level START 	25
38.5588 	Level a.jpg at position=left and b.jpg at position=right 	25
40.1738 	DATA 	Keypress: 1
40.1756 	DATA 	Keypress: o
40.2062 	Level keypress=1 at time= 1.584814 	25
40.2067 	Level injecting via pump at address 2 and a keypress of 1 and image of a.jpg 	25
45.1787 	DATA 	Keypress: o
45.1805 	DATA 	Keypress: o
46.1757 	DATA 	Keypress: o
46.1896 	Level RINSE 	25
48.1785 	DATA 	Keypress: o
54.1723 	Level finished 	25
54.1737 	DATA 	Keypress: o
54.1748 	DATA 	Keypress: o
54.1757 	DATA 	Keypress: o
54.5404 	Level a.jpg at position=right and b.jpg at position=left 	25
56.1735 	DATA 	Keypress: 1
56.1748 	DATA 	Keypress: o
56.2069 	Level keypress=1 at time= 1.616375 	25
56.2074 	Level injecting via pump at address 2 and a keypress of 1 and image of b.jpg 	25
61.1775 	DATA 	Keypress: o
61.1788 	DATA 	Keypress: o
62.1749 	DATA 	Keypress: o
62.1908 	Level RINSE 	25
64.1768 	DATA 	Keypress: o
69.1723 	Level finished 	25
69.1736 	DATA 	Keypress: o
69.1747 	DATA 	Keypress: o
69.5487 	Level a.jpg at position=right and b.jpg at position=left 	25
71.1735 	DATA 	Keypress: o
71.1747 	DATA 	Keypress: 1
71.1913 	Level keypress=1 at time= 1.600210 	25
71.1918 	Level injecting via pump at address 2 and a keypress of 1 and image of b.jpg 	25
76.1778 	DATA 	Keypress: o
76.1793 	DATA 	Keypress: o
76.1805 	DATA 	Keypress: o
77.1918 	Level RINSE 	25
79.1769 	DATA 	Keypress: o
84.1723 	Level finished 	25
84.1738 	DATA 	Keypress: o
84.1750 	DATA 	Keypress: o
84.1760 	DATA 	Keypress: o
84.5532 	Level f.jpg at position=right and e.jpg at position=left 	25
86.1734 	DATA 	Keypress: 2
86.1744 	DATA 	Keypress: o
86.1927 	Level keypress=2 at time= 1.597918 	25
86.1933 	Level injecting via pump at address 2 and a keypress of 2 and image of f.jpg 	25
91.1778 	DATA 	Keypress: o
91.1790 	DATA 	Keypress: o
92.1747 	DATA 	Keypress: o
92.1929 	Level RINSE 	25
94.1782 	DATA 	Keypress: o
100.1723 	Level finished 	25
100.1738 	DATA 	Keypress: o
100.1749 	DATA 	Keypress: o
100.1759 	DATA 	Keypress: o
100.5511 	Level c.jpg at position=right and d.jpg at position=left 	25
102.1734 	DATA 	Keypress: 2
102.1745 	DATA 	Keypress: o
102.1934 	Level keypress=2 at time= 1.596399 	25
102.1939 	Level injecting via pump at address 2 and a keypress of 2 and image of c.jpg 	25
107.1770 	DATA 	Keypress: o
107.1783 	DATA 	Keypress: o
108.1758 	DATA 	Keypress: o
108.1940 	Level RINSE 	25
110.1800 	DATA 	Keypress: o
114.1723 	Level finished 	25
114.1738 	DATA 	Keypress: o
114.1750 	DATA 	Keypress: o
114.5559 	Level e.jpg at position=right and f.jpg at position=left 	25
116.1734 	DATA 	Keypress: 2
116.1744 	DATA 	Keypress: o
116.1944 	Level keypress=2 at time= 1.595801 	25
116.1948 	Level injecting via pump at address 1 and a keypress of 2 and image of e.jpg 	25
121.1774 	DATA 	Keypress: o
121.1786 	DATA 	Keypress: o
122.1763 	DATA 	Keypress: o
122.1950 	Level RINSE 	25
124.1798 	DATA 	Keypress: o
129.1723 	Level finished 	25
129.1739 	DATA 	Keypress: o
129.1752 	DATA 	Keypress: o
129.5395 	Level c.jpg at position=left and d.jpg at position=right 	25
131.1734 	DATA 	Keypress: o
131.1744 	DATA 	Keypress: 1
131.1958 	Level keypress=1 at time= 1.612457 	25
131.1963 	Level injecting via pump at address 1 and a keypress of 1 and image of c.jpg 	25
136.1793 	DATA 	Keypress: o
136.1811 	DATA 	Keypress: o
136.1827 	DATA 	Keypress: o
137.1960 	Level RINSE 	25
139.1781 	DATA 	Keypress: o
144.1723 	Level finished 	25
144.1737 	DATA 	Keypress: o
144.1747 	DATA 	Keypress: o
144.1757 	DATA 	Keypress: o
144.5450 	Level e.jpg at position=right and f.jpg at position=left 	25
146.1736 	DATA 	Keypress: 1
146.1748 	DATA 	Keypress: o
146.1965 	Level keypress=1 at time= 1.610149 	25
146.1969 	Level injecting via pump at address 2 and a keypress of 1 and image of f.jpg 	25
151.1779 	DATA 	Keypress: o
151.1793 	DATA 	Keypress: o
152.1750 	DATA 	Keypress: o
152.1970 	Level RINSE 	25
154.1769 	DATA 	Keypress: o
160.1723 	Level finished 	25
160.1737 	DATA 	Keypress: o
160.1747 	DATA 	Keypress: o
160.1756 	DATA 	Keypress: o
160.5543 	Level f.jpg at position=right and e.jpg at position=left 	25
162.1743 	DATA 	Keypress: 1
162.1762 	DATA 	Keypress: o
162.1975 	Level keypress=1 at time= 1.593543 	25
162.1980 	Level injecting via pump at address 2 and a keypress of 1 and image of e.jpg 	25
167.1783 	DATA 	Keypress: o
167.1795 	DATA 	Keypress: o
168.1749 	DATA 	Keypress: o
168.1982 	Level RINSE 	25
170.1768 	DATA 	Keypress: o
176.1723 	Level finished 	25
176.1738 	DATA 	Keypress: o
176.1750 	DATA 	Keypress: o
176.1764 	DATA 	Keypress: o
176.5545 	Level b.jpg at position=left and a.jpg at position=right 	25
178.1734 	DATA 	Keypress: 1
178.1745 	DATA 	Keypress: o
178.1824 	Level keypress=1 at time= 1.591547 	25
178.1829 	Level injecting via pump at address 2 and a keypress of 1 and image of b.jpg 	25
183.1775 	DATA 	Keypress: o
183.1787 	DATA 	Keypress: o
184.1752 	DATA 	Keypress: o
184.1994 	Level RINSE 	25
186.1792 	DATA 	Keypress: o
189.1723 	Level finished 	25
189.1745 	DATA 	Keypress: o
189.5569 	Level e.jpg at position=left and f.jpg at position=right 	25
191.1736 	DATA 	Keypress: o
191.1750 	DATA 	Keypress: 1
191.1829 	Level keypress=1 at time= 1.591929 	25
191.1834 	Level injecting via pump at address 2 and a keypress of 1 and image of e.jpg 	25
196.1776 	DATA 	Keypress: o
196.1788 	DATA 	Keypress: o
196.1798 	DATA 	Keypress: o
197.1835 	Level RINSE 	25
199.1776 	DATA 	Keypress: o
204.1723 	Level finished 	25
204.1742 	DATA 	Keypress: o
204.1756 	DATA 	Keypress: o
204.1772 	DATA 	Keypress: o
204.5548 	Level d.jpg at position=left and c.jpg at position=right 	25
206.1734 	DATA 	Keypress: 1
206.1745 	DATA 	Keypress: o
206.2006 	Level keypress=1 at time= 1.589623 	25
206.2011 	Level injecting via pump at address 2 and a keypress of 1 and image of d.jpg 	25
211.1772 	DATA 	Keypress: o
211.1781 	DATA 	Keypress: o
212.1749 	DATA 	Keypress: o
212.2012 	Level RINSE 	25
214.1798 	DATA 	Keypress: o
220.1723 	Level finished 	25
220.1753 	DATA 	Keypress: o
220.1764 	DATA 	Keypress: o
220.1775 	DATA 	Keypress: o
220.5390 	Level b.jpg at position=left and a.jpg at position=right 	25
222.1735 	DATA 	Keypress: 1
222.1745 	DATA 	Keypress: o
222.1855 	Level keypress=1 at time= 1.605149 	25
222.1859 	Level injecting via pump at address 2 and a keypress of 1 and image of b.jpg 	25
227.1790 	DATA 	Keypress: o
227.1808 	DATA 	Keypress: o
228.1760 	DATA 	Keypress: o
228.1856 	Level RINSE 	25
230.1792 	DATA 	Keypress: o
234.1723 	Level finished 	25
234.1739 	DATA 	Keypress: o
234.1750 	DATA 	Keypress: o
234.5476 	Level a.jpg at position=left and b.jpg at position=right 	25
236.1736 	DATA 	Keypress: 2
236.1748 	DATA 	Keypress: o
236.2027 	Level keypress=2 at time= 1.603967 	25
236.2031 	Level injecting via pump at address 2 and a keypress of 2 and image of b.jpg 	25
241.1792 	DATA 	Keypress: o
241.1810 	DATA 	Keypress: o
242.1758 	DATA 	Keypress: o
242.1865 	Level RINSE 	25
244.1815 	DATA 	Keypress: o
248.1723 	Level finished 	25
248.1738 	DATA 	Keypress: o
248.1751 	DATA 	Keypress: o
248.5577 	Level e.jpg at position=right and f.jpg at position=left 	25
250.1734 	DATA 	Keypress: 2
250.1745 	DATA 	Keypress: o
250.1870 	Level keypress=2 at time= 1.586548 	25
250.1875 	Level injecting via pump at address 2 and a keypress of 2 and image of e.jpg 	25
255.1801 	DATA 	Keypress: 2
255.1819 	DATA 	Keypress: o
255.1836 	DATA 	Keypress: o
256.1758 	DATA 	Keypress: o
256.1875 	Level RINSE 	25
258.1798 	DATA 	Keypress: o
262.1723 	Level finished 	25
262.1739 	DATA 	Keypress: o
262.1751 	DATA 	Keypress: o
262.5511 	Level e.jpg at position=left and f.jpg at position=right 	25
264.1736 	DATA 	Keypress: 2
264.1748 	DATA 	Keypress: o
264.1879 	Level keypress=2 at time= 1.602355 	25
264.1886 	Level injecting via pump at address 2 and a keypress of 2 and image of f.jpg 	25
269.1800 	DATA 	Keypress: o
269.1819 	DATA 	Keypress: o
270.1759 	DATA 	Keypress: o
270.1884 	Level RINSE 	25
272.1787 	DATA 	Keypress: o
275.1723 	Level finished 	25
275.1745 	DATA 	Keypress: o
275.5515 	Level f.jpg at position=left and e.jpg at position=right 	25
277.1736 	DATA 	Keypress: o
277.1748 	DATA 	Keypress: 1
277.2055 	Level keypress=1 at time= 1.602759 	25
277.2059 	Level injecting via pump at address 2 and a keypress of 1 and image of f.jpg 	25
282.1793 	DATA 	Keypress: o
282.1810 	DATA 	Keypress: o
282.1828 	DATA 	Keypress: o
283.1895 	Level RINSE 	25
285.1787 	DATA 	Keypress: o
290.1724 	Level finished 	25
290.1744 	DATA 	Keypress: o
290.1756 	DATA 	Keypress: o
290.1765 	DATA 	Keypress: o
290.5484 	Level d.jpg at position=right and c.jpg at position=left 	25
292.1737 	DATA 	Keypress: 1
292.1750 	DATA 	Keypress: o
292.1903 	Level keypress=1 at time= 1.600432 	25
292.1908 	Level injecting via pump at address 2 and a keypress of 1 and image of c.jpg 	25
297.1807 	DATA 	Keypress: o
297.1824 	DATA 	Keypress: o
298.1764 	DATA 	Keypress: o
298.1905 	Level RINSE 	25
300.1785 	DATA 	Keypress: o
305.1723 	Level finished 	25
305.1738 	DATA 	Keypress: o
305.1747 	DATA 	Keypress: o
305.5507 	Level c.jpg at position=right and d.jpg at position=left 	25
307.1735 	DATA 	Keypress: o
307.1745 	DATA 	Keypress: 1
307.1909 	Level keypress=1 at time= 1.599932 	25
307.1914 	Level injecting via pump at address 2 and a keypress of 1 and image of d.jpg 	25
312.1778 	DATA 	Keypress: o
312.1795 	DATA 	Keypress: o
312.1808 	DATA 	Keypress: o
313.1915 	Level RINSE 	25
315.1773 	DATA 	Keypress: o
319.1723 	Level finished 	25
319.1738 	DATA 	Keypress: o
319.1748 	DATA 	Keypress: o
319.5427 	Level a.jpg at position=right and b.jpg at position=left 	25
321.1734 	DATA 	Keypress: o
321.1744 	DATA 	Keypress: 2
321.1919 	Level keypress=2 at time= 1.616009 	25
321.1924 	Level injecting via pump at address 1 and a keypress of 2 and image of a.jpg 	25
326.1787 	DATA 	Keypress: o
326.1799 	DATA 	Keypress: o
326.1812 	DATA 	Keypress: o
327.1925 	Level RINSE 	25
329.1767 	DATA 	Keypress: o
333.1723 	Level finished 	25
333.1740 	DATA 	Keypress: o
333.1753 	DATA 	Keypress: o
333.5489 	Level d.jpg at position=right and c.jpg at position=left 	25
335.1738 	DATA 	Keypress: o
335.1754 	DATA 	Keypress: 2
335.1928 	Level keypress=2 at time= 1.599241 	25
335.1933 	Level injecting via pump at address 1 and a keypress of 2 and image of d.jpg 	25
340.1773 	DATA 	Keypress: o
340.1785 	DATA 	Keypress: o
340.1796 	DATA 	Keypress: o
341.1934 	Level RINSE 	25
343.1773 	DATA 	Keypress: o
349.1723 	Level finished 	25
349.1748 	DATA 	Keypress: o
349.1767 	DATA 	Keypress: o
349.1783 	DATA 	Keypress: o
349.5714 	Level d.jpg at position=right and c.jpg at position=left 	25
351.1740 	DATA 	Keypress: o
351.1760 	DATA 	Keypress: 1
351.1943 	Level keypress=1 at time= 1.565464 	25
351.1949 	Level injecting via pump at address 1 and a keypress of 1 and image of c.jpg 	25
356.1781 	DATA 	Keypress: o
356.1794 	DATA 	Keypress: o
356.1807 	DATA 	Keypress: o
357.1947 	Level RINSE 	25
359.1768 	DATA 	Keypress: o
363.1723 	Level finished 	25
363.1744 	DATA 	Keypress: o
363.1763 	DATA 	Keypress: o
363.5622 	Level a.jpg at position=left and b.jpg at position=right 	25
365.1741 	DATA 	Keypress: o
365.1759 	DATA 	Keypress: 2
365.2116 	Level keypress=2 at time= 1.597467 	25
365.2120 	Level injecting via pump at address 2 and a keypress of 2 and image of b.jpg 	25
370.1774 	DATA 	Keypress: o
370.1786 	DATA 	Keypress: o
370.1797 	DATA 	Keypress: o
371.1955 	Level RINSE 	25
373.1766 	DATA 	Keypress: o
378.1723 	Level finished 	25
378.1740 	DATA 	Keypress: o
378.1753 	DATA 	Keypress: o
378.1764 	DATA 	Keypress: o
378.5500 	Level b.jpg at position=right and a.jpg at position=left 	25
380.1736 	DATA 	Keypress: 1
380.1748 	DATA 	Keypress: o
380.1960 	Level keypress=1 at time= 1.611092 	25
380.1965 	Level injecting via pump at address 1 and a keypress of 1 and image of a.jpg 	25
385.1769 	DATA 	Keypress: o
385.1779 	DATA 	Keypress: o
386.1749 	DATA 	Keypress: o
386.1965 	Level RINSE 	25
388.1787 	DATA 	Keypress: o
392.1723 	Level finished 	25
392.1741 	DATA 	Keypress: o
392.1754 	DATA 	Keypress: o
392.5456 	Level b.jpg at position=left and a.jpg at position=right 	25
394.1734 	DATA 	Keypress: 1
394.1744 	DATA 	Keypress: o
394.1969 	Level keypress=1 at time= 1.593150 	25
394.1974 	Level injecting via pump at address 2 and a keypress of 1 and image of b.jpg 	25
399.1771 	DATA 	Keypress: o
399.1783 	DATA 	Keypress: o
400.1747 	DATA 	Keypress: o
400.1808 	Level RINSE 	25
402.1788 	DATA 	Keypress: o
408.1723 	Level finished 	25
408.1740 	DATA 	Keypress: o
408.1753 	DATA 	Keypress: o
408.1766 	DATA 	Keypress: o
408.5517 	Level c.jpg at position=right and d.jpg at position=left 	25
410.1734 	DATA 	Keypress: 2
410.1744 	DATA 	Keypress: o
410.1985 	Level keypress=2 at time= 1.592104 	25
410.1989 	Level injecting via pump at address 1 and a keypress of 2 and image of c.jpg 	25
415.1790 	DATA 	Keypress: o
415.1808 	DATA 	Keypress: o
416.1760 	DATA 	Keypress: o
416.1986 	Level RINSE 	25
418.1773 	DATA 	Keypress: o
425.1723 	Level finished 	25
