57.0292 	DATA 	Keypress: o
57.0298 	Level start key press 	25
57.0298 	Level fixation 0.000001 	25
59.0378 	DATA 	Keypress: o
61.0548 	DATA 	Keypress: o
63.0383 	DATA 	Keypress: o
65.0385 	DATA 	Keypress: o
65.4863 	Level fixation end 0.000001 	25
65.4863 	Level START 	25
65.8829 	Level d.jpg at position=right and c.jpg at position=left 	25
67.4875 	DATA 	Keypress: 1
67.4885 	DATA 	Keypress: o
67.5035 	Level keypress=1 at time= 1.584455 	25
67.5041 	Level injecting via pump at address 1 and a keypress of 1 and image of c.jpg 	25
72.4927 	DATA 	Keypress: o
72.4942 	DATA 	Keypress: o
73.4900 	DATA 	Keypress: o
73.5206 	Level RINSE 	25
75.4933 	DATA 	Keypress: o
81.4863 	Level finished 	25
81.4878 	DATA 	Keypress: o
81.4890 	DATA 	Keypress: o
81.4901 	DATA 	Keypress: o
81.8760 	Level f.jpg at position=left and e.jpg at position=right 	25
83.4874 	DATA 	Keypress: 3
83.4884 	DATA 	Keypress: o
83.5051 	Level Key Press Missed! 	25
88.4917 	DATA 	Keypress: o
88.4930 	DATA 	Keypress: o
89.4887 	DATA 	Keypress: o
89.5061 	Level RINSE 	25
91.4917 	DATA 	Keypress: o
96.4863 	Level finished 	25
96.4876 	DATA 	Keypress: o
96.4886 	DATA 	Keypress: o
96.8713 	Level b.jpg at position=right and a.jpg at position=left 	25
98.4876 	DATA 	Keypress: o
98.4888 	DATA 	Keypress: 3
98.5235 	Level Key Press Missed! 	25
103.4919 	DATA 	Keypress: o
103.4933 	DATA 	Keypress: o
103.4946 	DATA 	Keypress: o
104.5078 	Level RINSE 	25
106.4914 	DATA 	Keypress: o
111.4863 	Level finished 	25
111.4877 	DATA 	Keypress: o
111.4889 	DATA 	Keypress: o
111.4899 	DATA 	Keypress: o
111.8696 	Level c.jpg at position=right and d.jpg at position=left 	25
113.4874 	DATA 	Keypress: 3
113.4887 	DATA 	Keypress: o
113.5090 	Level Key Press Missed! 	25
118.4913 	DATA 	Keypress: o
118.4922 	DATA 	Keypress: o
119.4890 	DATA 	Keypress: o
119.5096 	Level RINSE 	25
121.4933 	DATA 	Keypress: o
127.4863 	Level finished 	25
127.4878 	DATA 	Keypress: o
127.4890 	DATA 	Keypress: o
127.4903 	DATA 	Keypress: o
127.8620 	Level d.jpg at position=right and c.jpg at position=left 	25
129.4877 	DATA 	Keypress: 1
129.4890 	DATA 	Keypress: o
129.5105 	Level keypress=1 at time= 1.610353 	25
129.5110 	Level injecting via pump at address 1 and a keypress of 1 and image of c.jpg 	25
134.4917 	DATA 	Keypress: o
134.4929 	DATA 	Keypress: o
135.4892 	DATA 	Keypress: o
135.5114 	Level RINSE 	25
137.4909 	DATA 	Keypress: o
141.4863 	Level finished 	25
141.4880 	DATA 	Keypress: o
141.4894 	DATA 	Keypress: o
141.8784 	Level b.jpg at position=right and a.jpg at position=left 	25
143.4876 	DATA 	Keypress: 3
143.4888 	DATA 	Keypress: o
143.5121 	Level Key Press Missed! 	25
148.4915 	DATA 	Keypress: o
148.4926 	DATA 	Keypress: o
149.4891 	DATA 	Keypress: o
149.4963 	Level RINSE 	25
151.4926 	DATA 	Keypress: o
156.4863 	Level finished 	25
156.4878 	DATA 	Keypress: o
156.4892 	DATA 	Keypress: o
156.8672 	Level a.jpg at position=right and b.jpg at position=left 	25
158.4876 	DATA 	Keypress: o
158.4890 	DATA 	Keypress: 2
158.4978 	Level keypress=2 at time= 1.591856 	25
158.4983 	Level injecting via pump at address 2 and a keypress of 2 and image of a.jpg 	25
163.4921 	DATA 	Keypress: o
163.4935 	DATA 	Keypress: o
163.4947 	DATA 	Keypress: o
164.4981 	Level RINSE 	25
166.4911 	DATA 	Keypress: o
171.4863 	Level finished 	25
171.4878 	DATA 	Keypress: o
171.4890 	DATA 	Keypress: o
171.4900 	DATA 	Keypress: o
171.8778 	Level e.jpg at position=right and f.jpg at position=left 	25
173.4874 	DATA 	Keypress: 2
173.4885 	DATA 	Keypress: o
173.5157 	Level keypress=2 at time= 1.588199 	25
173.5162 	Level injecting via pump at address 2 and a keypress of 2 and image of e.jpg 	25
178.4910 	DATA 	Keypress: o
178.4920 	DATA 	Keypress: o
179.4887 	DATA 	Keypress: o
179.5165 	Level RINSE 	25
181.4931 	DATA 	Keypress: o
187.4863 	Level finished 	25
187.4879 	DATA 	Keypress: o
187.4892 	DATA 	Keypress: o
187.4903 	DATA 	Keypress: o
187.8539 	Level c.jpg at position=right and d.jpg at position=left 	25
189.4874 	DATA 	Keypress: 1
189.4886 	DATA 	Keypress: o
189.5009 	Level keypress=1 at time= 1.603437 	25
189.5013 	Level injecting via pump at address 2 and a keypress of 1 and image of d.jpg 	25
194.4918 	DATA 	Keypress: o
194.4930 	DATA 	Keypress: o
195.4889 	DATA 	Keypress: o
195.5018 	Level RINSE 	25
197.4917 	DATA 	Keypress: o
203.4863 	Level finished 	25
203.4878 	DATA 	Keypress: o
203.4890 	DATA 	Keypress: o
203.4900 	DATA 	Keypress: o
203.8729 	Level c.jpg at position=left and d.jpg at position=right 	25
205.4875 	DATA 	Keypress: 2
205.4885 	DATA 	Keypress: o
205.5031 	Level keypress=2 at time= 1.584882 	25
205.5036 	Level injecting via pump at address 2 and a keypress of 2 and image of d.jpg 	25
210.4914 	DATA 	Keypress: o
210.4926 	DATA 	Keypress: o
211.4900 	DATA 	Keypress: o
211.5036 	Level RINSE 	25
213.4911 	DATA 	Keypress: o
216.4863 	Level finished 	25
216.4876 	DATA 	Keypress: o
216.8677 	Level f.jpg at position=right and e.jpg at position=left 	25
218.4874 	DATA 	Keypress: o
218.4886 	DATA 	Keypress: 1
218.5043 	Level keypress=1 at time= 1.584013 	25
218.5047 	Level injecting via pump at address 1 and a keypress of 1 and image of e.jpg 	25
223.4929 	DATA 	Keypress: o
223.4946 	DATA 	Keypress: o
223.4958 	DATA 	Keypress: o
224.5051 	Level RINSE 	25
226.4921 	DATA 	Keypress: o
231.4863 	Level finished 	25
231.4884 	DATA 	Keypress: o
231.4901 	DATA 	Keypress: o
231.4916 	DATA 	Keypress: o
231.8677 	Level e.jpg at position=left and f.jpg at position=right 	25
233.4875 	DATA 	Keypress: 1
233.4887 	DATA 	Keypress: o
233.5060 	Level keypress=1 at time= 1.598350 	25
233.5064 	Level injecting via pump at address 2 and a keypress of 1 and image of e.jpg 	25
238.4915 	DATA 	Keypress: 1
238.4927 	DATA 	Keypress: o
238.4939 	DATA 	Keypress: o
239.4887 	DATA 	Keypress: o
239.5069 	Level RINSE 	25
241.4928 	DATA 	Keypress: o
247.4863 	Level finished 	25
247.4879 	DATA 	Keypress: o
247.4891 	DATA 	Keypress: o
247.4900 	DATA 	Keypress: o
247.8641 	Level c.jpg at position=left and d.jpg at position=right 	25
249.4874 	DATA 	Keypress: o
249.5082 	Level Key Press Missed! 	25
254.4918 	DATA 	Keypress: o
254.4931 	DATA 	Keypress: o
255.4889 	DATA 	Keypress: o
255.5087 	Level RINSE 	25
257.4913 	DATA 	Keypress: o
261.4863 	Level finished 	25
261.4881 	DATA 	Keypress: o
261.4890 	DATA 	Keypress: o
261.8770 	Level a.jpg at position=right and b.jpg at position=left 	25
263.4875 	DATA 	Keypress: 1
263.4888 	DATA 	Keypress: o
263.5095 	Level keypress=1 at time= 1.594561 	25
263.5100 	Level injecting via pump at address 2 and a keypress of 1 and image of b.jpg 	25
268.4909 	DATA 	Keypress: o
268.4922 	DATA 	Keypress: o
269.4887 	DATA 	Keypress: o
269.5104 	Level RINSE 	25
271.4909 	DATA 	Keypress: o
275.4863 	Level finished 	25
275.4878 	DATA 	Keypress: o
275.4890 	DATA 	Keypress: o
275.8758 	Level e.jpg at position=left and f.jpg at position=right 	25
277.4874 	DATA 	Keypress: 2
277.4885 	DATA 	Keypress: o
277.5112 	Level keypress=2 at time= 1.576392 	25
277.5116 	Level injecting via pump at address 1 and a keypress of 2 and image of f.jpg 	25
282.4936 	DATA 	Keypress: o
282.4954 	DATA 	Keypress: o
283.4897 	DATA 	Keypress: o
283.4952 	Level RINSE 	25
285.4915 	DATA 	Keypress: o
289.4863 	Level finished 	25
289.4878 	DATA 	Keypress: o
289.4888 	DATA 	Keypress: o
289.8580 	Level b.jpg at position=left and a.jpg at position=right 	25
291.4874 	DATA 	Keypress: 1
291.4884 	DATA 	Keypress: o
291.5128 	Level keypress=1 at time= 1.608140 	25
291.5132 	Level injecting via pump at address 2 and a keypress of 1 and image of b.jpg 	25
296.4918 	DATA 	Keypress: o
296.4931 	DATA 	Keypress: o
297.4889 	DATA 	Keypress: o
297.5137 	Level RINSE 	25
299.4916 	DATA 	Keypress: o
302.4863 	Level finished 	25
302.4883 	DATA 	Keypress: o
302.8772 	Level e.jpg at position=right and f.jpg at position=left 	25
304.4876 	DATA 	Keypress: o
304.4888 	DATA 	Keypress: 1
304.5144 	Level keypress=1 at time= 1.591348 	25
304.5148 	Level injecting via pump at address 2 and a keypress of 1 and image of f.jpg 	25
309.4914 	DATA 	Keypress: 1
309.4927 	DATA 	Keypress: o
309.4938 	DATA 	Keypress: o
309.4949 	DATA 	Keypress: o
310.5152 	Level RINSE 	25
312.4928 	DATA 	Keypress: o
317.4863 	Level finished 	25
317.4884 	DATA 	Keypress: o
317.4897 	DATA 	Keypress: o
317.4908 	DATA 	Keypress: o
317.8789 	Level e.jpg at position=left and f.jpg at position=right 	25
319.4876 	DATA 	Keypress: 2
319.4889 	DATA 	Keypress: o
319.5166 	Level keypress=2 at time= 1.588352 	25
319.5171 	Level injecting via pump at address 2 and a keypress of 2 and image of f.jpg 	25
324.4912 	DATA 	Keypress: o
324.4924 	DATA 	Keypress: o
325.4889 	DATA 	Keypress: o
325.5169 	Level RINSE 	25
327.4915 	DATA 	Keypress: o
332.4863 	Level finished 	25
332.4886 	DATA 	Keypress: o
332.4903 	DATA 	Keypress: o
332.8701 	Level e.jpg at position=left and f.jpg at position=right 	25
334.4875 	DATA 	Keypress: o
334.4888 	DATA 	Keypress: 2
334.5012 	Level keypress=2 at time= 1.604161 	25
334.5016 	Level injecting via pump at address 1 and a keypress of 2 and image of f.jpg 	25
339.4915 	DATA 	Keypress: o
339.4925 	DATA 	Keypress: o
339.4934 	DATA 	Keypress: o
340.5021 	Level RINSE 	25
342.4933 	DATA 	Keypress: o
346.4863 	Level finished 	25
346.4879 	DATA 	Keypress: o
346.4891 	DATA 	Keypress: o
346.8524 	Level d.jpg at position=right and c.jpg at position=left 	25
348.4874 	DATA 	Keypress: o
348.4884 	DATA 	Keypress: 2
348.5028 	Level keypress=2 at time= 1.602408 	25
348.5032 	Level injecting via pump at address 2 and a keypress of 2 and image of d.jpg 	25
353.4936 	DATA 	Keypress: o
353.4953 	DATA 	Keypress: o
353.4970 	DATA 	Keypress: o
354.5203 	Level RINSE 	25
356.4926 	DATA 	Keypress: o
360.4863 	Level finished 	25
360.4877 	DATA 	Keypress: o
360.4887 	DATA 	Keypress: o
360.8655 	Level a.jpg at position=right and b.jpg at position=left 	25
362.4875 	DATA 	Keypress: o
362.4887 	DATA 	Keypress: 1
362.5044 	Level keypress=1 at time= 1.601102 	25
362.5049 	Level injecting via pump at address 1 and a keypress of 1 and image of b.jpg 	25
367.4914 	DATA 	Keypress: o
367.4926 	DATA 	Keypress: o
367.4936 	DATA 	Keypress: o
368.5054 	Level RINSE 	25
370.4909 	DATA 	Keypress: o
376.4863 	Level finished 	25
376.4878 	DATA 	Keypress: o
376.4888 	DATA 	Keypress: o
376.4898 	DATA 	Keypress: o
376.8734 	Level d.jpg at position=left and c.jpg at position=right 	25
378.4875 	DATA 	Keypress: o
378.4887 	DATA 	Keypress: 1
378.5067 	Level keypress=1 at time= 1.599246 	25
378.5072 	Level injecting via pump at address 2 and a keypress of 1 and image of d.jpg 	25
383.4934 	DATA 	Keypress: o
383.4952 	DATA 	Keypress: o
383.4968 	DATA 	Keypress: o
384.5073 	Level RINSE 	25
386.4923 	DATA 	Keypress: o
390.4863 	Level finished 	25
390.4879 	DATA 	Keypress: o
390.4889 	DATA 	Keypress: o
390.8676 	Level b.jpg at position=right and a.jpg at position=left 	25
392.4876 	DATA 	Keypress: o
392.4888 	DATA 	Keypress: 1
392.5080 	Level keypress=1 at time= 1.597197 	25
392.5084 	Level injecting via pump at address 1 and a keypress of 1 and image of a.jpg 	25
397.4922 	DATA 	Keypress: o
397.4935 	DATA 	Keypress: o
397.4948 	DATA 	Keypress: o
398.4922 	Level RINSE 	25
400.4913 	DATA 	Keypress: o
405.4863 	Level finished 	25
405.4879 	DATA 	Keypress: o
405.4890 	DATA 	Keypress: o
405.4902 	DATA 	Keypress: o
405.8755 	Level f.jpg at position=right and e.jpg at position=left 	25
407.4874 	DATA 	Keypress: 2
407.4885 	DATA 	Keypress: o
407.5097 	Level keypress=2 at time= 1.594484 	25
407.5101 	Level injecting via pump at address 2 and a keypress of 2 and image of f.jpg 	25
412.4922 	DATA 	Keypress: o
412.4935 	DATA 	Keypress: o
413.4899 	DATA 	Keypress: o
413.5107 	Level RINSE 	25
415.4918 	DATA 	Keypress: o
419.4863 	Level finished 	25
419.4880 	DATA 	Keypress: o
419.4891 	DATA 	Keypress: o
419.8611 	Level f.jpg at position=left and e.jpg at position=right 	25
421.4874 	DATA 	Keypress: 1
421.4886 	DATA 	Keypress: 1
421.4897 	DATA 	Keypress: o
421.5114 	Level keypress=1 at time= 1.592869 	25
421.5118 	Level injecting via pump at address 1 and a keypress of 1 and image of f.jpg 	25
426.4922 	DATA 	Keypress: o
426.4936 	DATA 	Keypress: o
427.4888 	DATA 	Keypress: o
427.5124 	Level RINSE 	25
429.4912 	DATA 	Keypress: o
435.4863 	Level finished 	25
435.4879 	DATA 	Keypress: o
435.4889 	DATA 	Keypress: o
435.4899 	DATA 	Keypress: o
435.8659 	Level c.jpg at position=left and d.jpg at position=right 	25
437.4874 	DATA 	Keypress: 2
437.4884 	DATA 	Keypress: o
437.5137 	Level keypress=2 at time= 1.607673 	25
437.5142 	Level injecting via pump at address 2 and a keypress of 2 and image of d.jpg 	25
442.4919 	DATA 	Keypress: o
442.4931 	DATA 	Keypress: o
443.4896 	DATA 	Keypress: o
443.5142 	Level RINSE 	25
445.4929 	DATA 	Keypress: o
452.4863 	Level finished 	25
