44.3178 	DATA 	Keypress: o
44.3189 	Level start key press 	25
44.3189 	Level fixation 0.000001 	25
46.3269 	DATA 	Keypress: o
48.3268 	DATA 	Keypress: o
50.3271 	DATA 	Keypress: o
52.3272 	DATA 	Keypress: o
52.7915 	Level fixation end 0.000001 	25
52.7916 	Level START 	25
53.1740 	Level f.jpg at position=left and e.jpg at position=right 	25
54.7930 	DATA 	Keypress: 1
54.7942 	DATA 	Keypress: o
54.8089 	Level keypress=1 at time= 1.584685 	25
54.8093 	Level injecting via pump at address 1 and a keypress of 1 and image of f.jpg 	25
59.7971 	DATA 	Keypress: o
59.7984 	DATA 	Keypress: o
60.7940 	DATA 	Keypress: o
60.8090 	Level RINSE 	25
62.7965 	DATA 	Keypress: o
68.7916 	Level finished 	25
68.7929 	DATA 	Keypress: o
68.7941 	DATA 	Keypress: o
68.7953 	DATA 	Keypress: o
69.1754 	Level d.jpg at position=right and c.jpg at position=left 	25
70.7928 	DATA 	Keypress: 2
70.7940 	DATA 	Keypress: o
70.8095 	Level keypress=2 at time= 1.582952 	25
70.8100 	Level injecting via pump at address 1 and a keypress of 2 and image of d.jpg 	25
75.7973 	DATA 	Keypress: o
75.7987 	DATA 	Keypress: o
76.7942 	DATA 	Keypress: o
76.8100 	Level RINSE 	25
78.7965 	DATA 	Keypress: o
83.7916 	Level finished 	25
83.7930 	DATA 	Keypress: o
83.7940 	DATA 	Keypress: o
84.1702 	Level a.jpg at position=left and b.jpg at position=right 	25
85.7926 	DATA 	Keypress: o
85.7937 	DATA 	Keypress: 2
85.8106 	Level keypress=2 at time= 1.599583 	25
85.8110 	Level injecting via pump at address 2 and a keypress of 2 and image of b.jpg 	25
90.7966 	DATA 	Keypress: o
90.7978 	DATA 	Keypress: o
90.7988 	DATA 	Keypress: o
91.8111 	Level RINSE 	25
93.7967 	DATA 	Keypress: o
97.7916 	Level finished 	25
97.7929 	DATA 	Keypress: o
97.7941 	DATA 	Keypress: o
98.1724 	Level e.jpg at position=right and f.jpg at position=left 	25
99.7927 	DATA 	Keypress: o
99.7938 	DATA 	Keypress: 1
99.8115 	Level keypress=1 at time= 1.582289 	25
99.8120 	Level injecting via pump at address 2 and a keypress of 1 and image of f.jpg 	25
104.7968 	DATA 	Keypress: o
104.7978 	DATA 	Keypress: o
104.7988 	DATA 	Keypress: o
105.8120 	Level RINSE 	25
107.7960 	DATA 	Keypress: o
111.7916 	Level finished 	25
111.7932 	DATA 	Keypress: o
111.7946 	DATA 	Keypress: o
112.1738 	Level f.jpg at position=right and e.jpg at position=left 	25
113.7927 	DATA 	Keypress: o
113.7940 	DATA 	Keypress: 2
113.8291 	Level keypress=2 at time= 1.598309 	25
113.8296 	Level injecting via pump at address 2 and a keypress of 2 and image of f.jpg 	25
118.7966 	DATA 	Keypress: o
118.7976 	DATA 	Keypress: o
118.7985 	DATA 	Keypress: o
119.8130 	Level RINSE 	25
121.7971 	DATA 	Keypress: o
126.7916 	Level finished 	25
126.7931 	DATA 	Keypress: o
126.7945 	DATA 	Keypress: o
126.7956 	DATA 	Keypress: o
127.1654 	Level e.jpg at position=right and f.jpg at position=left 	25
128.7927 	DATA 	Keypress: 2
128.7937 	DATA 	Keypress: o
128.8139 	Level keypress=2 at time= 1.612648 	25
128.8144 	Level injecting via pump at address 1 and a keypress of 2 and image of e.jpg 	25
133.7969 	DATA 	Keypress: o
133.7983 	DATA 	Keypress: o
134.7939 	DATA 	Keypress: o
134.8141 	Level RINSE 	25
136.7968 	DATA 	Keypress: o
142.7916 	Level finished 	25
142.7929 	DATA 	Keypress: o
142.7940 	DATA 	Keypress: o
142.7949 	DATA 	Keypress: o
143.1787 	Level c.jpg at position=left and d.jpg at position=right 	25
144.7929 	DATA 	Keypress: 2
144.7943 	DATA 	Keypress: o
144.8146 	Level keypress=2 at time= 1.594737 	25
144.8151 	Level injecting via pump at address 2 and a keypress of 2 and image of d.jpg 	25
149.7969 	DATA 	Keypress: o
149.7981 	DATA 	Keypress: o
150.7940 	DATA 	Keypress: o
150.8152 	Level RINSE 	25
152.7963 	DATA 	Keypress: o
156.7916 	Level finished 	25
156.7930 	DATA 	Keypress: o
156.7941 	DATA 	Keypress: o
157.1640 	Level a.jpg at position=right and b.jpg at position=left 	25
158.7926 	DATA 	Keypress: 2
158.7937 	DATA 	Keypress: o
158.8155 	Level keypress=2 at time= 1.593846 	25
158.8160 	Level injecting via pump at address 1 and a keypress of 2 and image of a.jpg 	25
163.7971 	DATA 	Keypress: o
163.7984 	DATA 	Keypress: o
164.7943 	DATA 	Keypress: o
164.8160 	Level RINSE 	25
166.7972 	DATA 	Keypress: o
172.7916 	Level finished 	25
172.7929 	DATA 	Keypress: o
172.7940 	DATA 	Keypress: o
172.7952 	DATA 	Keypress: o
173.1759 	Level b.jpg at position=left and a.jpg at position=right 	25
174.7927 	DATA 	Keypress: 2
174.7938 	DATA 	Keypress: o
174.8171 	Level keypress=2 at time= 1.592827 	25
174.8176 	Level injecting via pump at address 1 and a keypress of 2 and image of a.jpg 	25
179.7971 	DATA 	Keypress: o
179.7983 	DATA 	Keypress: o
180.7942 	DATA 	Keypress: o
180.8172 	Level RINSE 	25
182.7965 	DATA 	Keypress: o
187.7916 	Level finished 	25
187.7930 	DATA 	Keypress: o
187.7939 	DATA 	Keypress: o
188.1596 	Level f.jpg at position=right and e.jpg at position=left 	25
189.7927 	DATA 	Keypress: o
189.7937 	DATA 	Keypress: 2
189.8177 	Level keypress=2 at time= 1.608991 	25
189.8181 	Level injecting via pump at address 1 and a keypress of 2 and image of f.jpg 	25
194.7966 	DATA 	Keypress: o
194.7977 	DATA 	Keypress: o
194.7986 	DATA 	Keypress: o
195.8017 	Level RINSE 	25
197.7963 	DATA 	Keypress: o
202.7916 	Level finished 	25
202.7929 	DATA 	Keypress: o
202.7939 	DATA 	Keypress: o
202.7949 	DATA 	Keypress: o
203.1733 	Level a.jpg at position=left and b.jpg at position=right 	25
204.7927 	DATA 	Keypress: o
204.7937 	DATA 	Keypress: 1
204.8020 	Level keypress=1 at time= 1.591805 	25
204.8026 	Level injecting via pump at address 1 and a keypress of 1 and image of a.jpg 	25
209.7975 	DATA 	Keypress: o
209.7987 	DATA 	Keypress: o
210.7940 	DATA 	Keypress: o
210.8027 	Level RINSE 	25
212.7960 	DATA 	Keypress: o
217.7916 	Level finished 	25
217.7930 	DATA 	Keypress: o
217.7941 	DATA 	Keypress: o
218.1691 	Level c.jpg at position=left and d.jpg at position=right 	25
219.7927 	DATA 	Keypress: o
219.7937 	DATA 	Keypress: 2
219.8202 	Level keypress=2 at time= 1.607263 	25
219.8207 	Level injecting via pump at address 1 and a keypress of 2 and image of d.jpg 	25
224.7966 	DATA 	Keypress: o
224.7978 	DATA 	Keypress: o
224.7990 	DATA 	Keypress: o
225.8204 	Level RINSE 	25
227.7963 	DATA 	Keypress: o
230.7916 	Level finished 	25
230.7930 	DATA 	Keypress: o
230.7941 	DATA 	Keypress: o
231.1616 	Level f.jpg at position=right and e.jpg at position=left 	25
232.7927 	DATA 	Keypress: 1
232.7938 	DATA 	Keypress: o
232.8040 	Level keypress=1 at time= 1.604998 	25
232.8045 	Level injecting via pump at address 1 and a keypress of 1 and image of e.jpg 	25
237.7970 	DATA 	Keypress: o
237.7981 	DATA 	Keypress: o
238.7941 	DATA 	Keypress: o
238.8047 	Level RINSE 	25
240.7965 	DATA 	Keypress: o
244.7916 	Level finished 	25
244.7930 	DATA 	Keypress: o
244.7939 	DATA 	Keypress: o
245.1621 	Level a.jpg at position=right and b.jpg at position=left 	25
246.7927 	DATA 	Keypress: 2
246.7937 	DATA 	Keypress: o
246.8216 	Level keypress=2 at time= 1.604466 	25
246.8220 	Level injecting via pump at address 1 and a keypress of 2 and image of a.jpg 	25
251.7967 	DATA 	Keypress: o
251.7980 	DATA 	Keypress: o
252.7941 	DATA 	Keypress: o
252.8056 	Level RINSE 	25
254.7985 	DATA 	Keypress: o
259.7916 	Level finished 	25
259.7931 	DATA 	Keypress: o
259.7943 	DATA 	Keypress: o
260.1628 	Level a.jpg at position=left and b.jpg at position=right 	25
261.7928 	DATA 	Keypress: o
261.7941 	DATA 	Keypress: 2
261.8064 	Level keypress=2 at time= 1.604829 	25
261.8069 	Level injecting via pump at address 2 and a keypress of 2 and image of b.jpg 	25
266.7964 	DATA 	Keypress: o
266.7978 	DATA 	Keypress: o
266.7991 	DATA 	Keypress: o
267.8067 	Level RINSE 	25
269.7970 	DATA 	Keypress: o
275.7916 	Level finished 	25
275.7930 	DATA 	Keypress: o
275.7941 	DATA 	Keypress: o
275.7951 	DATA 	Keypress: o
276.1545 	Level d.jpg at position=left and c.jpg at position=right 	25
277.7927 	DATA 	Keypress: o
277.7938 	DATA 	Keypress: 2
277.8071 	Level keypress=2 at time= 1.619783 	25
277.8077 	Level injecting via pump at address 1 and a keypress of 2 and image of c.jpg 	25
282.7965 	DATA 	Keypress: o
282.7976 	DATA 	Keypress: o
282.7987 	DATA 	Keypress: o
283.8077 	Level RINSE 	25
285.7967 	DATA 	Keypress: o
289.7916 	Level finished 	25
289.7932 	DATA 	Keypress: o
289.7944 	DATA 	Keypress: o
290.1671 	Level e.jpg at position=right and f.jpg at position=left 	25
291.7926 	DATA 	Keypress: o
291.7937 	DATA 	Keypress: 2
291.8081 	Level keypress=2 at time= 1.602307 	25
291.8086 	Level injecting via pump at address 1 and a keypress of 2 and image of e.jpg 	25
296.7960 	DATA 	Keypress: o
296.7970 	DATA 	Keypress: o
296.7980 	DATA 	Keypress: o
297.8253 	Level RINSE 	25
299.7965 	DATA 	Keypress: o
302.7916 	Level finished 	25
302.7933 	DATA 	Keypress: o
302.7946 	DATA 	Keypress: o
303.1652 	Level f.jpg at position=left and e.jpg at position=right 	25
304.7927 	DATA 	Keypress: 2
304.7937 	DATA 	Keypress: o
304.8089 	Level keypress=2 at time= 1.600462 	25
304.8094 	Level injecting via pump at address 1 and a keypress of 2 and image of e.jpg 	25
309.7975 	DATA 	Keypress: o
309.7988 	DATA 	Keypress: o
310.7943 	DATA 	Keypress: o
310.8095 	Level RINSE 	25
312.7967 	DATA 	Keypress: o
317.7916 	Level finished 	25
317.7930 	DATA 	Keypress: o
317.7940 	DATA 	Keypress: o
318.1599 	Level c.jpg at position=left and d.jpg at position=right 	25
319.7927 	DATA 	Keypress: o
319.7937 	DATA 	Keypress: 1
319.8104 	Level keypress=1 at time= 1.600401 	25
319.8108 	Level injecting via pump at address 1 and a keypress of 1 and image of c.jpg 	25
324.7974 	DATA 	Keypress: o
324.7987 	DATA 	Keypress: o
324.7998 	DATA 	Keypress: o
325.8107 	Level RINSE 	25
327.7961 	DATA 	Keypress: o
332.7916 	Level finished 	25
332.7932 	DATA 	Keypress: o
332.7946 	DATA 	Keypress: o
332.7956 	DATA 	Keypress: o
333.1794 	Level a.jpg at position=left and b.jpg at position=right 	25
334.7927 	DATA 	Keypress: 2
334.7938 	DATA 	Keypress: o
334.8111 	Level keypress=2 at time= 1.597985 	25
334.8115 	Level injecting via pump at address 2 and a keypress of 2 and image of b.jpg 	25
339.7972 	DATA 	Keypress: o
339.7984 	DATA 	Keypress: o
340.7940 	DATA 	Keypress: o
340.8117 	Level RINSE 	25
342.7965 	DATA 	Keypress: o
346.7916 	Level finished 	25
346.7930 	DATA 	Keypress: o
346.7940 	DATA 	Keypress: o
347.1725 	Level b.jpg at position=right and a.jpg at position=left 	25
348.7927 	DATA 	Keypress: 2
348.7937 	DATA 	Keypress: o
348.8120 	Level keypress=2 at time= 1.597425 	25
348.8125 	Level injecting via pump at address 2 and a keypress of 2 and image of b.jpg 	25
353.7969 	DATA 	Keypress: o
353.7983 	DATA 	Keypress: o
354.7945 	DATA 	Keypress: o
354.8126 	Level RINSE 	25
356.7960 	DATA 	Keypress: o
360.7916 	Level finished 	25
360.7930 	DATA 	Keypress: o
360.7940 	DATA 	Keypress: o
361.1622 	Level f.jpg at position=right and e.jpg at position=left 	25
362.7928 	DATA 	Keypress: 2
362.7943 	DATA 	Keypress: o
362.8130 	Level keypress=2 at time= 1.613217 	25
362.8135 	Level injecting via pump at address 2 and a keypress of 2 and image of f.jpg 	25
367.7968 	DATA 	Keypress: o
367.7981 	DATA 	Keypress: o
368.7942 	DATA 	Keypress: o
368.8137 	Level RINSE 	25
370.7968 	DATA 	Keypress: o
376.7916 	Level finished 	25
376.7935 	DATA 	Keypress: o
376.7948 	DATA 	Keypress: o
376.7961 	DATA 	Keypress: o
377.1534 	Level e.jpg at position=right and f.jpg at position=left 	25
378.7927 	DATA 	Keypress: 1
378.7937 	DATA 	Keypress: o
378.8145 	Level keypress=1 at time= 1.612062 	25
378.8149 	Level injecting via pump at address 1 and a keypress of 1 and image of f.jpg 	25
383.7960 	DATA 	Keypress: o
383.7971 	DATA 	Keypress: o
384.7943 	DATA 	Keypress: o
384.8146 	Level RINSE 	25
386.7969 	DATA 	Keypress: o
392.7916 	Level finished 	25
392.7932 	DATA 	Keypress: o
392.7945 	DATA 	Keypress: o
392.7956 	DATA 	Keypress: o
393.1746 	Level a.jpg at position=left and b.jpg at position=right 	25
394.7929 	DATA 	Keypress: 1
394.7942 	DATA 	Keypress: o
394.7986 	Level keypress=1 at time= 1.593988 	25
394.7990 	Level injecting via pump at address 1 and a keypress of 1 and image of a.jpg 	25
399.7966 	DATA 	Keypress: o
399.7977 	DATA 	Keypress: o
400.7942 	DATA 	Keypress: o
400.8157 	Level RINSE 	25
402.7960 	DATA 	Keypress: o
408.7916 	Level finished 	25
408.7932 	DATA 	Keypress: o
408.7945 	DATA 	Keypress: o
408.7955 	DATA 	Keypress: o
409.1625 	Level b.jpg at position=right and a.jpg at position=left 	25
410.7927 	DATA 	Keypress: 1
410.7937 	DATA 	Keypress: o
410.7949 	DATA 	Keypress: 1
410.8163 	Level keypress=1 at time= 1.609824 	25
410.8168 	Level injecting via pump at address 1 and a keypress of 1 and image of a.jpg 	25
415.7969 	DATA 	Keypress: o
415.7981 	DATA 	Keypress: o
416.7942 	DATA 	Keypress: o
416.8002 	Level RINSE 	25
418.7969 	DATA 	Keypress: o
424.7916 	Level finished 	25
424.7931 	DATA 	Keypress: o
424.7941 	DATA 	Keypress: o
424.7950 	DATA 	Keypress: o
425.1658 	Level a.jpg at position=right and b.jpg at position=left 	25
426.7928 	DATA 	Keypress: 2
426.7940 	DATA 	Keypress: o
426.8179 	Level keypress=2 at time= 1.592204 	25
426.8183 	Level injecting via pump at address 1 and a keypress of 2 and image of a.jpg 	25
431.7965 	DATA 	Keypress: o
431.7975 	DATA 	Keypress: o
432.7939 	DATA 	Keypress: o
432.8012 	Level RINSE 	25
434.7960 	DATA 	Keypress: o
438.7916 	Level finished 	25
