111.9329 	DATA 	Keypress: o
111.9337 	Level start key press 	25
111.9337 	Level fixation 0.000001 	25
113.9360 	DATA 	Keypress: o
115.9361 	DATA 	Keypress: o
117.9364 	DATA 	Keypress: o
119.9367 	DATA 	Keypress: o
120.3510 	Level fixation end 0.000001 	25
120.3511 	Level START 	25
120.7509 	Level a.jpg at position=left and b.jpg at position=right 	25
122.3522 	DATA 	Keypress: o
122.3684 	Level Key Press Missed! 	25
127.3555 	DATA 	Keypress: 2
127.3565 	DATA 	Keypress: o
127.3578 	DATA 	Keypress: o
128.3536 	DATA 	Keypress: o
128.3688 	Level RINSE 	25
130.3563 	DATA 	Keypress: o
135.3511 	Level finished 	25
135.3524 	DATA 	Keypress: o
135.3533 	DATA 	Keypress: o
135.7281 	Level a.jpg at position=left and b.jpg at position=right 	25
137.3522 	DATA 	Keypress: o
137.3533 	DATA 	Keypress: 2
137.3546 	DATA 	Keypress: 2
137.3697 	Level keypress=2 at time= 1.600106 	25
137.3702 	Level injecting via pump at address 2 and a keypress of 2 and image of b.jpg 	25
142.3565 	DATA 	Keypress: o
142.3577 	DATA 	Keypress: o
142.3589 	DATA 	Keypress: o
143.3706 	Level RINSE 	25
145.3560 	DATA 	Keypress: o
151.3511 	Level finished 	25
151.3524 	DATA 	Keypress: o
151.3534 	DATA 	Keypress: o
151.3549 	DATA 	Keypress: o
151.7260 	Level c.jpg at position=left and d.jpg at position=right 	25
153.3521 	DATA 	Keypress: o
153.3535 	DATA 	Keypress: 1
153.3716 	Level keypress=1 at time= 1.598753 	25
153.3720 	Level injecting via pump at address 1 and a keypress of 1 and image of c.jpg 	25
158.3566 	DATA 	Keypress: o
158.3576 	DATA 	Keypress: o
158.3586 	DATA 	Keypress: o
159.3724 	Level RINSE 	25
161.3565 	DATA 	Keypress: o
165.3511 	Level finished 	25
165.3523 	DATA 	Keypress: o
165.3535 	DATA 	Keypress: o
165.7372 	Level f.jpg at position=right and e.jpg at position=left 	25
167.3522 	DATA 	Keypress: o
167.3532 	DATA 	Keypress: 1
167.3733 	Level keypress=1 at time= 1.596792 	25
167.3737 	Level injecting via pump at address 2 and a keypress of 1 and image of e.jpg 	25
172.3556 	DATA 	Keypress: o
172.3566 	DATA 	Keypress: o
172.3578 	DATA 	Keypress: o
173.3741 	Level RINSE 	25
175.3556 	DATA 	Keypress: o
178.3511 	Level finished 	25
178.3526 	DATA 	Keypress: o
178.3538 	DATA 	Keypress: o
178.7348 	Level d.jpg at position=left and c.jpg at position=right 	25
180.3523 	DATA 	Keypress: 2
180.3533 	DATA 	Keypress: o
180.3748 	Level keypress=2 at time= 1.594367 	25
180.3752 	Level injecting via pump at address 2 and a keypress of 2 and image of c.jpg 	25
185.3562 	DATA 	Keypress: o
185.3574 	DATA 	Keypress: o
186.3535 	DATA 	Keypress: o
186.3756 	Level RINSE 	25
188.3565 	DATA 	Keypress: o
193.3511 	Level finished 	25
193.3524 	DATA 	Keypress: o
193.3536 	DATA 	Keypress: o
193.7387 	Level b.jpg at position=right and a.jpg at position=left 	25
195.3524 	DATA 	Keypress: o
195.3536 	DATA 	Keypress: 2
195.3769 	Level keypress=2 at time= 1.593970 	25
195.3774 	Level injecting via pump at address 2 and a keypress of 2 and image of b.jpg 	25
200.3562 	DATA 	Keypress: o
200.3571 	DATA 	Keypress: o
200.3581 	DATA 	Keypress: o
201.3774 	Level RINSE 	25
203.3564 	DATA 	Keypress: o
207.3511 	Level finished 	25
207.3524 	DATA 	Keypress: o
207.3534 	DATA 	Keypress: o
207.7438 	Level f.jpg at position=right and e.jpg at position=left 	25
209.3522 	DATA 	Keypress: o
209.3532 	DATA 	Keypress: 1
209.3544 	DATA 	Keypress: 1
209.3556 	DATA 	Keypress: 1
209.3782 	Level keypress=1 at time= 1.574831 	25
209.3787 	Level injecting via pump at address 2 and a keypress of 1 and image of e.jpg 	25
214.3566 	DATA 	Keypress: o
214.3580 	DATA 	Keypress: o
214.3592 	DATA 	Keypress: o
215.3624 	Level RINSE 	25
217.3562 	DATA 	Keypress: o
220.3511 	Level finished 	25
220.3524 	DATA 	Keypress: o
220.3535 	DATA 	Keypress: o
220.7379 	Level b.jpg at position=right and a.jpg at position=left 	25
222.3523 	DATA 	Keypress: 2
222.3535 	DATA 	Keypress: o
222.3630 	Level keypress=2 at time= 1.589466 	25
222.3634 	Level injecting via pump at address 1 and a keypress of 2 and image of b.jpg 	25
227.3561 	DATA 	Keypress: o
227.3571 	DATA 	Keypress: o
228.3537 	DATA 	Keypress: o
228.3639 	Level RINSE 	25
230.3563 	DATA 	Keypress: o
235.3511 	Level finished 	25
235.3525 	DATA 	Keypress: o
235.3535 	DATA 	Keypress: o
235.7304 	Level c.jpg at position=right and d.jpg at position=left 	25
237.3522 	DATA 	Keypress: o
237.3532 	DATA 	Keypress: 2
237.3651 	Level keypress=2 at time= 1.588580 	25
237.3656 	Level injecting via pump at address 1 and a keypress of 2 and image of c.jpg 	25
242.3562 	DATA 	Keypress: o
242.3572 	DATA 	Keypress: o
242.3583 	DATA 	Keypress: o
243.3656 	Level RINSE 	25
245.3561 	DATA 	Keypress: o
248.3511 	Level finished 	25
248.3524 	DATA 	Keypress: o
248.3536 	DATA 	Keypress: o
248.7292 	Level d.jpg at position=right and c.jpg at position=left 	25
250.3522 	DATA 	Keypress: 1
250.3532 	DATA 	Keypress: o
250.3662 	Level keypress=1 at time= 1.585717 	25
250.3667 	Level injecting via pump at address 1 and a keypress of 1 and image of c.jpg 	25
255.3559 	DATA 	Keypress: o
255.3569 	DATA 	Keypress: o
256.3539 	DATA 	Keypress: o
256.3671 	Level RINSE 	25
258.3565 	DATA 	Keypress: o
261.3511 	Level finished 	25
261.3526 	DATA 	Keypress: o
261.7344 	Level f.jpg at position=right and e.jpg at position=left 	25
263.3523 	DATA 	Keypress: o
263.3536 	DATA 	Keypress: 2
263.3678 	Level keypress=2 at time= 1.585979 	25
263.3682 	Level injecting via pump at address 2 and a keypress of 2 and image of f.jpg 	25
268.3565 	DATA 	Keypress: o
268.3577 	DATA 	Keypress: o
268.3588 	DATA 	Keypress: o
269.3686 	Level RINSE 	25
271.3564 	DATA 	Keypress: o
276.3511 	Level finished 	25
276.3525 	DATA 	Keypress: o
276.3535 	DATA 	Keypress: o
276.3547 	DATA 	Keypress: o
276.7258 	Level c.jpg at position=right and d.jpg at position=left 	25
278.3522 	DATA 	Keypress: 2
278.3532 	DATA 	Keypress: o
278.3699 	Level keypress=2 at time= 1.599595 	25
278.3704 	Level injecting via pump at address 1 and a keypress of 2 and image of c.jpg 	25
283.3570 	DATA 	Keypress: o
283.3585 	DATA 	Keypress: o
284.3536 	DATA 	Keypress: o
284.3703 	Level RINSE 	25
286.3556 	DATA 	Keypress: o
289.3511 	Level finished 	25
289.3524 	DATA 	Keypress: o
289.7327 	Level d.jpg at position=right and c.jpg at position=left 	25
291.3522 	DATA 	Keypress: o
291.3533 	DATA 	Keypress: 1
291.3710 	Level keypress=1 at time= 1.581936 	25
291.3714 	Level injecting via pump at address 2 and a keypress of 1 and image of c.jpg 	25
296.3562 	DATA 	Keypress: o
296.3572 	DATA 	Keypress: o
296.3581 	DATA 	Keypress: o
297.3719 	Level RINSE 	25
299.3559 	DATA 	Keypress: o
304.3511 	Level finished 	25
304.3527 	DATA 	Keypress: o
304.3540 	DATA 	Keypress: o
304.3551 	DATA 	Keypress: o
304.7288 	Level d.jpg at position=right and c.jpg at position=left 	25
306.3523 	DATA 	Keypress: 2
306.3536 	DATA 	Keypress: o
306.3728 	Level keypress=2 at time= 1.596388 	25
306.3732 	Level injecting via pump at address 1 and a keypress of 2 and image of d.jpg 	25
311.3556 	DATA 	Keypress: o
311.3569 	DATA 	Keypress: o
312.3535 	DATA 	Keypress: o
312.3736 	Level RINSE 	25
314.3561 	DATA 	Keypress: o
317.3511 	Level finished 	25
317.3524 	DATA 	Keypress: o
317.7356 	Level e.jpg at position=left and f.jpg at position=right 	25
319.3522 	DATA 	Keypress: o
319.3532 	DATA 	Keypress: 1
319.3743 	Level keypress=1 at time= 1.579018 	25
319.3747 	Level injecting via pump at address 2 and a keypress of 1 and image of e.jpg 	25
324.3558 	DATA 	Keypress: o
324.3571 	DATA 	Keypress: o
324.3580 	DATA 	Keypress: o
325.3751 	Level RINSE 	25
327.3561 	DATA 	Keypress: o
332.3511 	Level finished 	25
332.3525 	DATA 	Keypress: o
332.3535 	DATA 	Keypress: o
332.3544 	DATA 	Keypress: o
332.7301 	Level e.jpg at position=left and f.jpg at position=right 	25
334.3522 	DATA 	Keypress: 2
334.3533 	DATA 	Keypress: o
334.3765 	Level keypress=2 at time= 1.593051 	25
334.3770 	Level injecting via pump at address 2 and a keypress of 2 and image of f.jpg 	25
339.3561 	DATA 	Keypress: o
339.3570 	DATA 	Keypress: o
340.3537 	DATA 	Keypress: o
340.3603 	Level RINSE 	25
342.3561 	DATA 	Keypress: o
347.3511 	Level finished 	25
347.3527 	DATA 	Keypress: o
347.3539 	DATA 	Keypress: o
347.7412 	Level e.jpg at position=left and f.jpg at position=right 	25
349.3523 	DATA 	Keypress: o
349.3535 	DATA 	Keypress: 2
349.3611 	Level keypress=2 at time= 1.592182 	25
349.3616 	Level injecting via pump at address 2 and a keypress of 2 and image of f.jpg 	25
354.3564 	DATA 	Keypress: o
354.3576 	DATA 	Keypress: o
354.3589 	DATA 	Keypress: o
355.3787 	Level RINSE 	25
357.3562 	DATA 	Keypress: o
363.3511 	Level finished 	25
363.3525 	DATA 	Keypress: o
363.3535 	DATA 	Keypress: o
363.3544 	DATA 	Keypress: o
363.7310 	Level d.jpg at position=left and c.jpg at position=right 	25
365.3524 	DATA 	Keypress: o
365.3536 	DATA 	Keypress: 1
365.3547 	DATA 	Keypress: 1
365.3630 	Level keypress=1 at time= 1.590758 	25
365.3635 	Level injecting via pump at address 2 and a keypress of 1 and image of d.jpg 	25
370.3565 	DATA 	Keypress: o
370.3578 	DATA 	Keypress: o
370.3588 	DATA 	Keypress: o
371.3639 	Level RINSE 	25
373.3555 	DATA 	Keypress: o
378.3511 	Level finished 	25
378.3525 	DATA 	Keypress: o
378.3537 	DATA 	Keypress: o
378.3548 	DATA 	Keypress: o
378.7295 	Level e.jpg at position=left and f.jpg at position=right 	25
380.3522 	DATA 	Keypress: 1
380.3532 	DATA 	Keypress: o
380.3818 	Level keypress=1 at time= 1.604232 	25
380.3823 	Level injecting via pump at address 2 and a keypress of 1 and image of e.jpg 	25
385.3564 	DATA 	Keypress: o
385.3576 	DATA 	Keypress: o
386.3539 	DATA 	Keypress: o
386.3822 	Level RINSE 	25
388.3561 	DATA 	Keypress: o
393.3511 	Level finished 	25
393.3526 	DATA 	Keypress: o
393.3537 	DATA 	Keypress: o
393.7332 	Level d.jpg at position=left and c.jpg at position=right 	25
395.3524 	DATA 	Keypress: o
395.3539 	DATA 	Keypress: 2
395.3832 	Level keypress=2 at time= 1.603706 	25
395.3836 	Level injecting via pump at address 1 and a keypress of 2 and image of c.jpg 	25
400.3564 	DATA 	Keypress: o
400.3578 	DATA 	Keypress: o
400.3588 	DATA 	Keypress: o
401.3674 	Level RINSE 	25
403.3559 	DATA 	Keypress: o
406.3511 	Level finished 	25
406.3528 	DATA 	Keypress: o
406.3540 	DATA 	Keypress: o
406.7320 	Level d.jpg at position=right and c.jpg at position=left 	25
408.3524 	DATA 	Keypress: 2
408.3537 	DATA 	Keypress: o
408.3846 	Level keypress=2 at time= 1.601174 	25
408.3850 	Level injecting via pump at address 2 and a keypress of 2 and image of d.jpg 	25
413.3561 	DATA 	Keypress: o
413.3571 	DATA 	Keypress: o
414.3539 	DATA 	Keypress: o
414.3855 	Level RINSE 	25
416.3567 	DATA 	Keypress: o
419.3511 	Level finished 	25
419.3525 	DATA 	Keypress: o
419.7375 	Level b.jpg at position=left and a.jpg at position=right 	25
421.3522 	DATA 	Keypress: o
421.3532 	DATA 	Keypress: 1
421.3695 	Level keypress=1 at time= 1.583841 	25
421.3699 	Level injecting via pump at address 2 and a keypress of 1 and image of b.jpg 	25
426.3565 	DATA 	Keypress: o
426.3578 	DATA 	Keypress: o
426.3589 	DATA 	Keypress: o
427.3705 	Level RINSE 	25
429.3562 	DATA 	Keypress: o
433.3511 	Level finished 	25
433.3528 	DATA 	Keypress: o
433.3539 	DATA 	Keypress: o
433.7261 	Level e.jpg at position=right and f.jpg at position=left 	25
435.3522 	DATA 	Keypress: o
435.3533 	DATA 	Keypress: 2
435.3712 	Level keypress=2 at time= 1.615625 	25
435.3716 	Level injecting via pump at address 1 and a keypress of 2 and image of e.jpg 	25
440.3561 	DATA 	Keypress: o
440.3570 	DATA 	Keypress: o
440.3580 	DATA 	Keypress: o
441.3720 	Level RINSE 	25
443.3562 	DATA 	Keypress: o
447.3511 	Level finished 	25
447.3527 	DATA 	Keypress: o
447.3537 	DATA 	Keypress: o
447.7305 	Level b.jpg at position=left and a.jpg at position=right 	25
449.3522 	DATA 	Keypress: o
449.3531 	DATA 	Keypress: 1
449.3728 	Level keypress=1 at time= 1.597211 	25
449.3732 	Level injecting via pump at address 2 and a keypress of 1 and image of b.jpg 	25
454.3562 	DATA 	Keypress: o
454.3574 	DATA 	Keypress: o
454.3585 	DATA 	Keypress: o
455.3569 	Level RINSE 	25
457.3555 	DATA 	Keypress: o
462.3511 	Level finished 	25
462.3526 	DATA 	Keypress: o
462.3536 	DATA 	Keypress: o
462.3546 	DATA 	Keypress: o
462.7226 	Level a.jpg at position=right and b.jpg at position=left 	25
464.3522 	DATA 	Keypress: 1
464.3531 	DATA 	Keypress: o
464.3749 	Level keypress=1 at time= 1.611079 	25
464.3755 	Level injecting via pump at address 2 and a keypress of 1 and image of b.jpg 	25
469.3560 	DATA 	Keypress: o
469.3572 	DATA 	Keypress: o
470.3539 	DATA 	Keypress: o
470.3754 	Level RINSE 	25
472.3561 	DATA 	Keypress: o
476.3511 	Level finished 	25
476.3529 	DATA 	Keypress: o
476.3540 	DATA 	Keypress: o
476.7330 	Level e.jpg at position=right and f.jpg at position=left 	25
478.3522 	DATA 	Keypress: o
478.3533 	DATA 	Keypress: 1
478.3761 	Level keypress=1 at time= 1.593606 	25
478.3766 	Level injecting via pump at address 1 and a keypress of 1 and image of f.jpg 	25
483.3562 	DATA 	Keypress: o
483.3575 	DATA 	Keypress: o
484.3536 	DATA 	Keypress: o
484.3604 	Level RINSE 	25
486.3555 	DATA 	Keypress: o
491.3511 	Level finished 	25
