95.7153 	DATA 	Keypress: o
95.7159 	Level start key press 	25
95.7159 	Level fixation 0.000000 	25
97.7187 	DATA 	Keypress: o
99.7190 	DATA 	Keypress: o
101.7193 	DATA 	Keypress: o
103.7195 	DATA 	Keypress: o
104.1672 	Level fixation end 0.000000 	25
104.1673 	Level START 	25
104.5713 	Level b.jpg at position=right and a.jpg at position=left 	25
106.1684 	DATA 	Keypress: 2
106.1696 	DATA 	Keypress: o
106.1846 	Level keypress=2 at time= 1.567637 	25
106.1851 	Level injecting via pump at address 1 and a keypress of 2 and image of b.jpg 	25
111.1738 	DATA 	Keypress: o
111.1756 	DATA 	Keypress: o
112.1708 	DATA 	Keypress: o
112.1849 	Level RINSE 	25
114.1742 	DATA 	Keypress: o
120.1673 	Level finished 	25
120.1692 	DATA 	Keypress: o
120.1710 	DATA 	Keypress: o
120.1724 	DATA 	Keypress: o
120.5511 	Level a.jpg at position=right and b.jpg at position=left 	25
122.1683 	DATA 	Keypress: 1
122.1696 	DATA 	Keypress: o
122.1860 	Level keypress=1 at time= 1.582079 	25
122.1865 	Level injecting via pump at address 2 and a keypress of 1 and image of b.jpg 	25
127.1733 	DATA 	Keypress: o
127.1745 	DATA 	Keypress: o
128.1701 	DATA 	Keypress: o
128.1870 	Level RINSE 	25
130.1720 	DATA 	Keypress: o
135.1673 	Level finished 	25
135.1689 	DATA 	Keypress: o
135.1700 	DATA 	Keypress: o
135.5521 	Level f.jpg at position=left and e.jpg at position=right 	25
137.1684 	DATA 	Keypress: o
137.1695 	DATA 	Keypress: 2
137.1878 	Level keypress=2 at time= 1.598057 	25
137.1884 	Level injecting via pump at address 1 and a keypress of 2 and image of e.jpg 	25
142.1733 	DATA 	Keypress: o
142.1749 	DATA 	Keypress: o
142.1761 	DATA 	Keypress: o
143.1888 	Level RINSE 	25
145.1723 	DATA 	Keypress: o
149.1673 	Level finished 	25
149.1685 	DATA 	Keypress: o
149.1695 	DATA 	Keypress: o
149.5431 	Level e.jpg at position=right and f.jpg at position=left 	25
151.1688 	DATA 	Keypress: o
151.1894 	Level Key Press Missed! 	25
156.1727 	DATA 	Keypress: o
156.1740 	DATA 	Keypress: o
156.1751 	DATA 	Keypress: o
157.1904 	Level RINSE 	25
159.1725 	DATA 	Keypress: o
163.1673 	Level finished 	25
163.1689 	DATA 	Keypress: o
163.1702 	DATA 	Keypress: o
163.5283 	Level f.jpg at position=right and e.jpg at position=left 	25
165.1684 	DATA 	Keypress: o
165.1696 	DATA 	Keypress: 2
165.1745 	Level keypress=2 at time= 1.611582 	25
165.1750 	Level injecting via pump at address 2 and a keypress of 2 and image of f.jpg 	25
170.1719 	DATA 	Keypress: 1
170.1729 	DATA 	Keypress: 1
170.1738 	DATA 	Keypress: o
170.1747 	DATA 	Keypress: o
170.1756 	DATA 	Keypress: o
171.1918 	Level RINSE 	25
173.1726 	DATA 	Keypress: o
178.1673 	Level finished 	25
178.1686 	DATA 	Keypress: o
178.1696 	DATA 	Keypress: o
178.1705 	DATA 	Keypress: o
178.5381 	Level a.jpg at position=right and b.jpg at position=left 	25
180.1686 	DATA 	Keypress: 1
180.1700 	DATA 	Keypress: o
180.1929 	Level keypress=1 at time= 1.608853 	25
180.1934 	Level injecting via pump at address 2 and a keypress of 1 and image of b.jpg 	25
185.1728 	DATA 	Keypress: o
185.1741 	DATA 	Keypress: o
186.1700 	DATA 	Keypress: o
186.1938 	Level RINSE 	25
188.1729 	DATA 	Keypress: o
194.1673 	Level finished 	25
194.1688 	DATA 	Keypress: o
194.1704 	DATA 	Keypress: o
194.1720 	DATA 	Keypress: o
194.5441 	Level a.jpg at position=left and b.jpg at position=right 	25
196.1685 	DATA 	Keypress: 1
196.1697 	DATA 	Keypress: o
196.1947 	Level keypress=1 at time= 1.606839 	25
196.1952 	Level injecting via pump at address 1 and a keypress of 1 and image of a.jpg 	25
201.1720 	DATA 	Keypress: o
201.1730 	DATA 	Keypress: o
202.1710 	DATA 	Keypress: o
202.1955 	Level RINSE 	25
204.1726 	DATA 	Keypress: o
208.1673 	Level finished 	25
208.1688 	DATA 	Keypress: o
208.1699 	DATA 	Keypress: o
208.5491 	Level e.jpg at position=right and f.jpg at position=left 	25
210.1686 	DATA 	Keypress: 1
210.1698 	DATA 	Keypress: o
210.1710 	DATA 	Keypress: 1
210.1964 	Level keypress=1 at time= 1.588566 	25
210.1970 	Level injecting via pump at address 2 and a keypress of 1 and image of f.jpg 	25
215.1730 	DATA 	Keypress: o
215.1742 	DATA 	Keypress: o
216.1697 	DATA 	Keypress: o
216.1805 	Level RINSE 	25
218.1726 	DATA 	Keypress: o
224.1673 	Level finished 	25
224.1692 	DATA 	Keypress: o
224.1706 	DATA 	Keypress: o
224.1718 	DATA 	Keypress: o
224.5421 	Level b.jpg at position=left and a.jpg at position=right 	25
226.1684 	DATA 	Keypress: 1
226.1694 	DATA 	Keypress: o
226.1982 	Level keypress=1 at time= 1.603243 	25
226.1987 	Level injecting via pump at address 2 and a keypress of 1 and image of b.jpg 	25
231.1723 	DATA 	Keypress: o
231.1733 	DATA 	Keypress: o
232.1704 	DATA 	Keypress: o
232.1824 	Level RINSE 	25
234.1728 	DATA 	Keypress: o
239.1673 	Level finished 	25
239.1689 	DATA 	Keypress: o
239.1702 	DATA 	Keypress: o
239.5359 	Level e.jpg at position=right and f.jpg at position=left 	25
241.1686 	DATA 	Keypress: o
241.1699 	DATA 	Keypress: 1
241.1834 	Level keypress=1 at time= 1.603017 	25
241.1838 	Level injecting via pump at address 1 and a keypress of 1 and image of f.jpg 	25
246.1735 	DATA 	Keypress: o
246.1748 	DATA 	Keypress: o
246.1760 	DATA 	Keypress: o
247.1842 	Level RINSE 	25
249.1730 	DATA 	Keypress: o
254.1673 	Level finished 	25
254.1691 	DATA 	Keypress: o
254.1705 	DATA 	Keypress: o
254.1720 	DATA 	Keypress: o
254.5415 	Level e.jpg at position=left and f.jpg at position=right 	25
256.1685 	DATA 	Keypress: 1
256.1697 	DATA 	Keypress: o
256.1851 	Level keypress=1 at time= 1.599867 	25
256.1856 	Level injecting via pump at address 2 and a keypress of 1 and image of e.jpg 	25
261.1723 	DATA 	Keypress: o
261.1735 	DATA 	Keypress: o
262.1705 	DATA 	Keypress: o
262.1860 	Level RINSE 	25
264.1725 	DATA 	Keypress: o
269.1673 	Level finished 	25
269.1689 	DATA 	Keypress: o
269.1703 	DATA 	Keypress: o
269.5398 	Level c.jpg at position=left and d.jpg at position=right 	25
271.1686 	DATA 	Keypress: o
271.1696 	DATA 	Keypress: 2
271.1868 	Level keypress=2 at time= 1.599218 	25
271.1873 	Level injecting via pump at address 2 and a keypress of 2 and image of d.jpg 	25
276.1731 	DATA 	Keypress: o
276.1742 	DATA 	Keypress: o
276.1753 	DATA 	Keypress: o
277.1877 	Level RINSE 	25
279.1723 	DATA 	Keypress: o
282.1673 	Level finished 	25
282.1690 	DATA 	Keypress: o
282.1705 	DATA 	Keypress: o
282.5489 	Level f.jpg at position=left and e.jpg at position=right 	25
284.1686 	DATA 	Keypress: 1
284.1699 	DATA 	Keypress: o
284.1885 	Level keypress=1 at time= 1.596714 	25
284.1889 	Level injecting via pump at address 2 and a keypress of 1 and image of f.jpg 	25
289.1718 	DATA 	Keypress: o
289.1728 	DATA 	Keypress: o
290.1698 	DATA 	Keypress: o
290.1726 	Level RINSE 	25
292.1731 	DATA 	Keypress: o
296.1673 	Level finished 	25
296.1687 	DATA 	Keypress: o
296.1700 	DATA 	Keypress: o
296.5491 	Level b.jpg at position=right and a.jpg at position=left 	25
298.1685 	DATA 	Keypress: 1
298.1699 	DATA 	Keypress: o
298.1901 	Level keypress=1 at time= 1.594929 	25
298.1905 	Level injecting via pump at address 1 and a keypress of 1 and image of a.jpg 	25
303.1730 	DATA 	Keypress: o
303.1745 	DATA 	Keypress: o
304.1698 	DATA 	Keypress: o
304.1909 	Level RINSE 	25
306.1723 	DATA 	Keypress: o
311.1673 	Level finished 	25
311.1689 	DATA 	Keypress: o
311.1701 	DATA 	Keypress: o
311.5362 	Level b.jpg at position=left and a.jpg at position=right 	25
313.1686 	DATA 	Keypress: o
313.1701 	DATA 	Keypress: 2
313.1918 	Level keypress=2 at time= 1.594759 	25
313.1922 	Level injecting via pump at address 1 and a keypress of 2 and image of a.jpg 	25
318.1732 	DATA 	Keypress: o
318.1747 	DATA 	Keypress: o
318.1759 	DATA 	Keypress: o
319.1926 	Level RINSE 	25
321.1725 	DATA 	Keypress: o
327.1673 	Level finished 	25
327.1688 	DATA 	Keypress: o
327.1698 	DATA 	Keypress: o
327.1708 	DATA 	Keypress: o
327.5468 	Level f.jpg at position=left and e.jpg at position=right 	25
329.1684 	DATA 	Keypress: o
329.1694 	DATA 	Keypress: 1
329.1936 	Level keypress=1 at time= 1.608841 	25
329.1941 	Level injecting via pump at address 2 and a keypress of 1 and image of f.jpg 	25
334.1730 	DATA 	Keypress: o
334.1745 	DATA 	Keypress: o
334.1758 	DATA 	Keypress: o
335.1945 	Level RINSE 	25
337.1725 	DATA 	Keypress: o
341.1673 	Level finished 	25
341.1688 	DATA 	Keypress: o
341.1699 	DATA 	Keypress: o
341.5507 	Level e.jpg at position=right and f.jpg at position=left 	25
343.1686 	DATA 	Keypress: o
343.1704 	DATA 	Keypress: 1
343.1787 	Level keypress=1 at time= 1.591560 	25
343.1791 	Level injecting via pump at address 2 and a keypress of 1 and image of f.jpg 	25
348.1732 	DATA 	Keypress: o
348.1746 	DATA 	Keypress: o
348.1759 	DATA 	Keypress: o
349.1962 	Level RINSE 	25
351.1722 	DATA 	Keypress: o
354.1673 	Level finished 	25
354.1690 	DATA 	Keypress: o
354.1702 	DATA 	Keypress: o
354.5436 	Level f.jpg at position=left and e.jpg at position=right 	25
356.1684 	DATA 	Keypress: o
356.1695 	DATA 	Keypress: 1
356.1705 	DATA 	Keypress: 1
356.1802 	Level keypress=1 at time= 1.589243 	25
356.1807 	Level injecting via pump at address 1 and a keypress of 1 and image of f.jpg 	25
361.1721 	DATA 	Keypress: o
361.1735 	DATA 	Keypress: o
362.1697 	DATA 	Keypress: o
362.1811 	Level RINSE 	25
364.1733 	DATA 	Keypress: o
369.1673 	Level finished 	25
369.1689 	DATA 	Keypress: o
369.1701 	DATA 	Keypress: o
369.5355 	Level a.jpg at position=right and b.jpg at position=left 	25
371.1684 	DATA 	Keypress: o
371.1694 	DATA 	Keypress: 1
371.1705 	DATA 	Keypress: 1
371.1819 	Level keypress=1 at time= 1.603897 	25
371.1824 	Level injecting via pump at address 2 and a keypress of 1 and image of b.jpg 	25
376.1728 	DATA 	Keypress: o
376.1743 	DATA 	Keypress: o
376.1755 	DATA 	Keypress: o
377.1994 	Level RINSE 	25
379.1729 	DATA 	Keypress: o
384.1673 	Level finished 	25
384.1690 	DATA 	Keypress: o
384.1702 	DATA 	Keypress: o
384.1713 	DATA 	Keypress: o
384.5519 	Level f.jpg at position=right and e.jpg at position=left 	25
386.1684 	DATA 	Keypress: 2
386.1694 	DATA 	Keypress: o
386.2004 	Level keypress=2 at time= 1.601108 	25
386.2008 	Level injecting via pump at address 2 and a keypress of 2 and image of f.jpg 	25
391.1726 	DATA 	Keypress: o
391.1738 	DATA 	Keypress: o
392.1697 	DATA 	Keypress: o
392.1846 	Level RINSE 	25
394.1729 	DATA 	Keypress: o
398.1673 	Level finished 	25
398.1690 	DATA 	Keypress: o
398.1702 	DATA 	Keypress: o
398.5500 	Level e.jpg at position=right and f.jpg at position=left 	25
400.1684 	DATA 	Keypress: 1
400.1695 	DATA 	Keypress: o
400.1853 	Level keypress=1 at time= 1.582851 	25
400.1857 	Level injecting via pump at address 2 and a keypress of 1 and image of f.jpg 	25
405.1728 	DATA 	Keypress: o
405.1742 	DATA 	Keypress: o
406.1698 	DATA 	Keypress: o
406.1862 	Level RINSE 	25
408.1722 	DATA 	Keypress: o
412.1673 	Level finished 	25
412.1688 	DATA 	Keypress: o
412.1701 	DATA 	Keypress: o
412.5447 	Level c.jpg at position=right and d.jpg at position=left 	25
414.1685 	DATA 	Keypress: 2
414.1698 	DATA 	Keypress: o
414.1870 	Level keypress=2 at time= 1.597977 	25
414.1874 	Level injecting via pump at address 1 and a keypress of 2 and image of c.jpg 	25
419.1725 	DATA 	Keypress: o
419.1735 	DATA 	Keypress: o
420.1700 	DATA 	Keypress: o
420.1879 	Level RINSE 	25
422.1723 	DATA 	Keypress: o
428.1673 	Level finished 	25
428.1689 	DATA 	Keypress: o
428.1702 	DATA 	Keypress: o
428.1715 	DATA 	Keypress: o
428.5444 	Level f.jpg at position=left and e.jpg at position=right 	25
430.1685 	DATA 	Keypress: 1
430.1696 	DATA 	Keypress: o
430.1888 	Level keypress=1 at time= 1.596138 	25
430.1893 	Level injecting via pump at address 2 and a keypress of 1 and image of f.jpg 	25
435.1735 	DATA 	Keypress: o
435.1749 	DATA 	Keypress: o
436.1702 	DATA 	Keypress: o
436.1897 	Level RINSE 	25
438.1727 	DATA 	Keypress: o
444.1673 	Level finished 	25
444.1688 	DATA 	Keypress: o
444.1701 	DATA 	Keypress: o
444.1712 	DATA 	Keypress: o
444.5467 	Level a.jpg at position=left and b.jpg at position=right 	25
446.1684 	DATA 	Keypress: 2
446.1694 	DATA 	Keypress: o
446.1740 	Level keypress=2 at time= 1.594117 	25
446.1745 	Level injecting via pump at address 2 and a keypress of 2 and image of b.jpg 	25
451.1729 	DATA 	Keypress: o
451.1742 	DATA 	Keypress: o
452.1699 	DATA 	Keypress: o
452.1917 	Level RINSE 	25
454.1730 	DATA 	Keypress: o
460.1673 	Level finished 	25
460.1689 	DATA 	Keypress: o
460.1702 	DATA 	Keypress: o
460.1715 	DATA 	Keypress: o
460.5515 	Level f.jpg at position=left and e.jpg at position=right 	25
462.1684 	DATA 	Keypress: 2
462.1695 	DATA 	Keypress: o
462.1926 	Level keypress=2 at time= 1.592195 	25
462.1931 	Level injecting via pump at address 2 and a keypress of 2 and image of e.jpg 	25
467.1735 	DATA 	Keypress: o
467.1749 	DATA 	Keypress: o
468.1697 	DATA 	Keypress: o
468.1768 	Level RINSE 	25
470.1722 	DATA 	Keypress: o
476.1673 	Level finished 	25
476.1690 	DATA 	Keypress: o
476.1701 	DATA 	Keypress: o
476.1711 	DATA 	Keypress: o
476.5484 	Level c.jpg at position=left and d.jpg at position=right 	25
478.1686 	DATA 	Keypress: 2
478.1699 	DATA 	Keypress: o
478.1945 	Level keypress=2 at time= 1.590413 	25
478.1949 	Level injecting via pump at address 2 and a keypress of 2 and image of d.jpg 	25
483.1723 	DATA 	Keypress: o
483.1735 	DATA 	Keypress: o
484.1703 	DATA 	Keypress: o
484.1787 	Level RINSE 	25
486.1722 	DATA 	Keypress: o
490.1673 	Level finished 	25
