119.0650 	DATA 	Keypress: o
119.0658 	Level start key press 	25
119.0658 	Level fixation 0.000001 	25
121.0660 	DATA 	Keypress: o
123.0661 	DATA 	Keypress: o
125.0664 	DATA 	Keypress: o
127.0664 	DATA 	Keypress: o
127.5475 	Level fixation end 0.000001 	25
127.5475 	Level START 	25
127.9553 	Level a.jpg at position=left and b.jpg at position=right 	25
129.5487 	DATA 	Keypress: o
129.5647 	Level Key Press Missed! 	25
134.5546 	DATA 	Keypress: o
134.5561 	DATA 	Keypress: o
135.5514 	DATA 	Keypress: o
135.5648 	Level RINSE 	25
137.5544 	DATA 	Keypress: o
142.5476 	Level finished 	25
142.5492 	DATA 	Keypress: o
142.5504 	DATA 	Keypress: o
142.9596 	Level f.jpg at position=right and e.jpg at position=left 	25
144.5493 	DATA 	Keypress: o
144.5510 	DATA 	Keypress: 1
144.5653 	Level keypress=1 at time= 1.568768 	25
144.5658 	Level injecting via pump at address 2 and a keypress of 1 and image of e.jpg 	25
149.5548 	DATA 	Keypress: o
149.5565 	DATA 	Keypress: o
149.5581 	DATA 	Keypress: o
150.5824 	Level RINSE 	25
152.5542 	DATA 	Keypress: o
158.5476 	Level finished 	25
158.5495 	DATA 	Keypress: o
158.5513 	DATA 	Keypress: o
158.5530 	DATA 	Keypress: o
158.9640 	Level b.jpg at position=left and a.jpg at position=right 	25
160.5492 	DATA 	Keypress: o
160.5511 	DATA 	Keypress: 2
160.5664 	Level keypress=2 at time= 1.551442 	25
160.5669 	Level injecting via pump at address 1 and a keypress of 2 and image of a.jpg 	25
165.5550 	DATA 	Keypress: o
165.5567 	DATA 	Keypress: o
165.5581 	DATA 	Keypress: o
166.5670 	Level RINSE 	25
168.5544 	DATA 	Keypress: o
172.5476 	Level finished 	25
172.5496 	DATA 	Keypress: o
172.5512 	DATA 	Keypress: o
172.9551 	Level a.jpg at position=right and b.jpg at position=left 	25
174.5487 	DATA 	Keypress: o
174.5504 	DATA 	Keypress: 1
174.5674 	Level keypress=1 at time= 1.583147 	25
174.5678 	Level injecting via pump at address 2 and a keypress of 1 and image of b.jpg 	25
179.5545 	DATA 	Keypress: o
179.5563 	DATA 	Keypress: o
179.5579 	DATA 	Keypress: o
180.5679 	Level RINSE 	25
182.5544 	DATA 	Keypress: o
185.5476 	Level finished 	25
185.5494 	DATA 	Keypress: o
185.5510 	DATA 	Keypress: o
185.9557 	Level b.jpg at position=right and a.jpg at position=left 	25
187.5492 	DATA 	Keypress: o
187.5683 	Level Key Press Missed! 	25
192.5546 	DATA 	Keypress: 1
192.5562 	DATA 	Keypress: o
192.5577 	DATA 	Keypress: o
193.5511 	DATA 	Keypress: o
193.5688 	Level RINSE 	25
195.5543 	DATA 	Keypress: o
200.5476 	Level finished 	25
200.5495 	DATA 	Keypress: o
200.5511 	DATA 	Keypress: o
200.9513 	Level e.jpg at position=left and f.jpg at position=right 	25
202.5493 	DATA 	Keypress: o
202.5512 	DATA 	Keypress: 1
202.5697 	Level keypress=1 at time= 1.581984 	25
202.5702 	Level injecting via pump at address 1 and a keypress of 1 and image of e.jpg 	25
207.5536 	DATA 	Keypress: o
207.5548 	DATA 	Keypress: o
207.5561 	DATA 	Keypress: o
208.5699 	Level RINSE 	25
210.5542 	DATA 	Keypress: o
214.5475 	Level finished 	25
214.5496 	DATA 	Keypress: o
214.5512 	DATA 	Keypress: o
214.9530 	Level a.jpg at position=right and b.jpg at position=left 	25
216.5492 	DATA 	Keypress: o
216.5506 	DATA 	Keypress: 1
216.5702 	Level keypress=1 at time= 1.563389 	25
216.5707 	Level injecting via pump at address 2 and a keypress of 1 and image of b.jpg 	25
221.5539 	DATA 	Keypress: o
221.5551 	DATA 	Keypress: o
221.5561 	DATA 	Keypress: o
222.5543 	Level RINSE 	25
224.5541 	DATA 	Keypress: o
227.5476 	Level finished 	25
227.5495 	DATA 	Keypress: o
227.5511 	DATA 	Keypress: o
227.9511 	Level e.jpg at position=left and f.jpg at position=right 	25
229.5493 	DATA 	Keypress: o
229.5510 	DATA 	Keypress: 1
229.5712 	Level keypress=1 at time= 1.563243 	25
229.5716 	Level injecting via pump at address 1 and a keypress of 1 and image of e.jpg 	25
234.5544 	DATA 	Keypress: o
234.5556 	DATA 	Keypress: o
235.5509 	DATA 	Keypress: o
235.5717 	Level RINSE 	25
237.5539 	DATA 	Keypress: o
242.5475 	Level finished 	25
242.5496 	DATA 	Keypress: o
242.5511 	DATA 	Keypress: o
242.9546 	Level a.jpg at position=right and b.jpg at position=left 	25
244.5493 	DATA 	Keypress: o
244.5510 	DATA 	Keypress: 1
244.5726 	Level keypress=1 at time= 1.562273 	25
244.5739 	Level injecting via pump at address 2 and a keypress of 1 and image of b.jpg 	25
249.5536 	DATA 	Keypress: 2
249.5546 	DATA 	Keypress: o
249.5555 	DATA 	Keypress: o
249.5565 	DATA 	Keypress: o
250.5562 	Level RINSE 	25
252.5534 	DATA 	Keypress: o
255.5476 	Level finished 	25
255.5497 	DATA 	Keypress: o
255.5512 	DATA 	Keypress: o
255.9463 	Level e.jpg at position=left and f.jpg at position=right 	25
257.5494 	DATA 	Keypress: 1
257.5510 	DATA 	Keypress: o
257.5731 	Level keypress=1 at time= 1.575993 	25
257.5735 	Level injecting via pump at address 2 and a keypress of 1 and image of e.jpg 	25
262.5547 	DATA 	Keypress: o
262.5560 	DATA 	Keypress: o
263.5512 	DATA 	Keypress: o
263.5570 	Level RINSE 	25
265.5536 	DATA 	Keypress: o
268.5476 	Level finished 	25
268.5496 	DATA 	Keypress: o
268.9504 	Level d.jpg at position=left and c.jpg at position=right 	25
270.5491 	DATA 	Keypress: o
270.5505 	DATA 	Keypress: 2
270.5740 	Level keypress=2 at time= 1.559981 	25
270.5744 	Level injecting via pump at address 1 and a keypress of 2 and image of c.jpg 	25
275.5527 	DATA 	Keypress: o
275.5538 	DATA 	Keypress: o
275.5547 	DATA 	Keypress: o
276.5581 	Level RINSE 	25
278.5536 	DATA 	Keypress: o
283.5476 	Level finished 	25
283.5497 	DATA 	Keypress: o
283.5512 	DATA 	Keypress: o
283.5525 	DATA 	Keypress: o
283.9500 	Level d.jpg at position=left and c.jpg at position=right 	25
285.5493 	DATA 	Keypress: 1
285.5509 	DATA 	Keypress: o
285.5589 	Level keypress=1 at time= 1.574375 	25
285.5593 	Level injecting via pump at address 2 and a keypress of 1 and image of d.jpg 	25
290.5542 	DATA 	Keypress: o
290.5555 	DATA 	Keypress: o
291.5510 	DATA 	Keypress: o
291.5591 	Level RINSE 	25
293.5539 	DATA 	Keypress: o
296.5475 	Level finished 	25
296.5496 	DATA 	Keypress: o
296.9485 	Level e.jpg at position=right and f.jpg at position=left 	25
298.5493 	DATA 	Keypress: o
298.5511 	DATA 	Keypress: 1
298.5759 	Level keypress=1 at time= 1.574914 	25
298.5764 	Level injecting via pump at address 2 and a keypress of 1 and image of f.jpg 	25
303.5539 	DATA 	Keypress: o
303.5551 	DATA 	Keypress: o
303.5563 	DATA 	Keypress: o
304.5600 	Level RINSE 	25
306.5560 	DATA 	Keypress: o
311.5476 	Level finished 	25
311.5497 	DATA 	Keypress: o
311.5513 	DATA 	Keypress: o
311.5527 	DATA 	Keypress: o
311.9542 	Level a.jpg at position=right and b.jpg at position=left 	25
313.5493 	DATA 	Keypress: 2
313.5510 	DATA 	Keypress: o
313.5603 	Level keypress=2 at time= 1.572365 	25
313.5609 	Level injecting via pump at address 1 and a keypress of 2 and image of a.jpg 	25
318.5539 	DATA 	Keypress: o
318.5550 	DATA 	Keypress: o
319.5509 	DATA 	Keypress: o
319.5610 	Level RINSE 	25
321.5537 	DATA 	Keypress: o
324.5476 	Level finished 	25
324.5497 	DATA 	Keypress: o
324.9464 	Level f.jpg at position=right and e.jpg at position=left 	25
326.5495 	DATA 	Keypress: o
326.5512 	DATA 	Keypress: 2
326.5613 	Level keypress=2 at time= 1.573467 	25
326.5617 	Level injecting via pump at address 2 and a keypress of 2 and image of f.jpg 	25
331.5540 	DATA 	Keypress: o
331.5552 	DATA 	Keypress: o
331.5565 	DATA 	Keypress: o
332.5618 	Level RINSE 	25
334.5541 	DATA 	Keypress: o
339.5476 	Level finished 	25
339.5498 	DATA 	Keypress: o
339.5513 	DATA 	Keypress: o
339.5524 	DATA 	Keypress: o
339.9529 	Level f.jpg at position=left and e.jpg at position=right 	25
341.5491 	DATA 	Keypress: 1
341.5508 	DATA 	Keypress: o
341.5627 	Level keypress=1 at time= 1.570281 	25
341.5632 	Level injecting via pump at address 1 and a keypress of 1 and image of f.jpg 	25
346.5536 	DATA 	Keypress: o
346.5549 	DATA 	Keypress: o
347.5510 	DATA 	Keypress: o
347.5630 	Level RINSE 	25
349.5541 	DATA 	Keypress: o
354.5476 	Level finished 	25
354.5495 	DATA 	Keypress: o
354.5507 	DATA 	Keypress: o
354.9426 	Level f.jpg at position=right and e.jpg at position=left 	25
356.5492 	DATA 	Keypress: o
356.5510 	DATA 	Keypress: 2
356.5633 	Level keypress=2 at time= 1.587358 	25
356.5637 	Level injecting via pump at address 2 and a keypress of 2 and image of f.jpg 	25
361.5541 	DATA 	Keypress: o
361.5553 	DATA 	Keypress: o
361.5564 	DATA 	Keypress: o
362.5805 	Level RINSE 	25
364.5539 	DATA 	Keypress: o
370.5475 	Level finished 	25
370.5493 	DATA 	Keypress: o
370.5505 	DATA 	Keypress: o
370.5515 	DATA 	Keypress: o
370.9338 	Level e.jpg at position=left and f.jpg at position=right 	25
372.5494 	DATA 	Keypress: o
372.5511 	DATA 	Keypress: 2
372.5644 	Level keypress=2 at time= 1.586740 	25
372.5648 	Level injecting via pump at address 1 and a keypress of 2 and image of f.jpg 	25
377.5542 	DATA 	Keypress: o
377.5554 	DATA 	Keypress: o
377.5565 	DATA 	Keypress: o
378.5649 	Level RINSE 	25
380.5535 	DATA 	Keypress: o
385.5475 	Level finished 	25
385.5493 	DATA 	Keypress: o
385.5505 	DATA 	Keypress: o
385.5517 	DATA 	Keypress: o
385.9270 	Level d.jpg at position=right and c.jpg at position=left 	25
387.5487 	DATA 	Keypress: 1
387.5497 	DATA 	Keypress: o
387.5825 	Level keypress=1 at time= 1.600028 	25
387.5831 	Level injecting via pump at address 2 and a keypress of 1 and image of c.jpg 	25
392.5542 	DATA 	Keypress: o
392.5555 	DATA 	Keypress: o
393.5509 	DATA 	Keypress: o
393.5827 	Level RINSE 	25
395.5536 	DATA 	Keypress: o
400.5475 	Level finished 	25
400.5498 	DATA 	Keypress: o
400.5512 	DATA 	Keypress: o
400.9292 	Level a.jpg at position=left and b.jpg at position=right 	25
402.5492 	DATA 	Keypress: o
402.5509 	DATA 	Keypress: 1
402.5665 	Level keypress=1 at time= 1.600779 	25
402.5670 	Level injecting via pump at address 1 and a keypress of 1 and image of a.jpg 	25
407.5535 	DATA 	Keypress: o
407.5548 	DATA 	Keypress: o
407.5560 	DATA 	Keypress: o
408.5671 	Level RINSE 	25
410.5541 	DATA 	Keypress: o
413.5475 	Level finished 	25
413.5498 	DATA 	Keypress: o
413.5514 	DATA 	Keypress: o
413.9368 	Level c.jpg at position=right and d.jpg at position=left 	25
415.5494 	DATA 	Keypress: 2
415.5510 	DATA 	Keypress: o
415.5840 	Level keypress=2 at time= 1.582102 	25
415.5844 	Level injecting via pump at address 1 and a keypress of 2 and image of c.jpg 	25
420.5536 	DATA 	Keypress: o
420.5548 	DATA 	Keypress: o
421.5512 	DATA 	Keypress: o
421.5681 	Level RINSE 	25
423.5544 	DATA 	Keypress: o
426.5475 	Level finished 	25
426.5494 	DATA 	Keypress: o
426.9454 	Level c.jpg at position=right and d.jpg at position=left 	25
428.5494 	DATA 	Keypress: o
428.5510 	DATA 	Keypress: 2
428.5682 	Level keypress=2 at time= 1.582915 	25
428.5687 	Level injecting via pump at address 1 and a keypress of 2 and image of c.jpg 	25
433.5536 	DATA 	Keypress: o
433.5548 	DATA 	Keypress: o
433.5558 	DATA 	Keypress: o
434.5687 	Level RINSE 	25
436.5540 	DATA 	Keypress: o
440.5475 	Level finished 	25
440.5498 	DATA 	Keypress: o
440.5514 	DATA 	Keypress: o
440.9417 	Level e.jpg at position=left and f.jpg at position=right 	25
442.5491 	DATA 	Keypress: o
442.5509 	DATA 	Keypress: 1
442.5692 	Level keypress=1 at time= 1.598407 	25
442.5696 	Level injecting via pump at address 1 and a keypress of 1 and image of e.jpg 	25
447.5532 	DATA 	Keypress: o
447.5542 	DATA 	Keypress: o
447.5552 	DATA 	Keypress: o
448.5697 	Level RINSE 	25
450.5540 	DATA 	Keypress: o
454.5475 	Level finished 	25
454.5495 	DATA 	Keypress: o
454.5511 	DATA 	Keypress: o
454.9442 	Level f.jpg at position=left and e.jpg at position=right 	25
456.5490 	DATA 	Keypress: o
456.5505 	DATA 	Keypress: 1
456.5702 	Level keypress=1 at time= 1.580428 	25
456.5706 	Level injecting via pump at address 1 and a keypress of 1 and image of f.jpg 	25
461.5538 	DATA 	Keypress: o
461.5551 	DATA 	Keypress: o
461.5563 	DATA 	Keypress: o
462.5707 	Level RINSE 	25
464.5531 	DATA 	Keypress: o
469.5475 	Level finished 	25
469.5495 	DATA 	Keypress: o
469.5509 	DATA 	Keypress: o
469.5521 	DATA 	Keypress: o
469.9330 	Level a.jpg at position=right and b.jpg at position=left 	25
471.5488 	DATA 	Keypress: o
471.5499 	DATA 	Keypress: 1
471.5512 	DATA 	Keypress: 1
471.5715 	Level keypress=1 at time= 1.595426 	25
471.5719 	Level injecting via pump at address 1 and a keypress of 1 and image of b.jpg 	25
476.5536 	DATA 	Keypress: o
476.5548 	DATA 	Keypress: o
477.5511 	DATA 	Keypress: o
477.5719 	Level RINSE 	25
479.5539 	DATA 	Keypress: o
483.5475 	Level finished 	25
483.5496 	DATA 	Keypress: o
483.5509 	DATA 	Keypress: o
483.9187 	Level d.jpg at position=left and c.jpg at position=right 	25
485.5490 	DATA 	Keypress: 1
485.5504 	DATA 	Keypress: o
485.5722 	Level keypress=1 at time= 1.593174 	25
485.5727 	Level injecting via pump at address 2 and a keypress of 1 and image of d.jpg 	25
490.5539 	DATA 	Keypress: o
490.5551 	DATA 	Keypress: o
491.5511 	DATA 	Keypress: o
491.5729 	Level RINSE 	25
493.5544 	DATA 	Keypress: o
498.5476 	Level finished 	25
