17.6102 	DATA 	Keypress: escape
118.8558 	DATA 	Keypress: o
118.8565 	Level start key press 	25
118.8565 	Level fixation 0.000001 	25
120.2612 	DATA 	Keypress: escape
120.6451 	DATA 	Keypress: q
120.8118 	DATA 	Keypress: q
120.9784 	DATA 	Keypress: q
121.1618 	DATA 	Keypress: q
121.3618 	DATA 	Keypress: q
121.5783 	DATA 	Keypress: q
121.7618 	DATA 	Keypress: q
121.9451 	DATA 	Keypress: q
122.1284 	DATA 	Keypress: q
122.3284 	DATA 	Keypress: q
122.5284 	DATA 	Keypress: q
122.7285 	DATA 	Keypress: q
122.9119 	DATA 	Keypress: q
123.1285 	DATA 	Keypress: q
123.3452 	DATA 	Keypress: q
123.5285 	DATA 	Keypress: q
123.8786 	DATA 	Keypress: q
124.0787 	DATA 	Keypress: q
124.2787 	DATA 	Keypress: q
124.4620 	DATA 	Keypress: q
124.6953 	DATA 	Keypress: q
124.8787 	DATA 	Keypress: q
125.0953 	DATA 	Keypress: q
125.3120 	DATA 	Keypress: q
125.5288 	DATA 	Keypress: q
125.7453 	DATA 	Keypress: q
125.9621 	DATA 	Keypress: q
126.1788 	DATA 	Keypress: q
126.4289 	DATA 	Keypress: q
126.6620 	DATA 	Keypress: q
126.9120 	DATA 	Keypress: q
127.1121 	DATA 	Keypress: q
127.2265 	Level fixation end 0.000001 	25
127.2265 	Level START 	25
