38.2893 	DATA 	Keypress: o
38.2900 	Level start key press 	25
38.2900 	Level fixation 0.000001 	25
40.2924 	DATA 	Keypress: o
42.2927 	DATA 	Keypress: o
44.2930 	DATA 	Keypress: o
46.2930 	DATA 	Keypress: o
46.7075 	Level fixation end 0.000001 	25
46.7076 	Level START 	25
47.0913 	Level c.jpg at position=right and d.jpg at position=left 	25
48.7091 	DATA 	Keypress: 2
48.7108 	DATA 	Keypress: o
48.7414 	Level keypress=2 at time= 1.601606 	25
48.7419 	Level injecting via pump at address 1 and a keypress of 2 and image of c.jpg 	25
53.7138 	DATA 	Keypress: o
53.7153 	DATA 	Keypress: o
54.7105 	DATA 	Keypress: o
54.7253 	Level RINSE 	25
56.7126 	DATA 	Keypress: o
61.7076 	Level finished 	25
61.7088 	DATA 	Keypress: o
61.7098 	DATA 	Keypress: o
62.0853 	Level f.jpg at position=left and e.jpg at position=right 	25
63.7087 	DATA 	Keypress: o
63.7096 	DATA 	Keypress: 2
63.7262 	Level keypress=2 at time= 1.599843 	25
63.7267 	Level injecting via pump at address 2 and a keypress of 2 and image of e.jpg 	25
68.7135 	DATA 	Keypress: o
68.7148 	DATA 	Keypress: o
68.7158 	DATA 	Keypress: o
69.7271 	Level RINSE 	25
71.7126 	DATA 	Keypress: o
74.7076 	Level finished 	25
74.7088 	DATA 	Keypress: o
74.7098 	DATA 	Keypress: o
75.0844 	Level d.jpg at position=left and c.jpg at position=right 	25
76.7087 	DATA 	Keypress: 2
76.7100 	DATA 	Keypress: o
76.7277 	Level keypress=2 at time= 1.597974 	25
76.7283 	Level injecting via pump at address 2 and a keypress of 2 and image of c.jpg 	25
81.7131 	DATA 	Keypress: o
81.7144 	DATA 	Keypress: o
82.7103 	DATA 	Keypress: o
82.7287 	Level RINSE 	25
84.7120 	DATA 	Keypress: o
88.7076 	Level finished 	25
88.7091 	DATA 	Keypress: o
88.7102 	DATA 	Keypress: o
89.0860 	Level b.jpg at position=right and a.jpg at position=left 	25
90.7087 	DATA 	Keypress: 2
90.7100 	DATA 	Keypress: o
90.7293 	Level keypress=2 at time= 1.596150 	25
90.7297 	Level injecting via pump at address 2 and a keypress of 2 and image of b.jpg 	25
95.7127 	DATA 	Keypress: o
95.7138 	DATA 	Keypress: o
96.7109 	DATA 	Keypress: o
96.7301 	Level RINSE 	25
98.7125 	DATA 	Keypress: o
101.7076 	Level finished 	25
101.7088 	DATA 	Keypress: o
102.0794 	Level d.jpg at position=right and c.jpg at position=left 	25
103.7087 	DATA 	Keypress: o
103.7098 	DATA 	Keypress: 1
103.7308 	Level keypress=1 at time= 1.595756 	25
103.7312 	Level injecting via pump at address 2 and a keypress of 1 and image of c.jpg 	25
108.7141 	DATA 	Keypress: o
108.7154 	DATA 	Keypress: o
108.7167 	DATA 	Keypress: o
109.7150 	Level RINSE 	25
111.7124 	DATA 	Keypress: o
115.7076 	Level finished 	25
115.7090 	DATA 	Keypress: o
115.7101 	DATA 	Keypress: o
116.0833 	Level c.jpg at position=right and d.jpg at position=left 	25
117.7087 	DATA 	Keypress: o
117.7097 	DATA 	Keypress: 1
117.7325 	Level keypress=1 at time= 1.610603 	25
117.7330 	Level injecting via pump at address 1 and a keypress of 1 and image of d.jpg 	25
122.7130 	DATA 	Keypress: o
122.7144 	DATA 	Keypress: o
122.7156 	DATA 	Keypress: o
123.7334 	Level RINSE 	25
125.7120 	DATA 	Keypress: o
128.7076 	Level finished 	25
128.7089 	DATA 	Keypress: o
128.7099 	DATA 	Keypress: o
129.0970 	Level e.jpg at position=left and f.jpg at position=right 	25
130.7090 	DATA 	Keypress: 2
130.7104 	DATA 	Keypress: o
130.7339 	Level keypress=2 at time= 1.591826 	25
130.7344 	Level injecting via pump at address 1 and a keypress of 2 and image of f.jpg 	25
135.7126 	DATA 	Keypress: o
135.7140 	DATA 	Keypress: o
136.7102 	DATA 	Keypress: o
136.7349 	Level RINSE 	25
138.7126 	DATA 	Keypress: o
142.7076 	Level finished 	25
142.7090 	DATA 	Keypress: o
142.7102 	DATA 	Keypress: o
143.0934 	Level f.jpg at position=left and e.jpg at position=right 	25
144.7087 	DATA 	Keypress: 2
144.7097 	DATA 	Keypress: o
144.7356 	Level keypress=2 at time= 1.589860 	25
144.7360 	Level injecting via pump at address 2 and a keypress of 2 and image of e.jpg 	25
149.7128 	DATA 	Keypress: o
149.7140 	DATA 	Keypress: o
150.7101 	DATA 	Keypress: o
150.7199 	Level RINSE 	25
152.7133 	DATA 	Keypress: o
157.7076 	Level finished 	25
157.7091 	DATA 	Keypress: o
157.7103 	DATA 	Keypress: o
158.0904 	Level f.jpg at position=right and e.jpg at position=left 	25
159.7088 	DATA 	Keypress: o
159.7100 	DATA 	Keypress: 2
159.7211 	Level keypress=2 at time= 1.589482 	25
159.7216 	Level injecting via pump at address 2 and a keypress of 2 and image of f.jpg 	25
164.7131 	DATA 	Keypress: o
164.7141 	DATA 	Keypress: o
164.7150 	DATA 	Keypress: o
165.7216 	Level RINSE 	25
167.7123 	DATA 	Keypress: o
171.7076 	Level finished 	25
171.7090 	DATA 	Keypress: o
171.7100 	DATA 	Keypress: o
172.0943 	Level e.jpg at position=right and f.jpg at position=left 	25
173.7089 	DATA 	Keypress: o
173.7101 	DATA 	Keypress: 1
173.7112 	DATA 	Keypress: 1
173.7390 	Level keypress=1 at time= 1.587516 	25
173.7395 	Level injecting via pump at address 1 and a keypress of 1 and image of f.jpg 	25
178.7133 	DATA 	Keypress: o
178.7146 	DATA 	Keypress: o
178.7158 	DATA 	Keypress: o
179.7233 	Level RINSE 	25
181.7129 	DATA 	Keypress: o
188.7076 	Level finished 	25
188.7089 	DATA 	Keypress: o
188.7099 	DATA 	Keypress: o
188.7111 	DATA 	Keypress: o
188.7123 	DATA 	Keypress: o
189.0863 	Level a.jpg at position=left and b.jpg at position=right 	25
190.7088 	DATA 	Keypress: 2
190.7100 	DATA 	Keypress: o
190.7244 	Level keypress=2 at time= 1.601170 	25
190.7249 	Level injecting via pump at address 2 and a keypress of 2 and image of b.jpg 	25
195.7135 	DATA 	Keypress: o
195.7146 	DATA 	Keypress: o
196.7103 	DATA 	Keypress: o
196.7251 	Level RINSE 	25
198.7129 	DATA 	Keypress: o
205.7076 	Level finished 	25
205.7091 	DATA 	Keypress: o
205.7103 	DATA 	Keypress: o
205.7113 	DATA 	Keypress: o
206.0788 	Level a.jpg at position=right and b.jpg at position=left 	25
207.7087 	DATA 	Keypress: o
207.7100 	DATA 	Keypress: 2
207.7264 	Level keypress=2 at time= 1.616820 	25
207.7268 	Level injecting via pump at address 1 and a keypress of 2 and image of a.jpg 	25
212.7125 	DATA 	Keypress: o
212.7138 	DATA 	Keypress: o
212.7149 	DATA 	Keypress: o
213.7270 	Level RINSE 	25
215.7124 	DATA 	Keypress: o
220.7076 	Level finished 	25
220.7090 	DATA 	Keypress: o
220.7100 	DATA 	Keypress: o
220.7109 	DATA 	Keypress: o
221.0955 	Level f.jpg at position=left and e.jpg at position=right 	25
222.7088 	DATA 	Keypress: 2
222.7099 	DATA 	Keypress: o
222.7282 	Level keypress=2 at time= 1.580884 	25
222.7286 	Level injecting via pump at address 1 and a keypress of 2 and image of e.jpg 	25
227.7126 	DATA 	Keypress: o
227.7138 	DATA 	Keypress: o
228.7102 	DATA 	Keypress: o
228.7289 	Level RINSE 	25
230.7127 	DATA 	Keypress: o
233.7076 	Level finished 	25
233.7089 	DATA 	Keypress: o
234.0789 	Level d.jpg at position=left and c.jpg at position=right 	25
235.7087 	DATA 	Keypress: o
235.7100 	DATA 	Keypress: 2
235.7296 	Level keypress=2 at time= 1.613944 	25
235.7302 	Level injecting via pump at address 1 and a keypress of 2 and image of c.jpg 	25
240.7129 	DATA 	Keypress: o
240.7143 	DATA 	Keypress: o
240.7155 	DATA 	Keypress: o
241.7304 	Level RINSE 	25
243.7126 	DATA 	Keypress: o
247.7076 	Level finished 	25
247.7090 	DATA 	Keypress: o
247.7100 	DATA 	Keypress: o
248.0856 	Level c.jpg at position=right and d.jpg at position=left 	25
249.7089 	DATA 	Keypress: o
249.7102 	DATA 	Keypress: 1
249.7145 	Level keypress=1 at time= 1.595776 	25
249.7150 	Level injecting via pump at address 1 and a keypress of 1 and image of d.jpg 	25
254.7131 	DATA 	Keypress: o
254.7142 	DATA 	Keypress: o
254.7153 	DATA 	Keypress: o
255.7321 	Level RINSE 	25
257.7123 	DATA 	Keypress: o
262.7076 	Level finished 	25
262.7093 	DATA 	Keypress: o
262.7107 	DATA 	Keypress: o
262.7118 	DATA 	Keypress: o
263.0914 	Level f.jpg at position=right and e.jpg at position=left 	25
264.7088 	DATA 	Keypress: 1
264.7099 	DATA 	Keypress: o
264.7334 	Level keypress=1 at time= 1.592556 	25
264.7339 	Level injecting via pump at address 1 and a keypress of 1 and image of e.jpg 	25
269.7130 	DATA 	Keypress: o
269.7144 	DATA 	Keypress: o
270.7102 	DATA 	Keypress: o
270.7338 	Level RINSE 	25
272.7130 	DATA 	Keypress: o
277.7076 	Level finished 	25
277.7095 	DATA 	Keypress: o
277.7109 	DATA 	Keypress: o
278.0803 	Level a.jpg at position=left and b.jpg at position=right 	25
279.7087 	DATA 	Keypress: o
279.7097 	DATA 	Keypress: 1
279.7108 	DATA 	Keypress: 1
279.7348 	Level keypress=1 at time= 1.608109 	25
279.7353 	Level injecting via pump at address 1 and a keypress of 1 and image of a.jpg 	25
284.7137 	DATA 	Keypress: o
284.7149 	DATA 	Keypress: o
284.7160 	DATA 	Keypress: o
285.7354 	Level RINSE 	25
287.7125 	DATA 	Keypress: o
294.7076 	Level finished 	25
294.7090 	DATA 	Keypress: o
294.7101 	DATA 	Keypress: o
294.7113 	DATA 	Keypress: o
294.7124 	DATA 	Keypress: o
295.0931 	Level e.jpg at position=right and f.jpg at position=left 	25
296.7087 	DATA 	Keypress: 1
296.7097 	DATA 	Keypress: o
296.7200 	Level keypress=1 at time= 1.588875 	25
296.7205 	Level injecting via pump at address 1 and a keypress of 1 and image of f.jpg 	25
301.7125 	DATA 	Keypress: o
301.7139 	DATA 	Keypress: o
302.7100 	DATA 	Keypress: o
302.7209 	Level RINSE 	25
304.7132 	DATA 	Keypress: o
309.7076 	Level finished 	25
309.7091 	DATA 	Keypress: o
309.7104 	DATA 	Keypress: o
310.0883 	Level a.jpg at position=left and b.jpg at position=right 	25
311.7087 	DATA 	Keypress: o
311.7098 	DATA 	Keypress: 1
311.7389 	Level keypress=1 at time= 1.604872 	25
311.7394 	Level injecting via pump at address 2 and a keypress of 1 and image of a.jpg 	25
316.7129 	DATA 	Keypress: o
316.7141 	DATA 	Keypress: o
316.7152 	DATA 	Keypress: o
317.7393 	Level RINSE 	25
319.7134 	DATA 	Keypress: o
324.7076 	Level finished 	25
324.7092 	DATA 	Keypress: o
324.7106 	DATA 	Keypress: o
324.7119 	DATA 	Keypress: o
325.0995 	Level d.jpg at position=left and c.jpg at position=right 	25
326.7088 	DATA 	Keypress: 1
326.7100 	DATA 	Keypress: o
326.7402 	Level keypress=1 at time= 1.584972 	25
326.7406 	Level injecting via pump at address 1 and a keypress of 1 and image of d.jpg 	25
331.7135 	DATA 	Keypress: o
331.7147 	DATA 	Keypress: o
332.7106 	DATA 	Keypress: o
332.7245 	Level RINSE 	25
334.7125 	DATA 	Keypress: o
337.7076 	Level finished 	25
337.7090 	DATA 	Keypress: o
338.0787 	Level d.jpg at position=left and c.jpg at position=right 	25
339.7087 	DATA 	Keypress: o
339.7097 	DATA 	Keypress: 2
339.7418 	Level keypress=2 at time= 1.601510 	25
339.7422 	Level injecting via pump at address 1 and a keypress of 2 and image of c.jpg 	25
344.7136 	DATA 	Keypress: o
344.7150 	DATA 	Keypress: o
344.7162 	DATA 	Keypress: o
345.7260 	Level RINSE 	25
347.7129 	DATA 	Keypress: o
351.7076 	Level finished 	25
351.7093 	DATA 	Keypress: o
351.7106 	DATA 	Keypress: o
352.0808 	Level a.jpg at position=right and b.jpg at position=left 	25
353.7087 	DATA 	Keypress: o
353.7098 	DATA 	Keypress: 1
353.7267 	Level keypress=1 at time= 1.599977 	25
353.7271 	Level injecting via pump at address 2 and a keypress of 1 and image of b.jpg 	25
358.7138 	DATA 	Keypress: o
358.7151 	DATA 	Keypress: o
358.7163 	DATA 	Keypress: o
359.7276 	Level RINSE 	25
361.7130 	DATA 	Keypress: o
366.7076 	Level finished 	25
366.7094 	DATA 	Keypress: o
366.7107 	DATA 	Keypress: o
366.7119 	DATA 	Keypress: o
367.0668 	Level a.jpg at position=left and b.jpg at position=right 	25
368.7087 	DATA 	Keypress: 2
368.7097 	DATA 	Keypress: o
368.7288 	Level keypress=2 at time= 1.613645 	25
368.7294 	Level injecting via pump at address 2 and a keypress of 2 and image of b.jpg 	25
373.7130 	DATA 	Keypress: o
373.7142 	DATA 	Keypress: o
374.7100 	DATA 	Keypress: o
374.7293 	Level RINSE 	25
376.7129 	DATA 	Keypress: o
382.7076 	Level finished 	25
382.7092 	DATA 	Keypress: o
382.7104 	DATA 	Keypress: o
382.7114 	DATA 	Keypress: o
383.0832 	Level d.jpg at position=right and c.jpg at position=left 	25
384.7087 	DATA 	Keypress: 2
384.7098 	DATA 	Keypress: o
384.7303 	Level keypress=2 at time= 1.594842 	25
384.7307 	Level injecting via pump at address 2 and a keypress of 2 and image of d.jpg 	25
389.7124 	DATA 	Keypress: o
389.7135 	DATA 	Keypress: o
390.7104 	DATA 	Keypress: o
390.7312 	Level RINSE 	25
392.7134 	DATA 	Keypress: o
396.7076 	Level finished 	25
396.7091 	DATA 	Keypress: o
396.7104 	DATA 	Keypress: o
397.0889 	Level b.jpg at position=left and a.jpg at position=right 	25
398.7088 	DATA 	Keypress: o
398.7101 	DATA 	Keypress: 2
398.7319 	Level keypress=2 at time= 1.594968 	25
398.7323 	Level injecting via pump at address 1 and a keypress of 2 and image of a.jpg 	25
403.7128 	DATA 	Keypress: o
403.7139 	DATA 	Keypress: o
404.7104 	DATA 	Keypress: o
404.7328 	Level RINSE 	25
406.7129 	DATA 	Keypress: o
412.7076 	Level finished 	25
412.7093 	DATA 	Keypress: o
412.7105 	DATA 	Keypress: o
412.7117 	DATA 	Keypress: o
413.0837 	Level f.jpg at position=right and e.jpg at position=left 	25
414.7088 	DATA 	Keypress: 1
414.7100 	DATA 	Keypress: o
414.7342 	Level keypress=1 at time= 1.608454 	25
414.7347 	Level injecting via pump at address 1 and a keypress of 1 and image of e.jpg 	25
419.7134 	DATA 	Keypress: o
419.7147 	DATA 	Keypress: o
420.7100 	DATA 	Keypress: o
420.7347 	Level RINSE 	25
422.7126 	DATA 	Keypress: o
426.7076 	Level finished 	25
