33.1533 	DATA 	Keypress: o
33.1543 	Level start key press 	25
33.1543 	Level fixation 0.000001 	25
35.1573 	DATA 	Keypress: o
37.1624 	DATA 	Keypress: o
39.1616 	DATA 	Keypress: o
41.1273 	Level fixation end 0.000001 	25
41.1274 	Level START 	25
41.5206 	Level d.jpg at position=right and c.jpg at position=left 	25
41.5238 	DATA 	Keypress: o
43.1288 	DATA 	Keypress: 2
43.1418 	Level keypress=2 at time= 1.590720 	25
43.1422 	Level injecting via pump at address 1 and a keypress of 2 and image of d.jpg 	25
48.1339 	DATA 	Keypress: o
48.1356 	DATA 	Keypress: o
48.1371 	DATA 	Keypress: o
49.1320 	Level RINSE 	25
51.1337 	DATA 	Keypress: o
56.1274 	Level finished 	25
56.1287 	DATA 	Keypress: o
56.1298 	DATA 	Keypress: o
56.1310 	DATA 	Keypress: o
56.5013 	Level b.jpg at position=left and a.jpg at position=right 	25
58.1285 	DATA 	Keypress: o
58.1295 	DATA 	Keypress: 1
58.1342 	Level keypress=1 at time= 1.619134 	25
58.1346 	Level injecting via pump at address 2 and a keypress of 1 and image of b.jpg 	25
63.1324 	DATA 	Keypress: o
63.1334 	DATA 	Keypress: o
64.1301 	DATA 	Keypress: o
64.1369 	Level RINSE 	25
66.1318 	DATA 	Keypress: o
69.1274 	Level finished 	25
69.1290 	DATA 	Keypress: o
69.5054 	Level b.jpg at position=left and a.jpg at position=right 	25
69.5070 	DATA 	Keypress: o
71.1287 	DATA 	Keypress: 1
71.1301 	DATA 	Keypress: 1
71.1450 	Level keypress=1 at time= 1.612434 	25
71.1454 	Level injecting via pump at address 1 and a keypress of 1 and image of b.jpg 	25
76.1318 	DATA 	Keypress: o
76.1327 	DATA 	Keypress: o
76.1338 	DATA 	Keypress: o
77.1355 	Level RINSE 	25
79.1319 	DATA 	Keypress: o
83.1274 	Level finished 	25
83.1287 	DATA 	Keypress: o
83.1298 	DATA 	Keypress: o
83.5193 	Level a.jpg at position=right and b.jpg at position=left 	25
83.5208 	DATA 	Keypress: o
85.1285 	DATA 	Keypress: 2
85.1427 	Level keypress=2 at time= 1.597821 	25
85.1431 	Level injecting via pump at address 1 and a keypress of 2 and image of a.jpg 	25
90.1328 	DATA 	Keypress: o
90.1339 	DATA 	Keypress: o
90.1349 	DATA 	Keypress: o
91.1451 	Level RINSE 	25
93.1324 	DATA 	Keypress: o
96.1274 	Level finished 	25
96.1292 	DATA 	Keypress: o
96.1305 	DATA 	Keypress: o
96.5143 	Level d.jpg at position=right and c.jpg at position=left 	25
98.1287 	DATA 	Keypress: o
98.1304 	DATA 	Keypress: 2
98.1426 	Level keypress=2 at time= 1.599031 	25
98.1430 	Level injecting via pump at address 2 and a keypress of 2 and image of d.jpg 	25
103.1329 	DATA 	Keypress: o
103.1343 	DATA 	Keypress: o
104.1302 	DATA 	Keypress: o
104.1438 	Level RINSE 	25
106.1326 	DATA 	Keypress: o
110.1274 	Level finished 	25
110.1287 	DATA 	Keypress: o
110.1297 	DATA 	Keypress: o
110.5111 	Level a.jpg at position=right and b.jpg at position=left 	25
112.1287 	DATA 	Keypress: o
112.1300 	DATA 	Keypress: 2
112.1359 	Level keypress=2 at time= 1.609950 	25
112.1363 	Level injecting via pump at address 1 and a keypress of 2 and image of a.jpg 	25
117.1343 	DATA 	Keypress: o
117.1355 	DATA 	Keypress: o
118.1304 	DATA 	Keypress: o
118.1338 	Level RINSE 	25
120.1318 	DATA 	Keypress: o
123.1274 	Level finished 	25
123.1286 	DATA 	Keypress: o
123.5167 	Level c.jpg at position=left and d.jpg at position=right 	25
123.5179 	DATA 	Keypress: o
125.1285 	DATA 	Keypress: 1
125.1343 	Level keypress=1 at time= 1.601157 	25
125.1347 	Level injecting via pump at address 1 and a keypress of 1 and image of c.jpg 	25
130.1328 	DATA 	Keypress: o
130.1340 	DATA 	Keypress: o
130.1351 	DATA 	Keypress: o
131.1349 	Level RINSE 	25
133.1360 	DATA 	Keypress: o
137.1274 	Level finished 	25
137.1293 	DATA 	Keypress: o
137.1310 	DATA 	Keypress: o
137.5305 	Level f.jpg at position=right and e.jpg at position=left 	25
137.5323 	DATA 	Keypress: o
139.1285 	DATA 	Keypress: 2
139.1362 	Level keypress=2 at time= 1.575982 	25
139.1366 	Level injecting via pump at address 2 and a keypress of 2 and image of f.jpg 	25
144.1322 	DATA 	Keypress: o
144.1333 	DATA 	Keypress: o
144.1343 	DATA 	Keypress: o
145.1377 	Level RINSE 	25
147.1338 	DATA 	Keypress: o
152.1274 	Level finished 	25
152.1291 	DATA 	Keypress: o
152.1304 	DATA 	Keypress: o
152.1313 	DATA 	Keypress: o
152.5122 	Level a.jpg at position=left and b.jpg at position=right 	25
154.1285 	DATA 	Keypress: o
154.1295 	DATA 	Keypress: 1
154.1380 	Level keypress=1 at time= 1.607908 	25
154.1384 	Level injecting via pump at address 1 and a keypress of 1 and image of a.jpg 	25
159.1333 	DATA 	Keypress: o
159.1345 	DATA 	Keypress: o
160.1301 	DATA 	Keypress: o
160.1354 	Level RINSE 	25
162.1324 	DATA 	Keypress: o
166.1274 	Level finished 	25
166.1288 	DATA 	Keypress: o
166.1299 	DATA 	Keypress: o
166.4998 	Level a.jpg at position=left and b.jpg at position=right 	25
168.1288 	DATA 	Keypress: o
168.1394 	Level Key Press Missed! 	25
173.1332 	DATA 	Keypress: 1
173.1344 	DATA 	Keypress: o
173.1354 	DATA 	Keypress: o
174.1303 	DATA 	Keypress: o
174.1402 	Level RINSE 	25
176.1324 	DATA 	Keypress: o
183.1274 	Level finished 	25
183.1290 	DATA 	Keypress: o
183.1305 	DATA 	Keypress: o
183.1317 	DATA 	Keypress: o
183.5049 	Level c.jpg at position=left and d.jpg at position=right 	25
183.5062 	DATA 	Keypress: o
185.1286 	DATA 	Keypress: 1
185.1383 	Level keypress=1 at time= 1.613220 	25
185.1387 	Level injecting via pump at address 1 and a keypress of 1 and image of c.jpg 	25
190.1333 	DATA 	Keypress: o
190.1347 	DATA 	Keypress: o
190.1359 	DATA 	Keypress: o
191.1400 	Level RINSE 	25
193.1323 	DATA 	Keypress: o
200.1274 	Level finished 	25
200.1289 	DATA 	Keypress: o
200.1303 	DATA 	Keypress: o
200.1316 	DATA 	Keypress: o
200.1328 	DATA 	Keypress: o
200.5185 	Level a.jpg at position=right and b.jpg at position=left 	25
202.1285 	DATA 	Keypress: o
202.1432 	Level Key Press Missed! 	25
207.1318 	DATA 	Keypress: o
207.1328 	DATA 	Keypress: o
208.1306 	DATA 	Keypress: o
208.1342 	Level RINSE 	25
210.1325 	DATA 	Keypress: o
215.1274 	Level finished 	25
215.1288 	DATA 	Keypress: o
215.1300 	DATA 	Keypress: o
215.5183 	Level c.jpg at position=right and d.jpg at position=left 	25
215.5196 	DATA 	Keypress: o
217.1369 	Level Key Press Missed! 	25
222.1329 	DATA 	Keypress: o
222.1342 	DATA 	Keypress: o
222.1354 	DATA 	Keypress: o
223.1395 	Level RINSE 	25
225.1323 	DATA 	Keypress: o
228.1274 	Level finished 	25
228.1293 	DATA 	Keypress: o
228.1306 	DATA 	Keypress: o
228.5106 	Level f.jpg at position=right and e.jpg at position=left 	25
230.1287 	DATA 	Keypress: o
230.1300 	DATA 	Keypress: 2
230.1312 	DATA 	Keypress: 2
230.1324 	DATA 	Keypress: 2
230.1466 	Level keypress=2 at time= 1.601851 	25
230.1471 	Level injecting via pump at address 1 and a keypress of 2 and image of f.jpg 	25
235.1331 	DATA 	Keypress: 2
235.1345 	DATA 	Keypress: o
235.1358 	DATA 	Keypress: o
236.1304 	DATA 	Keypress: o
236.1378 	Level RINSE 	25
238.1328 	DATA 	Keypress: o
242.1274 	Level finished 	25
242.1291 	DATA 	Keypress: o
242.1302 	DATA 	Keypress: o
242.5214 	Level e.jpg at position=left and f.jpg at position=right 	25
244.1287 	DATA 	Keypress: 2
244.1299 	DATA 	Keypress: o
244.1311 	DATA 	Keypress: 2
244.1463 	Level keypress=2 at time= 1.597166 	25
244.1467 	Level injecting via pump at address 1 and a keypress of 2 and image of f.jpg 	25
249.1332 	DATA 	Keypress: o
249.1346 	DATA 	Keypress: o
250.1305 	DATA 	Keypress: o
250.1485 	Level RINSE 	25
252.1326 	DATA 	Keypress: o
257.1274 	Level finished 	25
257.1291 	DATA 	Keypress: o
257.1305 	DATA 	Keypress: o
257.5083 	Level b.jpg at position=right and a.jpg at position=left 	25
257.5095 	DATA 	Keypress: o
259.1287 	DATA 	Keypress: 2
259.1339 	Level keypress=2 at time= 1.609979 	25
259.1343 	Level injecting via pump at address 2 and a keypress of 2 and image of b.jpg 	25
264.1328 	DATA 	Keypress: o
264.1341 	DATA 	Keypress: 2
264.1358 	DATA 	Keypress: o
264.1373 	DATA 	Keypress: o
265.1344 	Level RINSE 	25
267.1321 	DATA 	Keypress: o
272.1274 	Level finished 	25
272.1289 	DATA 	Keypress: o
272.1301 	DATA 	Keypress: o
272.1310 	DATA 	Keypress: o
272.5131 	Level b.jpg at position=right and a.jpg at position=left 	25
274.1286 	DATA 	Keypress: o
274.1297 	DATA 	Keypress: 2
274.1356 	Level keypress=2 at time= 1.607509 	25
274.1360 	Level injecting via pump at address 2 and a keypress of 2 and image of b.jpg 	25
279.1342 	DATA 	Keypress: o
279.1360 	DATA 	Keypress: o
280.1304 	DATA 	Keypress: o
280.1362 	Level RINSE 	25
282.1323 	DATA 	Keypress: o
289.1274 	Level finished 	25
289.1290 	DATA 	Keypress: o
289.1302 	DATA 	Keypress: o
289.1312 	DATA 	Keypress: o
289.5083 	Level f.jpg at position=left and e.jpg at position=right 	25
289.5096 	DATA 	Keypress: o
291.1287 	DATA 	Keypress: 2
291.1300 	DATA 	Keypress: 2
291.1377 	Level keypress=2 at time= 1.607877 	25
291.1383 	Level injecting via pump at address 1 and a keypress of 2 and image of e.jpg 	25
296.1327 	DATA 	Keypress: o
296.1338 	DATA 	Keypress: o
296.1348 	DATA 	Keypress: o
297.1360 	Level RINSE 	25
299.1336 	DATA 	Keypress: o
304.1274 	Level finished 	25
304.1289 	DATA 	Keypress: o
304.1299 	DATA 	Keypress: o
304.1308 	DATA 	Keypress: o
304.5337 	Level b.jpg at position=right and a.jpg at position=left 	25
306.1285 	DATA 	Keypress: o
306.1295 	DATA 	Keypress: 2
306.1391 	Level keypress=2 at time= 1.587868 	25
306.1395 	Level injecting via pump at address 2 and a keypress of 2 and image of b.jpg 	25
311.1330 	DATA 	Keypress: o
311.1344 	DATA 	Keypress: o
312.1298 	DATA 	Keypress: o
312.1397 	Level RINSE 	25
314.1317 	DATA 	Keypress: o
319.1274 	Level finished 	25
319.1290 	DATA 	Keypress: o
319.1302 	DATA 	Keypress: o
319.5161 	Level d.jpg at position=right and c.jpg at position=left 	25
319.5175 	DATA 	Keypress: o
321.1285 	DATA 	Keypress: 1
321.1407 	Level keypress=1 at time= 1.601735 	25
321.1411 	Level injecting via pump at address 1 and a keypress of 1 and image of c.jpg 	25
326.1317 	DATA 	Keypress: o
326.1328 	DATA 	Keypress: o
326.1339 	DATA 	Keypress: o
327.1414 	Level RINSE 	25
329.1328 	DATA 	Keypress: o
332.1274 	Level finished 	25
332.1290 	DATA 	Keypress: o
332.1302 	DATA 	Keypress: o
332.5166 	Level c.jpg at position=left and d.jpg at position=right 	25
334.1286 	DATA 	Keypress: 2
334.1296 	DATA 	Keypress: o
334.1426 	Level keypress=2 at time= 1.602549 	25
334.1430 	Level injecting via pump at address 2 and a keypress of 2 and image of d.jpg 	25
339.1330 	DATA 	Keypress: o
339.1341 	DATA 	Keypress: o
340.1304 	DATA 	Keypress: o
340.1429 	Level RINSE 	25
342.1327 	DATA 	Keypress: o
346.1274 	Level finished 	25
346.1289 	DATA 	Keypress: o
346.1299 	DATA 	Keypress: o
346.5021 	Level d.jpg at position=left and c.jpg at position=right 	25
348.1286 	DATA 	Keypress: 1
348.1298 	DATA 	Keypress: o
348.1310 	DATA 	Keypress: 1
348.1357 	Level keypress=1 at time= 1.617332 	25
348.1362 	Level injecting via pump at address 2 and a keypress of 1 and image of d.jpg 	25
353.1333 	DATA 	Keypress: o
353.1346 	DATA 	Keypress: o
354.1303 	DATA 	Keypress: o
354.1390 	Level RINSE 	25
356.1318 	DATA 	Keypress: o
361.1274 	Level finished 	25
361.1289 	DATA 	Keypress: o
361.1300 	DATA 	Keypress: o
361.5159 	Level a.jpg at position=left and b.jpg at position=right 	25
361.5172 	DATA 	Keypress: o
363.1285 	DATA 	Keypress: 2
363.1412 	Level keypress=2 at time= 1.599212 	25
363.1417 	Level injecting via pump at address 1 and a keypress of 2 and image of b.jpg 	25
368.1328 	DATA 	Keypress: o
368.1343 	DATA 	Keypress: o
368.1356 	DATA 	Keypress: o
369.1431 	Level RINSE 	25
371.1328 	DATA 	Keypress: o
377.1274 	Level finished 	25
377.1289 	DATA 	Keypress: o
377.1300 	DATA 	Keypress: o
377.1312 	DATA 	Keypress: o
377.5067 	Level e.jpg at position=right and f.jpg at position=left 	25
377.5078 	DATA 	Keypress: o
379.1285 	DATA 	Keypress: 2
379.1415 	Level keypress=2 at time= 1.611538 	25
379.1420 	Level injecting via pump at address 2 and a keypress of 2 and image of e.jpg 	25
384.1331 	DATA 	Keypress: o
384.1343 	DATA 	Keypress: o
384.1353 	DATA 	Keypress: o
385.1318 	Level RINSE 	25
387.1324 	DATA 	Keypress: o
391.1274 	Level finished 	25
391.1291 	DATA 	Keypress: o
391.1304 	DATA 	Keypress: o
391.5127 	Level b.jpg at position=right and a.jpg at position=left 	25
391.5141 	DATA 	Keypress: o
393.1286 	DATA 	Keypress: 1
393.1344 	Level keypress=1 at time= 1.601496 	25
393.1348 	Level injecting via pump at address 1 and a keypress of 1 and image of a.jpg 	25
398.1326 	DATA 	Keypress: o
398.1341 	DATA 	Keypress: o
398.1354 	DATA 	Keypress: o
399.1329 	Level RINSE 	25
401.1324 	DATA 	Keypress: o
407.1274 	Level finished 	25
407.1291 	DATA 	Keypress: o
407.1305 	DATA 	Keypress: o
407.1319 	DATA 	Keypress: o
407.5142 	Level f.jpg at position=right and e.jpg at position=left 	25
407.5156 	DATA 	Keypress: o
409.1287 	DATA 	Keypress: 1
409.1297 	DATA 	Keypress: 1
409.1347 	Level keypress=1 at time= 1.601925 	25
409.1352 	Level injecting via pump at address 1 and a keypress of 1 and image of e.jpg 	25
414.1329 	DATA 	Keypress: o
414.1339 	DATA 	Keypress: o
414.1349 	DATA 	Keypress: o
415.1356 	Level RINSE 	25
417.1318 	DATA 	Keypress: o
421.1274 	Level finished 	25
