70.7264 	DATA 	Keypress: 1
70.7296 	DATA 	Keypress: 1
70.9645 	DATA 	Keypress: 1
156.1717 	DATA 	Keypress: o
156.1722 	Level start key press 	25
156.1722 	Level fixation 0.000001 	25
158.1857 	DATA 	Keypress: o
160.1863 	DATA 	Keypress: o
162.2029 	DATA 	Keypress: o
164.1863 	DATA 	Keypress: o
164.4841 	Level fixation end 0.000001 	25
164.4841 	Level START 	25
164.8873 	Level e.jpg at position=left and f.jpg at position=right 	25
166.4852 	DATA 	Keypress: o
166.5014 	Level Key Press Missed! 	25
171.4894 	DATA 	Keypress: 1
171.4908 	DATA 	Keypress: o
171.4920 	DATA 	Keypress: 1
171.4932 	DATA 	Keypress: o
172.4869 	DATA 	Keypress: o
172.5017 	Level RINSE 	25
174.4896 	DATA 	Keypress: o
179.4841 	Level finished 	25
179.4858 	DATA 	Keypress: o
179.4872 	DATA 	Keypress: o
179.8897 	Level f.jpg at position=left and e.jpg at position=right 	25
181.4857 	DATA 	Keypress: o
181.4871 	DATA 	Keypress: 1
181.5026 	Level keypress=1 at time= 1.567599 	25
181.5031 	Level injecting via pump at address 2 and a keypress of 1 and image of f.jpg 	25
186.4906 	DATA 	Keypress: o
186.4923 	DATA 	Keypress: o
186.4940 	DATA 	Keypress: o
187.5034 	Level RINSE 	25
189.4900 	DATA 	Keypress: o
195.4841 	Level finished 	25
195.4858 	DATA 	Keypress: o
195.4871 	DATA 	Keypress: o
195.4881 	DATA 	Keypress: o
195.8893 	Level e.jpg at position=right and f.jpg at position=left 	25
197.4855 	DATA 	Keypress: o
197.4869 	DATA 	Keypress: 2
197.5045 	Level keypress=2 at time= 1.565469 	25
197.5050 	Level injecting via pump at address 1 and a keypress of 2 and image of e.jpg 	25
202.4900 	DATA 	Keypress: o
202.4916 	DATA 	Keypress: o
202.4928 	DATA 	Keypress: o
203.5053 	Level RINSE 	25
205.4897 	DATA 	Keypress: o
209.4841 	Level finished 	25
209.4859 	DATA 	Keypress: o
209.4872 	DATA 	Keypress: o
209.8890 	Level a.jpg at position=right and b.jpg at position=left 	25
211.4857 	DATA 	Keypress: o
211.5061 	Level Key Press Missed! 	25
216.4903 	DATA 	Keypress: 2
216.4917 	DATA 	Keypress: o
216.4929 	DATA 	Keypress: o
216.4941 	DATA 	Keypress: 2
216.4957 	DATA 	Keypress: o
217.5070 	Level RINSE 	25
219.4903 	DATA 	Keypress: o
222.4841 	Level finished 	25
222.4860 	DATA 	Keypress: o
222.4873 	DATA 	Keypress: o
222.8941 	Level c.jpg at position=left and d.jpg at position=right 	25
224.4856 	DATA 	Keypress: o
224.5077 	Level Key Press Missed! 	25
229.4904 	DATA 	Keypress: 1
229.4917 	DATA 	Keypress: o
229.4927 	DATA 	Keypress: 1
229.4937 	DATA 	Keypress: o
230.4876 	DATA 	Keypress: o
230.5085 	Level RINSE 	25
232.4898 	DATA 	Keypress: o
237.4841 	Level finished 	25
237.4858 	DATA 	Keypress: o
237.4870 	DATA 	Keypress: o
237.8695 	Level d.jpg at position=right and c.jpg at position=left 	25
239.4857 	DATA 	Keypress: o
239.5096 	Level Key Press Missed! 	25
244.4906 	DATA 	Keypress: 2
244.4918 	DATA 	Keypress: o
244.4929 	DATA 	Keypress: o
244.4939 	DATA 	Keypress: o
245.5103 	Level RINSE 	25
247.4886 	DATA 	Keypress: o
251.4841 	Level finished 	25
251.4861 	DATA 	Keypress: o
251.4877 	DATA 	Keypress: o
251.8756 	Level e.jpg at position=left and f.jpg at position=right 	25
253.4855 	DATA 	Keypress: o
253.4945 	Level Key Press Missed! 	25
258.4911 	DATA 	Keypress: o
258.4925 	DATA 	Keypress: 1
258.4938 	DATA 	Keypress: o
258.4949 	DATA 	Keypress: o
259.4954 	Level RINSE 	25
261.4907 	DATA 	Keypress: o
264.4841 	Level finished 	25
264.4857 	DATA 	Keypress: o
264.4869 	DATA 	Keypress: o
264.8700 	Level f.jpg at position=left and e.jpg at position=right 	25
266.4853 	DATA 	Keypress: 2
266.4864 	DATA 	Keypress: o
266.4960 	Level keypress=2 at time= 1.589138 	25
266.4964 	Level injecting via pump at address 1 and a keypress of 2 and image of e.jpg 	25
271.4907 	DATA 	Keypress: o
271.4921 	DATA 	Keypress: o
272.4882 	DATA 	Keypress: o
272.4968 	Level RINSE 	25
274.4900 	DATA 	Keypress: o
279.4841 	Level finished 	25
279.4860 	DATA 	Keypress: o
279.4878 	DATA 	Keypress: o
279.8848 	Level e.jpg at position=right and f.jpg at position=left 	25
281.4853 	DATA 	Keypress: o
281.4977 	Level Key Press Missed! 	25
286.4889 	DATA 	Keypress: 1
286.4900 	DATA 	Keypress: o
286.4909 	DATA 	Keypress: o
286.4919 	DATA 	Keypress: o
287.4987 	Level RINSE 	25
289.4909 	DATA 	Keypress: o
292.4841 	Level finished 	25
292.4860 	DATA 	Keypress: o
292.4876 	DATA 	Keypress: o
292.8911 	Level f.jpg at position=left and e.jpg at position=right 	25
294.4858 	DATA 	Keypress: o
294.4992 	Level Key Press Missed! 	25
299.4913 	DATA 	Keypress: 2
299.4928 	DATA 	Keypress: o
299.4940 	DATA 	Keypress: o
300.4874 	DATA 	Keypress: o
300.5001 	Level RINSE 	25
302.4910 	DATA 	Keypress: o
305.4841 	Level finished 	25
305.4855 	DATA 	Keypress: o
305.8802 	Level b.jpg at position=left and a.jpg at position=right 	25
307.4853 	DATA 	Keypress: o
307.5008 	Level Key Press Missed! 	25
312.4911 	DATA 	Keypress: 2
312.4925 	DATA 	Keypress: o
312.4938 	DATA 	Keypress: o
312.4950 	DATA 	Keypress: o
313.5017 	Level RINSE 	25
315.4912 	DATA 	Keypress: o
320.4841 	Level finished 	25
320.4861 	DATA 	Keypress: o
320.4878 	DATA 	Keypress: o
320.4893 	DATA 	Keypress: o
320.8900 	Level a.jpg at position=left and b.jpg at position=right 	25
322.4852 	DATA 	Keypress: 1
322.4864 	DATA 	Keypress: o
322.5025 	Level keypress=1 at time= 1.565761 	25
322.5029 	Level injecting via pump at address 2 and a keypress of 1 and image of a.jpg 	25
327.4901 	DATA 	Keypress: o
327.4912 	DATA 	Keypress: o
328.4866 	DATA 	Keypress: o
328.5034 	Level RINSE 	25
330.4905 	DATA 	Keypress: o
333.4841 	Level finished 	25
333.4860 	DATA 	Keypress: o
333.8922 	Level b.jpg at position=left and a.jpg at position=right 	25
335.4857 	DATA 	Keypress: o
335.4877 	DATA 	Keypress: 1
335.5042 	Level keypress=1 at time= 1.566736 	25
335.5046 	Level injecting via pump at address 1 and a keypress of 1 and image of b.jpg 	25
340.4909 	DATA 	Keypress: o
340.4927 	DATA 	Keypress: o
340.4940 	DATA 	Keypress: o
341.5049 	Level RINSE 	25
343.4915 	DATA 	Keypress: o
348.4841 	Level finished 	25
348.4857 	DATA 	Keypress: o
348.4868 	DATA 	Keypress: o
348.4879 	DATA 	Keypress: o
348.8658 	Level f.jpg at position=left and e.jpg at position=right 	25
350.4858 	DATA 	Keypress: 1
350.4876 	DATA 	Keypress: o
350.5058 	Level keypress=1 at time= 1.596435 	25
350.5063 	Level injecting via pump at address 2 and a keypress of 1 and image of f.jpg 	25
355.4896 	DATA 	Keypress: o
355.4910 	DATA 	Keypress: o
356.4871 	DATA 	Keypress: o
356.5067 	Level RINSE 	25
358.4893 	DATA 	Keypress: o
361.4841 	Level finished 	25
361.4860 	DATA 	Keypress: o
361.8894 	Level f.jpg at position=left and e.jpg at position=right 	25
363.4856 	DATA 	Keypress: o
363.4874 	DATA 	Keypress: 2
363.5075 	Level keypress=2 at time= 1.563199 	25
363.5079 	Level injecting via pump at address 1 and a keypress of 2 and image of e.jpg 	25
368.4894 	DATA 	Keypress: o
368.4908 	DATA 	Keypress: o
368.4921 	DATA 	Keypress: o
369.5082 	Level RINSE 	25
371.4914 	DATA 	Keypress: o
376.4841 	Level finished 	25
376.4856 	DATA 	Keypress: o
376.4868 	DATA 	Keypress: o
376.4882 	DATA 	Keypress: o
376.8720 	Level e.jpg at position=left and f.jpg at position=right 	25
378.4852 	DATA 	Keypress: 2
378.4862 	DATA 	Keypress: o
378.5092 	Level keypress=2 at time= 1.575717 	25
378.5096 	Level injecting via pump at address 1 and a keypress of 2 and image of f.jpg 	25
383.4906 	DATA 	Keypress: o
383.4922 	DATA 	Keypress: o
384.4880 	DATA 	Keypress: o
384.4932 	Level RINSE 	25
386.4911 	DATA 	Keypress: o
391.4841 	Level finished 	25
391.4863 	DATA 	Keypress: o
391.4881 	DATA 	Keypress: o
391.8916 	Level b.jpg at position=left and a.jpg at position=right 	25
393.4855 	DATA 	Keypress: o
393.4942 	Level Key Press Missed! 	25
398.4892 	DATA 	Keypress: 1
398.4903 	DATA 	Keypress: o
398.4912 	DATA 	Keypress: o
398.4922 	DATA 	Keypress: o
399.5117 	Level RINSE 	25
401.4911 	DATA 	Keypress: o
407.4841 	Level finished 	25
407.4859 	DATA 	Keypress: o
407.4873 	DATA 	Keypress: o
407.4883 	DATA 	Keypress: o
407.8820 	Level b.jpg at position=left and a.jpg at position=right 	25
409.4853 	DATA 	Keypress: o
409.4866 	DATA 	Keypress: 1
409.4961 	Level keypress=1 at time= 1.573594 	25
409.4965 	Level injecting via pump at address 2 and a keypress of 1 and image of b.jpg 	25
414.4908 	DATA 	Keypress: o
414.4921 	DATA 	Keypress: o
414.4934 	DATA 	Keypress: o
415.4969 	Level RINSE 	25
417.4914 	DATA 	Keypress: o
422.4841 	Level finished 	25
422.4857 	DATA 	Keypress: o
422.4869 	DATA 	Keypress: o
422.4882 	DATA 	Keypress: o
422.8876 	Level e.jpg at position=left and f.jpg at position=right 	25
424.4856 	DATA 	Keypress: o
424.5145 	Level Key Press Missed! 	25
429.4895 	DATA 	Keypress: 1
429.4909 	DATA 	Keypress: 1
429.4922 	DATA 	Keypress: o
429.4934 	DATA 	Keypress: o
430.4877 	DATA 	Keypress: o
430.5154 	Level RINSE 	25
432.4912 	DATA 	Keypress: o
437.4841 	Level finished 	25
437.4860 	DATA 	Keypress: o
437.4874 	DATA 	Keypress: o
437.8640 	Level d.jpg at position=right and c.jpg at position=left 	25
439.4852 	DATA 	Keypress: o
439.4862 	DATA 	Keypress: 2
439.5163 	Level keypress=2 at time= 1.602989 	25
439.5167 	Level injecting via pump at address 2 and a keypress of 2 and image of d.jpg 	25
444.4916 	DATA 	Keypress: o
444.4934 	DATA 	Keypress: o
444.4949 	DATA 	Keypress: o
445.5004 	Level RINSE 	25
447.4912 	DATA 	Keypress: o
450.4841 	Level finished 	25
450.4860 	DATA 	Keypress: o
450.4877 	DATA 	Keypress: o
450.8877 	Level f.jpg at position=left and e.jpg at position=right 	25
452.4855 	DATA 	Keypress: 1
452.4870 	DATA 	Keypress: o
452.5178 	Level keypress=1 at time= 1.567354 	25
452.5182 	Level injecting via pump at address 2 and a keypress of 1 and image of f.jpg 	25
457.4896 	DATA 	Keypress: o
457.4913 	DATA 	Keypress: o
458.4865 	DATA 	Keypress: o
458.5186 	Level RINSE 	25
460.4915 	DATA 	Keypress: o
463.4841 	Level finished 	25
463.4861 	DATA 	Keypress: o
463.8749 	Level e.jpg at position=right and f.jpg at position=left 	25
465.4856 	DATA 	Keypress: o
465.4875 	DATA 	Keypress: 1
465.5026 	Level keypress=1 at time= 1.584646 	25
465.5030 	Level injecting via pump at address 2 and a keypress of 1 and image of f.jpg 	25
470.4923 	DATA 	Keypress: o
470.4941 	DATA 	Keypress: o
470.4956 	DATA 	Keypress: o
471.5036 	Level RINSE 	25
473.4911 	DATA 	Keypress: o
477.4841 	Level finished 	25
477.4856 	DATA 	Keypress: o
477.4869 	DATA 	Keypress: o
477.8730 	Level a.jpg at position=left and b.jpg at position=right 	25
479.4852 	DATA 	Keypress: o
479.4862 	DATA 	Keypress: 1
479.5043 	Level keypress=1 at time= 1.598427 	25
479.5047 	Level injecting via pump at address 2 and a keypress of 1 and image of a.jpg 	25
484.4913 	DATA 	Keypress: o
484.4928 	DATA 	Keypress: o
484.4944 	DATA 	Keypress: o
485.5051 	Level RINSE 	25
487.4891 	DATA 	Keypress: o
491.4841 	Level finished 	25
491.4862 	DATA 	Keypress: o
491.4880 	DATA 	Keypress: o
491.8862 	Level e.jpg at position=right and f.jpg at position=left 	25
493.4852 	DATA 	Keypress: o
493.4862 	DATA 	Keypress: 2
493.5059 	Level keypress=2 at time= 1.580080 	25
493.5063 	Level injecting via pump at address 2 and a keypress of 2 and image of e.jpg 	25
498.4896 	DATA 	Keypress: o
498.4909 	DATA 	Keypress: o
498.4921 	DATA 	Keypress: o
499.5068 	Level RINSE 	25
501.4907 	DATA 	Keypress: o
506.4841 	Level finished 	25
506.4863 	DATA 	Keypress: o
506.4880 	DATA 	Keypress: o
506.4896 	DATA 	Keypress: o
506.8885 	Level a.jpg at position=left and b.jpg at position=right 	25
508.4861 	DATA 	Keypress: 1
508.4879 	DATA 	Keypress: o
508.5076 	Level keypress=1 at time= 1.578204 	25
508.5081 	Level injecting via pump at address 1 and a keypress of 1 and image of a.jpg 	25
513.4915 	DATA 	Keypress: o
513.4933 	DATA 	Keypress: o
514.4876 	DATA 	Keypress: o
514.5085 	Level RINSE 	25
516.4884 	DATA 	Keypress: o
520.4841 	Level finished 	25
520.4859 	DATA 	Keypress: o
520.4871 	DATA 	Keypress: o
520.8702 	Level c.jpg at position=right and d.jpg at position=left 	25
522.4857 	DATA 	Keypress: o
522.4875 	DATA 	Keypress: 1
522.5093 	Level keypress=1 at time= 1.577940 	25
522.5097 	Level injecting via pump at address 1 and a keypress of 1 and image of d.jpg 	25
527.4896 	DATA 	Keypress: o
527.4909 	DATA 	Keypress: o
528.4865 	DATA 	Keypress: o
528.4936 	Level RINSE 	25
530.4887 	DATA 	Keypress: o
535.4841 	Level finished 	25
