31.7491 	DATA 	Keypress: o
31.7500 	Level start key press 	25
31.7501 	Level fixation 0.000001 	25
33.7621 	DATA 	Keypress: o
35.7625 	DATA 	Keypress: o
37.7625 	DATA 	Keypress: o
39.7626 	DATA 	Keypress: o
40.1104 	Level fixation end 0.000001 	25
40.1105 	Level START 	25
40.5071 	Level b.jpg at position=right and a.jpg at position=left 	25
42.1119 	DATA 	Keypress: 2
42.1134 	DATA 	Keypress: o
42.1276 	Level keypress=2 at time= 1.584688 	25
42.1281 	Level injecting via pump at address 2 and a keypress of 2 and image of b.jpg 	25
47.1151 	DATA 	Keypress: o
47.1162 	DATA 	Keypress: o
48.1132 	DATA 	Keypress: o
48.1282 	Level RINSE 	25
50.1163 	DATA 	Keypress: o
56.1105 	Level finished 	25
56.1120 	DATA 	Keypress: o
56.1132 	DATA 	Keypress: o
56.1144 	DATA 	Keypress: o
56.4885 	Level e.jpg at position=right and f.jpg at position=left 	25
58.1117 	DATA 	Keypress: 1
58.1131 	DATA 	Keypress: o
58.1292 	Level keypress=1 at time= 1.599006 	25
58.1296 	Level injecting via pump at address 1 and a keypress of 1 and image of f.jpg 	25
63.1156 	DATA 	Keypress: o
63.1166 	DATA 	Keypress: o
64.1130 	DATA 	Keypress: o
64.1301 	Level RINSE 	25
66.1150 	DATA 	Keypress: o
71.1105 	Level finished 	25
71.1120 	DATA 	Keypress: o
71.1133 	DATA 	Keypress: o
71.4910 	Level b.jpg at position=right and a.jpg at position=left 	25
73.1118 	DATA 	Keypress: o
73.1130 	DATA 	Keypress: 2
73.1310 	Level keypress=2 at time= 1.599029 	25
73.1314 	Level injecting via pump at address 2 and a keypress of 2 and image of b.jpg 	25
78.1156 	DATA 	Keypress: o
78.1168 	DATA 	Keypress: o
78.1178 	DATA 	Keypress: o
79.1317 	Level RINSE 	25
81.1152 	DATA 	Keypress: o
86.1105 	Level finished 	25
86.1118 	DATA 	Keypress: o
86.1129 	DATA 	Keypress: o
86.1141 	DATA 	Keypress: o
86.5026 	Level e.jpg at position=right and f.jpg at position=left 	25
88.1120 	DATA 	Keypress: 1
88.1132 	DATA 	Keypress: o
88.1330 	Level keypress=1 at time= 1.579470 	25
88.1335 	Level injecting via pump at address 1 and a keypress of 1 and image of f.jpg 	25
93.1159 	DATA 	Keypress: o
93.1173 	DATA 	Keypress: o
94.1134 	DATA 	Keypress: o
94.1336 	Level RINSE 	25
96.1156 	DATA 	Keypress: o
102.1105 	Level finished 	25
102.1118 	DATA 	Keypress: o
102.1131 	DATA 	Keypress: o
102.1140 	DATA 	Keypress: o
102.4945 	Level e.jpg at position=left and f.jpg at position=right 	25
104.1116 	DATA 	Keypress: o
104.1129 	DATA 	Keypress: 2
104.1346 	Level keypress=2 at time= 1.578075 	25
104.1350 	Level injecting via pump at address 2 and a keypress of 2 and image of f.jpg 	25
109.1164 	DATA 	Keypress: o
109.1178 	DATA 	Keypress: o
110.1130 	DATA 	Keypress: o
110.1355 	Level RINSE 	25
112.1156 	DATA 	Keypress: o
116.1105 	Level finished 	25
116.1118 	DATA 	Keypress: o
116.1128 	DATA 	Keypress: o
116.4896 	Level a.jpg at position=left and b.jpg at position=right 	25
118.1123 	DATA 	Keypress: 2
118.1136 	DATA 	Keypress: o
118.1363 	Level keypress=2 at time= 1.592957 	25
118.1367 	Level injecting via pump at address 2 and a keypress of 2 and image of b.jpg 	25
123.1155 	DATA 	Keypress: o
123.1167 	DATA 	Keypress: o
124.1133 	DATA 	Keypress: o
124.1371 	Level RINSE 	25
126.1158 	DATA 	Keypress: o
131.1105 	Level finished 	25
131.1118 	DATA 	Keypress: o
131.1128 	DATA 	Keypress: o
131.4882 	Level c.jpg at position=right and d.jpg at position=left 	25
133.1116 	DATA 	Keypress: o
133.1126 	DATA 	Keypress: 1
133.1135 	DATA 	Keypress: 1
133.1383 	Level keypress=1 at time= 1.608069 	25
133.1389 	Level injecting via pump at address 2 and a keypress of 1 and image of d.jpg 	25
138.1150 	DATA 	Keypress: o
138.1161 	DATA 	Keypress: o
138.1171 	DATA 	Keypress: o
139.1389 	Level RINSE 	25
141.1167 	DATA 	Keypress: o
146.1105 	Level finished 	25
146.1118 	DATA 	Keypress: o
146.1128 	DATA 	Keypress: o
146.1138 	DATA 	Keypress: o
146.5007 	Level e.jpg at position=left and f.jpg at position=right 	25
148.1116 	DATA 	Keypress: 1
148.1126 	DATA 	Keypress: 1
148.1138 	DATA 	Keypress: o
148.1150 	DATA 	Keypress: 1
148.1397 	Level keypress=1 at time= 1.588289 	25
148.1402 	Level injecting via pump at address 2 and a keypress of 1 and image of e.jpg 	25
153.1154 	DATA 	Keypress: o
153.1164 	DATA 	Keypress: o
154.1134 	DATA 	Keypress: o
154.1239 	Level RINSE 	25
156.1153 	DATA 	Keypress: o
162.1105 	Level finished 	25
162.1118 	DATA 	Keypress: o
162.1128 	DATA 	Keypress: o
162.1140 	DATA 	Keypress: o
162.4917 	Level d.jpg at position=left and c.jpg at position=right 	25
164.1116 	DATA 	Keypress: 1
164.1127 	DATA 	Keypress: 1
164.1137 	DATA 	Keypress: o
164.1416 	Level keypress=1 at time= 1.603434 	25
164.1421 	Level injecting via pump at address 1 and a keypress of 1 and image of d.jpg 	25
169.1171 	DATA 	Keypress: o
169.1186 	DATA 	Keypress: o
170.1130 	DATA 	Keypress: o
170.1257 	Level RINSE 	25
172.1148 	DATA 	Keypress: o
178.1105 	Level finished 	25
178.1119 	DATA 	Keypress: o
178.1129 	DATA 	Keypress: o
178.1141 	DATA 	Keypress: o
178.4972 	Level a.jpg at position=right and b.jpg at position=left 	25
180.1116 	DATA 	Keypress: 2
180.1126 	DATA 	Keypress: o
180.1438 	Level keypress=2 at time= 1.584947 	25
180.1443 	Level injecting via pump at address 1 and a keypress of 2 and image of a.jpg 	25
185.1168 	DATA 	Keypress: o
185.1181 	DATA 	Keypress: o
186.1129 	DATA 	Keypress: o
186.1277 	Level RINSE 	25
188.1161 	DATA 	Keypress: o
191.1105 	Level finished 	25
191.1118 	DATA 	Keypress: o
191.4844 	Level a.jpg at position=right and b.jpg at position=left 	25
193.1116 	DATA 	Keypress: o
193.1126 	DATA 	Keypress: 1
193.1135 	DATA 	Keypress: 1
193.1449 	Level keypress=1 at time= 1.600603 	25
193.1455 	Level injecting via pump at address 2 and a keypress of 1 and image of b.jpg 	25
198.1154 	DATA 	Keypress: o
198.1166 	DATA 	Keypress: o
198.1179 	DATA 	Keypress: o
199.1291 	Level RINSE 	25
201.1156 	DATA 	Keypress: o
206.1105 	Level finished 	25
206.1119 	DATA 	Keypress: o
206.1128 	DATA 	Keypress: o
206.1140 	DATA 	Keypress: o
206.4896 	Level c.jpg at position=left and d.jpg at position=right 	25
208.1116 	DATA 	Keypress: 1
208.1127 	DATA 	Keypress: 1
208.1139 	DATA 	Keypress: o
208.1150 	DATA 	Keypress: 1
208.1468 	Level keypress=1 at time= 1.598328 	25
208.1473 	Level injecting via pump at address 1 and a keypress of 1 and image of c.jpg 	25
213.1151 	DATA 	Keypress: o
213.1162 	DATA 	Keypress: o
214.1129 	DATA 	Keypress: o
214.1309 	Level RINSE 	25
216.1154 	DATA 	Keypress: o
222.1105 	Level finished 	25
222.1121 	DATA 	Keypress: o
222.1135 	DATA 	Keypress: o
222.1147 	DATA 	Keypress: o
222.4884 	Level a.jpg at position=left and b.jpg at position=right 	25
224.1117 	DATA 	Keypress: 2
224.1130 	DATA 	Keypress: o
224.1324 	Level keypress=2 at time= 1.596624 	25
224.1329 	Level injecting via pump at address 1 and a keypress of 2 and image of b.jpg 	25
229.1172 	DATA 	Keypress: o
229.1184 	DATA 	Keypress: o
230.1130 	DATA 	Keypress: o
230.1328 	Level RINSE 	25
232.1153 	DATA 	Keypress: o
236.1105 	Level finished 	25
236.1119 	DATA 	Keypress: o
236.1129 	DATA 	Keypress: o
236.4886 	Level a.jpg at position=right and b.jpg at position=left 	25
238.1117 	DATA 	Keypress: 1
238.1130 	DATA 	Keypress: 1
238.1142 	DATA 	Keypress: 1
238.1154 	DATA 	Keypress: o
238.1337 	Level keypress=1 at time= 1.594559 	25
238.1342 	Level injecting via pump at address 2 and a keypress of 1 and image of b.jpg 	25
243.1161 	DATA 	Keypress: o
243.1175 	DATA 	Keypress: o
244.1129 	DATA 	Keypress: o
244.1344 	Level RINSE 	25
246.1168 	DATA 	Keypress: o
250.1105 	Level finished 	25
250.1119 	DATA 	Keypress: o
250.1129 	DATA 	Keypress: o
250.4812 	Level d.jpg at position=right and c.jpg at position=left 	25
252.1117 	DATA 	Keypress: 2
252.1128 	DATA 	Keypress: o
252.1353 	Level keypress=2 at time= 1.610006 	25
252.1358 	Level injecting via pump at address 2 and a keypress of 2 and image of d.jpg 	25
257.1153 	DATA 	Keypress: o
257.1164 	DATA 	Keypress: o
258.1130 	DATA 	Keypress: o
258.1361 	Level RINSE 	25
260.1155 	DATA 	Keypress: o
264.1105 	Level finished 	25
264.1121 	DATA 	Keypress: o
264.1131 	DATA 	Keypress: o
264.4913 	Level a.jpg at position=right and b.jpg at position=left 	25
266.1116 	DATA 	Keypress: 2
266.1126 	DATA 	Keypress: o
266.1369 	Level keypress=2 at time= 1.591549 	25
266.1381 	Level injecting via pump at address 2 and a keypress of 2 and image of a.jpg 	25
271.1155 	DATA 	Keypress: o
271.1167 	DATA 	Keypress: o
272.1132 	DATA 	Keypress: o
272.1210 	Level RINSE 	25
274.1157 	DATA 	Keypress: o
277.1105 	Level finished 	25
277.1119 	DATA 	Keypress: o
277.4975 	Level a.jpg at position=left and b.jpg at position=right 	25
279.1116 	DATA 	Keypress: o
279.1129 	DATA 	Keypress: 2
279.1384 	Level keypress=2 at time= 1.591329 	25
279.1389 	Level injecting via pump at address 1 and a keypress of 2 and image of b.jpg 	25
284.1171 	DATA 	Keypress: o
284.1190 	DATA 	Keypress: o
284.1204 	DATA 	Keypress: o
285.1225 	Level RINSE 	25
287.1155 	DATA 	Keypress: o
292.1105 	Level finished 	25
292.1120 	DATA 	Keypress: o
292.1132 	DATA 	Keypress: o
292.1141 	DATA 	Keypress: o
292.4906 	Level b.jpg at position=right and a.jpg at position=left 	25
294.1116 	DATA 	Keypress: 1
294.1126 	DATA 	Keypress: o
294.1239 	Level keypress=1 at time= 1.588149 	25
294.1244 	Level injecting via pump at address 2 and a keypress of 1 and image of a.jpg 	25
299.1163 	DATA 	Keypress: o
299.1178 	DATA 	Keypress: o
300.1133 	DATA 	Keypress: o
300.1243 	Level RINSE 	25
302.1149 	DATA 	Keypress: o
307.1105 	Level finished 	25
307.1123 	DATA 	Keypress: o
307.1136 	DATA 	Keypress: o
307.4965 	Level f.jpg at position=left and e.jpg at position=right 	25
309.1117 	DATA 	Keypress: o
309.1130 	DATA 	Keypress: 2
309.1252 	Level keypress=2 at time= 1.587529 	25
309.1256 	Level injecting via pump at address 2 and a keypress of 2 and image of e.jpg 	25
314.1160 	DATA 	Keypress: o
314.1170 	DATA 	Keypress: o
314.1182 	DATA 	Keypress: o
315.1261 	Level RINSE 	25
317.1149 	DATA 	Keypress: o
321.1105 	Level finished 	25
321.1121 	DATA 	Keypress: o
321.1131 	DATA 	Keypress: o
321.4994 	Level b.jpg at position=right and a.jpg at position=left 	25
323.1116 	DATA 	Keypress: o
323.1126 	DATA 	Keypress: 2
323.1268 	Level keypress=2 at time= 1.585798 	25
323.1273 	Level injecting via pump at address 2 and a keypress of 2 and image of b.jpg 	25
328.1164 	DATA 	Keypress: o
328.1176 	DATA 	Keypress: o
328.1188 	DATA 	Keypress: o
329.1277 	Level RINSE 	25
331.1149 	DATA 	Keypress: o
335.1105 	Level finished 	25
335.1122 	DATA 	Keypress: o
335.1135 	DATA 	Keypress: o
335.4850 	Level f.jpg at position=left and e.jpg at position=right 	25
337.1122 	DATA 	Keypress: o
337.1138 	DATA 	Keypress: 2
337.1285 	Level keypress=2 at time= 1.602128 	25
337.1289 	Level injecting via pump at address 2 and a keypress of 2 and image of e.jpg 	25
342.1159 	DATA 	Keypress: o
342.1173 	DATA 	Keypress: o
342.1185 	DATA 	Keypress: o
343.1293 	Level RINSE 	25
345.1158 	DATA 	Keypress: o
351.1105 	Level finished 	25
351.1124 	DATA 	Keypress: o
351.1138 	DATA 	Keypress: o
351.1151 	DATA 	Keypress: o
351.5075 	Level b.jpg at position=right and a.jpg at position=left 	25
353.1117 	DATA 	Keypress: o
353.1132 	DATA 	Keypress: 2
353.1308 	Level keypress=2 at time= 1.582930 	25
353.1313 	Level injecting via pump at address 1 and a keypress of 2 and image of b.jpg 	25
358.1160 	DATA 	Keypress: o
358.1173 	DATA 	Keypress: o
358.1185 	DATA 	Keypress: o
359.1312 	Level RINSE 	25
361.1152 	DATA 	Keypress: o
365.1105 	Level finished 	25
365.1121 	DATA 	Keypress: o
365.1131 	DATA 	Keypress: o
365.4926 	Level f.jpg at position=left and e.jpg at position=right 	25
367.1117 	DATA 	Keypress: o
367.1130 	DATA 	Keypress: 2
367.1320 	Level keypress=2 at time= 1.597438 	25
367.1325 	Level injecting via pump at address 1 and a keypress of 2 and image of e.jpg 	25
372.1158 	DATA 	Keypress: o
372.1170 	DATA 	Keypress: o
372.1184 	DATA 	Keypress: o
373.1329 	Level RINSE 	25
375.1151 	DATA 	Keypress: o
380.1105 	Level finished 	25
380.1121 	DATA 	Keypress: o
380.1133 	DATA 	Keypress: o
380.1144 	DATA 	Keypress: o
380.4951 	Level e.jpg at position=right and f.jpg at position=left 	25
382.1116 	DATA 	Keypress: 1
382.1126 	DATA 	Keypress: o
382.1135 	DATA 	Keypress: 1
382.1338 	Level keypress=1 at time= 1.594722 	25
382.1342 	Level injecting via pump at address 1 and a keypress of 1 and image of f.jpg 	25
387.1156 	DATA 	Keypress: o
387.1167 	DATA 	Keypress: o
388.1132 	DATA 	Keypress: o
388.1346 	Level RINSE 	25
390.1156 	DATA 	Keypress: o
394.1105 	Level finished 	25
394.1121 	DATA 	Keypress: o
394.1133 	DATA 	Keypress: o
394.4810 	Level c.jpg at position=right and d.jpg at position=left 	25
396.1116 	DATA 	Keypress: 2
396.1127 	DATA 	Keypress: o
396.1188 	Level keypress=2 at time= 1.609637 	25
396.1193 	Level injecting via pump at address 2 and a keypress of 2 and image of c.jpg 	25
401.1155 	DATA 	Keypress: o
401.1168 	DATA 	Keypress: o
402.1135 	DATA 	Keypress: o
402.1363 	Level RINSE 	25
404.1151 	DATA 	Keypress: o
410.1105 	Level finished 	25
410.1123 	DATA 	Keypress: o
410.1136 	DATA 	Keypress: o
410.1146 	DATA 	Keypress: o
410.4815 	Level d.jpg at position=right and c.jpg at position=left 	25
412.1117 	DATA 	Keypress: o
412.1210 	Level Key Press Missed! 	25
417.1154 	DATA 	Keypress: 2
417.1167 	DATA 	Keypress: o
417.1179 	DATA 	Keypress: o
418.1131 	DATA 	Keypress: o
418.1216 	Level RINSE 	25
420.1155 	DATA 	Keypress: o
427.1105 	Level finished 	25
