101.3526 	DATA 	Keypress: o
101.3534 	Level start key press 	25
101.3534 	Level fixation 0.000001 	25
102.7515 	DATA 	Keypress: 2
103.3682 	DATA 	Keypress: o
105.3519 	DATA 	Keypress: o
107.3523 	DATA 	Keypress: o
109.3524 	DATA 	Keypress: o
109.7833 	Level fixation end 0.000001 	25
109.7834 	Level START 	25
110.1815 	Level d.jpg at position=left and c.jpg at position=right 	25
111.7845 	DATA 	Keypress: o
111.8008 	Level Key Press Missed! 	25
116.7884 	DATA 	Keypress: 2
116.7894 	DATA 	Keypress: o
116.7904 	DATA 	Keypress: o
117.7866 	DATA 	Keypress: o
117.8010 	Level RINSE 	25
119.7902 	DATA 	Keypress: o
124.7834 	Level finished 	25
124.7848 	DATA 	Keypress: o
124.7861 	DATA 	Keypress: o
125.1723 	Level e.jpg at position=right and f.jpg at position=left 	25
126.7845 	DATA 	Keypress: o
126.7856 	DATA 	Keypress: 2
126.8021 	Level keypress=2 at time= 1.583338 	25
126.8026 	Level injecting via pump at address 2 and a keypress of 2 and image of e.jpg 	25
131.7896 	DATA 	Keypress: o
131.7912 	DATA 	Keypress: o
131.7926 	DATA 	Keypress: o
132.7861 	Level RINSE 	25
134.7885 	DATA 	Keypress: o
140.7834 	Level finished 	25
140.7848 	DATA 	Keypress: o
140.7858 	DATA 	Keypress: o
140.7867 	DATA 	Keypress: o
141.1496 	Level d.jpg at position=right and c.jpg at position=left 	25
142.7847 	DATA 	Keypress: o
142.7859 	DATA 	Keypress: 1
142.8040 	Level keypress=1 at time= 1.615121 	25
142.8044 	Level injecting via pump at address 1 and a keypress of 1 and image of c.jpg 	25
147.7887 	DATA 	Keypress: o
147.7898 	DATA 	Keypress: o
147.7909 	DATA 	Keypress: o
148.8048 	Level RINSE 	25
150.7883 	DATA 	Keypress: o
154.7834 	Level finished 	25
154.7848 	DATA 	Keypress: o
154.7860 	DATA 	Keypress: o
155.1446 	Level c.jpg at position=left and d.jpg at position=right 	25
156.7845 	DATA 	Keypress: o
156.7855 	DATA 	Keypress: 1
156.8056 	Level keypress=1 at time= 1.613153 	25
156.8061 	Level injecting via pump at address 2 and a keypress of 1 and image of c.jpg 	25
161.7883 	DATA 	Keypress: o
161.7895 	DATA 	Keypress: o
161.7906 	DATA 	Keypress: o
162.8064 	Level RINSE 	25
164.7887 	DATA 	Keypress: o
167.7834 	Level finished 	25
167.7847 	DATA 	Keypress: o
167.7859 	DATA 	Keypress: o
168.1674 	Level b.jpg at position=right and a.jpg at position=left 	25
169.7845 	DATA 	Keypress: o
169.7855 	DATA 	Keypress: 2
169.8071 	Level keypress=2 at time= 1.594970 	25
169.8075 	Level injecting via pump at address 2 and a keypress of 2 and image of b.jpg 	25
174.7891 	DATA 	Keypress: o
174.7905 	DATA 	Keypress: o
175.7858 	DATA 	Keypress: o
175.8078 	Level RINSE 	25
177.7881 	DATA 	Keypress: o
182.7834 	Level finished 	25
182.7848 	DATA 	Keypress: o
182.7857 	DATA 	Keypress: o
183.1579 	Level b.jpg at position=left and a.jpg at position=right 	25
184.7847 	DATA 	Keypress: o
184.7862 	DATA 	Keypress: 1
184.8089 	Level keypress=1 at time= 1.610539 	25
184.8093 	Level injecting via pump at address 2 and a keypress of 1 and image of b.jpg 	25
189.7885 	DATA 	Keypress: o
189.7896 	DATA 	Keypress: o
189.7906 	DATA 	Keypress: o
190.8097 	Level RINSE 	25
192.7884 	DATA 	Keypress: o
196.7834 	Level finished 	25
196.7848 	DATA 	Keypress: o
196.7860 	DATA 	Keypress: o
197.1565 	Level b.jpg at position=right and a.jpg at position=left 	25
198.7845 	DATA 	Keypress: o
198.7855 	DATA 	Keypress: 2
198.7937 	Level keypress=2 at time= 1.608205 	25
198.7942 	Level injecting via pump at address 2 and a keypress of 2 and image of b.jpg 	25
203.7883 	DATA 	Keypress: o
203.7894 	DATA 	Keypress: o
203.7904 	DATA 	Keypress: o
204.7946 	Level RINSE 	25
206.7888 	DATA 	Keypress: o
209.7834 	Level finished 	25
209.7847 	DATA 	Keypress: o
209.7859 	DATA 	Keypress: o
210.1604 	Level f.jpg at position=left and e.jpg at position=right 	25
211.7845 	DATA 	Keypress: o
211.7855 	DATA 	Keypress: 1
211.7952 	Level keypress=1 at time= 1.590000 	25
211.7957 	Level injecting via pump at address 1 and a keypress of 1 and image of f.jpg 	25
216.7893 	DATA 	Keypress: o
216.7907 	DATA 	Keypress: o
217.7860 	DATA 	Keypress: o
217.7961 	Level RINSE 	25
219.7891 	DATA 	Keypress: o
224.7834 	Level finished 	25
224.7848 	DATA 	Keypress: o
224.7858 	DATA 	Keypress: o
225.1681 	Level f.jpg at position=left and e.jpg at position=right 	25
226.7846 	DATA 	Keypress: o
226.7858 	DATA 	Keypress: 1
226.7970 	Level keypress=1 at time= 1.588547 	25
226.7974 	Level injecting via pump at address 2 and a keypress of 1 and image of f.jpg 	25
231.7889 	DATA 	Keypress: 1
231.7901 	DATA 	Keypress: o
231.7911 	DATA 	Keypress: o
231.7920 	DATA 	Keypress: o
232.7978 	Level RINSE 	25
234.7886 	DATA 	Keypress: o
237.7834 	Level finished 	25
237.7847 	DATA 	Keypress: o
237.7859 	DATA 	Keypress: o
238.1668 	Level c.jpg at position=right and d.jpg at position=left 	25
239.7846 	DATA 	Keypress: 1
239.7859 	DATA 	Keypress: o
239.7986 	Level keypress=1 at time= 1.585776 	25
239.7990 	Level injecting via pump at address 1 and a keypress of 1 and image of d.jpg 	25
244.7882 	DATA 	Keypress: o
244.7893 	DATA 	Keypress: o
245.7858 	DATA 	Keypress: o
245.7994 	Level RINSE 	25
247.7884 	DATA 	Keypress: o
250.7834 	Level finished 	25
250.7849 	DATA 	Keypress: o
251.1576 	Level a.jpg at position=right and b.jpg at position=left 	25
252.7845 	DATA 	Keypress: o
252.7857 	DATA 	Keypress: 1
252.8001 	Level keypress=1 at time= 1.602178 	25
252.8006 	Level injecting via pump at address 1 and a keypress of 1 and image of b.jpg 	25
257.7887 	DATA 	Keypress: o
257.7902 	DATA 	Keypress: o
257.7914 	DATA 	Keypress: o
258.8009 	Level RINSE 	25
260.7891 	DATA 	Keypress: o
265.7834 	Level finished 	25
265.7849 	DATA 	Keypress: o
265.7862 	DATA 	Keypress: o
265.7873 	DATA 	Keypress: o
266.1522 	Level c.jpg at position=left and d.jpg at position=right 	25
267.7845 	DATA 	Keypress: 1
267.7855 	DATA 	Keypress: o
267.8018 	Level keypress=1 at time= 1.599103 	25
267.8022 	Level injecting via pump at address 2 and a keypress of 1 and image of c.jpg 	25
272.7897 	DATA 	Keypress: o
272.7911 	DATA 	Keypress: o
273.7864 	DATA 	Keypress: o
273.8026 	Level RINSE 	25
275.7883 	DATA 	Keypress: o
278.7834 	Level finished 	25
278.7847 	DATA 	Keypress: o
279.1561 	Level a.jpg at position=left and b.jpg at position=right 	25
280.7845 	DATA 	Keypress: o
280.7855 	DATA 	Keypress: 2
280.8034 	Level keypress=2 at time= 1.598622 	25
280.8039 	Level injecting via pump at address 2 and a keypress of 2 and image of b.jpg 	25
285.7889 	DATA 	Keypress: o
285.7902 	DATA 	Keypress: o
285.7913 	DATA 	Keypress: o
286.8042 	Level RINSE 	25
288.7882 	DATA 	Keypress: o
293.7834 	Level finished 	25
293.7847 	DATA 	Keypress: o
293.7857 	DATA 	Keypress: o
293.7868 	DATA 	Keypress: o
294.1608 	Level d.jpg at position=left and c.jpg at position=right 	25
295.7846 	DATA 	Keypress: 1
295.7858 	DATA 	Keypress: o
295.8052 	Level keypress=1 at time= 1.596021 	25
295.8056 	Level injecting via pump at address 2 and a keypress of 1 and image of d.jpg 	25
300.7885 	DATA 	Keypress: o
300.7896 	DATA 	Keypress: o
301.7859 	DATA 	Keypress: o
301.8060 	Level RINSE 	25
303.7880 	DATA 	Keypress: o
306.7834 	Level finished 	25
306.7851 	DATA 	Keypress: o
307.1684 	Level d.jpg at position=right and c.jpg at position=left 	25
308.7846 	DATA 	Keypress: o
308.7859 	DATA 	Keypress: 1
308.8066 	Level keypress=1 at time= 1.579079 	25
308.8071 	Level injecting via pump at address 1 and a keypress of 1 and image of c.jpg 	25
313.7888 	DATA 	Keypress: 1
313.7901 	DATA 	Keypress: o
313.7912 	DATA 	Keypress: o
313.7924 	DATA 	Keypress: o
314.8075 	Level RINSE 	25
316.7889 	DATA 	Keypress: o
321.7834 	Level finished 	25
321.7850 	DATA 	Keypress: o
321.7862 	DATA 	Keypress: o
321.7872 	DATA 	Keypress: o
322.1646 	Level e.jpg at position=left and f.jpg at position=right 	25
323.7845 	DATA 	Keypress: o
323.7856 	DATA 	Keypress: 1
323.8084 	Level keypress=1 at time= 1.593644 	25
323.8089 	Level injecting via pump at address 2 and a keypress of 1 and image of e.jpg 	25
328.7893 	DATA 	Keypress: o
328.7907 	DATA 	Keypress: o
329.7861 	DATA 	Keypress: o
329.7925 	Level RINSE 	25
331.7882 	DATA 	Keypress: o
336.7834 	Level finished 	25
336.7848 	DATA 	Keypress: o
336.7858 	DATA 	Keypress: o
337.1533 	Level c.jpg at position=left and d.jpg at position=right 	25
338.7845 	DATA 	Keypress: o
338.7855 	DATA 	Keypress: 1
338.7934 	Level keypress=1 at time= 1.608634 	25
338.7938 	Level injecting via pump at address 1 and a keypress of 1 and image of c.jpg 	25
343.7888 	DATA 	Keypress: o
343.7901 	DATA 	Keypress: o
343.7914 	DATA 	Keypress: o
344.8109 	Level RINSE 	25
346.7883 	DATA 	Keypress: o
352.7834 	Level finished 	25
352.7852 	DATA 	Keypress: o
352.7866 	DATA 	Keypress: o
352.7880 	DATA 	Keypress: o
353.1540 	Level c.jpg at position=right and d.jpg at position=left 	25
354.7846 	DATA 	Keypress: o
354.7859 	DATA 	Keypress: 2
354.7953 	Level keypress=2 at time= 1.607140 	25
354.7957 	Level injecting via pump at address 2 and a keypress of 2 and image of c.jpg 	25
359.7885 	DATA 	Keypress: o
359.7895 	DATA 	Keypress: o
359.7904 	DATA 	Keypress: o
360.7961 	Level RINSE 	25
362.7889 	DATA 	Keypress: o
367.7834 	Level finished 	25
367.7849 	DATA 	Keypress: o
367.7859 	DATA 	Keypress: o
367.7868 	DATA 	Keypress: o
368.1560 	Level b.jpg at position=right and a.jpg at position=left 	25
369.7847 	DATA 	Keypress: 1
369.7859 	DATA 	Keypress: o
369.8138 	Level keypress=1 at time= 1.604071 	25
369.8142 	Level injecting via pump at address 1 and a keypress of 1 and image of a.jpg 	25
374.7889 	DATA 	Keypress: o
374.7901 	DATA 	Keypress: o
375.7858 	DATA 	Keypress: o
375.8145 	Level RINSE 	25
377.7886 	DATA 	Keypress: o
382.7834 	Level finished 	25
382.7848 	DATA 	Keypress: o
382.7858 	DATA 	Keypress: o
383.1542 	Level b.jpg at position=right and a.jpg at position=left 	25
384.7849 	DATA 	Keypress: o
384.7865 	DATA 	Keypress: 2
384.8155 	Level keypress=2 at time= 1.604168 	25
384.8160 	Level injecting via pump at address 1 and a keypress of 2 and image of b.jpg 	25
389.7893 	DATA 	Keypress: o
389.7908 	DATA 	Keypress: o
389.7919 	DATA 	Keypress: o
390.7996 	Level RINSE 	25
392.7884 	DATA 	Keypress: o
395.7834 	Level finished 	25
395.7855 	DATA 	Keypress: o
395.7870 	DATA 	Keypress: o
396.1590 	Level b.jpg at position=left and a.jpg at position=right 	25
397.7847 	DATA 	Keypress: 1
397.7861 	DATA 	Keypress: o
397.8170 	Level keypress=1 at time= 1.601015 	25
397.8175 	Level injecting via pump at address 2 and a keypress of 1 and image of b.jpg 	25
402.7881 	DATA 	Keypress: o
402.7893 	DATA 	Keypress: o
403.7860 	DATA 	Keypress: o
403.8178 	Level RINSE 	25
405.7898 	DATA 	Keypress: o
408.7834 	Level finished 	25
408.7850 	DATA 	Keypress: o
409.1525 	Level f.jpg at position=left and e.jpg at position=right 	25
410.7845 	DATA 	Keypress: o
410.7858 	DATA 	Keypress: 1
410.8018 	Level keypress=1 at time= 1.600476 	25
410.8022 	Level injecting via pump at address 2 and a keypress of 1 and image of f.jpg 	25
415.7884 	DATA 	Keypress: o
415.7895 	DATA 	Keypress: o
415.7905 	DATA 	Keypress: o
416.8026 	Level RINSE 	25
418.7894 	DATA 	Keypress: o
422.7834 	Level finished 	25
422.7851 	DATA 	Keypress: o
422.7863 	DATA 	Keypress: o
423.1716 	Level e.jpg at position=right and f.jpg at position=left 	25
424.7845 	DATA 	Keypress: o
424.7855 	DATA 	Keypress: 2
424.8035 	Level keypress=2 at time= 1.598477 	25
424.8039 	Level injecting via pump at address 2 and a keypress of 2 and image of e.jpg 	25
429.7905 	DATA 	Keypress: o
429.7919 	DATA 	Keypress: o
429.7931 	DATA 	Keypress: o
430.8043 	Level RINSE 	25
432.7888 	DATA 	Keypress: o
436.7834 	Level finished 	25
436.7850 	DATA 	Keypress: o
436.7861 	DATA 	Keypress: o
437.1651 	Level b.jpg at position=right and a.jpg at position=left 	25
438.7845 	DATA 	Keypress: o
438.7855 	DATA 	Keypress: 1
438.8051 	Level keypress=1 at time= 1.596928 	25
438.8055 	Level injecting via pump at address 1 and a keypress of 1 and image of a.jpg 	25
443.7889 	DATA 	Keypress: o
443.7902 	DATA 	Keypress: o
443.7911 	DATA 	Keypress: o
444.8059 	Level RINSE 	25
446.7883 	DATA 	Keypress: o
451.7834 	Level finished 	25
451.7851 	DATA 	Keypress: o
451.7862 	DATA 	Keypress: o
451.7872 	DATA 	Keypress: o
452.1626 	Level e.jpg at position=right and f.jpg at position=left 	25
453.7848 	DATA 	Keypress: 2
453.7861 	DATA 	Keypress: o
453.8069 	Level keypress=2 at time= 1.594392 	25
453.8073 	Level injecting via pump at address 2 and a keypress of 2 and image of e.jpg 	25
458.7886 	DATA 	Keypress: o
458.7895 	DATA 	Keypress: o
459.7860 	DATA 	Keypress: o
459.8077 	Level RINSE 	25
461.7885 	DATA 	Keypress: o
465.7834 	Level finished 	25
465.7850 	DATA 	Keypress: o
465.7863 	DATA 	Keypress: o
466.1627 	Level b.jpg at position=right and a.jpg at position=left 	25
467.7845 	DATA 	Keypress: 1
467.7855 	DATA 	Keypress: 1
467.7866 	DATA 	Keypress: o
467.8084 	Level keypress=1 at time= 1.592498 	25
467.8089 	Level injecting via pump at address 1 and a keypress of 1 and image of a.jpg 	25
472.7889 	DATA 	Keypress: o
472.7904 	DATA 	Keypress: o
473.7862 	DATA 	Keypress: o
473.7926 	Level RINSE 	25
475.7894 	DATA 	Keypress: o
480.7834 	Level finished 	25
