59.0353 	DATA 	Keypress: o
59.0361 	Level start key press 	25
59.0361 	Level fixation 0.000001 	25
61.0355 	DATA 	Keypress: o
63.0471 	DATA 	Keypress: o
65.0478 	DATA 	Keypress: o
67.0467 	DATA 	Keypress: o
67.8274 	Level fixation end 0.000001 	25
67.8277 	Level START 	25
68.2382 	Level d.jpg at position=right and c.jpg at position=left 	25
69.8291 	DATA 	Keypress: o
69.8304 	DATA 	Keypress: 2
69.8375 	Level keypress=2 at time= 1.570266 	25
69.8380 	Level injecting via pump at address 2 and a keypress of 2 and image of d.jpg 	25
74.8333 	DATA 	Keypress: o
74.8345 	DATA 	Keypress: o
75.8307 	DATA 	Keypress: o
75.8545 	Level RINSE 	25
77.8330 	DATA 	Keypress: o
83.8277 	Level finished 	25
83.8296 	DATA 	Keypress: o
83.8308 	DATA 	Keypress: o
83.8317 	DATA 	Keypress: o
84.2231 	Level f.jpg at position=right and e.jpg at position=left 	25
85.8291 	DATA 	Keypress: o
85.8305 	DATA 	Keypress: 2
85.8524 	Level keypress=2 at time= 1.586707 	25
85.8528 	Level injecting via pump at address 2 and a keypress of 2 and image of f.jpg 	25
90.8339 	DATA 	Keypress: o
90.8355 	DATA 	Keypress: o
91.8307 	DATA 	Keypress: o
91.8375 	Level RINSE 	25
93.8332 	DATA 	Keypress: o
98.8277 	Level finished 	25
98.8293 	DATA 	Keypress: o
98.8303 	DATA 	Keypress: o
99.2209 	Level d.jpg at position=left and c.jpg at position=right 	25
99.2222 	DATA 	Keypress: o
100.8291 	DATA 	Keypress: 1
100.8393 	Level keypress=1 at time= 1.598093 	25
100.8397 	Level injecting via pump at address 2 and a keypress of 1 and image of d.jpg 	25
105.8338 	DATA 	Keypress: o
105.8349 	DATA 	Keypress: o
105.8358 	DATA 	Keypress: o
106.8411 	Level RINSE 	25
108.8336 	DATA 	Keypress: o
112.8277 	Level finished 	25
112.8293 	DATA 	Keypress: o
112.8306 	DATA 	Keypress: o
113.2267 	Level a.jpg at position=right and b.jpg at position=left 	25
113.2282 	DATA 	Keypress: o
114.8292 	DATA 	Keypress: 2
114.8475 	Level keypress=2 at time= 1.587844 	25
114.8479 	Level injecting via pump at address 2 and a keypress of 2 and image of a.jpg 	25
119.8335 	DATA 	Keypress: o
119.8349 	DATA 	Keypress: o
119.8361 	DATA 	Keypress: o
120.8345 	Level RINSE 	25
122.8332 	DATA 	Keypress: o
126.8277 	Level finished 	25
126.8293 	DATA 	Keypress: o
126.8306 	DATA 	Keypress: o
127.2294 	Level a.jpg at position=left and b.jpg at position=right 	25
127.2309 	DATA 	Keypress: o
128.8291 	DATA 	Keypress: 1
128.8424 	Level keypress=1 at time= 1.578339 	25
128.8429 	Level injecting via pump at address 1 and a keypress of 1 and image of a.jpg 	25
133.8331 	DATA 	Keypress: o
133.8344 	DATA 	Keypress: o
133.8356 	DATA 	Keypress: o
134.8435 	Level RINSE 	25
136.8341 	DATA 	Keypress: o
141.8277 	Level finished 	25
141.8291 	DATA 	Keypress: o
141.8302 	DATA 	Keypress: o
141.8312 	DATA 	Keypress: o
142.2124 	Level d.jpg at position=right and c.jpg at position=left 	25
143.8292 	DATA 	Keypress: o
143.8305 	DATA 	Keypress: 1
143.8467 	Level keypress=1 at time= 1.608820 	25
143.8473 	Level injecting via pump at address 1 and a keypress of 1 and image of c.jpg 	25
148.8335 	DATA 	Keypress: o
148.8348 	DATA 	Keypress: o
149.8308 	DATA 	Keypress: o
149.8487 	Level RINSE 	25
151.8335 	DATA 	Keypress: o
157.8277 	Level finished 	25
157.8293 	DATA 	Keypress: o
157.8303 	DATA 	Keypress: o
157.8316 	DATA 	Keypress: o
158.2208 	Level d.jpg at position=right and c.jpg at position=left 	25
159.8289 	DATA 	Keypress: o
159.8299 	DATA 	Keypress: 2
159.8457 	Level keypress=2 at time= 1.596098 	25
159.8461 	Level injecting via pump at address 1 and a keypress of 2 and image of d.jpg 	25
164.8333 	DATA 	Keypress: o
164.8345 	DATA 	Keypress: o
165.8307 	DATA 	Keypress: o
165.8475 	Level RINSE 	25
167.8335 	DATA 	Keypress: o
171.8277 	Level finished 	25
171.8293 	DATA 	Keypress: o
171.8307 	DATA 	Keypress: o
172.2196 	Level d.jpg at position=right and c.jpg at position=left 	25
173.8290 	DATA 	Keypress: 2
173.8302 	DATA 	Keypress: o
173.8383 	Level keypress=2 at time= 1.598956 	25
173.8387 	Level injecting via pump at address 2 and a keypress of 2 and image of d.jpg 	25
178.8333 	DATA 	Keypress: o
178.8347 	DATA 	Keypress: o
179.8306 	DATA 	Keypress: o
179.8404 	Level RINSE 	25
181.8336 	DATA 	Keypress: o
187.8277 	Level finished 	25
187.8293 	DATA 	Keypress: o
187.8307 	DATA 	Keypress: o
187.8318 	DATA 	Keypress: o
188.2247 	Level b.jpg at position=left and a.jpg at position=right 	25
189.8290 	DATA 	Keypress: o
189.8361 	Level Key Press Missed! 	25
194.8335 	DATA 	Keypress: o
194.8349 	DATA 	Keypress: o
195.8306 	DATA 	Keypress: o
195.8390 	Level RINSE 	25
197.8332 	DATA 	Keypress: o
202.8277 	Level finished 	25
202.8291 	DATA 	Keypress: o
202.8302 	DATA 	Keypress: o
203.2200 	Level a.jpg at position=left and b.jpg at position=right 	25
203.2214 	DATA 	Keypress: o
204.8289 	DATA 	Keypress: 2
204.8419 	Level keypress=2 at time= 1.595193 	25
204.8424 	Level injecting via pump at address 1 and a keypress of 2 and image of b.jpg 	25
209.8334 	DATA 	Keypress: o
209.8346 	DATA 	Keypress: o
209.8357 	DATA 	Keypress: o
210.8375 	Level RINSE 	25
212.8344 	DATA 	Keypress: o
217.8277 	Level finished 	25
217.8294 	DATA 	Keypress: o
217.8307 	DATA 	Keypress: o
217.8320 	DATA 	Keypress: o
218.2160 	Level c.jpg at position=left and d.jpg at position=right 	25
219.8290 	DATA 	Keypress: 2
219.8303 	DATA 	Keypress: o
219.8455 	Level keypress=2 at time= 1.591814 	25
219.8460 	Level injecting via pump at address 1 and a keypress of 2 and image of d.jpg 	25
224.8334 	DATA 	Keypress: o
224.8347 	DATA 	Keypress: o
225.8307 	DATA 	Keypress: o
225.8376 	Level RINSE 	25
227.8332 	DATA 	Keypress: o
232.8277 	Level finished 	25
232.8296 	DATA 	Keypress: o
232.8312 	DATA 	Keypress: o
233.2205 	Level e.jpg at position=right and f.jpg at position=left 	25
233.2223 	DATA 	Keypress: o
234.8291 	DATA 	Keypress: 1
234.8507 	Level keypress=1 at time= 1.587352 	25
234.8513 	Level injecting via pump at address 1 and a keypress of 1 and image of f.jpg 	25
239.8336 	DATA 	Keypress: o
239.8347 	DATA 	Keypress: o
239.8358 	DATA 	Keypress: o
240.8514 	Level RINSE 	25
242.8333 	DATA 	Keypress: o
245.8277 	Level finished 	25
245.8293 	DATA 	Keypress: o
245.8303 	DATA 	Keypress: o
246.2269 	Level c.jpg at position=left and d.jpg at position=right 	25
247.8290 	DATA 	Keypress: 2
247.8303 	DATA 	Keypress: o
247.8484 	Level keypress=2 at time= 1.589241 	25
247.8489 	Level injecting via pump at address 2 and a keypress of 2 and image of d.jpg 	25
252.8332 	DATA 	Keypress: o
252.8345 	DATA 	Keypress: o
253.8308 	DATA 	Keypress: o
253.8495 	Level RINSE 	25
255.8327 	DATA 	Keypress: o
259.8277 	Level finished 	25
259.8292 	DATA 	Keypress: o
259.8303 	DATA 	Keypress: o
260.2283 	Level f.jpg at position=right and e.jpg at position=left 	25
261.8290 	DATA 	Keypress: 2
261.8303 	DATA 	Keypress: o
261.8572 	Level keypress=2 at time= 1.588790 	25
261.8576 	Level injecting via pump at address 2 and a keypress of 2 and image of f.jpg 	25
266.8358 	DATA 	Keypress: o
266.8371 	DATA 	Keypress: o
267.8306 	DATA 	Keypress: o
267.8413 	Level RINSE 	25
269.8336 	DATA 	Keypress: o
274.8277 	Level finished 	25
274.8295 	DATA 	Keypress: o
274.8308 	DATA 	Keypress: o
275.2156 	Level c.jpg at position=right and d.jpg at position=left 	25
275.2171 	DATA 	Keypress: o
276.8291 	DATA 	Keypress: 2
276.8418 	Level keypress=2 at time= 1.591668 	25
276.8423 	Level injecting via pump at address 2 and a keypress of 2 and image of c.jpg 	25
281.8328 	DATA 	Keypress: o
281.8341 	DATA 	Keypress: o
281.8350 	DATA 	Keypress: o
282.8416 	Level RINSE 	25
284.8335 	DATA 	Keypress: o
290.8277 	Level finished 	25
290.8296 	DATA 	Keypress: o
290.8309 	DATA 	Keypress: o
290.8321 	DATA 	Keypress: o
291.2312 	Level b.jpg at position=right and a.jpg at position=left 	25
291.2325 	DATA 	Keypress: o
292.8291 	DATA 	Keypress: 2
292.8423 	Level keypress=2 at time= 1.576588 	25
292.8428 	Level injecting via pump at address 2 and a keypress of 2 and image of b.jpg 	25
297.8339 	DATA 	Keypress: o
297.8352 	DATA 	Keypress: o
297.8366 	DATA 	Keypress: o
298.8465 	Level RINSE 	25
300.8332 	DATA 	Keypress: o
304.8277 	Level finished 	25
304.8292 	DATA 	Keypress: o
304.8303 	DATA 	Keypress: o
305.2157 	Level d.jpg at position=right and c.jpg at position=left 	25
305.2172 	DATA 	Keypress: o
306.8293 	DATA 	Keypress: 1
306.8373 	Level keypress=1 at time= 1.585777 	25
306.8377 	Level injecting via pump at address 1 and a keypress of 1 and image of c.jpg 	25
311.8342 	DATA 	Keypress: o
311.8357 	DATA 	Keypress: o
311.8369 	DATA 	Keypress: o
312.8384 	Level RINSE 	25
314.8334 	DATA 	Keypress: o
317.8277 	Level finished 	25
317.8297 	DATA 	Keypress: o
317.8308 	DATA 	Keypress: o
318.2118 	Level d.jpg at position=left and c.jpg at position=right 	25
319.8292 	DATA 	Keypress: o
319.8306 	DATA 	Keypress: 2
319.8354 	Level keypress=2 at time= 1.587308 	25
319.8358 	Level injecting via pump at address 2 and a keypress of 2 and image of c.jpg 	25
324.8338 	DATA 	Keypress: o
324.8352 	DATA 	Keypress: o
325.8306 	DATA 	Keypress: o
325.8377 	Level RINSE 	25
327.8333 	DATA 	Keypress: o
332.8277 	Level finished 	25
332.8294 	DATA 	Keypress: o
332.8306 	DATA 	Keypress: o
333.2182 	Level b.jpg at position=right and a.jpg at position=left 	25
333.2197 	DATA 	Keypress: o
334.8291 	DATA 	Keypress: 1
334.8568 	Level keypress=1 at time= 1.583645 	25
334.8573 	Level injecting via pump at address 1 and a keypress of 1 and image of a.jpg 	25
339.8329 	DATA 	Keypress: o
339.8341 	DATA 	Keypress: o
339.8351 	DATA 	Keypress: o
340.8416 	Level RINSE 	25
342.8337 	DATA 	Keypress: o
347.8277 	Level finished 	25
347.8295 	DATA 	Keypress: o
347.8307 	DATA 	Keypress: o
347.8317 	DATA 	Keypress: o
348.2340 	Level b.jpg at position=left and a.jpg at position=right 	25
349.8292 	DATA 	Keypress: o
349.8306 	DATA 	Keypress: 2
349.8433 	Level keypress=2 at time= 1.584178 	25
349.8437 	Level injecting via pump at address 1 and a keypress of 2 and image of a.jpg 	25
354.8335 	DATA 	Keypress: o
354.8346 	DATA 	Keypress: o
355.8307 	DATA 	Keypress: o
355.8626 	Level RINSE 	25
357.8336 	DATA 	Keypress: o
361.8277 	Level finished 	25
361.8298 	DATA 	Keypress: o
361.8312 	DATA 	Keypress: o
362.2219 	Level a.jpg at position=left and b.jpg at position=right 	25
363.8294 	DATA 	Keypress: 2
363.8309 	DATA 	Keypress: o
363.8361 	Level keypress=2 at time= 1.598679 	25
363.8365 	Level injecting via pump at address 1 and a keypress of 2 and image of b.jpg 	25
368.8334 	DATA 	Keypress: o
368.8347 	DATA 	Keypress: o
369.8311 	DATA 	Keypress: o
369.8379 	Level RINSE 	25
371.8341 	DATA 	Keypress: o
375.8277 	Level finished 	25
375.8296 	DATA 	Keypress: o
375.8310 	DATA 	Keypress: o
376.2265 	Level e.jpg at position=left and f.jpg at position=right 	25
377.8293 	DATA 	Keypress: o
377.8308 	DATA 	Keypress: 2
377.8622 	Level keypress=2 at time= 1.590805 	25
377.8627 	Level injecting via pump at address 1 and a keypress of 2 and image of f.jpg 	25
382.8337 	DATA 	Keypress: o
382.8349 	DATA 	Keypress: o
383.8305 	DATA 	Keypress: o
383.8648 	Level RINSE 	25
385.8337 	DATA 	Keypress: o
391.8277 	Level finished 	25
391.8296 	DATA 	Keypress: o
391.8310 	DATA 	Keypress: o
391.8323 	DATA 	Keypress: o
392.2244 	Level e.jpg at position=right and f.jpg at position=left 	25
393.8292 	DATA 	Keypress: 1
393.8306 	DATA 	Keypress: o
393.8457 	Level keypress=1 at time= 1.589354 	25
393.8462 	Level injecting via pump at address 2 and a keypress of 1 and image of f.jpg 	25
398.8334 	DATA 	Keypress: 1
398.8346 	DATA 	Keypress: o
398.8355 	DATA 	Keypress: o
399.8306 	DATA 	Keypress: o
399.8465 	Level RINSE 	25
401.8339 	DATA 	Keypress: o
407.8277 	Level finished 	25
407.8295 	DATA 	Keypress: o
407.8308 	DATA 	Keypress: o
407.8321 	DATA 	Keypress: o
408.2221 	Level d.jpg at position=right and c.jpg at position=left 	25
409.8293 	DATA 	Keypress: o
409.8306 	DATA 	Keypress: 1
409.8443 	Level keypress=1 at time= 1.596758 	25
409.8447 	Level injecting via pump at address 2 and a keypress of 1 and image of c.jpg 	25
414.8347 	DATA 	Keypress: o
414.8359 	DATA 	Keypress: o
415.8309 	DATA 	Keypress: o
415.8346 	Level RINSE 	25
417.8331 	DATA 	Keypress: o
423.8277 	Level finished 	25
423.8297 	DATA 	Keypress: o
423.8311 	DATA 	Keypress: o
423.8323 	DATA 	Keypress: o
424.2111 	Level c.jpg at position=right and d.jpg at position=left 	25
425.8290 	DATA 	Keypress: o
425.8303 	DATA 	Keypress: 1
425.8435 	Level keypress=1 at time= 1.610340 	25
425.8439 	Level injecting via pump at address 2 and a keypress of 1 and image of d.jpg 	25
430.8340 	DATA 	Keypress: o
430.8353 	DATA 	Keypress: o
431.8314 	DATA 	Keypress: o
431.8445 	Level RINSE 	25
433.8335 	DATA 	Keypress: o
439.8277 	Level finished 	25
439.8293 	DATA 	Keypress: o
439.8304 	DATA 	Keypress: o
439.8318 	DATA 	Keypress: o
440.2317 	Level e.jpg at position=right and f.jpg at position=left 	25
441.8290 	DATA 	Keypress: o
441.8303 	DATA 	Keypress: 1
441.8427 	Level keypress=1 at time= 1.579407 	25
441.8432 	Level injecting via pump at address 2 and a keypress of 1 and image of f.jpg 	25
446.8339 	DATA 	Keypress: o
446.8352 	DATA 	Keypress: o
447.8310 	DATA 	Keypress: o
447.8437 	Level RINSE 	25
449.8326 	DATA 	Keypress: o
453.8277 	Level finished 	25
