104.4234 	DATA 	Keypress: o
104.4242 	Level start key press 	25
104.4242 	Level fixation 0.000001 	25
106.4287 	DATA 	Keypress: o
108.4290 	DATA 	Keypress: o
110.4292 	DATA 	Keypress: o
112.4296 	DATA 	Keypress: o
112.8938 	Level fixation end 0.000001 	25
112.8939 	Level START 	25
113.2867 	Level d.jpg at position=right and c.jpg at position=left 	25
114.8951 	DATA 	Keypress: 1
114.8962 	DATA 	Keypress: o
114.9112 	Level keypress=1 at time= 1.584584 	25
114.9117 	Level injecting via pump at address 1 and a keypress of 1 and image of c.jpg 	25
119.9008 	DATA 	Keypress: o
119.9026 	DATA 	Keypress: 1
119.9040 	DATA 	Keypress: o
120.8972 	DATA 	Keypress: o
120.9115 	Level RINSE 	25
122.9011 	DATA 	Keypress: o
127.8939 	Level finished 	25
127.8955 	DATA 	Keypress: o
127.8969 	DATA 	Keypress: o
128.2700 	Level b.jpg at position=left and a.jpg at position=right 	25
129.8952 	DATA 	Keypress: o
129.8964 	DATA 	Keypress: 1
129.9293 	Level keypress=1 at time= 1.600411 	25
129.9298 	Level injecting via pump at address 1 and a keypress of 1 and image of b.jpg 	25
134.9004 	DATA 	Keypress: o
134.9021 	DATA 	Keypress: o
134.9034 	DATA 	Keypress: o
135.9134 	Level RINSE 	25
137.8984 	DATA 	Keypress: o
143.8939 	Level finished 	25
143.8953 	DATA 	Keypress: o
143.8964 	DATA 	Keypress: o
143.8974 	DATA 	Keypress: o
144.2538 	Level c.jpg at position=right and d.jpg at position=left 	25
145.8953 	DATA 	Keypress: o
145.8966 	DATA 	Keypress: 1
145.9144 	Level keypress=1 at time= 1.615683 	25
145.9148 	Level injecting via pump at address 2 and a keypress of 1 and image of d.jpg 	25
150.8990 	DATA 	Keypress: o
150.9000 	DATA 	Keypress: o
150.9010 	DATA 	Keypress: o
151.9154 	Level RINSE 	25
153.8986 	DATA 	Keypress: o
157.8939 	Level finished 	25
157.8956 	DATA 	Keypress: o
157.8970 	DATA 	Keypress: o
158.2751 	Level e.jpg at position=right and f.jpg at position=left 	25
159.8952 	DATA 	Keypress: o
159.9160 	Level Key Press Missed! 	25
164.8999 	DATA 	Keypress: o
164.9012 	DATA 	Keypress: 1
164.9025 	DATA 	Keypress: o
164.9036 	DATA 	Keypress: o
165.9169 	Level RINSE 	25
167.8992 	DATA 	Keypress: o
170.8939 	Level finished 	25
170.8954 	DATA 	Keypress: o
170.8966 	DATA 	Keypress: o
171.2761 	Level e.jpg at position=left and f.jpg at position=right 	25
172.8952 	DATA 	Keypress: 2
172.8966 	DATA 	Keypress: o
172.9176 	Level keypress=2 at time= 1.594520 	25
172.9180 	Level injecting via pump at address 2 and a keypress of 2 and image of f.jpg 	25
177.8999 	DATA 	Keypress: o
177.9014 	DATA 	Keypress: o
178.8969 	DATA 	Keypress: o
178.9184 	Level RINSE 	25
180.8985 	DATA 	Keypress: o
185.8939 	Level finished 	25
185.8954 	DATA 	Keypress: o
185.8966 	DATA 	Keypress: o
186.2557 	Level d.jpg at position=right and c.jpg at position=left 	25
187.8952 	DATA 	Keypress: o
187.8964 	DATA 	Keypress: 1
187.9196 	Level keypress=1 at time= 1.627344 	25
187.9202 	Level injecting via pump at address 1 and a keypress of 1 and image of c.jpg 	25
192.8998 	DATA 	Keypress: o
192.9013 	DATA 	Keypress: 1
192.9026 	DATA 	Keypress: o
192.9038 	DATA 	Keypress: 1
192.9050 	DATA 	Keypress: 1
192.9062 	DATA 	Keypress: o
192.9072 	DATA 	Keypress: 1
193.9202 	Level RINSE 	25
195.9000 	DATA 	Keypress: o
199.8939 	Level finished 	25
199.8955 	DATA 	Keypress: o
199.8968 	DATA 	Keypress: o
200.2759 	Level b.jpg at position=right and a.jpg at position=left 	25
201.8951 	DATA 	Keypress: o
201.8963 	DATA 	Keypress: 2
201.9042 	Level keypress=2 at time= 1.591946 	25
201.9047 	Level injecting via pump at address 2 and a keypress of 2 and image of b.jpg 	25
206.8987 	DATA 	Keypress: o
206.9001 	DATA 	Keypress: o
206.9013 	DATA 	Keypress: o
206.9026 	DATA 	Keypress: 1
207.9218 	Level RINSE 	25
209.8987 	DATA 	Keypress: o
212.8939 	Level finished 	25
212.8956 	DATA 	Keypress: o
212.8973 	DATA 	Keypress: o
213.2603 	Level d.jpg at position=left and c.jpg at position=right 	25
214.8950 	DATA 	Keypress: 5
214.8961 	DATA 	Keypress: o
214.9058 	Level Key Press Missed! 	25
219.8990 	DATA 	Keypress: o
219.9003 	DATA 	Keypress: o
219.9016 	DATA 	Keypress: 1
220.8964 	DATA 	Keypress: o
220.9067 	Level RINSE 	25
222.8997 	DATA 	Keypress: o
227.8939 	Level finished 	25
227.8954 	DATA 	Keypress: o
227.8968 	DATA 	Keypress: o
228.2568 	Level a.jpg at position=right and b.jpg at position=left 	25
229.8952 	DATA 	Keypress: o
229.8965 	DATA 	Keypress: 5
229.9246 	Level Key Press Missed! 	25
234.8996 	DATA 	Keypress: 5
234.9007 	DATA 	Keypress: o
234.9018 	DATA 	Keypress: 5
234.9029 	DATA 	Keypress: 1
234.9039 	DATA 	Keypress: 1
234.9050 	DATA 	Keypress: 1
234.9062 	DATA 	Keypress: 1
234.9075 	DATA 	Keypress: o
234.9087 	DATA 	Keypress: o
235.9251 	Level RINSE 	25
237.8988 	DATA 	Keypress: o
237.8998 	DATA 	Keypress: 1
237.9008 	DATA 	Keypress: 1
237.9017 	DATA 	Keypress: 1
240.8939 	Level finished 	25
240.8955 	DATA 	Keypress: 1
240.8967 	DATA 	Keypress: o
240.8977 	DATA 	Keypress: o
241.2676 	Level b.jpg at position=left and a.jpg at position=right 	25
242.8950 	DATA 	Keypress: 1
242.8962 	DATA 	Keypress: 1
242.8971 	DATA 	Keypress: o
242.8981 	DATA 	Keypress: 1
242.9090 	Level keypress=1 at time= 1.602417 	25
242.9095 	Level injecting via pump at address 2 and a keypress of 1 and image of b.jpg 	25
247.8990 	DATA 	Keypress: o
247.9002 	DATA 	Keypress: o
248.8966 	DATA 	Keypress: o
248.9100 	Level RINSE 	25
250.8986 	DATA 	Keypress: o
253.8939 	Level finished 	25
253.8954 	DATA 	Keypress: o
254.2589 	Level a.jpg at position=left and b.jpg at position=right 	25
255.8951 	DATA 	Keypress: o
255.8965 	DATA 	Keypress: 2
255.9106 	Level keypress=2 at time= 1.602826 	25
255.9110 	Level injecting via pump at address 2 and a keypress of 2 and image of b.jpg 	25
260.8993 	DATA 	Keypress: o
260.9007 	DATA 	Keypress: o
260.9019 	DATA 	Keypress: o
261.9115 	Level RINSE 	25
263.8990 	DATA 	Keypress: o
268.8939 	Level finished 	25
268.8957 	DATA 	Keypress: o
268.8971 	DATA 	Keypress: o
268.8982 	DATA 	Keypress: o
269.2775 	Level f.jpg at position=left and e.jpg at position=right 	25
270.8952 	DATA 	Keypress: 2
270.8965 	DATA 	Keypress: o
270.9128 	Level keypress=2 at time= 1.583064 	25
270.9133 	Level injecting via pump at address 1 and a keypress of 2 and image of e.jpg 	25
275.8994 	DATA 	Keypress: o
275.9007 	DATA 	Keypress: o
276.8965 	DATA 	Keypress: o
276.9132 	Level RINSE 	25
278.8998 	DATA 	Keypress: o
281.8939 	Level finished 	25
281.8953 	DATA 	Keypress: o
282.2693 	Level e.jpg at position=right and f.jpg at position=left 	25
283.8950 	DATA 	Keypress: 1
283.8961 	DATA 	Keypress: o
283.8973 	DATA 	Keypress: 2
283.9139 	Level keypress=1 at time= 1.597633 	25
283.9144 	Level injecting via pump at address 2 and a keypress of 1 and image of f.jpg 	25
288.9013 	DATA 	Keypress: o
288.9024 	DATA 	Keypress: o
288.9034 	DATA 	Keypress: o
289.9146 	Level RINSE 	25
291.8993 	DATA 	Keypress: o
296.8939 	Level finished 	25
296.8954 	DATA 	Keypress: o
296.8969 	DATA 	Keypress: o
296.8979 	DATA 	Keypress: o
297.2710 	Level b.jpg at position=left and a.jpg at position=right 	25
298.8952 	DATA 	Keypress: 1
298.8964 	DATA 	Keypress: 1
298.8976 	DATA 	Keypress: o
298.9156 	Level keypress=1 at time= 1.596458 	25
298.9161 	Level injecting via pump at address 1 and a keypress of 1 and image of b.jpg 	25
303.8990 	DATA 	Keypress: o
303.9002 	DATA 	Keypress: o
304.8963 	DATA 	Keypress: o
304.8999 	Level RINSE 	25
306.8989 	DATA 	Keypress: o
309.8939 	Level finished 	25
309.8953 	DATA 	Keypress: o
310.2582 	Level c.jpg at position=left and d.jpg at position=right 	25
311.8950 	DATA 	Keypress: o
311.8961 	DATA 	Keypress: 2
311.9172 	Level keypress=2 at time= 1.612448 	25
311.9176 	Level injecting via pump at address 2 and a keypress of 2 and image of d.jpg 	25
316.9000 	DATA 	Keypress: o
316.9012 	DATA 	Keypress: o
316.9022 	DATA 	Keypress: o
317.9013 	Level RINSE 	25
319.8989 	DATA 	Keypress: o
324.8939 	Level finished 	25
324.8954 	DATA 	Keypress: o
324.8969 	DATA 	Keypress: o
324.8982 	DATA 	Keypress: o
325.2651 	Level f.jpg at position=right and e.jpg at position=left 	25
326.8950 	DATA 	Keypress: 1
326.8960 	DATA 	Keypress: o
326.8972 	DATA 	Keypress: 1
326.9026 	Level keypress=1 at time= 1.609612 	25
326.9032 	Level injecting via pump at address 1 and a keypress of 1 and image of e.jpg 	25
331.8994 	DATA 	Keypress: o
331.9008 	DATA 	Keypress: o
332.8966 	DATA 	Keypress: o
332.9198 	Level RINSE 	25
334.8999 	DATA 	Keypress: o
339.8939 	Level finished 	25
339.8955 	DATA 	Keypress: o
339.8967 	DATA 	Keypress: o
340.2674 	Level a.jpg at position=right and b.jpg at position=left 	25
341.8952 	DATA 	Keypress: o
341.8967 	DATA 	Keypress: 2
341.9206 	Level keypress=2 at time= 1.609147 	25
341.9211 	Level injecting via pump at address 2 and a keypress of 2 and image of a.jpg 	25
346.8995 	DATA 	Keypress: o
346.9008 	DATA 	Keypress: o
346.9019 	DATA 	Keypress: o
347.9215 	Level RINSE 	25
349.8985 	DATA 	Keypress: 5
349.8996 	DATA 	Keypress: o
355.8939 	Level finished 	25
355.8955 	DATA 	Keypress: o
355.8967 	DATA 	Keypress: o
355.8977 	DATA 	Keypress: o
356.2665 	Level e.jpg at position=left and f.jpg at position=right 	25
357.8951 	DATA 	Keypress: o
357.8965 	DATA 	Keypress: 2
357.8978 	DATA 	Keypress: 1
357.9059 	Level keypress=2 at time= 1.607447 	25
357.9064 	Level injecting via pump at address 1 and a keypress of 2 and image of f.jpg 	25
362.8997 	DATA 	Keypress: o
362.9012 	DATA 	Keypress: o
362.9025 	DATA 	Keypress: o
363.9234 	Level RINSE 	25
365.8984 	DATA 	Keypress: o
370.8939 	Level finished 	25
370.8954 	DATA 	Keypress: o
370.8966 	DATA 	Keypress: o
370.8977 	DATA 	Keypress: o
371.2657 	Level a.jpg at position=left and b.jpg at position=right 	25
372.8950 	DATA 	Keypress: 1
372.8960 	DATA 	Keypress: o
372.9246 	Level keypress=1 at time= 1.604252 	25
372.9252 	Level injecting via pump at address 1 and a keypress of 1 and image of a.jpg 	25
377.8998 	DATA 	Keypress: o
377.9012 	DATA 	Keypress: o
378.8967 	DATA 	Keypress: o
378.9252 	Level RINSE 	25
380.8994 	DATA 	Keypress: o
385.8939 	Level finished 	25
385.8954 	DATA 	Keypress: o
385.8967 	DATA 	Keypress: o
386.2802 	Level c.jpg at position=left and d.jpg at position=right 	25
387.8950 	DATA 	Keypress: o
387.8960 	DATA 	Keypress: 2
387.9093 	Level keypress=2 at time= 1.602982 	25
387.9100 	Level injecting via pump at address 2 and a keypress of 2 and image of d.jpg 	25
392.8994 	DATA 	Keypress: o
392.9009 	DATA 	Keypress: o
392.9021 	DATA 	Keypress: o
393.9102 	Level RINSE 	25
395.8995 	DATA 	Keypress: o
398.8939 	Level finished 	25
398.8955 	DATA 	Keypress: o
398.8967 	DATA 	Keypress: o
399.2754 	Level b.jpg at position=left and a.jpg at position=right 	25
400.8950 	DATA 	Keypress: o
400.8962 	DATA 	Keypress: 1
400.8974 	DATA 	Keypress: 5
400.9276 	Level keypress=1 at time= 1.602137 	25
400.9281 	Level injecting via pump at address 2 and a keypress of 1 and image of b.jpg 	25
405.8998 	DATA 	Keypress: o
405.9012 	DATA 	Keypress: o
406.8962 	DATA 	Keypress: o
406.9118 	Level RINSE 	25
408.8990 	DATA 	Keypress: o
411.8939 	Level finished 	25
411.8953 	DATA 	Keypress: o
412.2657 	Level b.jpg at position=left and a.jpg at position=right 	25
413.8952 	DATA 	Keypress: o
413.8964 	DATA 	Keypress: 1
413.8974 	DATA 	Keypress: 1
413.8984 	DATA 	Keypress: 5
413.9291 	Level keypress=1 at time= 1.600914 	25
413.9295 	Level injecting via pump at address 2 and a keypress of 1 and image of b.jpg 	25
418.8994 	DATA 	Keypress: o
418.9006 	DATA 	Keypress: o
418.9016 	DATA 	Keypress: o
419.9134 	Level RINSE 	25
421.8995 	DATA 	Keypress: o
425.8939 	Level finished 	25
425.8959 	DATA 	Keypress: o
425.8974 	DATA 	Keypress: o
426.2794 	Level e.jpg at position=left and f.jpg at position=right 	25
427.8951 	DATA 	Keypress: o
427.8963 	DATA 	Keypress: 1
427.8975 	DATA 	Keypress: 1
427.9140 	Level keypress=1 at time= 1.582500 	25
427.9145 	Level injecting via pump at address 1 and a keypress of 1 and image of e.jpg 	25
432.8992 	DATA 	Keypress: o
432.9006 	DATA 	Keypress: o
432.9018 	DATA 	Keypress: o
433.9149 	Level RINSE 	25
435.8993 	DATA 	Keypress: o
439.8939 	Level finished 	25
439.8957 	DATA 	Keypress: o
439.8971 	DATA 	Keypress: o
440.2579 	Level d.jpg at position=right and c.jpg at position=left 	25
441.8950 	DATA 	Keypress: o
441.8960 	DATA 	Keypress: 2
441.9156 	Level keypress=2 at time= 1.613735 	25
441.9161 	Level injecting via pump at address 2 and a keypress of 2 and image of d.jpg 	25
446.8997 	DATA 	Keypress: o
446.9012 	DATA 	Keypress: o
446.9024 	DATA 	Keypress: o
447.9166 	Level RINSE 	25
449.8992 	DATA 	Keypress: o
454.8939 	Level finished 	25
454.8955 	DATA 	Keypress: o
454.8969 	DATA 	Keypress: o
454.8981 	DATA 	Keypress: o
455.2648 	Level f.jpg at position=right and e.jpg at position=left 	25
456.8952 	DATA 	Keypress: o
456.8963 	DATA 	Keypress: 2
456.9178 	Level keypress=2 at time= 1.612203 	25
456.9183 	Level injecting via pump at address 1 and a keypress of 2 and image of f.jpg 	25
461.8994 	DATA 	Keypress: o
461.9006 	DATA 	Keypress: o
462.8965 	DATA 	Keypress: o
462.9184 	Level RINSE 	25
464.8994 	DATA 	Keypress: o
468.8939 	Level finished 	25
468.8954 	DATA 	Keypress: o
468.8964 	DATA 	Keypress: o
469.2667 	Level e.jpg at position=left and f.jpg at position=right 	25
470.8950 	DATA 	Keypress: 1
470.8961 	DATA 	Keypress: 5
470.8973 	DATA 	Keypress: o
470.9190 	Level keypress=1 at time= 1.592379 	25
470.9194 	Level injecting via pump at address 2 and a keypress of 1 and image of e.jpg 	25
475.8995 	DATA 	Keypress: o
475.9009 	DATA 	Keypress: o
476.8963 	DATA 	Keypress: o
476.9033 	Level RINSE 	25
478.8991 	DATA 	Keypress: o
483.8939 	Level finished 	25
