78.3736 	DATA 	Keypress: o
78.3745 	Level start key press 	25
78.3745 	Level fixation 0.000001 	25
80.3721 	DATA 	Keypress: o
82.3730 	DATA 	Keypress: o
84.3891 	DATA 	Keypress: o
86.3548 	Level fixation end 0.000001 	25
86.3548 	Level START 	25
86.7614 	Level c.jpg at position=right and d.jpg at position=left 	25
86.7645 	DATA 	Keypress: o
88.3559 	DATA 	Keypress: 1
88.3570 	DATA 	Keypress: 1
88.3581 	DATA 	Keypress: 1
88.3686 	Level keypress=1 at time= 1.578951 	25
88.3692 	Level injecting via pump at address 2 and a keypress of 1 and image of d.jpg 	25
93.3600 	DATA 	Keypress: o
93.3613 	DATA 	Keypress: o
93.3625 	DATA 	Keypress: o
94.3694 	Level RINSE 	25
96.3598 	DATA 	Keypress: o
102.3548 	Level finished 	25
102.3560 	DATA 	Keypress: o
102.3570 	DATA 	Keypress: o
102.3580 	DATA 	Keypress: o
102.7345 	Level a.jpg at position=left and b.jpg at position=right 	25
102.7358 	DATA 	Keypress: o
104.3562 	DATA 	Keypress: 2
104.3676 	Level keypress=2 at time= 1.611082 	25
104.3680 	Level injecting via pump at address 2 and a keypress of 2 and image of b.jpg 	25
109.3607 	DATA 	Keypress: o
109.3620 	DATA 	Keypress: o
109.3632 	DATA 	Keypress: o
110.3701 	Level RINSE 	25
112.3597 	DATA 	Keypress: o
117.3548 	Level finished 	25
117.3562 	DATA 	Keypress: o
117.3571 	DATA 	Keypress: o
117.3580 	DATA 	Keypress: o
117.7418 	Level d.jpg at position=right and c.jpg at position=left 	25
119.3561 	DATA 	Keypress: o
119.3574 	DATA 	Keypress: 2
119.3726 	Level keypress=2 at time= 1.606947 	25
119.3730 	Level injecting via pump at address 2 and a keypress of 2 and image of d.jpg 	25
124.3592 	DATA 	Keypress: o
124.3603 	DATA 	Keypress: o
125.3572 	DATA 	Keypress: o
125.3729 	Level RINSE 	25
127.3600 	DATA 	Keypress: o
131.3548 	Level finished 	25
131.3561 	DATA 	Keypress: o
131.3571 	DATA 	Keypress: o
131.7413 	Level d.jpg at position=left and c.jpg at position=right 	25
133.3561 	DATA 	Keypress: o
133.3576 	DATA 	Keypress: 1
133.3661 	Level keypress=1 at time= 1.600306 	25
133.3665 	Level injecting via pump at address 2 and a keypress of 1 and image of d.jpg 	25
138.3598 	DATA 	Keypress: o
138.3610 	DATA 	Keypress: o
139.3576 	DATA 	Keypress: o
139.3686 	Level RINSE 	25
141.3595 	DATA 	Keypress: o
145.3548 	Level finished 	25
145.3561 	DATA 	Keypress: o
145.3572 	DATA 	Keypress: o
145.7381 	Level d.jpg at position=right and c.jpg at position=left 	25
147.3560 	DATA 	Keypress: o
147.3572 	DATA 	Keypress: 1
147.3748 	Level keypress=1 at time= 1.610272 	25
147.3753 	Level injecting via pump at address 2 and a keypress of 1 and image of c.jpg 	25
152.3598 	DATA 	Keypress: o
152.3610 	DATA 	Keypress: o
153.3577 	DATA 	Keypress: o
153.3623 	Level RINSE 	25
155.3597 	DATA 	Keypress: o
160.3548 	Level finished 	25
160.3562 	DATA 	Keypress: o
160.3572 	DATA 	Keypress: o
160.7447 	Level f.jpg at position=left and e.jpg at position=right 	25
160.7463 	DATA 	Keypress: o
162.3559 	DATA 	Keypress: 2
162.3609 	Level keypress=2 at time= 1.599555 	25
162.3614 	Level injecting via pump at address 2 and a keypress of 2 and image of e.jpg 	25
167.3593 	DATA 	Keypress: o
167.3603 	DATA 	Keypress: o
167.3612 	DATA 	Keypress: o
168.3617 	Level RINSE 	25
170.3593 	DATA 	Keypress: o
176.3548 	Level finished 	25
176.3563 	DATA 	Keypress: o
176.3573 	DATA 	Keypress: o
176.3582 	DATA 	Keypress: o
176.7463 	Level a.jpg at position=left and b.jpg at position=right 	25
176.7477 	DATA 	Keypress: o
178.3561 	DATA 	Keypress: 1
178.3622 	Level keypress=1 at time= 1.599478 	25
178.3626 	Level injecting via pump at address 1 and a keypress of 1 and image of a.jpg 	25
183.3602 	DATA 	Keypress: o
183.3614 	DATA 	Keypress: o
183.3625 	DATA 	Keypress: o
184.3626 	Level RINSE 	25
186.3596 	DATA 	Keypress: o
190.3548 	Level finished 	25
190.3561 	DATA 	Keypress: o
190.3571 	DATA 	Keypress: o
190.7397 	Level e.jpg at position=left and f.jpg at position=right 	25
190.7410 	DATA 	Keypress: o
192.3560 	DATA 	Keypress: 1
192.3640 	Level keypress=1 at time= 1.606209 	25
192.3644 	Level injecting via pump at address 1 and a keypress of 1 and image of e.jpg 	25
197.3606 	DATA 	Keypress: o
197.3619 	DATA 	Keypress: o
197.3631 	DATA 	Keypress: o
198.3604 	Level RINSE 	25
200.3600 	DATA 	Keypress: o
206.3548 	Level finished 	25
206.3562 	DATA 	Keypress: o
206.3572 	DATA 	Keypress: o
206.3581 	DATA 	Keypress: o
206.7420 	Level c.jpg at position=left and d.jpg at position=right 	25
206.7435 	DATA 	Keypress: o
208.3561 	DATA 	Keypress: 2
208.3660 	Level keypress=2 at time= 1.603667 	25
208.3666 	Level injecting via pump at address 2 and a keypress of 2 and image of d.jpg 	25
213.3604 	DATA 	Keypress: o
213.3614 	DATA 	Keypress: o
213.3624 	DATA 	Keypress: o
214.3603 	Level RINSE 	25
216.3592 	DATA 	Keypress: o
221.3548 	Level finished 	25
221.3565 	DATA 	Keypress: o
221.3579 	DATA 	Keypress: o
221.3591 	DATA 	Keypress: o
221.7353 	Level d.jpg at position=left and c.jpg at position=right 	25
223.3561 	DATA 	Keypress: o
223.3573 	DATA 	Keypress: 1
223.3634 	Level keypress=1 at time= 1.606345 	25
223.3638 	Level injecting via pump at address 2 and a keypress of 1 and image of d.jpg 	25
228.3599 	DATA 	Keypress: o
228.3609 	DATA 	Keypress: o
229.3575 	DATA 	Keypress: o
229.3649 	Level RINSE 	25
231.3594 	DATA 	Keypress: o
236.3548 	Level finished 	25
236.3562 	DATA 	Keypress: o
236.3573 	DATA 	Keypress: o
236.7407 	Level d.jpg at position=left and c.jpg at position=right 	25
236.7421 	DATA 	Keypress: o
238.3562 	DATA 	Keypress: 1
238.3681 	Level keypress=1 at time= 1.604310 	25
238.3686 	Level injecting via pump at address 1 and a keypress of 1 and image of d.jpg 	25
243.3605 	DATA 	Keypress: o
243.3618 	DATA 	Keypress: o
243.3629 	DATA 	Keypress: o
244.3696 	Level RINSE 	25
246.3592 	DATA 	Keypress: o
251.3548 	Level finished 	25
251.3562 	DATA 	Keypress: o
251.3576 	DATA 	Keypress: o
251.3589 	DATA 	Keypress: o
251.7448 	Level b.jpg at position=right and a.jpg at position=left 	25
253.3560 	DATA 	Keypress: o
253.3572 	DATA 	Keypress: 1
253.3712 	Level keypress=1 at time= 1.603173 	25
253.3717 	Level injecting via pump at address 2 and a keypress of 1 and image of a.jpg 	25
258.3597 	DATA 	Keypress: o
258.3606 	DATA 	Keypress: o
259.3573 	DATA 	Keypress: o
259.3714 	Level RINSE 	25
261.3598 	DATA 	Keypress: o
264.3548 	Level finished 	25
264.3562 	DATA 	Keypress: o
264.7358 	Level d.jpg at position=right and c.jpg at position=left 	25
264.7375 	DATA 	Keypress: o
266.3715 	Level Key Press Missed! 	25
266.3855 	DATA 	Keypress: o
271.3592 	DATA 	Keypress: 1
271.3602 	DATA 	Keypress: o
271.3614 	DATA 	Keypress: o
272.3731 	Level RINSE 	25
274.3598 	DATA 	Keypress: o
278.3548 	Level finished 	25
278.3562 	DATA 	Keypress: o
278.3574 	DATA 	Keypress: o
278.7445 	Level c.jpg at position=right and d.jpg at position=left 	25
278.7460 	DATA 	Keypress: o
280.3560 	DATA 	Keypress: 1
280.3651 	Level keypress=1 at time= 1.598918 	25
280.3655 	Level injecting via pump at address 2 and a keypress of 1 and image of d.jpg 	25
285.3595 	DATA 	Keypress: o
285.3605 	DATA 	Keypress: o
285.3617 	DATA 	Keypress: o
286.3677 	Level RINSE 	25
288.3598 	DATA 	Keypress: o
293.3548 	Level finished 	25
293.3562 	DATA 	Keypress: o
293.3573 	DATA 	Keypress: o
293.3582 	DATA 	Keypress: o
293.7369 	Level f.jpg at position=left and e.jpg at position=right 	25
295.3560 	DATA 	Keypress: o
295.3577 	DATA 	Keypress: 2
295.3704 	Level keypress=2 at time= 1.612015 	25
295.3710 	Level injecting via pump at address 1 and a keypress of 2 and image of e.jpg 	25
300.3600 	DATA 	Keypress: o
300.3609 	DATA 	Keypress: o
301.3574 	DATA 	Keypress: o
301.3723 	Level RINSE 	25
303.3596 	DATA 	Keypress: o
309.3548 	Level finished 	25
309.3565 	DATA 	Keypress: o
309.3578 	DATA 	Keypress: o
309.3589 	DATA 	Keypress: o
309.7365 	Level d.jpg at position=right and c.jpg at position=left 	25
311.3561 	DATA 	Keypress: o
311.3575 	DATA 	Keypress: 2
311.3697 	Level keypress=2 at time= 1.611729 	25
311.3701 	Level injecting via pump at address 2 and a keypress of 2 and image of d.jpg 	25
316.3603 	DATA 	Keypress: o
316.3616 	DATA 	Keypress: o
317.3574 	DATA 	Keypress: o
317.3620 	Level RINSE 	25
319.3596 	DATA 	Keypress: o
323.3548 	Level finished 	25
323.3565 	DATA 	Keypress: o
323.3577 	DATA 	Keypress: o
323.7420 	Level e.jpg at position=left and f.jpg at position=right 	25
325.3560 	DATA 	Keypress: o
325.3573 	DATA 	Keypress: 1
325.3633 	Level keypress=1 at time= 1.606395 	25
325.3637 	Level injecting via pump at address 2 and a keypress of 1 and image of e.jpg 	25
330.3603 	DATA 	Keypress: o
330.3615 	DATA 	Keypress: o
331.3572 	DATA 	Keypress: o
331.3638 	Level RINSE 	25
333.3607 	DATA 	Keypress: o
336.3548 	Level finished 	25
336.3562 	DATA 	Keypress: o
336.7406 	Level d.jpg at position=left and c.jpg at position=right 	25
336.7420 	DATA 	Keypress: o
338.3561 	DATA 	Keypress: 2
338.3625 	Level keypress=2 at time= 1.605081 	25
338.3630 	Level injecting via pump at address 1 and a keypress of 2 and image of c.jpg 	25
343.3597 	DATA 	Keypress: o
343.3608 	DATA 	Keypress: 1
343.3618 	DATA 	Keypress: o
343.3627 	DATA 	Keypress: o
344.3644 	Level RINSE 	25
346.3592 	DATA 	Keypress: o
351.3548 	Level finished 	25
351.3563 	DATA 	Keypress: o
351.3573 	DATA 	Keypress: o
351.3582 	DATA 	Keypress: o
351.7352 	Level b.jpg at position=left and a.jpg at position=right 	25
353.3560 	DATA 	Keypress: 2
353.3574 	DATA 	Keypress: o
353.3663 	Level keypress=2 at time= 1.612008 	25
353.3668 	Level injecting via pump at address 2 and a keypress of 2 and image of a.jpg 	25
358.3603 	DATA 	Keypress: o
358.3617 	DATA 	Keypress: o
359.3572 	DATA 	Keypress: o
359.3671 	Level RINSE 	25
361.3596 	DATA 	Keypress: o
366.3548 	Level finished 	25
366.3566 	DATA 	Keypress: o
366.3580 	DATA 	Keypress: o
366.7481 	Level b.jpg at position=left and a.jpg at position=right 	25
366.7496 	DATA 	Keypress: o
368.3561 	DATA 	Keypress: 2
368.3673 	Level keypress=2 at time= 1.592192 	25
368.3677 	Level injecting via pump at address 1 and a keypress of 2 and image of a.jpg 	25
373.3600 	DATA 	Keypress: o
373.3611 	DATA 	Keypress: o
373.3623 	DATA 	Keypress: o
374.3691 	Level RINSE 	25
376.3596 	DATA 	Keypress: o
380.3548 	Level finished 	25
380.3563 	DATA 	Keypress: o
380.3574 	DATA 	Keypress: o
380.7428 	Level e.jpg at position=right and f.jpg at position=left 	25
380.7441 	DATA 	Keypress: o
382.3560 	DATA 	Keypress: 1
382.3661 	Level keypress=1 at time= 1.602683 	25
382.3665 	Level injecting via pump at address 2 and a keypress of 1 and image of f.jpg 	25
387.3607 	DATA 	Keypress: o
387.3621 	DATA 	Keypress: o
387.3634 	DATA 	Keypress: o
388.3675 	Level RINSE 	25
390.3598 	DATA 	Keypress: o
394.3548 	Level finished 	25
394.3565 	DATA 	Keypress: o
394.3575 	DATA 	Keypress: o
394.7529 	Level b.jpg at position=right and a.jpg at position=left 	25
394.7542 	DATA 	Keypress: o
396.3561 	DATA 	Keypress: 2
396.3705 	Level keypress=2 at time= 1.588523 	25
396.3708 	Level injecting via pump at address 2 and a keypress of 2 and image of b.jpg 	25
401.3598 	DATA 	Keypress: o
401.3610 	DATA 	Keypress: o
401.3620 	DATA 	Keypress: o
402.3616 	Level RINSE 	25
404.3592 	DATA 	Keypress: o
410.3548 	Level finished 	25
410.3564 	DATA 	Keypress: o
410.3574 	DATA 	Keypress: o
410.3586 	DATA 	Keypress: o
410.7396 	Level d.jpg at position=right and c.jpg at position=left 	25
410.7411 	DATA 	Keypress: o
412.3559 	DATA 	Keypress: 2
412.3727 	Level keypress=2 at time= 1.605491 	25
412.3733 	Level injecting via pump at address 2 and a keypress of 2 and image of d.jpg 	25
417.3606 	DATA 	Keypress: o
417.3618 	DATA 	Keypress: o
417.3629 	DATA 	Keypress: o
418.3612 	Level RINSE 	25
420.3592 	DATA 	Keypress: o
426.3548 	Level finished 	25
426.3563 	DATA 	Keypress: o
426.3574 	DATA 	Keypress: o
426.3586 	DATA 	Keypress: o
426.7484 	Level f.jpg at position=right and e.jpg at position=left 	25
426.7499 	DATA 	Keypress: o
428.3560 	DATA 	Keypress: 2
428.3746 	Level keypress=2 at time= 1.596769 	25
428.3751 	Level injecting via pump at address 1 and a keypress of 2 and image of f.jpg 	25
433.3594 	DATA 	Keypress: o
433.3607 	DATA 	Keypress: o
433.3619 	DATA 	Keypress: o
434.3591 	Level RINSE 	25
436.3601 	DATA 	Keypress: o
442.3548 	Level finished 	25
442.3564 	DATA 	Keypress: o
442.3578 	DATA 	Keypress: o
442.3589 	DATA 	Keypress: o
442.7425 	Level b.jpg at position=left and a.jpg at position=right 	25
442.7441 	DATA 	Keypress: o
444.3560 	DATA 	Keypress: 1
444.3573 	DATA 	Keypress: 1
444.3746 	Level keypress=1 at time= 1.602839 	25
444.3751 	Level injecting via pump at address 2 and a keypress of 1 and image of b.jpg 	25
449.3603 	DATA 	Keypress: o
449.3617 	DATA 	Keypress: o
449.3630 	DATA 	Keypress: o
450.3604 	Level RINSE 	25
452.3605 	DATA 	Keypress: o
458.3548 	Level finished 	25
458.3565 	DATA 	Keypress: o
458.3577 	DATA 	Keypress: o
458.3589 	DATA 	Keypress: o
458.7489 	Level b.jpg at position=right and a.jpg at position=left 	25
458.7505 	DATA 	Keypress: o
460.3560 	DATA 	Keypress: 2
460.3625 	Level keypress=2 at time= 1.594327 	25
460.3630 	Level injecting via pump at address 2 and a keypress of 2 and image of b.jpg 	25
465.3599 	DATA 	Keypress: o
465.3611 	DATA 	Keypress: o
465.3625 	DATA 	Keypress: o
466.3602 	Level RINSE 	25
468.3592 	DATA 	Keypress: o
472.3548 	Level finished 	25
