57.2813 	DATA 	Keypress: o
57.2823 	Level start key press 	25
57.2823 	Level fixation 0.000001 	25
59.2885 	DATA 	Keypress: o
61.2887 	DATA 	Keypress: o
63.2890 	DATA 	Keypress: o
65.2892 	DATA 	Keypress: o
65.6203 	Level fixation end 0.000001 	25
65.6204 	Level START 	25
66.0083 	Level a.jpg at position=left and b.jpg at position=right 	25
67.6220 	DATA 	Keypress: 2
67.6233 	DATA 	Keypress: o
67.6376 	Level keypress=2 at time= 1.584998 	25
67.6381 	Level injecting via pump at address 2 and a keypress of 2 and image of b.jpg 	25
72.6274 	DATA 	Keypress: o
72.6292 	DATA 	Keypress: o
73.6238 	DATA 	Keypress: o
73.6379 	Level RINSE 	25
75.6273 	DATA 	Keypress: o
81.6204 	Level finished 	25
81.6223 	DATA 	Keypress: o
81.6246 	DATA 	Keypress: o
81.6261 	DATA 	Keypress: o
82.0229 	Level b.jpg at position=right and a.jpg at position=left 	25
83.6215 	DATA 	Keypress: o
83.6229 	DATA 	Keypress: 1
83.6391 	Level keypress=1 at time= 1.583702 	25
83.6396 	Level injecting via pump at address 1 and a keypress of 1 and image of a.jpg 	25
88.6253 	DATA 	Keypress: o
88.6265 	DATA 	Keypress: o
89.6232 	DATA 	Keypress: o
89.6400 	Level RINSE 	25
91.6253 	DATA 	Keypress: o
96.6204 	Level finished 	25
96.6218 	DATA 	Keypress: o
96.6233 	DATA 	Keypress: o
97.0147 	Level f.jpg at position=left and e.jpg at position=right 	25
98.6215 	DATA 	Keypress: o
98.6227 	DATA 	Keypress: 2
98.6409 	Level keypress=2 at time= 1.581645 	25
98.6414 	Level injecting via pump at address 1 and a keypress of 2 and image of e.jpg 	25
103.6261 	DATA 	Keypress: o
103.6275 	DATA 	Keypress: o
103.6288 	DATA 	Keypress: o
104.6417 	Level RINSE 	25
106.6252 	DATA 	Keypress: o
111.6204 	Level finished 	25
111.6219 	DATA 	Keypress: o
111.6231 	DATA 	Keypress: o
111.6241 	DATA 	Keypress: o
111.9969 	Level b.jpg at position=right and a.jpg at position=left 	25
113.6215 	DATA 	Keypress: 1
113.6226 	DATA 	Keypress: o
113.6426 	Level keypress=1 at time= 1.595319 	25
113.6431 	Level injecting via pump at address 1 and a keypress of 1 and image of a.jpg 	25
118.6258 	DATA 	Keypress: o
118.6270 	DATA 	Keypress: o
119.6230 	DATA 	Keypress: o
119.6435 	Level RINSE 	25
121.6247 	DATA 	Keypress: o
127.6204 	Level finished 	25
127.6218 	DATA 	Keypress: o
127.6230 	DATA 	Keypress: o
127.6240 	DATA 	Keypress: o
127.9997 	Level a.jpg at position=right and b.jpg at position=left 	25
129.6217 	DATA 	Keypress: 2
129.6230 	DATA 	Keypress: o
129.6445 	Level keypress=2 at time= 1.593718 	25
129.6450 	Level injecting via pump at address 1 and a keypress of 2 and image of a.jpg 	25
134.6254 	DATA 	Keypress: o
134.6265 	DATA 	Keypress: o
135.6230 	DATA 	Keypress: o
135.6454 	Level RINSE 	25
137.6251 	DATA 	Keypress: o
141.6204 	Level finished 	25
141.6221 	DATA 	Keypress: o
141.6235 	DATA 	Keypress: o
142.0149 	Level e.jpg at position=left and f.jpg at position=right 	25
143.6216 	DATA 	Keypress: 1
143.6230 	DATA 	Keypress: o
143.6462 	Level keypress=1 at time= 1.575225 	25
143.6466 	Level injecting via pump at address 2 and a keypress of 1 and image of e.jpg 	25
148.6258 	DATA 	Keypress: o
148.6270 	DATA 	Keypress: o
149.6229 	DATA 	Keypress: o
149.6469 	Level RINSE 	25
151.6261 	DATA 	Keypress: o
156.6204 	Level finished 	25
156.6221 	DATA 	Keypress: o
156.6233 	DATA 	Keypress: o
157.0024 	Level d.jpg at position=left and c.jpg at position=right 	25
158.6217 	DATA 	Keypress: o
158.6230 	DATA 	Keypress: 2
158.6480 	Level keypress=2 at time= 1.608361 	25
158.6484 	Level injecting via pump at address 2 and a keypress of 2 and image of c.jpg 	25
163.6252 	DATA 	Keypress: o
163.6264 	DATA 	Keypress: 5
163.6276 	DATA 	Keypress: o
163.6288 	DATA 	Keypress: o
164.6487 	Level RINSE 	25
166.6266 	DATA 	Keypress: o
171.6204 	Level finished 	25
171.6219 	DATA 	Keypress: o
171.6231 	DATA 	Keypress: o
171.6242 	DATA 	Keypress: o
171.9918 	Level c.jpg at position=right and d.jpg at position=left 	25
173.6214 	DATA 	Keypress: 1
173.6228 	DATA 	Keypress: o
173.6497 	Level keypress=1 at time= 1.588294 	25
173.6501 	Level injecting via pump at address 2 and a keypress of 1 and image of d.jpg 	25
178.6259 	DATA 	Keypress: o
178.6273 	DATA 	Keypress: o
179.6235 	DATA 	Keypress: o
179.6338 	Level RINSE 	25
181.6257 	DATA 	Keypress: o
187.6204 	Level finished 	25
187.6218 	DATA 	Keypress: o
187.6231 	DATA 	Keypress: o
187.6241 	DATA 	Keypress: o
187.9839 	Level d.jpg at position=right and c.jpg at position=left 	25
189.6215 	DATA 	Keypress: 2
189.6224 	DATA 	Keypress: o
189.6516 	Level keypress=2 at time= 1.619713 	25
189.6520 	Level injecting via pump at address 2 and a keypress of 2 and image of d.jpg 	25
194.6264 	DATA 	Keypress: o
194.6275 	DATA 	Keypress: o
195.6231 	DATA 	Keypress: o
195.6357 	Level RINSE 	25
197.6254 	DATA 	Keypress: o
203.6204 	Level finished 	25
203.6221 	DATA 	Keypress: o
203.6235 	DATA 	Keypress: o
203.6247 	DATA 	Keypress: o
203.9906 	Level b.jpg at position=right and a.jpg at position=left 	25
205.6218 	DATA 	Keypress: 2
205.6233 	DATA 	Keypress: o
205.6533 	Level keypress=2 at time= 1.618245 	25
205.6537 	Level injecting via pump at address 2 and a keypress of 2 and image of b.jpg 	25
210.6258 	DATA 	Keypress: o
210.6271 	DATA 	Keypress: o
211.6228 	DATA 	Keypress: o
211.6376 	Level RINSE 	25
213.6248 	DATA 	Keypress: o
216.6204 	Level finished 	25
216.6218 	DATA 	Keypress: o
216.9880 	Level a.jpg at position=right and b.jpg at position=left 	25
218.6218 	DATA 	Keypress: o
218.6233 	DATA 	Keypress: 2
218.6548 	Level keypress=2 at time= 1.618140 	25
218.6552 	Level injecting via pump at address 1 and a keypress of 2 and image of a.jpg 	25
223.6266 	DATA 	Keypress: o
223.6280 	DATA 	Keypress: o
223.6292 	DATA 	Keypress: o
224.6391 	Level RINSE 	25
226.6257 	DATA 	Keypress: o
231.6204 	Level finished 	25
231.6219 	DATA 	Keypress: o
231.6233 	DATA 	Keypress: o
231.6246 	DATA 	Keypress: o
231.9998 	Level f.jpg at position=right and e.jpg at position=left 	25
233.6215 	DATA 	Keypress: 1
233.6226 	DATA 	Keypress: o
233.6399 	Level keypress=1 at time= 1.597979 	25
233.6404 	Level injecting via pump at address 1 and a keypress of 1 and image of e.jpg 	25
238.6253 	DATA 	Keypress: o
238.6266 	DATA 	Keypress: o
239.6227 	DATA 	Keypress: o
239.6410 	Level RINSE 	25
241.6261 	DATA 	Keypress: o
247.6204 	Level finished 	25
247.6221 	DATA 	Keypress: o
247.6235 	DATA 	Keypress: o
247.6247 	DATA 	Keypress: o
247.9888 	Level c.jpg at position=right and d.jpg at position=left 	25
249.6215 	DATA 	Keypress: 1
249.6226 	DATA 	Keypress: o
249.6418 	Level keypress=1 at time= 1.612816 	25
249.6423 	Level injecting via pump at address 2 and a keypress of 1 and image of d.jpg 	25
254.6265 	DATA 	Keypress: o
254.6279 	DATA 	Keypress: o
255.6236 	DATA 	Keypress: o
255.6428 	Level RINSE 	25
257.6258 	DATA 	Keypress: o
261.6204 	Level finished 	25
261.6219 	DATA 	Keypress: o
261.6232 	DATA 	Keypress: o
261.9992 	Level e.jpg at position=left and f.jpg at position=right 	25
263.6215 	DATA 	Keypress: 2
263.6226 	DATA 	Keypress: o
263.6434 	Level keypress=2 at time= 1.594361 	25
263.6440 	Level injecting via pump at address 2 and a keypress of 2 and image of f.jpg 	25
268.6263 	DATA 	Keypress: o
268.6277 	DATA 	Keypress: o
269.6233 	DATA 	Keypress: o
269.6444 	Level RINSE 	25
271.6264 	DATA 	Keypress: o
275.6204 	Level finished 	25
275.6220 	DATA 	Keypress: o
275.6231 	DATA 	Keypress: o
275.9948 	Level e.jpg at position=right and f.jpg at position=left 	25
277.6215 	DATA 	Keypress: 2
277.6225 	DATA 	Keypress: o
277.6451 	Level keypress=2 at time= 1.609457 	25
277.6456 	Level injecting via pump at address 2 and a keypress of 2 and image of e.jpg 	25
282.6259 	DATA 	Keypress: o
282.6273 	DATA 	Keypress: o
283.6232 	DATA 	Keypress: o
283.6461 	Level RINSE 	25
285.6252 	DATA 	Keypress: o
289.6204 	Level finished 	25
289.6220 	DATA 	Keypress: o
289.6234 	DATA 	Keypress: o
289.9938 	Level c.jpg at position=left and d.jpg at position=right 	25
291.6215 	DATA 	Keypress: 1
291.6225 	DATA 	Keypress: o
291.6301 	Level keypress=1 at time= 1.591153 	25
291.6306 	Level injecting via pump at address 1 and a keypress of 1 and image of c.jpg 	25
296.6262 	DATA 	Keypress: o
296.6276 	DATA 	Keypress: o
297.6231 	DATA 	Keypress: o
297.6310 	Level RINSE 	25
299.6253 	DATA 	Keypress: o
302.6204 	Level finished 	25
302.6218 	DATA 	Keypress: o
302.9851 	Level c.jpg at position=left and d.jpg at position=right 	25
304.6217 	DATA 	Keypress: o
304.6229 	DATA 	Keypress: 2
304.6482 	Level keypress=2 at time= 1.607680 	25
304.6487 	Level injecting via pump at address 2 and a keypress of 2 and image of d.jpg 	25
309.6264 	DATA 	Keypress: o
309.6278 	DATA 	Keypress: o
309.6290 	DATA 	Keypress: o
310.6325 	Level RINSE 	25
312.6248 	DATA 	Keypress: o
317.6204 	Level finished 	25
317.6220 	DATA 	Keypress: o
317.6230 	DATA 	Keypress: o
317.6240 	DATA 	Keypress: o
317.9987 	Level a.jpg at position=left and b.jpg at position=right 	25
319.6220 	DATA 	Keypress: 1
319.6235 	DATA 	Keypress: o
319.6334 	Level keypress=1 at time= 1.588476 	25
319.6339 	Level injecting via pump at address 1 and a keypress of 1 and image of a.jpg 	25
324.6263 	DATA 	Keypress: o
324.6275 	DATA 	Keypress: o
325.6229 	DATA 	Keypress: o
325.6343 	Level RINSE 	25
327.6255 	DATA 	Keypress: o
332.6204 	Level finished 	25
332.6220 	DATA 	Keypress: o
332.6233 	DATA 	Keypress: o
332.9999 	Level a.jpg at position=right and b.jpg at position=left 	25
334.6215 	DATA 	Keypress: o
334.6225 	DATA 	Keypress: 2
334.6351 	Level keypress=2 at time= 1.603794 	25
334.6356 	Level injecting via pump at address 1 and a keypress of 2 and image of a.jpg 	25
339.6255 	DATA 	Keypress: o
339.6265 	DATA 	Keypress: 5
339.6274 	DATA 	Keypress: o
339.6283 	DATA 	Keypress: o
340.6527 	Level RINSE 	25
342.6263 	DATA 	Keypress: o
346.6204 	Level finished 	25
346.6222 	DATA 	Keypress: o
346.6237 	DATA 	Keypress: o
346.9876 	Level a.jpg at position=left and b.jpg at position=right 	25
348.6216 	DATA 	Keypress: o
348.6228 	DATA 	Keypress: 1
348.6368 	Level keypress=1 at time= 1.619106 	25
348.6373 	Level injecting via pump at address 1 and a keypress of 1 and image of a.jpg 	25
353.6268 	DATA 	Keypress: 1
353.6281 	DATA 	Keypress: o
353.6294 	DATA 	Keypress: o
353.6308 	DATA 	Keypress: o
354.6376 	Level RINSE 	25
356.6265 	DATA 	Keypress: o
360.6204 	Level finished 	25
360.6223 	DATA 	Keypress: o
360.6241 	DATA 	Keypress: o
360.9911 	Level c.jpg at position=right and d.jpg at position=left 	25
362.6215 	DATA 	Keypress: o
362.6224 	DATA 	Keypress: 2
362.6384 	Level keypress=2 at time= 1.600419 	25
362.6390 	Level injecting via pump at address 2 and a keypress of 2 and image of c.jpg 	25
367.6256 	DATA 	Keypress: o
367.6266 	DATA 	Keypress: o
367.6275 	DATA 	Keypress: o
368.6560 	Level RINSE 	25
370.6270 	DATA 	Keypress: o
376.6204 	Level finished 	25
376.6223 	DATA 	Keypress: o
376.6238 	DATA 	Keypress: o
376.6250 	DATA 	Keypress: o
376.9861 	Level d.jpg at position=left and c.jpg at position=right 	25
378.6216 	DATA 	Keypress: o
378.6229 	DATA 	Keypress: 2
378.6402 	Level keypress=2 at time= 1.615732 	25
378.6406 	Level injecting via pump at address 1 and a keypress of 2 and image of c.jpg 	25
383.6261 	DATA 	Keypress: o
383.6275 	DATA 	Keypress: o
383.6288 	DATA 	Keypress: o
384.6244 	Level RINSE 	25
386.6254 	DATA 	Keypress: o
390.6204 	Level finished 	25
390.6220 	DATA 	Keypress: o
390.6232 	DATA 	Keypress: o
390.9852 	Level c.jpg at position=right and d.jpg at position=left 	25
392.6215 	DATA 	Keypress: o
392.6225 	DATA 	Keypress: 1
392.6418 	Level keypress=1 at time= 1.613811 	25
392.6423 	Level injecting via pump at address 2 and a keypress of 1 and image of d.jpg 	25
397.6254 	DATA 	Keypress: o
397.6266 	DATA 	Keypress: o
397.6277 	DATA 	Keypress: o
398.6426 	Level RINSE 	25
400.6252 	DATA 	Keypress: o
405.6204 	Level finished 	25
405.6220 	DATA 	Keypress: o
405.6232 	DATA 	Keypress: o
405.6242 	DATA 	Keypress: o
405.9924 	Level c.jpg at position=right and d.jpg at position=left 	25
407.6218 	DATA 	Keypress: 2
407.6235 	DATA 	Keypress: o
407.6437 	Level keypress=2 at time= 1.594495 	25
407.6442 	Level injecting via pump at address 1 and a keypress of 2 and image of c.jpg 	25
412.6263 	DATA 	Keypress: o
412.6277 	DATA 	Keypress: o
413.6228 	DATA 	Keypress: o
413.6445 	Level RINSE 	25
415.6253 	DATA 	Keypress: o
419.6204 	Level finished 	25
419.6229 	DATA 	Keypress: o
419.6246 	DATA 	Keypress: o
420.0072 	Level c.jpg at position=right and d.jpg at position=left 	25
421.6216 	DATA 	Keypress: 2
421.6228 	DATA 	Keypress: o
421.6453 	Level keypress=2 at time= 1.592668 	25
421.6458 	Level injecting via pump at address 1 and a keypress of 2 and image of c.jpg 	25
426.6259 	DATA 	Keypress: o
426.6272 	DATA 	Keypress: o
427.6229 	DATA 	Keypress: o
427.6461 	Level RINSE 	25
429.6256 	DATA 	Keypress: o
435.6204 	Level finished 	25
435.6223 	DATA 	Keypress: o
435.6237 	DATA 	Keypress: o
435.6250 	DATA 	Keypress: o
436.0069 	Level f.jpg at position=right and e.jpg at position=left 	25
437.6215 	DATA 	Keypress: 1
437.6226 	DATA 	Keypress: o
437.6236 	DATA 	Keypress: 1
437.6305 	Level keypress=1 at time= 1.590806 	25
437.6309 	Level injecting via pump at address 2 and a keypress of 1 and image of e.jpg 	25
442.6253 	DATA 	Keypress: o
442.6267 	DATA 	Keypress: o
443.6241 	DATA 	Keypress: o
443.6480 	Level RINSE 	25
445.6277 	DATA 	Keypress: o
452.6204 	Level finished 	25
