49.0863 	DATA 	Keypress: o
49.0870 	Level start key press 	25
49.0871 	Level fixation 0.000001 	25
51.0928 	DATA 	Keypress: o
53.0936 	DATA 	Keypress: o
55.0936 	DATA 	Keypress: o
57.0936 	DATA 	Keypress: o
57.4247 	Level fixation end 0.000001 	25
57.4248 	Level START 	25
57.8323 	Level b.jpg at position=left and a.jpg at position=right 	25
59.4264 	DATA 	Keypress: o
59.4282 	DATA 	Keypress: 2
59.4420 	Level keypress=2 at time= 1.570120 	25
59.4426 	Level injecting via pump at address 1 and a keypress of 2 and image of a.jpg 	25
64.4309 	DATA 	Keypress: o
64.4324 	DATA 	Keypress: o
65.4283 	DATA 	Keypress: o
65.4423 	Level RINSE 	25
67.4307 	DATA 	Keypress: o
73.4248 	Level finished 	25
73.4263 	DATA 	Keypress: o
73.4274 	DATA 	Keypress: o
73.4285 	DATA 	Keypress: o
73.8225 	Level b.jpg at position=left and a.jpg at position=right 	25
75.4259 	DATA 	Keypress: 2
75.4270 	DATA 	Keypress: o
75.4435 	Level keypress=2 at time= 1.582157 	25
75.4440 	Level injecting via pump at address 1 and a keypress of 2 and image of a.jpg 	25
80.4298 	DATA 	Keypress: o
80.4310 	DATA 	Keypress: o
81.4277 	DATA 	Keypress: o
81.4443 	Level RINSE 	25
83.4295 	DATA 	Keypress: o
88.4248 	Level finished 	25
88.4265 	DATA 	Keypress: o
88.4276 	DATA 	Keypress: o
88.8083 	Level c.jpg at position=left and d.jpg at position=right 	25
90.4263 	DATA 	Keypress: o
90.4277 	DATA 	Keypress: 2
90.4453 	Level keypress=2 at time= 1.582625 	25
90.4457 	Level injecting via pump at address 2 and a keypress of 2 and image of d.jpg 	25
95.4294 	DATA 	Keypress: o
95.4304 	DATA 	Keypress: o
95.4313 	DATA 	Keypress: o
96.4461 	Level RINSE 	25
98.4300 	DATA 	Keypress: o
102.4248 	Level finished 	25
102.4262 	DATA 	Keypress: o
102.4275 	DATA 	Keypress: o
102.8135 	Level a.jpg at position=right and b.jpg at position=left 	25
104.4259 	DATA 	Keypress: o
104.4269 	DATA 	Keypress: 1
104.4469 	Level keypress=1 at time= 1.596904 	25
104.4473 	Level injecting via pump at address 1 and a keypress of 1 and image of b.jpg 	25
109.4307 	DATA 	Keypress: o
109.4324 	DATA 	Keypress: o
109.4338 	DATA 	Keypress: o
110.4478 	Level RINSE 	25
112.4298 	DATA 	Keypress: o
116.4248 	Level finished 	25
116.4264 	DATA 	Keypress: o
116.4276 	DATA 	Keypress: o
116.8093 	Level d.jpg at position=left and c.jpg at position=right 	25
118.4261 	DATA 	Keypress: o
118.4485 	Level Key Press Missed! 	25
123.4304 	DATA 	Keypress: o
123.4318 	DATA 	Keypress: o
123.4331 	DATA 	Keypress: o
124.4494 	Level RINSE 	25
126.4296 	DATA 	Keypress: o
131.4248 	Level finished 	25
131.4265 	DATA 	Keypress: o
131.4279 	DATA 	Keypress: o
131.4292 	DATA 	Keypress: o
131.8086 	Level c.jpg at position=right and d.jpg at position=left 	25
133.4261 	DATA 	Keypress: 1
133.4273 	DATA 	Keypress: 1
133.4283 	DATA 	Keypress: o
133.4507 	Level keypress=1 at time= 1.592688 	25
133.4514 	Level injecting via pump at address 2 and a keypress of 1 and image of d.jpg 	25
138.4299 	DATA 	Keypress: o
138.4310 	DATA 	Keypress: o
139.4275 	DATA 	Keypress: o
139.4344 	Level RINSE 	25
141.4306 	DATA 	Keypress: o
147.4248 	Level finished 	25
147.4264 	DATA 	Keypress: o
147.4276 	DATA 	Keypress: o
147.4288 	DATA 	Keypress: o
147.8120 	Level a.jpg at position=right and b.jpg at position=left 	25
149.4262 	DATA 	Keypress: o
149.4522 	Level Key Press Missed! 	25
154.4300 	DATA 	Keypress: o
154.4312 	DATA 	Keypress: o
155.4277 	DATA 	Keypress: o
155.4364 	Level RINSE 	25
157.4300 	DATA 	Keypress: o
161.4248 	Level finished 	25
161.4268 	DATA 	Keypress: o
161.4283 	DATA 	Keypress: 1
161.4295 	DATA 	Keypress: o
161.8166 	Level f.jpg at position=right and e.jpg at position=left 	25
163.4260 	DATA 	Keypress: 2
163.4272 	DATA 	Keypress: o
163.4538 	Level keypress=2 at time= 1.589023 	25
163.4543 	Level injecting via pump at address 1 and a keypress of 2 and image of f.jpg 	25
168.4306 	DATA 	Keypress: o
168.4319 	DATA 	Keypress: o
169.4275 	DATA 	Keypress: o
169.4547 	Level RINSE 	25
171.4302 	DATA 	Keypress: o
177.4248 	Level finished 	25
177.4262 	DATA 	Keypress: o
177.4271 	DATA 	Keypress: o
177.4280 	DATA 	Keypress: o
177.8199 	Level d.jpg at position=right and c.jpg at position=left 	25
179.4259 	DATA 	Keypress: 1
179.4269 	DATA 	Keypress: 1
179.4279 	DATA 	Keypress: o
179.4395 	Level keypress=1 at time= 1.587113 	25
179.4400 	Level injecting via pump at address 1 and a keypress of 1 and image of c.jpg 	25
184.4296 	DATA 	Keypress: 1
184.4309 	DATA 	Keypress: o
184.4319 	DATA 	Keypress: o
185.4279 	DATA 	Keypress: o
185.4566 	Level RINSE 	25
187.4297 	DATA 	Keypress: o
192.4248 	Level finished 	25
192.4266 	DATA 	Keypress: o
192.4282 	DATA 	Keypress: o
192.8082 	Level e.jpg at position=right and f.jpg at position=left 	25
194.4260 	DATA 	Keypress: o
194.4273 	DATA 	Keypress: 1
194.4574 	Level keypress=1 at time= 1.602933 	25
194.4578 	Level injecting via pump at address 2 and a keypress of 1 and image of f.jpg 	25
199.4299 	DATA 	Keypress: o
199.4311 	DATA 	Keypress: 1
199.4322 	DATA 	Keypress: 1
199.4333 	DATA 	Keypress: 1
199.4345 	DATA 	Keypress: o
199.4356 	DATA 	Keypress: o
200.4415 	Level RINSE 	25
202.4297 	DATA 	Keypress: o
207.4248 	Level finished 	25
207.4261 	DATA 	Keypress: o
207.4272 	DATA 	Keypress: o
207.4281 	DATA 	Keypress: o
207.8013 	Level d.jpg at position=left and c.jpg at position=right 	25
209.4259 	DATA 	Keypress: 1
209.4270 	DATA 	Keypress: 1
209.4279 	DATA 	Keypress: o
209.4424 	Level keypress=1 at time= 1.600153 	25
209.4429 	Level injecting via pump at address 1 and a keypress of 1 and image of d.jpg 	25
214.4301 	DATA 	Keypress: o
214.4314 	DATA 	Keypress: o
215.4274 	DATA 	Keypress: o
215.4434 	Level RINSE 	25
217.4298 	DATA 	Keypress: o
222.4248 	Level finished 	25
222.4261 	DATA 	Keypress: o
222.4271 	DATA 	Keypress: o
222.8120 	Level e.jpg at position=right and f.jpg at position=left 	25
224.4260 	DATA 	Keypress: o
224.4272 	DATA 	Keypress: 1
224.4448 	Level keypress=1 at time= 1.583059 	25
224.4452 	Level injecting via pump at address 1 and a keypress of 1 and image of f.jpg 	25
229.4307 	DATA 	Keypress: o
229.4320 	DATA 	Keypress: o
229.4331 	DATA 	Keypress: o
230.4450 	Level RINSE 	25
232.4308 	DATA 	Keypress: o
235.4248 	Level finished 	25
235.4265 	DATA 	Keypress: o
235.4277 	DATA 	Keypress: o
235.8095 	Level f.jpg at position=right and e.jpg at position=left 	25
237.4259 	DATA 	Keypress: 2
237.4272 	DATA 	Keypress: o
237.4283 	DATA 	Keypress: 2
237.4457 	Level keypress=2 at time= 1.596445 	25
237.4462 	Level injecting via pump at address 1 and a keypress of 2 and image of f.jpg 	25
242.4298 	DATA 	Keypress: o
242.4310 	DATA 	Keypress: o
243.4279 	DATA 	Keypress: o
243.4467 	Level RINSE 	25
245.4317 	DATA 	Keypress: o
249.4248 	Level finished 	25
249.4262 	DATA 	Keypress: o
249.4274 	DATA 	Keypress: o
249.8040 	Level c.jpg at position=right and d.jpg at position=left 	25
251.4260 	DATA 	Keypress: 1
251.4274 	DATA 	Keypress: 1
251.4290 	DATA 	Keypress: o
251.4474 	Level keypress=1 at time= 1.595345 	25
251.4479 	Level injecting via pump at address 2 and a keypress of 1 and image of d.jpg 	25
256.4306 	DATA 	Keypress: o
256.4322 	DATA 	Keypress: o
257.4275 	DATA 	Keypress: o
257.4481 	Level RINSE 	25
259.4292 	DATA 	Keypress: o
264.4248 	Level finished 	25
264.4264 	DATA 	Keypress: o
264.4278 	DATA 	Keypress: o
264.8094 	Level c.jpg at position=right and d.jpg at position=left 	25
266.4260 	DATA 	Keypress: o
266.4272 	DATA 	Keypress: 2
266.4496 	Level keypress=2 at time= 1.594784 	25
266.4501 	Level injecting via pump at address 1 and a keypress of 2 and image of c.jpg 	25
271.4303 	DATA 	Keypress: 2
271.4316 	DATA 	Keypress: o
271.4330 	DATA 	Keypress: o
271.4340 	DATA 	Keypress: o
272.4500 	Level RINSE 	25
274.4311 	DATA 	Keypress: o
280.4248 	Level finished 	25
280.4265 	DATA 	Keypress: o
280.4276 	DATA 	Keypress: o
280.4288 	DATA 	Keypress: o
280.8110 	Level b.jpg at position=right and a.jpg at position=left 	25
282.4263 	DATA 	Keypress: o
282.4344 	Level Key Press Missed! 	25
287.4302 	DATA 	Keypress: 2
287.4314 	DATA 	Keypress: 2
287.4323 	DATA 	Keypress: o
287.4332 	DATA 	Keypress: o
287.4342 	DATA 	Keypress: o
288.4519 	Level RINSE 	25
290.4297 	DATA 	Keypress: o
294.4248 	Level finished 	25
294.4262 	DATA 	Keypress: o
294.4274 	DATA 	Keypress: o
294.8086 	Level c.jpg at position=right and d.jpg at position=left 	25
296.4260 	DATA 	Keypress: o
296.4270 	DATA 	Keypress: 2
296.4279 	DATA 	Keypress: 2
296.4288 	DATA 	Keypress: 2
296.4528 	Level keypress=2 at time= 1.590996 	25
296.4534 	Level injecting via pump at address 2 and a keypress of 2 and image of c.jpg 	25
301.4313 	DATA 	Keypress: o
301.4326 	DATA 	Keypress: o
301.4342 	DATA 	Keypress: o
302.4367 	Level RINSE 	25
304.4301 	DATA 	Keypress: o
307.4248 	Level finished 	25
307.4265 	DATA 	Keypress: o
307.4278 	DATA 	Keypress: o
307.7926 	Level d.jpg at position=right and c.jpg at position=left 	25
309.4262 	DATA 	Keypress: 2
309.4275 	DATA 	Keypress: 2
309.4287 	DATA 	Keypress: o
309.4542 	Level keypress=2 at time= 1.622105 	25
309.4547 	Level injecting via pump at address 1 and a keypress of 2 and image of d.jpg 	25
314.4305 	DATA 	Keypress: o
314.4320 	DATA 	Keypress: o
315.4278 	DATA 	Keypress: o
315.4550 	Level RINSE 	25
317.4302 	DATA 	Keypress: o
322.4248 	Level finished 	25
322.4267 	DATA 	Keypress: o
322.4279 	DATA 	Keypress: o
322.8142 	Level c.jpg at position=left and d.jpg at position=right 	25
324.4262 	DATA 	Keypress: o
324.4273 	DATA 	Keypress: 2
324.4281 	DATA 	Keypress: 2
324.4397 	Level keypress=2 at time= 1.588025 	25
324.4403 	Level injecting via pump at address 2 and a keypress of 2 and image of d.jpg 	25
329.4300 	DATA 	Keypress: o
329.4311 	DATA 	Keypress: o
329.4321 	DATA 	Keypress: o
330.4401 	Level RINSE 	25
332.4302 	DATA 	Keypress: o
337.4248 	Level finished 	25
337.4264 	DATA 	Keypress: o
337.4276 	DATA 	Keypress: o
337.4288 	DATA 	Keypress: o
337.8179 	Level e.jpg at position=left and f.jpg at position=right 	25
339.4261 	DATA 	Keypress: 1
339.4273 	DATA 	Keypress: o
339.4411 	Level keypress=1 at time= 1.584739 	25
339.4415 	Level injecting via pump at address 1 and a keypress of 1 and image of e.jpg 	25
344.4301 	DATA 	Keypress: o
344.4313 	DATA 	Keypress: o
345.4276 	DATA 	Keypress: o
345.4420 	Level RINSE 	25
347.4298 	DATA 	Keypress: o
351.4248 	Level finished 	25
351.4266 	DATA 	Keypress: o
351.4279 	DATA 	Keypress: o
351.8278 	Level b.jpg at position=right and a.jpg at position=left 	25
353.4260 	DATA 	Keypress: 2
353.4272 	DATA 	Keypress: o
353.4594 	Level keypress=2 at time= 1.583540 	25
353.4599 	Level injecting via pump at address 2 and a keypress of 2 and image of b.jpg 	25
358.4314 	DATA 	Keypress: o
358.4330 	DATA 	Keypress: o
359.4276 	DATA 	Keypress: o
359.4434 	Level RINSE 	25
361.4294 	DATA 	Keypress: o
365.4248 	Level finished 	25
365.4267 	DATA 	Keypress: o
365.4281 	DATA 	Keypress: o
365.8032 	Level d.jpg at position=left and c.jpg at position=right 	25
367.4260 	DATA 	Keypress: 2
367.4272 	DATA 	Keypress: 2
367.4285 	DATA 	Keypress: o
367.4445 	Level keypress=2 at time= 1.598533 	25
367.4450 	Level injecting via pump at address 1 and a keypress of 2 and image of c.jpg 	25
372.4305 	DATA 	Keypress: o
372.4319 	DATA 	Keypress: o
373.4277 	DATA 	Keypress: o
373.4452 	Level RINSE 	25
375.4293 	DATA 	Keypress: o
381.4248 	Level finished 	25
381.4264 	DATA 	Keypress: o
381.4275 	DATA 	Keypress: o
381.4284 	DATA 	Keypress: o
381.8228 	Level b.jpg at position=right and a.jpg at position=left 	25
383.4263 	DATA 	Keypress: 2
383.4276 	DATA 	Keypress: o
383.4288 	DATA 	Keypress: 2
383.4466 	Level keypress=2 at time= 1.580281 	25
383.4472 	Level injecting via pump at address 1 and a keypress of 2 and image of b.jpg 	25
388.4301 	DATA 	Keypress: o
388.4313 	DATA 	Keypress: o
389.4275 	DATA 	Keypress: o
389.4471 	Level RINSE 	25
391.4291 	DATA 	Keypress: o
397.4248 	Level finished 	25
397.4267 	DATA 	Keypress: o
397.4281 	DATA 	Keypress: o
397.4293 	DATA 	Keypress: o
397.8184 	Level a.jpg at position=left and b.jpg at position=right 	25
399.4263 	DATA 	Keypress: 2
399.4277 	DATA 	Keypress: o
399.4481 	Level keypress=2 at time= 1.577908 	25
399.4485 	Level injecting via pump at address 2 and a keypress of 2 and image of b.jpg 	25
404.4301 	DATA 	Keypress: o
404.4313 	DATA 	Keypress: o
405.4276 	DATA 	Keypress: o
405.4489 	Level RINSE 	25
407.4303 	DATA 	Keypress: o
413.4248 	Level finished 	25
413.4268 	DATA 	Keypress: o
413.4286 	DATA 	Keypress: o
413.4300 	DATA 	Keypress: o
413.8169 	Level e.jpg at position=right and f.jpg at position=left 	25
415.4261 	DATA 	Keypress: 2
415.4275 	DATA 	Keypress: o
415.4287 	DATA 	Keypress: 2
415.4299 	DATA 	Keypress: 2
415.4500 	Level keypress=2 at time= 1.593033 	25
415.4505 	Level injecting via pump at address 2 and a keypress of 2 and image of e.jpg 	25
420.4300 	DATA 	Keypress: o
420.4313 	DATA 	Keypress: o
421.4277 	DATA 	Keypress: o
421.4509 	Level RINSE 	25
423.4305 	DATA 	Keypress: o
429.4248 	Level finished 	25
429.4266 	DATA 	Keypress: o
429.4278 	DATA 	Keypress: o
429.4289 	DATA 	Keypress: o
429.8194 	Level e.jpg at position=left and f.jpg at position=right 	25
431.4260 	DATA 	Keypress: 1
431.4272 	DATA 	Keypress: o
431.4522 	Level keypress=1 at time= 1.591035 	25
431.4527 	Level injecting via pump at address 1 and a keypress of 1 and image of e.jpg 	25
436.4299 	DATA 	Keypress: o
436.4311 	DATA 	Keypress: o
437.4274 	DATA 	Keypress: o
437.4528 	Level RINSE 	25
439.4306 	DATA 	Keypress: o
443.4248 	Level finished 	25
