39.8165 	DATA 	Keypress: o
39.8172 	Level start key press 	25
39.8172 	Level fixation 0.000001 	25
41.8200 	DATA 	Keypress: o
43.8206 	DATA 	Keypress: o
45.8205 	DATA 	Keypress: o
47.8208 	DATA 	Keypress: o
48.2851 	Level fixation end 0.000001 	25
48.2852 	Level START 	25
48.6836 	Level e.jpg at position=left and f.jpg at position=right 	25
50.2866 	DATA 	Keypress: 1
50.2883 	DATA 	Keypress: 1
50.2895 	DATA 	Keypress: o
50.3191 	Level keypress=1 at time= 1.584646 	25
50.3196 	Level injecting via pump at address 1 and a keypress of 1 and image of e.jpg 	25
55.2908 	DATA 	Keypress: o
55.2920 	DATA 	Keypress: o
56.2881 	DATA 	Keypress: o
56.3195 	Level RINSE 	25
58.2906 	DATA 	Keypress: o
64.2852 	Level finished 	25
64.2867 	DATA 	Keypress: o
64.2880 	DATA 	Keypress: o
64.2892 	DATA 	Keypress: o
64.6531 	Level d.jpg at position=right and c.jpg at position=left 	25
66.2868 	DATA 	Keypress: 1
66.2885 	DATA 	Keypress: o
66.3039 	Level keypress=1 at time= 1.616010 	25
66.3043 	Level injecting via pump at address 1 and a keypress of 1 and image of c.jpg 	25
71.2915 	DATA 	Keypress: o
71.2928 	DATA 	Keypress: o
72.2883 	DATA 	Keypress: o
72.3047 	Level RINSE 	25
74.2907 	DATA 	Keypress: o
79.2852 	Level finished 	25
79.2868 	DATA 	Keypress: o
79.2882 	DATA 	Keypress: o
79.6543 	Level c.jpg at position=right and d.jpg at position=left 	25
81.2865 	DATA 	Keypress: o
81.2880 	DATA 	Keypress: 2
81.3224 	Level keypress=2 at time= 1.615869 	25
81.3229 	Level injecting via pump at address 1 and a keypress of 2 and image of c.jpg 	25
86.2910 	DATA 	Keypress: o
86.2924 	DATA 	Keypress: o
86.2938 	DATA 	Keypress: o
87.3065 	Level RINSE 	25
89.2906 	DATA 	Keypress: o
94.2852 	Level finished 	25
94.2867 	DATA 	Keypress: o
94.2879 	DATA 	Keypress: o
94.2891 	DATA 	Keypress: o
94.6651 	Level c.jpg at position=left and d.jpg at position=right 	25
96.2863 	DATA 	Keypress: 1
96.2873 	DATA 	Keypress: o
96.3078 	Level keypress=1 at time= 1.595676 	25
96.3083 	Level injecting via pump at address 2 and a keypress of 1 and image of c.jpg 	25
101.2921 	DATA 	Keypress: o
101.2936 	DATA 	Keypress: o
102.2885 	DATA 	Keypress: o
102.3084 	Level RINSE 	25
104.2912 	DATA 	Keypress: o
110.2852 	Level finished 	25
110.2865 	DATA 	Keypress: o
110.2874 	DATA 	Keypress: o
110.2883 	DATA 	Keypress: o
110.6646 	Level a.jpg at position=right and b.jpg at position=left 	25
112.2863 	DATA 	Keypress: 2
112.2874 	DATA 	Keypress: o
112.3093 	Level keypress=2 at time= 1.593390 	25
112.3098 	Level injecting via pump at address 1 and a keypress of 2 and image of a.jpg 	25
117.2907 	DATA 	Keypress: o
117.2920 	DATA 	Keypress: o
118.2883 	DATA 	Keypress: o
118.3102 	Level RINSE 	25
120.2922 	DATA 	Keypress: o
124.2852 	Level finished 	25
124.2867 	DATA 	Keypress: o
124.2878 	DATA 	Keypress: o
124.6641 	Level a.jpg at position=right and b.jpg at position=left 	25
126.2863 	DATA 	Keypress: 2
126.2874 	DATA 	Keypress: o
126.3110 	Level keypress=2 at time= 1.592117 	25
126.3115 	Level injecting via pump at address 1 and a keypress of 2 and image of a.jpg 	25
131.2912 	DATA 	Keypress: o
131.2926 	DATA 	Keypress: o
132.2879 	DATA 	Keypress: o
132.2952 	Level RINSE 	25
134.2902 	DATA 	Keypress: o
139.2852 	Level finished 	25
139.2869 	DATA 	Keypress: o
139.2878 	DATA 	Keypress: o
139.6634 	Level a.jpg at position=right and b.jpg at position=left 	25
141.2865 	DATA 	Keypress: o
141.2877 	DATA 	Keypress: 1
141.2965 	Level keypress=1 at time= 1.591791 	25
141.2970 	Level injecting via pump at address 2 and a keypress of 1 and image of b.jpg 	25
146.2903 	DATA 	Keypress: o
146.2913 	DATA 	Keypress: o
146.2923 	DATA 	Keypress: o
147.2969 	Level RINSE 	25
149.2918 	DATA 	Keypress: o
154.2852 	Level finished 	25
154.2867 	DATA 	Keypress: o
154.2879 	DATA 	Keypress: o
154.2889 	DATA 	Keypress: o
154.6654 	Level f.jpg at position=right and e.jpg at position=left 	25
156.2863 	DATA 	Keypress: 2
156.2873 	DATA 	Keypress: o
156.3145 	Level keypress=2 at time= 1.588206 	25
156.3149 	Level injecting via pump at address 2 and a keypress of 2 and image of f.jpg 	25
161.2912 	DATA 	Keypress: o
161.2927 	DATA 	Keypress: o
162.2880 	DATA 	Keypress: o
162.3154 	Level RINSE 	25
164.2897 	DATA 	Keypress: o
170.2852 	Level finished 	25
170.2869 	DATA 	Keypress: o
170.2882 	DATA 	Keypress: o
170.2894 	DATA 	Keypress: o
170.6652 	Level d.jpg at position=right and c.jpg at position=left 	25
172.2866 	DATA 	Keypress: 2
172.2878 	DATA 	Keypress: o
172.2997 	Level keypress=2 at time= 1.587033 	25
172.3002 	Level injecting via pump at address 1 and a keypress of 2 and image of d.jpg 	25
177.2905 	DATA 	Keypress: o
177.2916 	DATA 	Keypress: o
178.2888 	DATA 	Keypress: o
178.3174 	Level RINSE 	25
180.2917 	DATA 	Keypress: o
186.2852 	Level finished 	25
186.2868 	DATA 	Keypress: o
186.2880 	DATA 	Keypress: o
186.2892 	DATA 	Keypress: o
186.6669 	Level f.jpg at position=right and e.jpg at position=left 	25
188.2867 	DATA 	Keypress: 2
188.2884 	DATA 	Keypress: o
188.3021 	Level keypress=2 at time= 1.585267 	25
188.3026 	Level injecting via pump at address 1 and a keypress of 2 and image of f.jpg 	25
193.2908 	DATA 	Keypress: o
193.2921 	DATA 	Keypress: o
194.2880 	DATA 	Keypress: o
194.3024 	Level RINSE 	25
196.2898 	DATA 	Keypress: o
199.2852 	Level finished 	25
199.2875 	DATA 	Keypress: o
199.6730 	Level e.jpg at position=left and f.jpg at position=right 	25
201.2868 	DATA 	Keypress: o
201.2885 	DATA 	Keypress: 1
201.3031 	Level keypress=1 at time= 1.585160 	25
201.3037 	Level injecting via pump at address 1 and a keypress of 1 and image of e.jpg 	25
206.2906 	DATA 	Keypress: o
206.2916 	DATA 	Keypress: o
206.2925 	DATA 	Keypress: o
207.3040 	Level RINSE 	25
209.2916 	DATA 	Keypress: o
214.2852 	Level finished 	25
214.2873 	DATA 	Keypress: o
214.2892 	DATA 	Keypress: o
214.2905 	DATA 	Keypress: o
214.6777 	Level b.jpg at position=right and a.jpg at position=left 	25
216.2864 	DATA 	Keypress: 2
216.2876 	DATA 	Keypress: o
216.3049 	Level keypress=2 at time= 1.581700 	25
216.3054 	Level injecting via pump at address 2 and a keypress of 2 and image of b.jpg 	25
221.2912 	DATA 	Keypress: o
221.2929 	DATA 	Keypress: o
222.2885 	DATA 	Keypress: o
222.3057 	Level RINSE 	25
224.2908 	DATA 	Keypress: o
230.2852 	Level finished 	25
230.2869 	DATA 	Keypress: o
230.2882 	DATA 	Keypress: o
230.2895 	DATA 	Keypress: o
230.6693 	Level a.jpg at position=left and b.jpg at position=right 	25
232.2865 	DATA 	Keypress: 1
232.2878 	DATA 	Keypress: o
232.3072 	Level keypress=1 at time= 1.579910 	25
232.3077 	Level injecting via pump at address 1 and a keypress of 1 and image of a.jpg 	25
237.2912 	DATA 	Keypress: o
237.2924 	DATA 	Keypress: o
238.2877 	DATA 	Keypress: o
238.3076 	Level RINSE 	25
240.2915 	DATA 	Keypress: o
244.2852 	Level finished 	25
244.2869 	DATA 	Keypress: o
244.2883 	DATA 	Keypress: o
244.6793 	Level f.jpg at position=left and e.jpg at position=right 	25
246.2865 	DATA 	Keypress: 2
246.2878 	DATA 	Keypress: o
246.3084 	Level keypress=2 at time= 1.594704 	25
246.3089 	Level injecting via pump at address 1 and a keypress of 2 and image of e.jpg 	25
251.2911 	DATA 	Keypress: o
251.2926 	DATA 	Keypress: o
252.2884 	DATA 	Keypress: o
252.3093 	Level RINSE 	25
254.2921 	DATA 	Keypress: o
258.2852 	Level finished 	25
258.2868 	DATA 	Keypress: o
258.2884 	DATA 	Keypress: o
258.6804 	Level a.jpg at position=left and b.jpg at position=right 	25
260.2866 	DATA 	Keypress: 2
260.2880 	DATA 	Keypress: o
260.3101 	Level keypress=2 at time= 1.576689 	25
260.3106 	Level injecting via pump at address 2 and a keypress of 2 and image of b.jpg 	25
265.2905 	DATA 	Keypress: o
265.2918 	DATA 	Keypress: o
266.2877 	DATA 	Keypress: o
266.2942 	Level RINSE 	25
268.2906 	DATA 	Keypress: o
272.2852 	Level finished 	25
272.2872 	DATA 	Keypress: o
272.2888 	DATA 	Keypress: o
272.6747 	Level a.jpg at position=right and b.jpg at position=left 	25
274.2865 	DATA 	Keypress: 1
274.2876 	DATA 	Keypress: o
274.3117 	Level keypress=1 at time= 1.591630 	25
274.3122 	Level injecting via pump at address 2 and a keypress of 1 and image of b.jpg 	25
279.2914 	DATA 	Keypress: o
279.2930 	DATA 	Keypress: o
280.2883 	DATA 	Keypress: o
280.3126 	Level RINSE 	25
282.2921 	DATA 	Keypress: o
285.2852 	Level finished 	25
285.2869 	DATA 	Keypress: o
285.6655 	Level e.jpg at position=left and f.jpg at position=right 	25
287.2863 	DATA 	Keypress: o
287.2874 	DATA 	Keypress: 2
287.3131 	Level keypress=2 at time= 1.590997 	25
287.3137 	Level injecting via pump at address 2 and a keypress of 2 and image of f.jpg 	25
292.2908 	DATA 	Keypress: o
292.2918 	DATA 	Keypress: o
292.2929 	DATA 	Keypress: o
293.3140 	Level RINSE 	25
295.2920 	DATA 	Keypress: o
300.2852 	Level finished 	25
300.2871 	DATA 	Keypress: o
300.2884 	DATA 	Keypress: o
300.2898 	DATA 	Keypress: o
300.6735 	Level f.jpg at position=right and e.jpg at position=left 	25
302.2864 	DATA 	Keypress: 2
302.2875 	DATA 	Keypress: o
302.3154 	Level keypress=2 at time= 1.588363 	25
302.3159 	Level injecting via pump at address 2 and a keypress of 2 and image of f.jpg 	25
307.2900 	DATA 	Keypress: o
307.2910 	DATA 	Keypress: o
308.2877 	DATA 	Keypress: o
308.3158 	Level RINSE 	25
310.2918 	DATA 	Keypress: o
315.2852 	Level finished 	25
315.2870 	DATA 	Keypress: o
315.2887 	DATA 	Keypress: o
315.6758 	Level e.jpg at position=left and f.jpg at position=right 	25
317.2863 	DATA 	Keypress: o
317.2876 	DATA 	Keypress: 1
317.3000 	Level keypress=1 at time= 1.587438 	25
317.3004 	Level injecting via pump at address 1 and a keypress of 1 and image of e.jpg 	25
322.2910 	DATA 	Keypress: o
322.2923 	DATA 	Keypress: o
322.2936 	DATA 	Keypress: o
323.3008 	Level RINSE 	25
325.2905 	DATA 	Keypress: o
329.2852 	Level finished 	25
329.2870 	DATA 	Keypress: o
329.2880 	DATA 	Keypress: o
329.6571 	Level d.jpg at position=right and c.jpg at position=left 	25
331.2867 	DATA 	Keypress: o
331.2882 	DATA 	Keypress: 1
331.3016 	Level keypress=1 at time= 1.603491 	25
331.3020 	Level injecting via pump at address 1 and a keypress of 1 and image of c.jpg 	25
336.2918 	DATA 	Keypress: o
336.2931 	DATA 	Keypress: o
336.2943 	DATA 	Keypress: o
337.3192 	Level RINSE 	25
339.2903 	DATA 	Keypress: o
343.2852 	Level finished 	25
343.2869 	DATA 	Keypress: o
343.2882 	DATA 	Keypress: o
343.6687 	Level b.jpg at position=left and a.jpg at position=right 	25
345.2866 	DATA 	Keypress: o
345.2876 	DATA 	Keypress: 2
345.3032 	Level keypress=2 at time= 1.584465 	25
345.3037 	Level injecting via pump at address 1 and a keypress of 2 and image of a.jpg 	25
350.2913 	DATA 	Keypress: o
350.2928 	DATA 	Keypress: o
350.2940 	DATA 	Keypress: o
351.3040 	Level RINSE 	25
353.2909 	DATA 	Keypress: o
359.2852 	Level finished 	25
359.2870 	DATA 	Keypress: o
359.2881 	DATA 	Keypress: o
359.2891 	DATA 	Keypress: o
359.6722 	Level e.jpg at position=left and f.jpg at position=right 	25
361.2865 	DATA 	Keypress: o
361.2882 	DATA 	Keypress: 1
361.3055 	Level keypress=1 at time= 1.599884 	25
361.3061 	Level injecting via pump at address 2 and a keypress of 1 and image of e.jpg 	25
366.2906 	DATA 	Keypress: o
366.2918 	DATA 	Keypress: o
366.2930 	DATA 	Keypress: o
367.3060 	Level RINSE 	25
369.2899 	DATA 	Keypress: o
373.2852 	Level finished 	25
373.2873 	DATA 	Keypress: o
373.2887 	DATA 	Keypress: o
373.6704 	Level b.jpg at position=left and a.jpg at position=right 	25
375.2864 	DATA 	Keypress: o
375.2877 	DATA 	Keypress: 2
375.3068 	Level keypress=2 at time= 1.597448 	25
375.3072 	Level injecting via pump at address 1 and a keypress of 2 and image of a.jpg 	25
380.2906 	DATA 	Keypress: o
380.2921 	DATA 	Keypress: o
380.2934 	DATA 	Keypress: o
381.2909 	Level RINSE 	25
383.2918 	DATA 	Keypress: o
388.2852 	Level finished 	25
388.2868 	DATA 	Keypress: o
388.2878 	DATA 	Keypress: o
388.2888 	DATA 	Keypress: o
388.6628 	Level f.jpg at position=right and e.jpg at position=left 	25
390.2868 	DATA 	Keypress: 2
390.2884 	DATA 	Keypress: o
390.3085 	Level keypress=2 at time= 1.595076 	25
390.3090 	Level injecting via pump at address 1 and a keypress of 2 and image of f.jpg 	25
395.2903 	DATA 	Keypress: o
395.2913 	DATA 	Keypress: o
396.2876 	DATA 	Keypress: o
396.3094 	Level RINSE 	25
398.2908 	DATA 	Keypress: o
402.2852 	Level finished 	25
402.2876 	DATA 	Keypress: o
402.2895 	DATA 	Keypress: o
402.6799 	Level f.jpg at position=right and e.jpg at position=left 	25
404.2862 	DATA 	Keypress: 2
404.2872 	DATA 	Keypress: o
404.3102 	Level keypress=2 at time= 1.576168 	25
404.3107 	Level injecting via pump at address 1 and a keypress of 2 and image of f.jpg 	25
409.2907 	DATA 	Keypress: o
409.2920 	DATA 	Keypress: o
410.2876 	DATA 	Keypress: o
410.2945 	Level RINSE 	25
412.2911 	DATA 	Keypress: o
418.2852 	Level finished 	25
418.2869 	DATA 	Keypress: o
418.2882 	DATA 	Keypress: o
418.2893 	DATA 	Keypress: o
418.6804 	Level e.jpg at position=left and f.jpg at position=right 	25
420.2864 	DATA 	Keypress: 1
420.2876 	DATA 	Keypress: o
420.3125 	Level keypress=1 at time= 1.591140 	25
420.3130 	Level injecting via pump at address 1 and a keypress of 1 and image of e.jpg 	25
425.2909 	DATA 	Keypress: o
425.2921 	DATA 	Keypress: o
426.2880 	DATA 	Keypress: o
426.3130 	Level RINSE 	25
428.2896 	DATA 	Keypress: o
435.2852 	Level finished 	25
