33.8961 	DATA 	Keypress: o
33.8968 	Level start key press 	25
33.8968 	Level fixation 0.000002 	25
35.8984 	DATA 	Keypress: o
37.8986 	DATA 	Keypress: o
39.8990 	DATA 	Keypress: o
41.8991 	DATA 	Keypress: o
42.3469 	Level fixation end 0.000002 	25
42.3469 	Level START 	25
42.7276 	Level c.jpg at position=right and d.jpg at position=left 	25
44.3485 	DATA 	Keypress: 2
44.3503 	DATA 	Keypress: o
44.3808 	Level keypress=2 at time= 1.601582 	25
44.3813 	Level injecting via pump at address 1 and a keypress of 2 and image of c.jpg 	25
49.3532 	DATA 	Keypress: o
49.3548 	DATA 	Keypress: o
50.3506 	DATA 	Keypress: o
50.3645 	Level RINSE 	25
52.3519 	DATA 	Keypress: o
58.3469 	Level finished 	25
58.3484 	DATA 	Keypress: o
58.3496 	DATA 	Keypress: o
58.3505 	DATA 	Keypress: o
58.7178 	Level d.jpg at position=left and c.jpg at position=right 	25
60.3484 	DATA 	Keypress: 2
60.3498 	DATA 	Keypress: o
60.3824 	Level keypress=2 at time= 1.599153 	25
60.3828 	Level injecting via pump at address 2 and a keypress of 2 and image of c.jpg 	25
65.3529 	DATA 	Keypress: o
65.3540 	DATA 	Keypress: o
66.3495 	DATA 	Keypress: o
66.3666 	Level RINSE 	25
68.3521 	DATA 	Keypress: o
73.3469 	Level finished 	25
73.3482 	DATA 	Keypress: o
73.3492 	DATA 	Keypress: o
73.7303 	Level d.jpg at position=right and c.jpg at position=left 	25
75.3482 	DATA 	Keypress: o
75.3495 	DATA 	Keypress: 1
75.3674 	Level keypress=1 at time= 1.598977 	25
75.3679 	Level injecting via pump at address 1 and a keypress of 1 and image of c.jpg 	25
80.3514 	DATA 	Keypress: o
80.3523 	DATA 	Keypress: o
80.3533 	DATA 	Keypress: o
81.3684 	Level RINSE 	25
83.3525 	DATA 	Keypress: o
88.3469 	Level finished 	25
88.3483 	DATA 	Keypress: o
88.3494 	DATA 	Keypress: o
88.3505 	DATA 	Keypress: o
88.7239 	Level a.jpg at position=left and b.jpg at position=right 	25
90.3480 	DATA 	Keypress: 1
90.3492 	DATA 	Keypress: o
90.3696 	Level keypress=1 at time= 1.612269 	25
90.3701 	Level injecting via pump at address 2 and a keypress of 1 and image of a.jpg 	25
95.3523 	DATA 	Keypress: o
95.3536 	DATA 	Keypress: o
96.3495 	DATA 	Keypress: o
96.3701 	Level RINSE 	25
98.3526 	DATA 	Keypress: o
104.3469 	Level finished 	25
104.3485 	DATA 	Keypress: o
104.3495 	DATA 	Keypress: o
104.3504 	DATA 	Keypress: o
104.7211 	Level c.jpg at position=left and d.jpg at position=right 	25
106.3482 	DATA 	Keypress: 1
106.3497 	DATA 	Keypress: o
106.3711 	Level keypress=1 at time= 1.610320 	25
106.3716 	Level injecting via pump at address 1 and a keypress of 1 and image of c.jpg 	25
111.3520 	DATA 	Keypress: o
111.3534 	DATA 	Keypress: o
112.3495 	DATA 	Keypress: o
112.3720 	Level RINSE 	25
114.3525 	DATA 	Keypress: o
118.3469 	Level finished 	25
118.3484 	DATA 	Keypress: o
118.3498 	DATA 	Keypress: o
118.7344 	Level a.jpg at position=left and b.jpg at position=right 	25
120.3482 	DATA 	Keypress: 2
120.3494 	DATA 	Keypress: o
120.3561 	Level keypress=2 at time= 1.592346 	25
120.3566 	Level injecting via pump at address 2 and a keypress of 2 and image of b.jpg 	25
125.3522 	DATA 	Keypress: o
125.3535 	DATA 	Keypress: o
126.3496 	DATA 	Keypress: o
126.3568 	Level RINSE 	25
128.3534 	DATA 	Keypress: o
133.3469 	Level finished 	25
133.3484 	DATA 	Keypress: o
133.3497 	DATA 	Keypress: o
133.7240 	Level c.jpg at position=right and d.jpg at position=left 	25
135.3480 	DATA 	Keypress: o
135.3490 	DATA 	Keypress: 2
135.3748 	Level keypress=2 at time= 1.608074 	25
135.3753 	Level injecting via pump at address 1 and a keypress of 2 and image of c.jpg 	25
140.3530 	DATA 	Keypress: o
140.3543 	DATA 	Keypress: o
140.3553 	DATA 	Keypress: o
141.3754 	Level RINSE 	25
143.3534 	DATA 	Keypress: o
148.3469 	Level finished 	25
148.3483 	DATA 	Keypress: o
148.3492 	DATA 	Keypress: o
148.3502 	DATA 	Keypress: o
148.7326 	Level a.jpg at position=left and b.jpg at position=right 	25
150.3481 	DATA 	Keypress: o
150.3493 	DATA 	Keypress: 2
150.3762 	Level keypress=2 at time= 1.589524 	25
150.3767 	Level injecting via pump at address 1 and a keypress of 2 and image of b.jpg 	25
155.3519 	DATA 	Keypress: o
155.3532 	DATA 	Keypress: o
156.3493 	DATA 	Keypress: o
156.3772 	Level RINSE 	25
158.3518 	DATA 	Keypress: o
164.3469 	Level finished 	25
164.3484 	DATA 	Keypress: o
164.3494 	DATA 	Keypress: o
164.3505 	DATA 	Keypress: o
164.7441 	Level f.jpg at position=right and e.jpg at position=left 	25
166.3486 	DATA 	Keypress: 2
166.3505 	DATA 	Keypress: o
166.3781 	Level keypress=2 at time= 1.587177 	25
166.3786 	Level injecting via pump at address 1 and a keypress of 2 and image of f.jpg 	25
171.3523 	DATA 	Keypress: o
171.3535 	DATA 	Keypress: o
172.3495 	DATA 	Keypress: o
172.3790 	Level RINSE 	25
174.3520 	DATA 	Keypress: o
180.3469 	Level finished 	25
180.3485 	DATA 	Keypress: o
180.3496 	DATA 	Keypress: o
180.3507 	DATA 	Keypress: o
180.7193 	Level c.jpg at position=right and d.jpg at position=left 	25
182.3483 	DATA 	Keypress: 1
182.3494 	DATA 	Keypress: o
182.3636 	Level keypress=1 at time= 1.601801 	25
182.3641 	Level injecting via pump at address 2 and a keypress of 1 and image of d.jpg 	25
187.3515 	DATA 	Keypress: o
187.3528 	DATA 	Keypress: o
188.3505 	DATA 	Keypress: o
188.3808 	Level RINSE 	25
190.3537 	DATA 	Keypress: o
193.3469 	Level finished 	25
193.3484 	DATA 	Keypress: o
193.7253 	Level b.jpg at position=right and a.jpg at position=left 	25
195.3480 	DATA 	Keypress: o
195.3492 	DATA 	Keypress: 1
195.3649 	Level keypress=1 at time= 1.600865 	25
195.3653 	Level injecting via pump at address 2 and a keypress of 1 and image of a.jpg 	25
200.3524 	DATA 	Keypress: o
200.3536 	DATA 	Keypress: o
200.3545 	DATA 	Keypress: o
201.3657 	Level RINSE 	25
203.3536 	DATA 	Keypress: o
208.3469 	Level finished 	25
208.3484 	DATA 	Keypress: o
208.3495 	DATA 	Keypress: o
208.3504 	DATA 	Keypress: o
208.7276 	Level d.jpg at position=right and c.jpg at position=left 	25
210.3480 	DATA 	Keypress: o
210.3491 	DATA 	Keypress: 2
210.3666 	Level keypress=2 at time= 1.599330 	25
210.3670 	Level injecting via pump at address 1 and a keypress of 2 and image of d.jpg 	25
215.3524 	DATA 	Keypress: o
215.3536 	DATA 	Keypress: o
216.3493 	DATA 	Keypress: o
216.3674 	Level RINSE 	25
218.3519 	DATA 	Keypress: o
224.3469 	Level finished 	25
224.3484 	DATA 	Keypress: o
224.3496 	DATA 	Keypress: o
224.3507 	DATA 	Keypress: o
224.7302 	Level c.jpg at position=right and d.jpg at position=left 	25
226.3484 	DATA 	Keypress: 2
226.3499 	DATA 	Keypress: o
226.3688 	Level keypress=2 at time= 1.596842 	25
226.3694 	Level injecting via pump at address 1 and a keypress of 2 and image of c.jpg 	25
231.3520 	DATA 	Keypress: o
231.3532 	DATA 	Keypress: o
232.3496 	DATA 	Keypress: o
232.3527 	Level RINSE 	25
234.3519 	DATA 	Keypress: o
238.3469 	Level finished 	25
238.3484 	DATA 	Keypress: o
238.3499 	DATA 	Keypress: o
238.7230 	Level e.jpg at position=right and f.jpg at position=left 	25
240.3480 	DATA 	Keypress: 2
240.3490 	DATA 	Keypress: o
240.3701 	Level keypress=2 at time= 1.610946 	25
240.3705 	Level injecting via pump at address 1 and a keypress of 2 and image of e.jpg 	25
245.3524 	DATA 	Keypress: o
245.3537 	DATA 	Keypress: o
246.3497 	DATA 	Keypress: o
246.3710 	Level RINSE 	25
248.3562 	DATA 	Keypress: o
252.3469 	Level finished 	25
252.3485 	DATA 	Keypress: o
252.3497 	DATA 	Keypress: o
252.7321 	Level a.jpg at position=right and b.jpg at position=left 	25
254.3480 	DATA 	Keypress: o
254.3492 	DATA 	Keypress: 2
254.3550 	Level keypress=2 at time= 1.594283 	25
254.3555 	Level injecting via pump at address 1 and a keypress of 2 and image of a.jpg 	25
259.3518 	DATA 	Keypress: o
259.3531 	DATA 	Keypress: o
260.3504 	DATA 	Keypress: o
260.3560 	Level RINSE 	25
262.3517 	DATA 	Keypress: o
266.3469 	Level finished 	25
266.3491 	DATA 	Keypress: o
266.3510 	DATA 	Keypress: o
266.7256 	Level c.jpg at position=left and d.jpg at position=right 	25
268.3481 	DATA 	Keypress: 1
268.3494 	DATA 	Keypress: o
268.3734 	Level keypress=1 at time= 1.608318 	25
268.3738 	Level injecting via pump at address 2 and a keypress of 1 and image of c.jpg 	25
273.3542 	DATA 	Keypress: o
273.3558 	DATA 	Keypress: o
274.3499 	DATA 	Keypress: o
274.3743 	Level RINSE 	25
276.3523 	DATA 	Keypress: o
279.3469 	Level finished 	25
279.3483 	DATA 	Keypress: o
279.7239 	Level d.jpg at position=right and c.jpg at position=left 	25
281.3480 	DATA 	Keypress: o
281.3490 	DATA 	Keypress: 1
281.3750 	Level keypress=1 at time= 1.607621 	25
281.3754 	Level injecting via pump at address 2 and a keypress of 1 and image of c.jpg 	25
286.3523 	DATA 	Keypress: o
286.3536 	DATA 	Keypress: o
286.3546 	DATA 	Keypress: o
287.3758 	Level RINSE 	25
289.3514 	DATA 	Keypress: o
294.3469 	Level finished 	25
294.3486 	DATA 	Keypress: o
294.3498 	DATA 	Keypress: o
294.3509 	DATA 	Keypress: o
294.7317 	Level b.jpg at position=right and a.jpg at position=left 	25
296.3488 	DATA 	Keypress: 1
296.3504 	DATA 	Keypress: o
296.3772 	Level keypress=1 at time= 1.605669 	25
296.3777 	Level injecting via pump at address 2 and a keypress of 1 and image of a.jpg 	25
301.3525 	DATA 	Keypress: o
301.3537 	DATA 	Keypress: o
302.3495 	DATA 	Keypress: o
302.3608 	Level RINSE 	25
304.3518 	DATA 	Keypress: o
309.3469 	Level finished 	25
309.3488 	DATA 	Keypress: o
309.3500 	DATA 	Keypress: o
309.7241 	Level d.jpg at position=left and c.jpg at position=right 	25
311.3480 	DATA 	Keypress: o
311.3490 	DATA 	Keypress: 2
311.3617 	Level keypress=2 at time= 1.587084 	25
311.3622 	Level injecting via pump at address 1 and a keypress of 2 and image of c.jpg 	25
316.3514 	DATA 	Keypress: o
316.3524 	DATA 	Keypress: o
316.3533 	DATA 	Keypress: o
317.3626 	Level RINSE 	25
319.3539 	DATA 	Keypress: o
323.3469 	Level finished 	25
323.3486 	DATA 	Keypress: o
323.3499 	DATA 	Keypress: o
323.7340 	Level a.jpg at position=left and b.jpg at position=right 	25
325.3480 	DATA 	Keypress: o
325.3490 	DATA 	Keypress: 2
325.3802 	Level keypress=2 at time= 1.585854 	25
325.3806 	Level injecting via pump at address 2 and a keypress of 2 and image of b.jpg 	25
330.3524 	DATA 	Keypress: o
330.3534 	DATA 	Keypress: o
330.3543 	DATA 	Keypress: o
331.3642 	Level RINSE 	25
333.3522 	DATA 	Keypress: o
337.3469 	Level finished 	25
337.3484 	DATA 	Keypress: o
337.3493 	DATA 	Keypress: o
337.7353 	Level e.jpg at position=left and f.jpg at position=right 	25
339.3481 	DATA 	Keypress: o
339.3493 	DATA 	Keypress: 1
339.3650 	Level keypress=1 at time= 1.584477 	25
339.3655 	Level injecting via pump at address 2 and a keypress of 1 and image of e.jpg 	25
344.3534 	DATA 	Keypress: o
344.3551 	DATA 	Keypress: o
344.3567 	DATA 	Keypress: o
345.3659 	Level RINSE 	25
347.3521 	DATA 	Keypress: o
353.3469 	Level finished 	25
353.3485 	DATA 	Keypress: o
353.3494 	DATA 	Keypress: o
353.3503 	DATA 	Keypress: o
353.7305 	Level a.jpg at position=right and b.jpg at position=left 	25
355.3486 	DATA 	Keypress: o
355.3505 	DATA 	Keypress: 1
355.3672 	Level keypress=1 at time= 1.583694 	25
355.3678 	Level injecting via pump at address 2 and a keypress of 1 and image of b.jpg 	25
360.3528 	DATA 	Keypress: o
360.3541 	DATA 	Keypress: o
360.3554 	DATA 	Keypress: o
361.3678 	Level RINSE 	25
363.3517 	DATA 	Keypress: o
367.3469 	Level finished 	25
367.3486 	DATA 	Keypress: o
367.3498 	DATA 	Keypress: o
367.7264 	Level e.jpg at position=left and f.jpg at position=right 	25
369.3481 	DATA 	Keypress: o
369.3491 	DATA 	Keypress: 2
369.3686 	Level keypress=2 at time= 1.597086 	25
369.3690 	Level injecting via pump at address 1 and a keypress of 2 and image of f.jpg 	25
374.3523 	DATA 	Keypress: o
374.3536 	DATA 	Keypress: o
374.3548 	DATA 	Keypress: o
375.3695 	Level RINSE 	25
377.3538 	DATA 	Keypress: o
382.3469 	Level finished 	25
382.3485 	DATA 	Keypress: o
382.3498 	DATA 	Keypress: o
382.3509 	DATA 	Keypress: o
382.7179 	Level c.jpg at position=right and d.jpg at position=left 	25
384.3480 	DATA 	Keypress: 1
384.3491 	DATA 	Keypress: o
384.3702 	Level keypress=1 at time= 1.611166 	25
384.3707 	Level injecting via pump at address 2 and a keypress of 1 and image of d.jpg 	25
389.3535 	DATA 	Keypress: o
389.3547 	DATA 	Keypress: o
390.3502 	DATA 	Keypress: o
390.3712 	Level RINSE 	25
392.3527 	DATA 	Keypress: o
396.3469 	Level finished 	25
396.3487 	DATA 	Keypress: o
396.3498 	DATA 	Keypress: o
396.7314 	Level b.jpg at position=left and a.jpg at position=right 	25
398.3480 	DATA 	Keypress: 1
398.3491 	DATA 	Keypress: o
398.3719 	Level keypress=1 at time= 1.592911 	25
398.3724 	Level injecting via pump at address 2 and a keypress of 1 and image of b.jpg 	25
403.3522 	DATA 	Keypress: o
403.3535 	DATA 	Keypress: o
404.3495 	DATA 	Keypress: o
404.3561 	Level RINSE 	25
406.3513 	DATA 	Keypress: o
412.3469 	Level finished 	25
412.3487 	DATA 	Keypress: o
412.3499 	DATA 	Keypress: o
412.3511 	DATA 	Keypress: o
412.7326 	Level e.jpg at position=right and f.jpg at position=left 	25
414.3481 	DATA 	Keypress: o
414.3496 	DATA 	Keypress: 1
414.3742 	Level keypress=1 at time= 1.592743 	25
414.3747 	Level injecting via pump at address 2 and a keypress of 1 and image of f.jpg 	25
419.3520 	DATA 	Keypress: o
419.3532 	DATA 	Keypress: o
420.3497 	DATA 	Keypress: o
420.3580 	Level RINSE 	25
422.3531 	DATA 	Keypress: o
429.3469 	Level finished 	25
