22.7000 	DATA 	Keypress: 1
22.7218 	DATA 	Keypress: 1
22.7264 	DATA 	Keypress: 1
22.7395 	DATA 	Keypress: 1
22.7550 	DATA 	Keypress: 1
22.7627 	DATA 	Keypress: 1
22.7886 	DATA 	Keypress: 1
22.7905 	DATA 	Keypress: 1
22.8003 	DATA 	Keypress: 1
22.8217 	DATA 	Keypress: 1
22.8262 	DATA 	Keypress: 1
22.8397 	DATA 	Keypress: 1
22.8550 	DATA 	Keypress: 1
22.8628 	DATA 	Keypress: 1
22.8885 	DATA 	Keypress: 1
22.8904 	DATA 	Keypress: 1
22.8997 	DATA 	Keypress: 1
22.9216 	DATA 	Keypress: 1
22.9253 	DATA 	Keypress: 1
22.9387 	DATA 	Keypress: 1
22.9498 	DATA 	Keypress: 1
22.9716 	DATA 	Keypress: 1
22.9764 	DATA 	Keypress: 1
22.9898 	DATA 	Keypress: 1
23.0050 	DATA 	Keypress: 1
23.0134 	DATA 	Keypress: 1
23.0389 	DATA 	Keypress: 1
23.0408 	DATA 	Keypress: 1
23.0501 	DATA 	Keypress: 1
23.0716 	DATA 	Keypress: 1
23.0764 	DATA 	Keypress: 1
23.0896 	DATA 	Keypress: 1
23.1049 	DATA 	Keypress: 1
23.1130 	DATA 	Keypress: 1
23.1387 	DATA 	Keypress: 1
23.1407 	DATA 	Keypress: 1
23.1512 	DATA 	Keypress: 1
23.1717 	DATA 	Keypress: 1
23.1765 	DATA 	Keypress: 1
23.2050 	DATA 	Keypress: 1
23.2069 	DATA 	Keypress: 1
23.2132 	DATA 	Keypress: 1
23.2384 	DATA 	Keypress: 1
23.2404 	DATA 	Keypress: 1
23.2512 	DATA 	Keypress: 1
23.2717 	DATA 	Keypress: 1
23.2783 	DATA 	Keypress: 1
23.3050 	DATA 	Keypress: 1
23.3070 	DATA 	Keypress: 1
23.3163 	DATA 	Keypress: 1
23.3384 	DATA 	Keypress: 1
25.3609 	DATA 	Keypress: 1
25.3741 	DATA 	Keypress: 1
25.3888 	DATA 	Keypress: 1
25.4008 	DATA 	Keypress: 1
25.4219 	DATA 	Keypress: 1
25.4285 	DATA 	Keypress: 1
25.4411 	DATA 	Keypress: 1
25.4556 	DATA 	Keypress: 1
25.4719 	DATA 	Keypress: 1
25.4794 	DATA 	Keypress: 1
25.5036 	DATA 	Keypress: 1
25.5219 	DATA 	Keypress: 1
25.5283 	DATA 	Keypress: 1
25.5416 	DATA 	Keypress: 1
25.5551 	DATA 	Keypress: 1
25.5769 	DATA 	Keypress: 1
25.5911 	DATA 	Keypress: 1
25.6052 	DATA 	Keypress: 1
25.6150 	DATA 	Keypress: 1
25.6405 	DATA 	Keypress: 1
25.6553 	DATA 	Keypress: 1
25.6760 	DATA 	Keypress: 1
25.7020 	DATA 	Keypress: 1
25.7220 	DATA 	Keypress: 1
25.7285 	DATA 	Keypress: 1
25.7531 	DATA 	Keypress: 1
25.7911 	DATA 	Keypress: 1
25.8053 	DATA 	Keypress: 1
25.8159 	DATA 	Keypress: 1
25.8386 	DATA 	Keypress: 1
25.8552 	DATA 	Keypress: 1
25.8720 	DATA 	Keypress: 1
25.8919 	DATA 	Keypress: 1
25.9059 	DATA 	Keypress: 1
25.9220 	DATA 	Keypress: 1
25.9420 	DATA 	Keypress: 1
25.9557 	DATA 	Keypress: 1
25.9913 	DATA 	Keypress: 1
26.0159 	DATA 	Keypress: 1
29.1753 	DATA 	Keypress: o
29.1762 	Level start key press 	25
29.1762 	Level fixation 0.000001 	25
31.1898 	DATA 	Keypress: o
33.1901 	DATA 	Keypress: o
35.1904 	DATA 	Keypress: o
37.2072 	DATA 	Keypress: o
37.6215 	Level fixation end 0.000001 	25
37.6216 	Level START 	25
38.0124 	Level e.jpg at position=right and f.jpg at position=left 	25
39.6232 	DATA 	Keypress: 1
39.6248 	DATA 	Keypress: o
39.6550 	Level keypress=1 at time= 1.584769 	25
39.6555 	Level injecting via pump at address 1 and a keypress of 1 and image of f.jpg 	25
44.6279 	DATA 	Keypress: o
44.6295 	DATA 	Keypress: o
45.6252 	DATA 	Keypress: o
45.6392 	Level RINSE 	25
47.6282 	DATA 	Keypress: o
52.6216 	Level finished 	25
52.6233 	DATA 	Keypress: o
52.6248 	DATA 	Keypress: o
52.9888 	Level f.jpg at position=right and e.jpg at position=left 	25
54.6231 	DATA 	Keypress: o
54.6248 	DATA 	Keypress: 1
54.6262 	DATA 	Keypress: 1
54.6405 	Level keypress=1 at time= 1.618127 	25
54.6410 	Level injecting via pump at address 2 and a keypress of 1 and image of e.jpg 	25
59.6275 	DATA 	Keypress: o
59.6288 	DATA 	Keypress: o
59.6301 	DATA 	Keypress: 1
59.6314 	DATA 	Keypress: 1
59.6326 	DATA 	Keypress: 1
59.6338 	DATA 	Keypress: 1
59.6350 	DATA 	Keypress: 1
59.6362 	DATA 	Keypress: 1
59.6373 	DATA 	Keypress: 1
59.6385 	DATA 	Keypress: 1
59.6397 	DATA 	Keypress: 1
59.6409 	DATA 	Keypress: 1
59.6421 	DATA 	Keypress: 1
59.6433 	DATA 	Keypress: 1
59.6445 	DATA 	Keypress: 1
59.6457 	DATA 	Keypress: 1
59.6469 	DATA 	Keypress: 1
59.6481 	DATA 	Keypress: 1
59.6493 	DATA 	Keypress: 1
59.6505 	DATA 	Keypress: 1
59.6516 	DATA 	Keypress: 1
59.6528 	DATA 	Keypress: 1
59.6541 	DATA 	Keypress: 1
59.6553 	DATA 	Keypress: 1
59.6565 	DATA 	Keypress: 1
59.6577 	DATA 	Keypress: 1
59.6589 	DATA 	Keypress: o
60.6245 	DATA 	Keypress: 1
60.6257 	DATA 	Keypress: 1
60.6269 	DATA 	Keypress: 1
60.6281 	DATA 	Keypress: 1
60.6295 	DATA 	Keypress: 1
60.6307 	DATA 	Keypress: 1
60.6319 	DATA 	Keypress: 1
60.6329 	DATA 	Keypress: 1
60.6339 	DATA 	Keypress: 1
60.6348 	DATA 	Keypress: 1
60.6358 	DATA 	Keypress: 1
60.6367 	DATA 	Keypress: 1
60.6377 	DATA 	Keypress: 1
60.6578 	Level RINSE 	25
62.6266 	DATA 	Keypress: 1
62.6278 	DATA 	Keypress: 1
62.6289 	DATA 	Keypress: 1
62.6299 	DATA 	Keypress: 1
62.6308 	DATA 	Keypress: 1
62.6318 	DATA 	Keypress: 1
62.6327 	DATA 	Keypress: 1
62.6337 	DATA 	Keypress: 1
62.6347 	DATA 	Keypress: 1
62.6356 	DATA 	Keypress: 1
62.6366 	DATA 	Keypress: 1
62.6374 	DATA 	Keypress: 1
62.6383 	DATA 	Keypress: 1
62.6392 	DATA 	Keypress: 1
62.6402 	DATA 	Keypress: 1
62.6411 	DATA 	Keypress: 1
62.6420 	DATA 	Keypress: 1
62.6430 	DATA 	Keypress: 1
62.6442 	DATA 	Keypress: 1
62.6453 	DATA 	Keypress: 1
62.6465 	DATA 	Keypress: 1
62.6477 	DATA 	Keypress: 1
62.6489 	DATA 	Keypress: 1
62.6501 	DATA 	Keypress: 1
62.6512 	DATA 	Keypress: 1
62.6524 	DATA 	Keypress: 1
62.6536 	DATA 	Keypress: 1
62.6548 	DATA 	Keypress: 1
62.6559 	DATA 	Keypress: 1
62.6571 	DATA 	Keypress: 1
62.6584 	DATA 	Keypress: 1
62.6597 	DATA 	Keypress: 1
62.6609 	DATA 	Keypress: 1
62.6620 	DATA 	Keypress: 1
62.6630 	DATA 	Keypress: 1
62.6640 	DATA 	Keypress: 1
62.6649 	DATA 	Keypress: 1
62.6658 	DATA 	Keypress: 1
62.6668 	DATA 	Keypress: 1
62.6677 	DATA 	Keypress: 1
62.6686 	DATA 	Keypress: 1
62.6696 	DATA 	Keypress: 1
62.6705 	DATA 	Keypress: o
62.6714 	DATA 	Keypress: 1
62.6723 	DATA 	Keypress: 1
62.6732 	DATA 	Keypress: 1
62.6742 	DATA 	Keypress: 1
62.6751 	DATA 	Keypress: 1
62.6761 	DATA 	Keypress: 1
62.6771 	DATA 	Keypress: 1
62.6780 	DATA 	Keypress: 1
62.6790 	DATA 	Keypress: 1
62.6798 	DATA 	Keypress: 1
62.6808 	DATA 	Keypress: 1
62.6817 	DATA 	Keypress: 1
62.6826 	DATA 	Keypress: 1
62.6836 	DATA 	Keypress: 1
62.6845 	DATA 	Keypress: 1
62.6854 	DATA 	Keypress: 1
62.6863 	DATA 	Keypress: 1
62.6873 	DATA 	Keypress: 1
62.6884 	DATA 	Keypress: 1
62.6895 	DATA 	Keypress: 1
62.6904 	DATA 	Keypress: 1
62.6913 	DATA 	Keypress: 1
62.6923 	DATA 	Keypress: 1
62.6932 	DATA 	Keypress: 1
62.6941 	DATA 	Keypress: 1
62.6950 	DATA 	Keypress: 1
62.6960 	DATA 	Keypress: 1
62.6969 	DATA 	Keypress: 1
62.6980 	DATA 	Keypress: 1
62.6991 	DATA 	Keypress: 1
62.7001 	DATA 	Keypress: 1
62.7010 	DATA 	Keypress: 1
62.7020 	DATA 	Keypress: 1
62.7029 	DATA 	Keypress: 1
62.7039 	DATA 	Keypress: 1
62.7048 	DATA 	Keypress: 1
62.7058 	DATA 	Keypress: 1
62.7067 	DATA 	Keypress: 1
62.7076 	DATA 	Keypress: 1
62.7087 	DATA 	Keypress: 1
62.7096 	DATA 	Keypress: 1
62.7105 	DATA 	Keypress: 1
62.7114 	DATA 	Keypress: 1
62.7123 	DATA 	Keypress: 1
62.7133 	DATA 	Keypress: 1
62.7142 	DATA 	Keypress: 1
62.7151 	DATA 	Keypress: 1
62.7162 	DATA 	Keypress: 1
62.7172 	DATA 	Keypress: 1
62.7181 	DATA 	Keypress: 1
62.7190 	DATA 	Keypress: 1
62.7200 	DATA 	Keypress: 1
62.7209 	DATA 	Keypress: 1
62.7218 	DATA 	Keypress: 1
62.7227 	DATA 	Keypress: 1
62.7239 	DATA 	Keypress: 1
62.7248 	DATA 	Keypress: 1
62.7260 	DATA 	Keypress: 1
62.7272 	DATA 	Keypress: 1
62.7285 	DATA 	Keypress: 1
62.7297 	DATA 	Keypress: 1
62.7308 	DATA 	Keypress: 1
62.7320 	DATA 	Keypress: 1
62.7330 	DATA 	Keypress: 1
62.7339 	DATA 	Keypress: 1
62.7349 	DATA 	Keypress: 1
62.7357 	DATA 	Keypress: 1
62.7366 	DATA 	Keypress: 1
62.7376 	DATA 	Keypress: 1
62.7386 	DATA 	Keypress: 1
62.7395 	DATA 	Keypress: 1
62.7404 	DATA 	Keypress: 1
62.7413 	DATA 	Keypress: 1
62.7422 	DATA 	Keypress: 1
62.7432 	DATA 	Keypress: 1
62.7441 	DATA 	Keypress: 1
62.7451 	DATA 	Keypress: 1
62.7461 	DATA 	Keypress: 1
62.7470 	DATA 	Keypress: 1
62.7480 	DATA 	Keypress: 1
62.7490 	DATA 	Keypress: 1
62.7501 	DATA 	Keypress: 1
62.7511 	DATA 	Keypress: 1
62.7521 	DATA 	Keypress: 1
62.7530 	DATA 	Keypress: 1
62.7540 	DATA 	Keypress: 1
62.7549 	DATA 	Keypress: 1
62.7559 	DATA 	Keypress: 1
62.7568 	DATA 	Keypress: 1
62.7578 	DATA 	Keypress: 1
62.7588 	DATA 	Keypress: 1
62.7597 	DATA 	Keypress: 1
62.7607 	DATA 	Keypress: 1
62.7617 	DATA 	Keypress: 1
62.7626 	DATA 	Keypress: 1
62.7634 	DATA 	Keypress: 1
62.7643 	DATA 	Keypress: 1
62.7654 	DATA 	Keypress: 1
62.7663 	DATA 	Keypress: 1
62.7672 	DATA 	Keypress: 1
62.7682 	DATA 	Keypress: 1
62.7691 	DATA 	Keypress: 1
62.7701 	DATA 	Keypress: 1
62.7710 	DATA 	Keypress: 1
68.6216 	Level finished 	25
68.6260 	DATA 	Keypress: o
68.6276 	DATA 	Keypress: 1
68.6289 	DATA 	Keypress: 1
68.6302 	DATA 	Keypress: 1
68.6315 	DATA 	Keypress: 1
68.6328 	DATA 	Keypress: 1
68.6340 	DATA 	Keypress: 1
68.6351 	DATA 	Keypress: 1
68.6363 	DATA 	Keypress: o
68.6375 	DATA 	Keypress: 1
68.6385 	DATA 	Keypress: 1
68.6394 	DATA 	Keypress: 1
68.6403 	DATA 	Keypress: 1
68.6412 	DATA 	Keypress: 1
68.6423 	DATA 	Keypress: 1
68.6433 	DATA 	Keypress: 1
68.6443 	DATA 	Keypress: 1
68.6452 	DATA 	Keypress: 1
68.6461 	DATA 	Keypress: 1
68.6471 	DATA 	Keypress: 1
68.6480 	DATA 	Keypress: 1
68.6489 	DATA 	Keypress: 1
68.6498 	DATA 	Keypress: 1
68.6507 	DATA 	Keypress: 1
68.6516 	DATA 	Keypress: 1
68.6525 	DATA 	Keypress: 1
68.6534 	DATA 	Keypress: 1
68.6544 	DATA 	Keypress: 1
68.6554 	DATA 	Keypress: 1
68.6566 	DATA 	Keypress: 1
68.6576 	DATA 	Keypress: 1
68.6588 	DATA 	Keypress: 1
68.6600 	DATA 	Keypress: 1
68.6611 	DATA 	Keypress: 1
68.6623 	DATA 	Keypress: 1
68.6634 	DATA 	Keypress: 1
68.6647 	DATA 	Keypress: 1
68.6659 	DATA 	Keypress: 1
68.6670 	DATA 	Keypress: 1
68.6683 	DATA 	Keypress: 1
68.6695 	DATA 	Keypress: 1
68.6705 	DATA 	Keypress: 1
68.6720 	DATA 	Keypress: 1
68.6734 	DATA 	Keypress: 1
68.6748 	DATA 	Keypress: 1
68.6762 	DATA 	Keypress: 1
68.6777 	DATA 	Keypress: 1
68.6790 	DATA 	Keypress: 1
68.6803 	DATA 	Keypress: 1
68.6816 	DATA 	Keypress: 1
68.6829 	DATA 	Keypress: 1
68.6839 	DATA 	Keypress: o
68.6849 	DATA 	Keypress: 1
68.6859 	DATA 	Keypress: 1
68.6868 	DATA 	Keypress: 1
68.6876 	DATA 	Keypress: 1
68.6886 	DATA 	Keypress: 1
68.6895 	DATA 	Keypress: 1
68.6904 	DATA 	Keypress: 1
68.6913 	DATA 	Keypress: 1
68.6922 	DATA 	Keypress: 1
68.6932 	DATA 	Keypress: 1
68.6943 	DATA 	Keypress: 1
68.6956 	DATA 	Keypress: 1
68.6968 	DATA 	Keypress: 1
68.6980 	DATA 	Keypress: 1
68.6992 	DATA 	Keypress: 1
68.7004 	DATA 	Keypress: 1
68.7015 	DATA 	Keypress: 1
68.7028 	DATA 	Keypress: 1
68.7039 	DATA 	Keypress: 1
68.7051 	DATA 	Keypress: 1
68.7065 	DATA 	Keypress: 1
68.7078 	DATA 	Keypress: 1
68.7091 	DATA 	Keypress: 1
68.7105 	DATA 	Keypress: 1
68.7120 	DATA 	Keypress: 1
68.7134 	DATA 	Keypress: 1
68.7148 	DATA 	Keypress: 1
68.7162 	DATA 	Keypress: 1
68.7176 	DATA 	Keypress: 1
68.7191 	DATA 	Keypress: 1
68.7205 	DATA 	Keypress: 1
68.7215 	DATA 	Keypress: 1
68.7228 	DATA 	Keypress: 1
68.7242 	DATA 	Keypress: 1
68.7256 	DATA 	Keypress: 1
68.7271 	DATA 	Keypress: 1
68.7285 	DATA 	Keypress: 1
68.7298 	DATA 	Keypress: 1
68.7310 	DATA 	Keypress: 1
68.7322 	DATA 	Keypress: 1
68.7334 	DATA 	Keypress: 1
68.7345 	DATA 	Keypress: 1
68.7354 	DATA 	Keypress: 1
68.7364 	DATA 	Keypress: 1
68.7373 	DATA 	Keypress: 1
68.7383 	DATA 	Keypress: 1
68.7392 	DATA 	Keypress: 1
68.7401 	DATA 	Keypress: 1
68.7411 	DATA 	Keypress: 1
68.7419 	DATA 	Keypress: 1
68.7428 	DATA 	Keypress: 1
68.7437 	DATA 	Keypress: 1
68.7450 	DATA 	Keypress: 1
68.7461 	DATA 	Keypress: 1
68.7473 	DATA 	Keypress: 1
68.7484 	DATA 	Keypress: 1
68.7495 	DATA 	Keypress: 1
68.7506 	DATA 	Keypress: 1
68.7518 	DATA 	Keypress: 1
68.7530 	DATA 	Keypress: 1
68.7541 	DATA 	Keypress: 1
68.7550 	DATA 	Keypress: 1
68.7560 	DATA 	Keypress: 1
68.7571 	DATA 	Keypress: 1
68.7584 	DATA 	Keypress: 1
68.7595 	DATA 	Keypress: 1
68.7609 	DATA 	Keypress: 1
68.7623 	DATA 	Keypress: 1
68.7635 	DATA 	Keypress: 1
68.7650 	DATA 	Keypress: 1
68.7664 	DATA 	Keypress: 1
68.7678 	DATA 	Keypress: 1
68.7691 	DATA 	Keypress: 1
68.7704 	DATA 	Keypress: 1
68.7715 	DATA 	Keypress: 1
68.7726 	DATA 	Keypress: 1
68.7738 	DATA 	Keypress: 1
68.7750 	DATA 	Keypress: 1
68.7761 	DATA 	Keypress: 1
68.7773 	DATA 	Keypress: 1
68.7785 	DATA 	Keypress: 1
68.7796 	DATA 	Keypress: 1
68.7808 	DATA 	Keypress: 1
68.7822 	DATA 	Keypress: 1
68.7835 	DATA 	Keypress: 1
68.7847 	DATA 	Keypress: 1
68.7857 	DATA 	Keypress: 1
68.7869 	DATA 	Keypress: 1
68.7881 	DATA 	Keypress: 1
68.7892 	DATA 	Keypress: 1
68.7901 	DATA 	Keypress: 1
68.7912 	DATA 	Keypress: 1
68.7923 	DATA 	Keypress: 1
68.7935 	DATA 	Keypress: 1
68.7945 	DATA 	Keypress: 1
69.2007 	Level f.jpg at position=right and e.jpg at position=left 	25
69.2041 	DATA 	Keypress: 1
69.2053 	DATA 	Keypress: 1
69.2064 	DATA 	Keypress: 1
69.2076 	DATA 	Keypress: 1
69.2091 	DATA 	Keypress: 1
69.2103 	DATA 	Keypress: 1
69.2116 	DATA 	Keypress: 1
69.2129 	DATA 	Keypress: 1
69.2141 	DATA 	Keypress: 1
69.2153 	DATA 	Keypress: 1
69.2165 	DATA 	Keypress: 1
69.2177 	DATA 	Keypress: 1
69.2189 	DATA 	Keypress: 1
69.2200 	DATA 	Keypress: 1
69.2213 	DATA 	Keypress: 1
69.2225 	DATA 	Keypress: 1
69.2238 	DATA 	Keypress: 1
69.2250 	DATA 	Keypress: 1
69.2262 	DATA 	Keypress: 1
69.2277 	DATA 	Keypress: 1
69.2289 	DATA 	Keypress: 1
69.2300 	DATA 	Keypress: 1
69.2312 	DATA 	Keypress: 1
69.2324 	DATA 	Keypress: 1
69.2336 	DATA 	Keypress: 1
69.2345 	DATA 	Keypress: 1
69.2354 	DATA 	Keypress: 1
69.2365 	DATA 	Keypress: 1
69.2380 	DATA 	Keypress: 1
69.2392 	DATA 	Keypress: 1
69.2402 	DATA 	Keypress: o
69.2412 	DATA 	Keypress: 1
69.2421 	DATA 	Keypress: 1
69.2431 	DATA 	Keypress: 1
69.2440 	DATA 	Keypress: 1
69.2449 	DATA 	Keypress: 1
69.2458 	DATA 	Keypress: 1
70.6230 	DATA 	Keypress: 1
70.6241 	DATA 	Keypress: 1
70.6253 	DATA 	Keypress: 1
70.6262 	DATA 	Keypress: 1
70.6272 	DATA 	Keypress: 1
70.6282 	DATA 	Keypress: 1
70.6292 	DATA 	Keypress: 1
70.6301 	DATA 	Keypress: 1
70.6311 	DATA 	Keypress: 1
70.6321 	DATA 	Keypress: 1
70.6331 	DATA 	Keypress: 1
70.6341 	DATA 	Keypress: 1
70.6352 	DATA 	Keypress: 1
70.6361 	DATA 	Keypress: 1
70.6371 	DATA 	Keypress: 1
70.6380 	DATA 	Keypress: 1
70.6390 	DATA 	Keypress: 1
70.6398 	DATA 	Keypress: 1
70.6408 	DATA 	Keypress: 1
70.6417 	DATA 	Keypress: 1
70.6426 	DATA 	Keypress: 1
70.6436 	DATA 	Keypress: 1
70.6445 	DATA 	Keypress: 1
70.6455 	DATA 	Keypress: 1
70.6464 	DATA 	Keypress: 1
70.6474 	DATA 	Keypress: 1
70.6483 	DATA 	Keypress: 1
70.6493 	DATA 	Keypress: 1
70.6502 	DATA 	Keypress: 1
70.6512 	DATA 	Keypress: 1
70.6524 	DATA 	Keypress: 1
70.6536 	DATA 	Keypress: 1
70.6546 	DATA 	Keypress: 1
70.6555 	DATA 	Keypress: 1
70.6565 	DATA 	Keypress: 1
70.6574 	DATA 	Keypress: 1
70.6584 	DATA 	Keypress: 1
70.6593 	DATA 	Keypress: 1
70.6603 	DATA 	Keypress: 1
70.6613 	DATA 	Keypress: 1
70.6625 	DATA 	Keypress: 1
70.6921 	Level keypress=1 at time= -0.071372 	25
70.6950 	Level injecting via pump at address 2 and a keypress of 1 and image of e.jpg 	25
75.6260 	DATA 	Keypress: o
75.6273 	DATA 	Keypress: o
75.6284 	DATA 	Keypress: o
76.6430 	Level RINSE 	25
78.6284 	DATA 	Keypress: o
82.6216 	Level finished 	25
82.6236 	DATA 	Keypress: o
82.6254 	DATA 	Keypress: o
83.0050 	Level f.jpg at position=right and e.jpg at position=left 	25
84.6232 	DATA 	Keypress: o
84.6437 	Level Key Press Missed! 	25
89.6286 	DATA 	Keypress: o
89.6304 	DATA 	Keypress: o
89.6320 	DATA 	Keypress: o
90.6277 	Level RINSE 	25
92.6284 	DATA 	Keypress: o
95.6216 	Level finished 	25
95.6236 	DATA 	Keypress: o
95.6254 	DATA 	Keypress: o
95.6272 	DATA 	Keypress: 1
96.0158 	Level c.jpg at position=left and d.jpg at position=right 	25
97.6234 	DATA 	Keypress: o
97.6453 	Level Key Press Missed! 	25
102.6285 	DATA 	Keypress: o
102.6300 	DATA 	Keypress: o
103.6250 	DATA 	Keypress: o
103.6461 	Level RINSE 	25
105.6270 	DATA 	Keypress: o
110.6216 	Level finished 	25
110.6230 	DATA 	Keypress: o
110.6239 	DATA 	Keypress: o
110.9957 	Level b.jpg at position=left and a.jpg at position=right 	25
112.6232 	DATA 	Keypress: o
112.6250 	DATA 	Keypress: 1
112.6470 	Level keypress=1 at time= 1.594520 	25
112.6475 	Level injecting via pump at address 1 and a keypress of 1 and image of b.jpg 	25
117.6277 	DATA 	Keypress: o
117.6292 	DATA 	Keypress: o
117.6305 	DATA 	Keypress: o
118.6313 	Level RINSE 	25
120.6264 	DATA 	Keypress: o
124.6216 	Level finished 	25
124.6236 	DATA 	Keypress: o
124.6254 	DATA 	Keypress: o
125.0067 	Level a.jpg at position=right and b.jpg at position=left 	25
126.6229 	DATA 	Keypress: o
126.6241 	DATA 	Keypress: 2
126.6251 	DATA 	Keypress: 2
126.6487 	Level keypress=2 at time= 1.592060 	25
126.6491 	Level injecting via pump at address 1 and a keypress of 2 and image of a.jpg 	25
131.6266 	DATA 	Keypress: o
131.6277 	DATA 	Keypress: o
131.6288 	DATA 	Keypress: o
132.6494 	Level RINSE 	25
134.6292 	DATA 	Keypress: o
137.6216 	Level finished 	25
137.6233 	DATA 	Keypress: o
137.6246 	DATA 	Keypress: o
137.9972 	Level e.jpg at position=right and f.jpg at position=left 	25
139.6227 	DATA 	Keypress: 1
139.6237 	DATA 	Keypress: o
139.6502 	Level keypress=1 at time= 1.605634 	25
139.6507 	Level injecting via pump at address 2 and a keypress of 1 and image of f.jpg 	25
144.6288 	DATA 	Keypress: o
144.6305 	DATA 	Keypress: o
145.6252 	DATA 	Keypress: o
145.6510 	Level RINSE 	25
147.6279 	DATA 	Keypress: o
152.6216 	Level finished 	25
152.6230 	DATA 	Keypress: o
152.6240 	DATA 	Keypress: o
153.0007 	Level f.jpg at position=left and e.jpg at position=right 	25
154.6233 	DATA 	Keypress: o
154.6248 	DATA 	Keypress: 2
154.6519 	Level keypress=2 at time= 1.606424 	25
154.6524 	Level injecting via pump at address 1 and a keypress of 2 and image of e.jpg 	25
159.6268 	DATA 	Keypress: o
159.6280 	DATA 	Keypress: o
159.6290 	DATA 	Keypress: o
160.6360 	Level RINSE 	25
162.6259 	DATA 	Keypress: o
165.6216 	Level finished 	25
165.6234 	DATA 	Keypress: o
165.6251 	DATA 	Keypress: o
166.0207 	Level a.jpg at position=right and b.jpg at position=left 	25
167.6228 	DATA 	Keypress: 1
167.6240 	DATA 	Keypress: o
167.6536 	Level keypress=1 at time= 1.586263 	25
167.6540 	Level injecting via pump at address 2 and a keypress of 1 and image of b.jpg 	25
172.6267 	DATA 	Keypress: o
172.6278 	DATA 	Keypress: o
173.6251 	DATA 	Keypress: o
173.6542 	Level RINSE 	25
175.6291 	DATA 	Keypress: o
178.6216 	Level finished 	25
178.6231 	DATA 	Keypress: o
179.0034 	Level c.jpg at position=left and d.jpg at position=right 	25
180.6228 	DATA 	Keypress: o
180.6240 	DATA 	Keypress: 2
180.6550 	Level keypress=2 at time= 1.602628 	25
180.6555 	Level injecting via pump at address 2 and a keypress of 2 and image of d.jpg 	25
185.6285 	DATA 	Keypress: o
185.6302 	DATA 	Keypress: o
185.6318 	DATA 	Keypress: o
186.6391 	Level RINSE 	25
188.6273 	DATA 	Keypress: o
193.6216 	Level finished 	25
193.6233 	DATA 	Keypress: o
193.6248 	DATA 	Keypress: o
193.6263 	DATA 	Keypress: o
194.0264 	Level a.jpg at position=right and b.jpg at position=left 	25
195.6228 	DATA 	Keypress: 2
195.6243 	DATA 	Keypress: o
195.6404 	Level keypress=2 at time= 1.582911 	25
195.6409 	Level injecting via pump at address 1 and a keypress of 2 and image of a.jpg 	25
200.6274 	DATA 	Keypress: o
200.6286 	DATA 	Keypress: o
201.6243 	DATA 	Keypress: o
201.6409 	Level RINSE 	25
203.6273 	DATA 	Keypress: o
206.6216 	Level finished 	25
206.6232 	DATA 	Keypress: o
207.0091 	Level e.jpg at position=left and f.jpg at position=right 	25
208.6230 	DATA 	Keypress: o
208.6244 	DATA 	Keypress: 1
208.6582 	Level keypress=1 at time= 1.599451 	25
208.6587 	Level injecting via pump at address 1 and a keypress of 1 and image of e.jpg 	25
213.6280 	DATA 	Keypress: o
213.6299 	DATA 	Keypress: o
213.6315 	DATA 	Keypress: o
214.6424 	Level RINSE 	25
216.6265 	DATA 	Keypress: o
221.6216 	Level finished 	25
221.6229 	DATA 	Keypress: o
221.6239 	DATA 	Keypress: o
221.6251 	DATA 	Keypress: o
222.0106 	Level a.jpg at position=right and b.jpg at position=left 	25
223.6229 	DATA 	Keypress: 2
223.6242 	DATA 	Keypress: o
223.6433 	Level keypress=2 at time= 1.596009 	25
223.6438 	Level injecting via pump at address 1 and a keypress of 2 and image of a.jpg 	25
228.6280 	DATA 	Keypress: o
228.6292 	DATA 	Keypress: o
229.6241 	DATA 	Keypress: o
229.6442 	Level RINSE 	25
231.6262 	DATA 	Keypress: o
234.6216 	Level finished 	25
234.6232 	DATA 	Keypress: o
235.0113 	Level f.jpg at position=left and e.jpg at position=right 	25
236.6230 	DATA 	Keypress: o
236.6245 	DATA 	Keypress: 1
236.6449 	Level keypress=1 at time= 1.596205 	25
236.6453 	Level injecting via pump at address 2 and a keypress of 1 and image of f.jpg 	25
241.6268 	DATA 	Keypress: o
241.6279 	DATA 	Keypress: o
241.6289 	DATA 	Keypress: o
242.6456 	Level RINSE 	25
244.6273 	DATA 	Keypress: o
249.6216 	Level finished 	25
249.6232 	DATA 	Keypress: o
249.6246 	DATA 	Keypress: o
249.6258 	DATA 	Keypress: o
250.0147 	Level e.jpg at position=left and f.jpg at position=right 	25
251.6228 	DATA 	Keypress: 2
251.6239 	DATA 	Keypress: o
251.6467 	Level keypress=2 at time= 1.592682 	25
251.6471 	Level injecting via pump at address 2 and a keypress of 2 and image of f.jpg 	25
256.6277 	DATA 	Keypress: o
256.6295 	DATA 	Keypress: o
257.6242 	DATA 	Keypress: o
257.6474 	Level RINSE 	25
259.6266 	DATA 	Keypress: o
264.6216 	Level finished 	25
264.6235 	DATA 	Keypress: o
264.6250 	DATA 	Keypress: o
265.0037 	Level d.jpg at position=right and c.jpg at position=left 	25
266.6228 	DATA 	Keypress: o
266.6240 	DATA 	Keypress: 1
266.6484 	Level keypress=1 at time= 1.592300 	25
266.6488 	Level injecting via pump at address 2 and a keypress of 1 and image of c.jpg 	25
271.6268 	DATA 	Keypress: o
271.6281 	DATA 	Keypress: o
271.6292 	DATA 	Keypress: o
272.6326 	Level RINSE 	25
274.6276 	DATA 	Keypress: o
280.6216 	Level finished 	25
280.6234 	DATA 	Keypress: o
280.6248 	DATA 	Keypress: o
280.6260 	DATA 	Keypress: o
280.9995 	Level a.jpg at position=left and b.jpg at position=right 	25
282.6227 	DATA 	Keypress: o
282.6237 	DATA 	Keypress: 2
282.6502 	Level keypress=2 at time= 1.606620 	25
282.6506 	Level injecting via pump at address 1 and a keypress of 2 and image of b.jpg 	25
287.6269 	DATA 	Keypress: o
287.6284 	DATA 	Keypress: o
287.6296 	DATA 	Keypress: o
288.6343 	Level RINSE 	25
290.6266 	DATA 	Keypress: o
295.6216 	Level finished 	25
295.6232 	DATA 	Keypress: o
295.6247 	DATA 	Keypress: o
295.6259 	DATA 	Keypress: o
295.9972 	Level c.jpg at position=left and d.jpg at position=right 	25
297.6227 	DATA 	Keypress: 2
297.6237 	DATA 	Keypress: o
297.6352 	Level keypress=2 at time= 1.587639 	25
297.6357 	Level injecting via pump at address 1 and a keypress of 2 and image of d.jpg 	25
302.6266 	DATA 	Keypress: o
302.6277 	DATA 	Keypress: o
303.6244 	DATA 	Keypress: o
303.6362 	Level RINSE 	25
305.6273 	DATA 	Keypress: o
310.6216 	Level finished 	25
310.6235 	DATA 	Keypress: o
310.6249 	DATA 	Keypress: o
311.0095 	Level f.jpg at position=right and e.jpg at position=left 	25
312.6229 	DATA 	Keypress: o
312.6244 	DATA 	Keypress: 1
312.6375 	Level keypress=1 at time= 1.587600 	25
312.6379 	Level injecting via pump at address 1 and a keypress of 1 and image of e.jpg 	25
317.6269 	DATA 	Keypress: o
317.6283 	DATA 	Keypress: o
317.6297 	DATA 	Keypress: o
318.6378 	Level RINSE 	25
320.6261 	DATA 	Keypress: o
323.6216 	Level finished 	25
323.6231 	DATA 	Keypress: o
323.6243 	DATA 	Keypress: o
324.0001 	Level b.jpg at position=left and a.jpg at position=right 	25
325.6230 	DATA 	Keypress: 2
325.6245 	DATA 	Keypress: o
325.6384 	Level keypress=2 at time= 1.584176 	25
325.6389 	Level injecting via pump at address 2 and a keypress of 2 and image of a.jpg 	25
330.6277 	DATA 	Keypress: o
330.6291 	DATA 	Keypress: o
331.6241 	DATA 	Keypress: o
331.6394 	Level RINSE 	25
333.6260 	DATA 	Keypress: o
336.6216 	Level finished 	25
336.6232 	DATA 	Keypress: o
337.0174 	Level e.jpg at position=right and f.jpg at position=left 	25
338.6228 	DATA 	Keypress: o
338.6241 	DATA 	Keypress: 2
338.6400 	Level keypress=2 at time= 1.583927 	25
338.6405 	Level injecting via pump at address 1 and a keypress of 2 and image of e.jpg 	25
343.6265 	DATA 	Keypress: o
343.6280 	DATA 	Keypress: o
343.6291 	DATA 	Keypress: o
344.6410 	Level RINSE 	25
346.6267 	DATA 	Keypress: o
350.6216 	Level finished 	25
350.6232 	DATA 	Keypress: o
350.6245 	DATA 	Keypress: o
351.0054 	Level f.jpg at position=left and e.jpg at position=right 	25
352.6230 	DATA 	Keypress: o
352.6417 	Level Key Press Missed! 	25
357.6278 	DATA 	Keypress: 2
357.6292 	DATA 	Keypress: o
357.6305 	DATA 	Keypress: o
357.6317 	DATA 	Keypress: o
358.6425 	Level RINSE 	25
360.6269 	DATA 	Keypress: o
364.6216 	Level finished 	25
364.6233 	DATA 	Keypress: o
364.6244 	DATA 	Keypress: o
364.9973 	Level a.jpg at position=left and b.jpg at position=right 	25
366.6230 	DATA 	Keypress: o
366.6245 	DATA 	Keypress: 2
366.6432 	Level keypress=2 at time= 1.597633 	25
366.6437 	Level injecting via pump at address 2 and a keypress of 2 and image of b.jpg 	25
371.6267 	DATA 	Keypress: o
371.6279 	DATA 	Keypress: o
371.6289 	DATA 	Keypress: o
372.6442 	Level RINSE 	25
374.6261 	DATA 	Keypress: o
379.6216 	Level finished 	25
379.6232 	DATA 	Keypress: o
379.6246 	DATA 	Keypress: o
379.6259 	DATA 	Keypress: 1
379.6271 	DATA 	Keypress: 1
379.6285 	DATA 	Keypress: 1
379.6295 	DATA 	Keypress: 1
379.6304 	DATA 	Keypress: o
380.0148 	Level b.jpg at position=left and a.jpg at position=right 	25
381.6227 	DATA 	Keypress: 1
381.6237 	DATA 	Keypress: o
381.6451 	Level keypress=1 at time= 1.577348 	25
381.6455 	Level injecting via pump at address 2 and a keypress of 1 and image of b.jpg 	25
386.6273 	DATA 	Keypress: o
386.6287 	DATA 	Keypress: o
387.6247 	DATA 	Keypress: o
387.6458 	Level RINSE 	25
389.6273 	DATA 	Keypress: o
393.6216 	Level finished 	25
393.6231 	DATA 	Keypress: o
393.6244 	DATA 	Keypress: o
394.0098 	Level b.jpg at position=right and a.jpg at position=left 	25
395.6230 	DATA 	Keypress: 2
395.6245 	DATA 	Keypress: o
395.6466 	Level keypress=2 at time= 1.592823 	25
395.6471 	Level injecting via pump at address 2 and a keypress of 2 and image of b.jpg 	25
400.6268 	DATA 	Keypress: o
400.6281 	DATA 	Keypress: o
401.6241 	DATA 	Keypress: o
401.6476 	Level RINSE 	25
403.6283 	DATA 	Keypress: o
408.6216 	Level finished 	25
