38.4587 	DATA 	Keypress: o
38.4594 	Level start key press 	25
38.4594 	Level fixation 0.000000 	25
40.4726 	DATA 	Keypress: o
42.4729 	DATA 	Keypress: o
44.4733 	DATA 	Keypress: o
46.4733 	DATA 	Keypress: o
46.9377 	Level fixation end 0.000000 	25
46.9378 	Level START 	25
47.3503 	Level f.jpg at position=left and e.jpg at position=right 	25
48.9393 	DATA 	Keypress: 1
48.9410 	DATA 	Keypress: o
48.9550 	Level keypress=1 at time= 1.551459 	25
48.9554 	Level injecting via pump at address 2 and a keypress of 1 and image of f.jpg 	25
53.9444 	DATA 	Keypress: o
53.9461 	DATA 	Keypress: o
54.9411 	DATA 	Keypress: o
54.9554 	Level RINSE 	25
56.9439 	DATA 	Keypress: o
62.9378 	Level finished 	25
62.9394 	DATA 	Keypress: o
62.9409 	DATA 	Keypress: o
62.9421 	DATA 	Keypress: o
63.3091 	Level f.jpg at position=left and e.jpg at position=right 	25
64.9392 	DATA 	Keypress: o
64.9406 	DATA 	Keypress: 1
64.9566 	Level keypress=1 at time= 1.600611 	25
64.9571 	Level injecting via pump at address 1 and a keypress of 1 and image of f.jpg 	25
69.9436 	DATA 	Keypress: o
69.9449 	DATA 	Keypress: o
70.9407 	DATA 	Keypress: o
70.9574 	Level RINSE 	25
72.9421 	DATA 	Keypress: o
77.9378 	Level finished 	25
77.9392 	DATA 	Keypress: o
77.9405 	DATA 	Keypress: o
78.3173 	Level e.jpg at position=left and f.jpg at position=right 	25
79.9392 	DATA 	Keypress: o
79.9406 	DATA 	Keypress: 1
79.9582 	Level keypress=1 at time= 1.599050 	25
79.9587 	Level injecting via pump at address 2 and a keypress of 1 and image of e.jpg 	25
84.9432 	DATA 	Keypress: o
84.9444 	DATA 	Keypress: o
84.9455 	DATA 	Keypress: o
85.9425 	Level RINSE 	25
87.9429 	DATA 	Keypress: o
92.9378 	Level finished 	25
92.9392 	DATA 	Keypress: o
92.9403 	DATA 	Keypress: o
92.9412 	DATA 	Keypress: o
93.3187 	Level b.jpg at position=right and a.jpg at position=left 	25
94.9392 	DATA 	Keypress: o
94.9407 	DATA 	Keypress: 2
94.9604 	Level keypress=2 at time= 1.597412 	25
94.9609 	Level injecting via pump at address 2 and a keypress of 2 and image of b.jpg 	25
99.9437 	DATA 	Keypress: o
99.9449 	DATA 	Keypress: o
100.9401 	DATA 	Keypress: o
100.9609 	Level RINSE 	25
102.9424 	DATA 	Keypress: o
108.9378 	Level finished 	25
108.9393 	DATA 	Keypress: o
108.9405 	DATA 	Keypress: o
108.9415 	DATA 	Keypress: o
109.3106 	Level c.jpg at position=right and d.jpg at position=left 	25
110.9391 	DATA 	Keypress: 1
110.9403 	DATA 	Keypress: o
110.9452 	Level keypress=1 at time= 1.593560 	25
110.9457 	Level injecting via pump at address 2 and a keypress of 1 and image of d.jpg 	25
115.9428 	DATA 	Keypress: o
115.9438 	DATA 	Keypress: o
116.9402 	DATA 	Keypress: o
116.9461 	Level RINSE 	25
118.9435 	DATA 	Keypress: o
122.9378 	Level finished 	25
122.9394 	DATA 	Keypress: o
122.9409 	DATA 	Keypress: o
123.3207 	Level b.jpg at position=right and a.jpg at position=left 	25
124.9389 	DATA 	Keypress: o
124.9636 	Level Key Press Missed! 	25
124.9775 	DATA 	Keypress: 2
129.9425 	DATA 	Keypress: o
129.9435 	DATA 	Keypress: o
130.9405 	DATA 	Keypress: o
130.9644 	Level RINSE 	25
132.9436 	DATA 	Keypress: o
137.9378 	Level finished 	25
137.9395 	DATA 	Keypress: o
137.9408 	DATA 	Keypress: o
138.3148 	Level b.jpg at position=right and a.jpg at position=left 	25
139.9389 	DATA 	Keypress: o
139.9400 	DATA 	Keypress: 2
139.9657 	Level keypress=2 at time= 1.591514 	25
139.9662 	Level injecting via pump at address 2 and a keypress of 2 and image of b.jpg 	25
144.9431 	DATA 	Keypress: o
144.9444 	DATA 	Keypress: o
144.9455 	DATA 	Keypress: o
145.9494 	Level RINSE 	25
147.9429 	DATA 	Keypress: o
152.9378 	Level finished 	25
152.9393 	DATA 	Keypress: o
152.9404 	DATA 	Keypress: o
152.9415 	DATA 	Keypress: o
153.3119 	Level d.jpg at position=right and c.jpg at position=left 	25
154.9390 	DATA 	Keypress: 1
154.9403 	DATA 	Keypress: 1
154.9414 	DATA 	Keypress: o
154.9504 	Level keypress=1 at time= 1.605107 	25
154.9509 	Level injecting via pump at address 1 and a keypress of 1 and image of c.jpg 	25
159.9429 	DATA 	Keypress: o
159.9440 	DATA 	Keypress: o
160.9408 	DATA 	Keypress: o
160.9511 	Level RINSE 	25
162.9431 	DATA 	Keypress: o
168.9378 	Level finished 	25
168.9393 	DATA 	Keypress: o
168.9407 	DATA 	Keypress: o
168.9419 	DATA 	Keypress: o
169.3159 	Level d.jpg at position=right and c.jpg at position=left 	25
170.9389 	DATA 	Keypress: 1
170.9399 	DATA 	Keypress: o
170.9523 	Level keypress=1 at time= 1.586782 	25
170.9527 	Level injecting via pump at address 1 and a keypress of 1 and image of c.jpg 	25
175.9436 	DATA 	Keypress: o
175.9450 	DATA 	Keypress: o
176.9408 	DATA 	Keypress: o
176.9530 	Level RINSE 	25
178.9431 	DATA 	Keypress: o
184.9378 	Level finished 	25
184.9391 	DATA 	Keypress: o
184.9403 	DATA 	Keypress: o
184.9414 	DATA 	Keypress: o
185.3196 	Level b.jpg at position=right and a.jpg at position=left 	25
186.9389 	DATA 	Keypress: 1
186.9400 	DATA 	Keypress: o
186.9545 	Level keypress=1 at time= 1.584985 	25
186.9550 	Level injecting via pump at address 1 and a keypress of 1 and image of a.jpg 	25
191.9433 	DATA 	Keypress: o
191.9445 	DATA 	Keypress: o
192.9406 	DATA 	Keypress: o
192.9551 	Level RINSE 	25
194.9427 	DATA 	Keypress: o
197.9378 	Level finished 	25
197.9391 	DATA 	Keypress: o
198.3105 	Level a.jpg at position=left and b.jpg at position=right 	25
199.9389 	DATA 	Keypress: o
199.9399 	DATA 	Keypress: 2
199.9557 	Level keypress=2 at time= 1.617369 	25
199.9561 	Level injecting via pump at address 2 and a keypress of 2 and image of b.jpg 	25
204.9432 	DATA 	Keypress: o
204.9444 	DATA 	Keypress: o
204.9454 	DATA 	Keypress: o
205.9565 	Level RINSE 	25
207.9422 	DATA 	Keypress: o
212.9378 	Level finished 	25
212.9392 	DATA 	Keypress: o
212.9401 	DATA 	Keypress: o
212.9410 	DATA 	Keypress: o
213.3237 	Level f.jpg at position=right and e.jpg at position=left 	25
214.9389 	DATA 	Keypress: o
214.9399 	DATA 	Keypress: 1
214.9409 	DATA 	Keypress: 2
214.9573 	Level keypress=1 at time= 1.582615 	25
214.9578 	Level injecting via pump at address 1 and a keypress of 1 and image of e.jpg 	25
219.9435 	DATA 	Keypress: o
219.9449 	DATA 	Keypress: o
220.9406 	DATA 	Keypress: o
220.9584 	Level RINSE 	25
222.9425 	DATA 	Keypress: o
228.9378 	Level finished 	25
228.9392 	DATA 	Keypress: o
228.9401 	DATA 	Keypress: o
228.9411 	DATA 	Keypress: o
229.3229 	Level b.jpg at position=right and a.jpg at position=left 	25
230.9390 	DATA 	Keypress: 1
230.9402 	DATA 	Keypress: o
230.9595 	Level keypress=1 at time= 1.596596 	25
230.9601 	Level injecting via pump at address 1 and a keypress of 1 and image of a.jpg 	25
235.9432 	DATA 	Keypress: o
235.9444 	DATA 	Keypress: o
236.9405 	DATA 	Keypress: o
236.9603 	Level RINSE 	25
238.9444 	DATA 	Keypress: o
242.9378 	Level finished 	25
242.9391 	DATA 	Keypress: o
242.9403 	DATA 	Keypress: o
243.3181 	Level d.jpg at position=right and c.jpg at position=left 	25
244.9391 	DATA 	Keypress: o
244.9443 	Level Key Press Missed! 	25
249.9432 	DATA 	Keypress: o
249.9446 	DATA 	Keypress: o
250.9403 	DATA 	Keypress: o
250.9618 	Level RINSE 	25
252.9427 	DATA 	Keypress: o
256.9378 	Level finished 	25
256.9398 	DATA 	Keypress: o
256.9412 	DATA 	Keypress: o
257.3198 	Level c.jpg at position=right and d.jpg at position=left 	25
258.9390 	DATA 	Keypress: o
258.9625 	Level Key Press Missed! 	25
263.9436 	DATA 	Keypress: o
263.9450 	DATA 	Keypress: 5
263.9462 	DATA 	Keypress: o
264.9405 	DATA 	Keypress: o
264.9635 	Level RINSE 	25
266.9427 	DATA 	Keypress: o
270.9378 	Level finished 	25
270.9394 	DATA 	Keypress: o
270.9406 	DATA 	Keypress: o
271.3308 	Level c.jpg at position=left and d.jpg at position=right 	25
272.9391 	DATA 	Keypress: 1
272.9403 	DATA 	Keypress: 1
272.9413 	DATA 	Keypress: o
272.9641 	Level keypress=1 at time= 1.575104 	25
272.9646 	Level injecting via pump at address 2 and a keypress of 1 and image of c.jpg 	25
277.9429 	DATA 	Keypress: o
277.9442 	DATA 	Keypress: o
278.9402 	DATA 	Keypress: o
278.9651 	Level RINSE 	25
280.9428 	DATA 	Keypress: o
283.9378 	Level finished 	25
283.9391 	DATA 	Keypress: o
284.3045 	Level c.jpg at position=right and d.jpg at position=left 	25
285.9392 	DATA 	Keypress: o
285.9405 	DATA 	Keypress: 2
285.9490 	Level keypress=2 at time= 1.608293 	25
285.9497 	Level injecting via pump at address 1 and a keypress of 2 and image of c.jpg 	25
290.9433 	DATA 	Keypress: o
290.9448 	DATA 	Keypress: o
290.9461 	DATA 	Keypress: o
291.9500 	Level RINSE 	25
293.9423 	DATA 	Keypress: o
298.9378 	Level finished 	25
298.9394 	DATA 	Keypress: o
298.9406 	DATA 	Keypress: o
298.9417 	DATA 	Keypress: o
299.3257 	Level f.jpg at position=right and e.jpg at position=left 	25
300.9392 	DATA 	Keypress: 2
300.9406 	DATA 	Keypress: 1
300.9417 	DATA 	Keypress: o
300.9677 	Level keypress=2 at time= 1.588552 	25
300.9683 	Level injecting via pump at address 2 and a keypress of 2 and image of f.jpg 	25
305.9432 	DATA 	Keypress: o
305.9446 	DATA 	Keypress: o
306.9401 	DATA 	Keypress: o
306.9684 	Level RINSE 	25
308.9427 	DATA 	Keypress: o
313.9378 	Level finished 	25
313.9394 	DATA 	Keypress: o
313.9406 	DATA 	Keypress: o
314.3347 	Level e.jpg at position=right and f.jpg at position=left 	25
315.9391 	DATA 	Keypress: o
315.9405 	DATA 	Keypress: 2
315.9691 	Level keypress=2 at time= 1.587721 	25
315.9696 	Level injecting via pump at address 2 and a keypress of 2 and image of e.jpg 	25
320.9434 	DATA 	Keypress: o
320.9448 	DATA 	Keypress: o
320.9461 	DATA 	Keypress: o
321.9534 	Level RINSE 	25
323.9428 	DATA 	Keypress: o
327.9378 	Level finished 	25
327.9395 	DATA 	Keypress: o
327.9409 	DATA 	Keypress: o
328.3158 	Level b.jpg at position=right and a.jpg at position=left 	25
329.9390 	DATA 	Keypress: o
329.9403 	DATA 	Keypress: 2
329.9542 	Level keypress=2 at time= 1.602898 	25
329.9548 	Level injecting via pump at address 2 and a keypress of 2 and image of b.jpg 	25
334.9434 	DATA 	Keypress: o
334.9447 	DATA 	Keypress: o
334.9460 	DATA 	Keypress: o
335.9549 	Level RINSE 	25
337.9422 	DATA 	Keypress: o
341.9378 	Level finished 	25
341.9397 	DATA 	Keypress: o
341.9411 	DATA 	Keypress: o
342.3339 	Level a.jpg at position=right and b.jpg at position=left 	25
343.9393 	DATA 	Keypress: o
343.9408 	DATA 	Keypress: 2
343.9724 	Level keypress=2 at time= 1.585176 	25
343.9751 	Level injecting via pump at address 1 and a keypress of 2 and image of a.jpg 	25
348.9428 	DATA 	Keypress: o
348.9442 	DATA 	Keypress: o
348.9455 	DATA 	Keypress: o
349.9567 	Level RINSE 	25
351.9424 	DATA 	Keypress: o
357.9378 	Level finished 	25
357.9397 	DATA 	Keypress: o
357.9411 	DATA 	Keypress: o
357.9421 	DATA 	Keypress: o
358.3244 	Level a.jpg at position=left and b.jpg at position=right 	25
359.9388 	DATA 	Keypress: o
359.9398 	DATA 	Keypress: 2
359.9581 	Level keypress=2 at time= 1.598874 	25
359.9586 	Level injecting via pump at address 1 and a keypress of 2 and image of b.jpg 	25
364.9428 	DATA 	Keypress: o
364.9440 	DATA 	Keypress: o
364.9452 	DATA 	Keypress: o
365.9585 	Level RINSE 	25
367.9434 	DATA 	Keypress: o
371.9378 	Level finished 	25
371.9394 	DATA 	Keypress: o
371.9407 	DATA 	Keypress: o
372.3099 	Level d.jpg at position=left and c.jpg at position=right 	25
373.9389 	DATA 	Keypress: o
373.9399 	DATA 	Keypress: 1
373.9593 	Level keypress=1 at time= 1.596948 	25
373.9599 	Level injecting via pump at address 2 and a keypress of 1 and image of d.jpg 	25
378.9427 	DATA 	Keypress: o
378.9438 	DATA 	Keypress: o
378.9447 	DATA 	Keypress: o
379.9603 	Level RINSE 	25
381.9433 	DATA 	Keypress: o
386.9378 	Level finished 	25
386.9394 	DATA 	Keypress: o
386.9408 	DATA 	Keypress: o
386.9420 	DATA 	Keypress: o
387.2999 	Level c.jpg at position=left and d.jpg at position=right 	25
388.9389 	DATA 	Keypress: o
388.9611 	Level Key Press Missed! 	25
393.9432 	DATA 	Keypress: 1
393.9441 	DATA 	Keypress: o
393.9451 	DATA 	Keypress: o
394.9408 	DATA 	Keypress: o
394.9453 	Level RINSE 	25
396.9436 	DATA 	Keypress: o
400.9378 	Level finished 	25
400.9397 	DATA 	Keypress: o
400.9411 	DATA 	Keypress: o
401.3156 	Level e.jpg at position=left and f.jpg at position=right 	25
402.9391 	DATA 	Keypress: 1
402.9403 	DATA 	Keypress: o
402.9628 	Level keypress=1 at time= 1.609853 	25
402.9633 	Level injecting via pump at address 1 and a keypress of 1 and image of e.jpg 	25
407.9428 	DATA 	Keypress: 1
407.9438 	DATA 	Keypress: o
407.9449 	DATA 	Keypress: o
408.9405 	DATA 	Keypress: o
408.9635 	Level RINSE 	25
410.9432 	DATA 	Keypress: o
416.9378 	Level finished 	25
416.9395 	DATA 	Keypress: o
416.9407 	DATA 	Keypress: o
416.9419 	DATA 	Keypress: o
417.3186 	Level e.jpg at position=left and f.jpg at position=right 	25
418.9389 	DATA 	Keypress: 1
418.9399 	DATA 	Keypress: o
418.9651 	Level keypress=1 at time= 1.591064 	25
418.9655 	Level injecting via pump at address 1 and a keypress of 1 and image of e.jpg 	25
423.9447 	DATA 	Keypress: o
423.9461 	DATA 	Keypress: o
424.9407 	DATA 	Keypress: o
424.9653 	Level RINSE 	25
426.9432 	DATA 	Keypress: o
433.9378 	Level finished 	25
