133.1925 	DATA 	Keypress: 5
147.8677 	DATA 	Keypress: o
147.8685 	Level start key press 	25
147.8685 	Level fixation 0.000001 	25
149.8790 	DATA 	Keypress: o
151.8792 	DATA 	Keypress: o
153.8961 	DATA 	Keypress: o
155.8798 	DATA 	Keypress: o
156.1774 	Level fixation end 0.000001 	25
156.1774 	Level START 	25
156.5788 	Level c.jpg at position=left and d.jpg at position=right 	25
158.1786 	DATA 	Keypress: o
158.1947 	Level Key Press Missed! 	25
163.1820 	DATA 	Keypress: 2
163.1829 	DATA 	Keypress: o
163.1839 	DATA 	Keypress: 2
163.1848 	DATA 	Keypress: o
164.1799 	DATA 	Keypress: o
164.1953 	Level RINSE 	25
166.1839 	DATA 	Keypress: o
171.1774 	Level finished 	25
171.1787 	DATA 	Keypress: o
171.1797 	DATA 	Keypress: o
171.5537 	Level f.jpg at position=left and e.jpg at position=right 	25
173.1791 	DATA 	Keypress: o
173.1805 	DATA 	Keypress: 1
173.1961 	Level keypress=1 at time= 1.600742 	25
173.1966 	Level injecting via pump at address 1 and a keypress of 1 and image of f.jpg 	25
178.1819 	DATA 	Keypress: o
178.1830 	DATA 	Keypress: o
178.1842 	DATA 	Keypress: o
179.1802 	Level RINSE 	25
181.1824 	DATA 	Keypress: o
187.1774 	Level finished 	25
187.1787 	DATA 	Keypress: o
187.1798 	DATA 	Keypress: o
187.1810 	DATA 	Keypress: o
187.5461 	Level d.jpg at position=left and c.jpg at position=right 	25
189.1785 	DATA 	Keypress: o
189.1796 	DATA 	Keypress: 2
189.1980 	Level keypress=2 at time= 1.598013 	25
189.1984 	Level injecting via pump at address 1 and a keypress of 2 and image of c.jpg 	25
194.1828 	DATA 	Keypress: o
194.1839 	DATA 	Keypress: o
194.1850 	DATA 	Keypress: o
195.1987 	Level RINSE 	25
197.1819 	DATA 	Keypress: o
201.1774 	Level finished 	25
201.1788 	DATA 	Keypress: o
201.1800 	DATA 	Keypress: o
201.5578 	Level f.jpg at position=left and e.jpg at position=right 	25
203.1787 	DATA 	Keypress: o
203.1798 	DATA 	Keypress: 1
203.1808 	DATA 	Keypress: 1
203.1996 	Level keypress=1 at time= 1.596589 	25
203.2001 	Level injecting via pump at address 2 and a keypress of 1 and image of f.jpg 	25
208.1823 	DATA 	Keypress: o
208.1833 	DATA 	Keypress: o
208.1842 	DATA 	Keypress: o
209.2005 	Level RINSE 	25
211.1823 	DATA 	Keypress: o
214.1774 	Level finished 	25
214.1787 	DATA 	Keypress: o
214.1797 	DATA 	Keypress: o
214.5577 	Level f.jpg at position=left and e.jpg at position=right 	25
216.1786 	DATA 	Keypress: 2
216.1796 	DATA 	Keypress: o
216.2011 	Level keypress=2 at time= 1.593949 	25
216.2016 	Level injecting via pump at address 1 and a keypress of 2 and image of e.jpg 	25
221.1820 	DATA 	Keypress: o
221.1830 	DATA 	Keypress: o
222.1798 	DATA 	Keypress: o
222.2020 	Level RINSE 	25
224.1821 	DATA 	Keypress: o
229.1774 	Level finished 	25
229.1788 	DATA 	Keypress: o
229.1799 	DATA 	Keypress: o
229.5516 	Level a.jpg at position=left and b.jpg at position=right 	25
231.1785 	DATA 	Keypress: o
231.1795 	DATA 	Keypress: 2
231.2029 	Level keypress=2 at time= 1.609771 	25
231.2034 	Level injecting via pump at address 1 and a keypress of 2 and image of b.jpg 	25
236.1824 	DATA 	Keypress: o
236.1835 	DATA 	Keypress: o
236.1844 	DATA 	Keypress: o
237.2038 	Level RINSE 	25
239.1823 	DATA 	Keypress: o
243.1774 	Level finished 	25
243.1789 	DATA 	Keypress: o
243.1802 	DATA 	Keypress: o
243.5407 	Level d.jpg at position=left and c.jpg at position=right 	25
245.1785 	DATA 	Keypress: o
245.1878 	Level Key Press Missed! 	25
250.1826 	DATA 	Keypress: 1
250.1837 	DATA 	Keypress: o
250.1848 	DATA 	Keypress: o
250.1857 	DATA 	Keypress: o
251.1888 	Level RINSE 	25
253.1823 	DATA 	Keypress: o
256.1774 	Level finished 	25
256.1787 	DATA 	Keypress: o
256.1798 	DATA 	Keypress: o
256.5403 	Level c.jpg at position=right and d.jpg at position=left 	25
258.1788 	DATA 	Keypress: 1
258.1800 	DATA 	Keypress: o
258.1894 	Level keypress=1 at time= 1.605798 	25
258.1899 	Level injecting via pump at address 1 and a keypress of 1 and image of d.jpg 	25
263.1824 	DATA 	Keypress: o
263.1834 	DATA 	Keypress: o
264.1802 	DATA 	Keypress: o
264.1902 	Level RINSE 	25
266.1830 	DATA 	Keypress: o
271.1774 	Level finished 	25
271.1788 	DATA 	Keypress: o
271.1799 	DATA 	Keypress: o
271.5535 	Level c.jpg at position=right and d.jpg at position=left 	25
273.1786 	DATA 	Keypress: o
273.1799 	DATA 	Keypress: 2
273.1911 	Level keypress=2 at time= 1.605124 	25
273.1916 	Level injecting via pump at address 1 and a keypress of 2 and image of c.jpg 	25
278.1826 	DATA 	Keypress: o
278.1839 	DATA 	Keypress: o
278.1851 	DATA 	Keypress: o
279.1919 	Level RINSE 	25
281.1824 	DATA 	Keypress: o
284.1774 	Level finished 	25
284.1790 	DATA 	Keypress: o
284.1801 	DATA 	Keypress: o
284.5490 	Level c.jpg at position=right and d.jpg at position=left 	25
286.1788 	DATA 	Keypress: o
286.1926 	Level Key Press Missed! 	25
291.1820 	DATA 	Keypress: 2
291.1833 	DATA 	Keypress: o
291.1842 	DATA 	Keypress: o
292.1800 	DATA 	Keypress: o
292.1934 	Level RINSE 	25
294.1826 	DATA 	Keypress: o
297.1774 	Level finished 	25
297.1787 	DATA 	Keypress: o
297.5547 	Level e.jpg at position=right and f.jpg at position=left 	25
299.1786 	DATA 	Keypress: o
299.1799 	DATA 	Keypress: 1
299.1811 	DATA 	Keypress: 5
299.1941 	Level keypress=1 at time= 1.585556 	25
299.1947 	Level injecting via pump at address 2 and a keypress of 1 and image of f.jpg 	25
304.1826 	DATA 	Keypress: o
304.1838 	DATA 	Keypress: 5
304.1847 	DATA 	Keypress: o
304.1856 	DATA 	Keypress: o
305.1950 	Level RINSE 	25
307.1835 	DATA 	Keypress: o
312.1774 	Level finished 	25
312.1787 	DATA 	Keypress: o
312.1798 	DATA 	Keypress: o
312.1807 	DATA 	Keypress: o
312.5503 	Level d.jpg at position=right and c.jpg at position=left 	25
314.1785 	DATA 	Keypress: 2
314.1796 	DATA 	Keypress: o
314.1959 	Level keypress=2 at time= 1.599027 	25
314.1964 	Level injecting via pump at address 2 and a keypress of 2 and image of d.jpg 	25
319.1822 	DATA 	Keypress: o
319.1835 	DATA 	Keypress: o
320.1801 	DATA 	Keypress: o
320.1968 	Level RINSE 	25
322.1827 	DATA 	Keypress: o
325.1774 	Level finished 	25
325.1788 	DATA 	Keypress: o
325.5334 	Level d.jpg at position=right and c.jpg at position=left 	25
327.1785 	DATA 	Keypress: o
327.1795 	DATA 	Keypress: 2
327.1974 	Level keypress=2 at time= 1.615208 	25
327.1979 	Level injecting via pump at address 2 and a keypress of 2 and image of d.jpg 	25
332.1847 	DATA 	Keypress: o
332.1859 	DATA 	Keypress: o
332.1871 	DATA 	Keypress: o
333.1984 	Level RINSE 	25
335.1820 	DATA 	Keypress: o
340.1774 	Level finished 	25
340.1788 	DATA 	Keypress: o
340.1799 	DATA 	Keypress: o
340.1809 	DATA 	Keypress: o
340.5506 	Level d.jpg at position=left and c.jpg at position=right 	25
342.1785 	DATA 	Keypress: o
342.1991 	Level Key Press Missed! 	25
347.1820 	DATA 	Keypress: 1
347.1829 	DATA 	Keypress: 1
347.1839 	DATA 	Keypress: 1
347.1848 	DATA 	Keypress: o
347.1857 	DATA 	Keypress: o
348.1804 	DATA 	Keypress: o
348.2001 	Level RINSE 	25
350.1824 	DATA 	Keypress: o
353.1774 	Level finished 	25
353.1787 	DATA 	Keypress: o
353.5539 	Level e.jpg at position=left and f.jpg at position=right 	25
355.1787 	DATA 	Keypress: o
355.1800 	DATA 	Keypress: 1
355.1811 	DATA 	Keypress: 1
355.2007 	Level keypress=1 at time= 1.595740 	25
355.2011 	Level injecting via pump at address 2 and a keypress of 1 and image of e.jpg 	25
360.1823 	DATA 	Keypress: o
360.1837 	DATA 	Keypress: o
360.1849 	DATA 	Keypress: o
361.2015 	Level RINSE 	25
363.1824 	DATA 	Keypress: o
368.1774 	Level finished 	25
368.1791 	DATA 	Keypress: o
368.1803 	DATA 	Keypress: o
368.1815 	DATA 	Keypress: o
368.5662 	Level e.jpg at position=left and f.jpg at position=right 	25
370.1785 	DATA 	Keypress: o
370.1797 	DATA 	Keypress: 2
370.2024 	Level keypress=2 at time= 1.577056 	25
370.2029 	Level injecting via pump at address 2 and a keypress of 2 and image of f.jpg 	25
375.1825 	DATA 	Keypress: o
375.1835 	DATA 	Keypress: o
376.1802 	DATA 	Keypress: o
376.1866 	Level RINSE 	25
378.1831 	DATA 	Keypress: o
383.1774 	Level finished 	25
383.1788 	DATA 	Keypress: o
383.1799 	DATA 	Keypress: o
383.5522 	Level a.jpg at position=left and b.jpg at position=right 	25
385.1786 	DATA 	Keypress: o
385.1799 	DATA 	Keypress: 2
385.1876 	Level keypress=2 at time= 1.608747 	25
385.1881 	Level injecting via pump at address 2 and a keypress of 2 and image of b.jpg 	25
390.1821 	DATA 	Keypress: o
390.1832 	DATA 	Keypress: o
390.1842 	DATA 	Keypress: o
391.2052 	Level RINSE 	25
393.1824 	DATA 	Keypress: o
399.1774 	Level finished 	25
399.1788 	DATA 	Keypress: o
399.1799 	DATA 	Keypress: o
399.1809 	DATA 	Keypress: o
399.5514 	Level f.jpg at position=right and e.jpg at position=left 	25
401.1785 	DATA 	Keypress: o
401.1796 	DATA 	Keypress: 1
401.1895 	Level keypress=1 at time= 1.606762 	25
401.1899 	Level injecting via pump at address 2 and a keypress of 1 and image of e.jpg 	25
406.1820 	DATA 	Keypress: o
406.1831 	DATA 	Keypress: o
406.1841 	DATA 	Keypress: o
407.1902 	Level RINSE 	25
409.1831 	DATA 	Keypress: o
414.1774 	Level finished 	25
414.1792 	DATA 	Keypress: o
414.1804 	DATA 	Keypress: o
414.1815 	DATA 	Keypress: o
414.5522 	Level a.jpg at position=left and b.jpg at position=right 	25
416.1785 	DATA 	Keypress: 1
416.1796 	DATA 	Keypress: o
416.2078 	Level keypress=1 at time= 1.603887 	25
416.2083 	Level injecting via pump at address 1 and a keypress of 1 and image of a.jpg 	25
421.1824 	DATA 	Keypress: o
421.1835 	DATA 	Keypress: o
422.1800 	DATA 	Keypress: o
422.2087 	Level RINSE 	25
424.1824 	DATA 	Keypress: o
429.1774 	Level finished 	25
429.1792 	DATA 	Keypress: o
429.1807 	DATA 	Keypress: o
429.5575 	Level a.jpg at position=right and b.jpg at position=left 	25
431.1786 	DATA 	Keypress: o
431.1799 	DATA 	Keypress: 1
431.2096 	Level keypress=1 at time= 1.603535 	25
431.2101 	Level injecting via pump at address 1 and a keypress of 1 and image of b.jpg 	25
436.1826 	DATA 	Keypress: o
436.1838 	DATA 	Keypress: o
436.1850 	DATA 	Keypress: o
437.1938 	Level RINSE 	25
439.1829 	DATA 	Keypress: o
442.1774 	Level finished 	25
442.1789 	DATA 	Keypress: o
442.1801 	DATA 	Keypress: o
442.5523 	Level d.jpg at position=left and c.jpg at position=right 	25
444.1785 	DATA 	Keypress: 1
444.1796 	DATA 	Keypress: o
444.2110 	Level keypress=1 at time= 1.600575 	25
444.2116 	Level injecting via pump at address 2 and a keypress of 1 and image of d.jpg 	25
449.1822 	DATA 	Keypress: o
449.1832 	DATA 	Keypress: o
450.1803 	DATA 	Keypress: o
450.2120 	Level RINSE 	25
452.1822 	DATA 	Keypress: o
455.1774 	Level finished 	25
455.1788 	DATA 	Keypress: o
455.5435 	Level f.jpg at position=left and e.jpg at position=right 	25
457.1785 	DATA 	Keypress: o
457.1797 	DATA 	Keypress: 1
457.1959 	Level keypress=1 at time= 1.616916 	25
457.1965 	Level injecting via pump at address 2 and a keypress of 1 and image of f.jpg 	25
462.1832 	DATA 	Keypress: o
462.1844 	DATA 	Keypress: o
462.1855 	DATA 	Keypress: o
463.1968 	Level RINSE 	25
465.1822 	DATA 	Keypress: o
469.1774 	Level finished 	25
469.1793 	DATA 	Keypress: o
469.1808 	DATA 	Keypress: o
469.5418 	Level c.jpg at position=left and d.jpg at position=right 	25
471.1786 	DATA 	Keypress: o
471.1796 	DATA 	Keypress: 1
471.1976 	Level keypress=1 at time= 1.615185 	25
471.1981 	Level injecting via pump at address 2 and a keypress of 1 and image of c.jpg 	25
476.1819 	DATA 	Keypress: o
476.1831 	DATA 	Keypress: o
476.1840 	DATA 	Keypress: o
477.1985 	Level RINSE 	25
479.1818 	DATA 	Keypress: o
483.1774 	Level finished 	25
483.1789 	DATA 	Keypress: o
483.1799 	DATA 	Keypress: o
483.5546 	Level f.jpg at position=left and e.jpg at position=right 	25
485.1785 	DATA 	Keypress: o
485.1796 	DATA 	Keypress: 1
485.1992 	Level keypress=1 at time= 1.596714 	25
485.1997 	Level injecting via pump at address 2 and a keypress of 1 and image of f.jpg 	25
490.1826 	DATA 	Keypress: o
490.1836 	DATA 	Keypress: o
490.1845 	DATA 	Keypress: o
491.2001 	Level RINSE 	25
493.1821 	DATA 	Keypress: o
498.1774 	Level finished 	25
498.1794 	DATA 	Keypress: o
498.1807 	DATA 	Keypress: o
498.1818 	DATA 	Keypress: o
498.5508 	Level b.jpg at position=left and a.jpg at position=right 	25
500.1785 	DATA 	Keypress: 2
500.1796 	DATA 	Keypress: o
500.2010 	Level keypress=2 at time= 1.610756 	25
500.2015 	Level injecting via pump at address 2 and a keypress of 2 and image of a.jpg 	25
505.1820 	DATA 	Keypress: 2
505.1832 	DATA 	Keypress: o
505.1844 	DATA 	Keypress: o
506.1800 	DATA 	Keypress: o
506.2018 	Level RINSE 	25
508.1834 	DATA 	Keypress: o
512.1774 	Level finished 	25
512.1790 	DATA 	Keypress: o
512.1801 	DATA 	Keypress: o
512.5493 	Level a.jpg at position=left and b.jpg at position=right 	25
514.1787 	DATA 	Keypress: 1
514.1799 	DATA 	Keypress: 1
514.1811 	DATA 	Keypress: o
514.2026 	Level keypress=1 at time= 1.592481 	25
514.2031 	Level injecting via pump at address 2 and a keypress of 1 and image of a.jpg 	25
519.1819 	DATA 	Keypress: o
519.1829 	DATA 	Keypress: o
520.1798 	DATA 	Keypress: o
520.1867 	Level RINSE 	25
522.1826 	DATA 	Keypress: o
527.1774 	Level finished 	25
