38.1016 	DATA 	Keypress: o
38.1024 	Level start key press 	25
38.1025 	Level fixation 0.000001 	25
40.1024 	DATA 	Keypress: o
42.1029 	DATA 	Keypress: o
44.1027 	DATA 	Keypress: o
46.1029 	DATA 	Keypress: o
46.4008 	Level fixation end 0.000001 	25
46.4008 	Level START 	25
46.8112 	Level e.jpg at position=right and f.jpg at position=left 	25
48.4025 	DATA 	Keypress: 1
48.4042 	DATA 	Keypress: o
48.4180 	Level keypress=1 at time= 1.551732 	25
48.4185 	Level injecting via pump at address 1 and a keypress of 1 and image of f.jpg 	25
53.4072 	DATA 	Keypress: o
53.4087 	DATA 	Keypress: o
54.4043 	DATA 	Keypress: o
54.4184 	Level RINSE 	25
56.4075 	DATA 	Keypress: o
62.4008 	Level finished 	25
62.4027 	DATA 	Keypress: o
62.4043 	DATA 	Keypress: o
62.4057 	DATA 	Keypress: o
62.7757 	Level f.jpg at position=left and e.jpg at position=right 	25
64.4024 	DATA 	Keypress: o
64.4041 	DATA 	Keypress: 1
64.4194 	Level keypress=1 at time= 1.601108 	25
64.4198 	Level injecting via pump at address 2 and a keypress of 1 and image of f.jpg 	25
69.4080 	DATA 	Keypress: o
69.4096 	DATA 	Keypress: o
70.4043 	DATA 	Keypress: o
70.4203 	Level RINSE 	25
72.4072 	DATA 	Keypress: o
77.4008 	Level finished 	25
77.4025 	DATA 	Keypress: o
77.4042 	DATA 	Keypress: o
77.7761 	Level a.jpg at position=left and b.jpg at position=right 	25
79.4023 	DATA 	Keypress: o
79.4037 	DATA 	Keypress: 1
79.4212 	Level keypress=1 at time= 1.599018 	25
79.4216 	Level injecting via pump at address 1 and a keypress of 1 and image of a.jpg 	25
84.4077 	DATA 	Keypress: o
84.4092 	DATA 	Keypress: o
84.4105 	DATA 	Keypress: o
85.4220 	Level RINSE 	25
87.4072 	DATA 	Keypress: o
92.4008 	Level finished 	25
92.4027 	DATA 	Keypress: o
92.4044 	DATA 	Keypress: o
92.4057 	DATA 	Keypress: o
92.7766 	Level e.jpg at position=right and f.jpg at position=left 	25
94.4021 	DATA 	Keypress: 1
94.4033 	DATA 	Keypress: o
94.4230 	Level keypress=1 at time= 1.595627 	25
94.4234 	Level injecting via pump at address 1 and a keypress of 1 and image of f.jpg 	25
99.4064 	DATA 	Keypress: o
99.4079 	DATA 	Keypress: o
100.4039 	DATA 	Keypress: o
100.4238 	Level RINSE 	25
102.4059 	DATA 	Keypress: o
108.4008 	Level finished 	25
108.4023 	DATA 	Keypress: o
108.4037 	DATA 	Keypress: o
108.4049 	DATA 	Keypress: o
108.7929 	Level f.jpg at position=left and e.jpg at position=right 	25
110.4019 	DATA 	Keypress: 1
110.4029 	DATA 	Keypress: o
110.4249 	Level keypress=1 at time= 1.576783 	25
110.4253 	Level injecting via pump at address 1 and a keypress of 1 and image of f.jpg 	25
115.4066 	DATA 	Keypress: o
115.4080 	DATA 	Keypress: o
116.4042 	DATA 	Keypress: o
116.4092 	Level RINSE 	25
118.4069 	DATA 	Keypress: o
122.4008 	Level finished 	25
122.4025 	DATA 	Keypress: o
122.4038 	DATA 	Keypress: o
122.7958 	Level d.jpg at position=left and c.jpg at position=right 	25
124.4024 	DATA 	Keypress: 1
124.4038 	DATA 	Keypress: o
124.4265 	Level keypress=1 at time= 1.592269 	25
124.4269 	Level injecting via pump at address 2 and a keypress of 1 and image of d.jpg 	25
129.4061 	DATA 	Keypress: o
129.4071 	DATA 	Keypress: o
130.4035 	DATA 	Keypress: o
130.4275 	Level RINSE 	25
132.4063 	DATA 	Keypress: o
137.4008 	Level finished 	25
137.4024 	DATA 	Keypress: o
137.4036 	DATA 	Keypress: o
137.7961 	Level e.jpg at position=left and f.jpg at position=right 	25
139.4021 	DATA 	Keypress: o
139.4034 	DATA 	Keypress: 1
139.4283 	Level keypress=1 at time= 1.574936 	25
139.4287 	Level injecting via pump at address 1 and a keypress of 1 and image of e.jpg 	25
144.4067 	DATA 	Keypress: o
144.4086 	DATA 	Keypress: o
144.4100 	DATA 	Keypress: o
145.4125 	Level RINSE 	25
147.4068 	DATA 	Keypress: o
152.4008 	Level finished 	25
152.4027 	DATA 	Keypress: o
152.4041 	DATA 	Keypress: o
152.4052 	DATA 	Keypress: o
152.8060 	Level e.jpg at position=right and f.jpg at position=left 	25
154.4020 	DATA 	Keypress: 1
154.4033 	DATA 	Keypress: o
154.4134 	Level keypress=1 at time= 1.571785 	25
154.4139 	Level injecting via pump at address 1 and a keypress of 1 and image of f.jpg 	25
159.4060 	DATA 	Keypress: o
159.4072 	DATA 	Keypress: o
160.4031 	DATA 	Keypress: o
160.4143 	Level RINSE 	25
162.4063 	DATA 	Keypress: o
168.4008 	Level finished 	25
168.4024 	DATA 	Keypress: o
168.4036 	DATA 	Keypress: o
168.4046 	DATA 	Keypress: o
168.7935 	Level d.jpg at position=left and c.jpg at position=right 	25
170.4021 	DATA 	Keypress: 1
170.4036 	DATA 	Keypress: o
170.4153 	Level keypress=1 at time= 1.570073 	25
170.4158 	Level injecting via pump at address 2 and a keypress of 1 and image of d.jpg 	25
175.4072 	DATA 	Keypress: o
175.4086 	DATA 	Keypress: o
176.4040 	DATA 	Keypress: o
176.4160 	Level RINSE 	25
178.4060 	DATA 	Keypress: o
184.4008 	Level finished 	25
184.4024 	DATA 	Keypress: o
184.4035 	DATA 	Keypress: o
184.4047 	DATA 	Keypress: o
184.7930 	Level d.jpg at position=left and c.jpg at position=right 	25
186.4019 	DATA 	Keypress: o
186.4172 	Level Key Press Missed! 	25
191.4102 	DATA 	Keypress: o
191.4117 	DATA 	Keypress: o
192.4038 	DATA 	Keypress: o
192.4180 	Level RINSE 	25
194.4067 	DATA 	Keypress: o
197.4008 	Level finished 	25
197.4023 	DATA 	Keypress: o
197.7904 	Level b.jpg at position=right and a.jpg at position=left 	25
199.4021 	DATA 	Keypress: o
199.4032 	DATA 	Keypress: 1
199.4045 	DATA 	Keypress: 1
199.4353 	Level keypress=1 at time= 1.584334 	25
199.4357 	Level injecting via pump at address 1 and a keypress of 1 and image of a.jpg 	25
204.4067 	DATA 	Keypress: o
204.4080 	DATA 	Keypress: o
204.4094 	DATA 	Keypress: o
205.4195 	Level RINSE 	25
207.4064 	DATA 	Keypress: o
212.4008 	Level finished 	25
212.4025 	DATA 	Keypress: o
212.4038 	DATA 	Keypress: o
212.4048 	DATA 	Keypress: o
212.8028 	Level b.jpg at position=left and a.jpg at position=right 	25
214.4023 	DATA 	Keypress: 1
214.4038 	DATA 	Keypress: 1
214.4050 	DATA 	Keypress: o
214.4204 	Level keypress=1 at time= 1.565058 	25
214.4209 	Level injecting via pump at address 1 and a keypress of 1 and image of b.jpg 	25
219.4057 	DATA 	Keypress: o
219.4071 	DATA 	Keypress: o
220.4032 	DATA 	Keypress: o
220.4213 	Level RINSE 	25
222.4063 	DATA 	Keypress: o
228.4008 	Level finished 	25
228.4026 	DATA 	Keypress: o
228.4044 	DATA 	Keypress: o
228.4054 	DATA 	Keypress: o
228.7995 	Level d.jpg at position=right and c.jpg at position=left 	25
230.4025 	DATA 	Keypress: 1
230.4039 	DATA 	Keypress: o
230.4224 	Level keypress=1 at time= 1.579835 	25
230.4229 	Level injecting via pump at address 2 and a keypress of 1 and image of c.jpg 	25
235.4062 	DATA 	Keypress: o
235.4076 	DATA 	Keypress: o
236.4035 	DATA 	Keypress: o
236.4230 	Level RINSE 	25
238.4088 	DATA 	Keypress: o
242.4008 	Level finished 	25
242.4024 	DATA 	Keypress: o
242.4036 	DATA 	Keypress: o
242.7868 	Level f.jpg at position=right and e.jpg at position=left 	25
244.4023 	DATA 	Keypress: o
244.4240 	Level Key Press Missed! 	25
249.4068 	DATA 	Keypress: o
249.4083 	DATA 	Keypress: o
250.4039 	DATA 	Keypress: o
250.4081 	Level RINSE 	25
252.4057 	DATA 	Keypress: o
256.4008 	Level finished 	25
256.4026 	DATA 	Keypress: o
256.4040 	DATA 	Keypress: o
256.8020 	Level f.jpg at position=left and e.jpg at position=right 	25
258.4021 	DATA 	Keypress: 2
258.4035 	DATA 	Keypress: o
258.4257 	Level keypress=2 at time= 1.576352 	25
258.4262 	Level injecting via pump at address 1 and a keypress of 2 and image of e.jpg 	25
263.4063 	DATA 	Keypress: o
263.4073 	DATA 	Keypress: o
264.4036 	DATA 	Keypress: o
264.4265 	Level RINSE 	25
266.4068 	DATA 	Keypress: o
270.4008 	Level finished 	25
270.4026 	DATA 	Keypress: o
270.4040 	DATA 	Keypress: o
270.7997 	Level e.jpg at position=left and f.jpg at position=right 	25
272.4022 	DATA 	Keypress: o
272.4106 	Level Key Press Missed! 	25
277.4076 	DATA 	Keypress: o
277.4090 	DATA 	Keypress: o
278.4040 	DATA 	Keypress: o
278.4114 	Level RINSE 	25
280.4065 	DATA 	Keypress: o
283.4008 	Level finished 	25
283.4023 	DATA 	Keypress: o
283.7785 	Level d.jpg at position=left and c.jpg at position=right 	25
285.4023 	DATA 	Keypress: o
285.4038 	DATA 	Keypress: 1
285.4122 	Level keypress=1 at time= 1.591341 	25
285.4126 	Level injecting via pump at address 1 and a keypress of 1 and image of d.jpg 	25
290.4059 	DATA 	Keypress: o
290.4073 	DATA 	Keypress: o
290.4086 	DATA 	Keypress: o
291.4129 	Level RINSE 	25
293.4059 	DATA 	Keypress: o
298.4008 	Level finished 	25
298.4027 	DATA 	Keypress: o
298.4038 	DATA 	Keypress: o
298.4052 	DATA 	Keypress: o
298.7848 	Level e.jpg at position=left and f.jpg at position=right 	25
300.4021 	DATA 	Keypress: 1
300.4034 	DATA 	Keypress: o
300.4139 	Level keypress=1 at time= 1.587949 	25
300.4143 	Level injecting via pump at address 1 and a keypress of 1 and image of e.jpg 	25
305.4068 	DATA 	Keypress: o
305.4082 	DATA 	Keypress: o
306.4040 	DATA 	Keypress: o
306.4312 	Level RINSE 	25
308.4066 	DATA 	Keypress: o
313.4008 	Level finished 	25
313.4026 	DATA 	Keypress: o
313.4040 	DATA 	Keypress: o
313.7919 	Level e.jpg at position=right and f.jpg at position=left 	25
315.4026 	DATA 	Keypress: o
315.4042 	DATA 	Keypress: 1
315.4322 	Level keypress=1 at time= 1.588391 	25
315.4327 	Level injecting via pump at address 1 and a keypress of 1 and image of f.jpg 	25
320.4067 	DATA 	Keypress: o
320.4079 	DATA 	Keypress: o
320.4089 	DATA 	Keypress: o
321.4332 	Level RINSE 	25
323.4064 	DATA 	Keypress: o
327.4008 	Level finished 	25
327.4028 	DATA 	Keypress: o
327.4043 	DATA 	Keypress: o
327.7999 	Level f.jpg at position=right and e.jpg at position=left 	25
329.4020 	DATA 	Keypress: o
329.4034 	DATA 	Keypress: 1
329.4173 	Level keypress=1 at time= 1.569302 	25
329.4177 	Level injecting via pump at address 2 and a keypress of 1 and image of e.jpg 	25
334.4062 	DATA 	Keypress: o
334.4077 	DATA 	Keypress: o
334.4091 	DATA 	Keypress: o
335.4181 	Level RINSE 	25
337.4068 	DATA 	Keypress: o
341.4008 	Level finished 	25
341.4034 	DATA 	Keypress: o
341.4052 	DATA 	Keypress: o
341.7925 	Level d.jpg at position=left and c.jpg at position=right 	25
343.4019 	DATA 	Keypress: o
343.4029 	DATA 	Keypress: 1
343.4356 	Level keypress=1 at time= 1.583735 	25
343.4361 	Level injecting via pump at address 1 and a keypress of 1 and image of d.jpg 	25
348.4069 	DATA 	Keypress: o
348.4086 	DATA 	Keypress: o
348.4098 	DATA 	Keypress: o
349.4198 	Level RINSE 	25
351.4066 	DATA 	Keypress: o
357.4008 	Level finished 	25
357.4027 	DATA 	Keypress: o
357.4040 	DATA 	Keypress: o
357.4052 	DATA 	Keypress: o
357.8067 	Level d.jpg at position=right and c.jpg at position=left 	25
359.4020 	DATA 	Keypress: o
359.4030 	DATA 	Keypress: 1
359.4375 	Level keypress=1 at time= 1.565350 	25
359.4380 	Level injecting via pump at address 1 and a keypress of 1 and image of c.jpg 	25
364.4056 	DATA 	Keypress: o
364.4066 	DATA 	Keypress: o
364.4076 	DATA 	Keypress: o
365.4216 	Level RINSE 	25
367.4072 	DATA 	Keypress: o
371.4008 	Level finished 	25
371.4032 	DATA 	Keypress: o
371.4051 	DATA 	Keypress: o
371.7971 	Level d.jpg at position=right and c.jpg at position=left 	25
373.4019 	DATA 	Keypress: o
373.4031 	DATA 	Keypress: 1
373.4224 	Level keypress=1 at time= 1.580399 	25
373.4228 	Level injecting via pump at address 1 and a keypress of 1 and image of c.jpg 	25
378.4068 	DATA 	Keypress: o
378.4082 	DATA 	Keypress: o
378.4095 	DATA 	Keypress: o
379.4232 	Level RINSE 	25
381.4066 	DATA 	Keypress: o
386.4008 	Level finished 	25
386.4028 	DATA 	Keypress: o
386.4042 	DATA 	Keypress: o
386.4055 	DATA 	Keypress: o
386.7993 	Level c.jpg at position=left and d.jpg at position=right 	25
388.4021 	DATA 	Keypress: 1
388.4035 	DATA 	Keypress: o
388.4241 	Level keypress=1 at time= 1.577733 	25
388.4246 	Level injecting via pump at address 1 and a keypress of 1 and image of c.jpg 	25
393.4067 	DATA 	Keypress: o
393.4081 	DATA 	Keypress: o
394.4036 	DATA 	Keypress: o
394.4085 	Level RINSE 	25
396.4069 	DATA 	Keypress: o
400.4008 	Level finished 	25
400.4028 	DATA 	Keypress: o
400.4046 	DATA 	Keypress: o
400.7987 	Level f.jpg at position=right and e.jpg at position=left 	25
402.4022 	DATA 	Keypress: o
402.4258 	Level Key Press Missed! 	25
407.4076 	DATA 	Keypress: 1
407.4090 	DATA 	Keypress: o
407.4105 	DATA 	Keypress: o
408.4038 	DATA 	Keypress: o
408.4265 	Level RINSE 	25
410.4057 	DATA 	Keypress: o
416.4008 	Level finished 	25
416.4029 	DATA 	Keypress: o
416.4044 	DATA 	Keypress: o
416.4056 	DATA 	Keypress: o
416.8032 	Level e.jpg at position=left and f.jpg at position=right 	25
418.4022 	DATA 	Keypress: 1
418.4036 	DATA 	Keypress: o
418.4276 	Level keypress=1 at time= 1.574386 	25
418.4281 	Level injecting via pump at address 1 and a keypress of 1 and image of e.jpg 	25
423.4059 	DATA 	Keypress: o
423.4070 	DATA 	Keypress: o
424.4031 	DATA 	Keypress: o
424.4285 	Level RINSE 	25
426.4070 	DATA 	Keypress: o
433.4008 	Level finished 	25
