27.8924 	DATA 	Keypress: o
27.8932 	Level start key press 	25
27.8932 	Level fixation 0.000001 	25
29.9036 	DATA 	Keypress: o
31.8978 	DATA 	Keypress: o
33.8980 	DATA 	Keypress: o
35.8979 	DATA 	Keypress: o
36.5635 	Level fixation end 0.000001 	25
36.5635 	Level START 	25
36.9892 	Level e.jpg at position=left and f.jpg at position=right 	25
38.5652 	DATA 	Keypress: 2
38.5670 	DATA 	Keypress: o
38.5730 	Level keypress=2 at time= 1.556128 	25
38.5735 	Level injecting via pump at address 2 and a keypress of 2 and image of f.jpg 	25
43.5701 	DATA 	Keypress: o
43.5716 	DATA 	Keypress: o
44.5670 	DATA 	Keypress: o
44.5905 	Level RINSE 	25
46.5698 	DATA 	Keypress: o
52.5636 	Level finished 	25
52.5653 	DATA 	Keypress: o
52.5665 	DATA 	Keypress: o
52.5679 	DATA 	Keypress: o
52.9469 	Level f.jpg at position=left and e.jpg at position=right 	25
54.5649 	DATA 	Keypress: 1
54.5664 	DATA 	Keypress: o
54.5883 	Level keypress=1 at time= 1.603866 	25
54.5887 	Level injecting via pump at address 2 and a keypress of 1 and image of f.jpg 	25
59.5706 	DATA 	Keypress: 1
59.5721 	DATA 	Keypress: o
59.5733 	DATA 	Keypress: o
60.5671 	DATA 	Keypress: o
60.5898 	Level RINSE 	25
62.5698 	DATA 	Keypress: o
67.5636 	Level finished 	25
67.5654 	DATA 	Keypress: o
67.5671 	DATA 	Keypress: o
67.9548 	Level c.jpg at position=right and d.jpg at position=left 	25
67.9566 	DATA 	Keypress: o
69.5653 	DATA 	Keypress: 2
69.5754 	Level keypress=2 at time= 1.597368 	25
69.5758 	Level injecting via pump at address 1 and a keypress of 2 and image of c.jpg 	25
74.5699 	DATA 	Keypress: o
74.5715 	DATA 	Keypress: o
74.5728 	DATA 	Keypress: o
75.5771 	Level RINSE 	25
77.5694 	DATA 	Keypress: o
82.5636 	Level finished 	25
82.5654 	DATA 	Keypress: o
82.5669 	DATA 	Keypress: o
82.5682 	DATA 	Keypress: o
82.9579 	Level b.jpg at position=right and a.jpg at position=left 	25
84.5651 	DATA 	Keypress: 1
84.5669 	DATA 	Keypress: 1
84.5685 	DATA 	Keypress: o
84.5970 	Level keypress=1 at time= 1.593265 	25
84.5975 	Level injecting via pump at address 1 and a keypress of 1 and image of a.jpg 	25
89.5699 	DATA 	Keypress: o
89.5712 	DATA 	Keypress: o
90.5669 	DATA 	Keypress: o
90.5795 	Level RINSE 	25
92.5703 	DATA 	Keypress: o
98.5636 	Level finished 	25
98.5654 	DATA 	Keypress: o
98.5670 	DATA 	Keypress: o
98.5686 	DATA 	Keypress: o
98.9475 	Level e.jpg at position=left and f.jpg at position=right 	25
100.5652 	DATA 	Keypress: o
100.5670 	DATA 	Keypress: 2
100.5791 	Level keypress=2 at time= 1.595226 	25
100.5795 	Level injecting via pump at address 1 and a keypress of 2 and image of f.jpg 	25
105.5701 	DATA 	Keypress: o
105.5717 	DATA 	Keypress: o
106.5669 	DATA 	Keypress: o
106.5970 	Level RINSE 	25
108.5707 	DATA 	Keypress: o
112.5636 	Level finished 	25
112.5653 	DATA 	Keypress: o
112.5670 	DATA 	Keypress: o
112.9509 	Level b.jpg at position=right and a.jpg at position=left 	25
114.5653 	DATA 	Keypress: 1
114.5670 	DATA 	Keypress: o
114.5723 	Level keypress=1 at time= 1.585106 	25
114.5727 	Level injecting via pump at address 1 and a keypress of 1 and image of a.jpg 	25
119.5703 	DATA 	Keypress: o
119.5719 	DATA 	Keypress: o
120.5669 	DATA 	Keypress: o
120.5732 	Level RINSE 	25
122.5697 	DATA 	Keypress: o
127.5636 	Level finished 	25
127.5655 	DATA 	Keypress: o
127.5671 	DATA 	Keypress: o
127.9544 	Level d.jpg at position=left and c.jpg at position=right 	25
127.9562 	DATA 	Keypress: o
129.5652 	DATA 	Keypress: 1
129.5756 	Level keypress=1 at time= 1.581837 	25
129.5760 	Level injecting via pump at address 1 and a keypress of 1 and image of d.jpg 	25
134.5706 	DATA 	Keypress: o
134.5721 	DATA 	Keypress: o
134.5736 	DATA 	Keypress: o
135.5775 	Level RINSE 	25
137.5701 	DATA 	Keypress: o
142.5636 	Level finished 	25
142.5656 	DATA 	Keypress: o
142.5671 	DATA 	Keypress: o
142.5684 	DATA 	Keypress: o
142.9419 	Level c.jpg at position=left and d.jpg at position=right 	25
144.5651 	DATA 	Keypress: 1
144.5669 	DATA 	Keypress: o
144.5806 	Level keypress=1 at time= 1.607031 	25
144.5810 	Level injecting via pump at address 2 and a keypress of 1 and image of c.jpg 	25
149.5701 	DATA 	Keypress: o
149.5716 	DATA 	Keypress: o
150.5670 	DATA 	Keypress: o
150.5821 	Level RINSE 	25
152.5699 	DATA 	Keypress: o
158.5636 	Level finished 	25
158.5654 	DATA 	Keypress: o
158.5670 	DATA 	Keypress: o
158.5687 	DATA 	Keypress: o
158.9541 	Level a.jpg at position=left and b.jpg at position=right 	25
160.5651 	DATA 	Keypress: 2
160.5669 	DATA 	Keypress: o
160.5789 	Level keypress=2 at time= 1.596830 	25
160.5793 	Level injecting via pump at address 2 and a keypress of 2 and image of b.jpg 	25
165.5707 	DATA 	Keypress: o
165.5724 	DATA 	Keypress: o
166.5669 	DATA 	Keypress: o
166.5807 	Level RINSE 	25
168.5699 	DATA 	Keypress: o
174.5636 	Level finished 	25
174.5653 	DATA 	Keypress: o
174.5668 	DATA 	Keypress: o
174.5680 	DATA 	Keypress: o
174.9471 	Level c.jpg at position=right and d.jpg at position=left 	25
176.5651 	DATA 	Keypress: 1
176.5669 	DATA 	Keypress: o
176.5779 	Level keypress=1 at time= 1.595260 	25
176.5783 	Level injecting via pump at address 2 and a keypress of 1 and image of d.jpg 	25
181.5700 	DATA 	Keypress: o
181.5716 	DATA 	Keypress: o
182.5668 	DATA 	Keypress: o
182.5800 	Level RINSE 	25
184.5695 	DATA 	Keypress: o
187.5636 	Level finished 	25
187.5655 	DATA 	Keypress: o
187.9509 	Level a.jpg at position=left and b.jpg at position=right 	25
187.9525 	DATA 	Keypress: o
189.5653 	DATA 	Keypress: 1
189.5767 	Level keypress=1 at time= 1.595958 	25
189.5771 	Level injecting via pump at address 2 and a keypress of 1 and image of a.jpg 	25
194.5703 	DATA 	Keypress: o
194.5719 	DATA 	Keypress: o
194.5734 	DATA 	Keypress: o
195.5778 	Level RINSE 	25
197.5692 	DATA 	Keypress: o
202.5636 	Level finished 	25
202.5656 	DATA 	Keypress: o
202.5673 	DATA 	Keypress: o
202.5690 	DATA 	Keypress: o
202.9487 	Level e.jpg at position=left and f.jpg at position=right 	25
204.5649 	DATA 	Keypress: o
204.5666 	DATA 	Keypress: 1
204.5803 	Level keypress=1 at time= 1.594796 	25
204.5807 	Level injecting via pump at address 1 and a keypress of 1 and image of e.jpg 	25
209.5701 	DATA 	Keypress: o
209.5718 	DATA 	Keypress: o
210.5670 	DATA 	Keypress: o
210.5824 	Level RINSE 	25
212.5710 	DATA 	Keypress: o
218.5636 	Level finished 	25
218.5652 	DATA 	Keypress: o
218.5664 	DATA 	Keypress: o
218.5672 	DATA 	Keypress: o
218.9599 	Level c.jpg at position=right and d.jpg at position=left 	25
220.5650 	DATA 	Keypress: 2
220.5662 	DATA 	Keypress: o
220.5804 	Level keypress=2 at time= 1.592797 	25
220.5808 	Level injecting via pump at address 1 and a keypress of 2 and image of c.jpg 	25
225.5690 	DATA 	Keypress: o
225.5703 	DATA 	Keypress: o
226.5662 	DATA 	Keypress: o
226.5816 	Level RINSE 	25
228.5690 	DATA 	Keypress: o
232.5636 	Level finished 	25
232.5651 	DATA 	Keypress: o
232.5662 	DATA 	Keypress: o
232.9626 	Level a.jpg at position=right and b.jpg at position=left 	25
234.5649 	DATA 	Keypress: 2
234.5662 	DATA 	Keypress: o
234.5896 	Level keypress=2 at time= 1.590993 	25
234.5900 	Level injecting via pump at address 1 and a keypress of 2 and image of a.jpg 	25
239.5694 	DATA 	Keypress: o
239.5707 	DATA 	Keypress: o
240.5664 	DATA 	Keypress: o
240.5906 	Level RINSE 	25
242.5696 	DATA 	Keypress: o
246.5636 	Level finished 	25
246.5650 	DATA 	Keypress: o
246.5659 	DATA 	Keypress: o
246.9545 	Level f.jpg at position=left and e.jpg at position=right 	25
248.5649 	DATA 	Keypress: o
248.5664 	DATA 	Keypress: 2
248.5820 	Level keypress=2 at time= 1.591585 	25
248.5824 	Level injecting via pump at address 2 and a keypress of 2 and image of e.jpg 	25
253.5692 	DATA 	Keypress: o
253.5710 	DATA 	Keypress: o
254.5662 	DATA 	Keypress: o
254.5835 	Level RINSE 	25
256.5699 	DATA 	Keypress: o
260.5636 	Level finished 	25
260.5654 	DATA 	Keypress: o
260.5669 	DATA 	Keypress: o
260.9812 	Level f.jpg at position=right and e.jpg at position=left 	25
262.5655 	DATA 	Keypress: o
262.5674 	DATA 	Keypress: 1
262.5916 	Level keypress=1 at time= 1.567379 	25
262.5920 	Level injecting via pump at address 2 and a keypress of 1 and image of e.jpg 	25
267.5703 	DATA 	Keypress: o
267.5720 	DATA 	Keypress: o
268.5674 	DATA 	Keypress: o
268.5933 	Level RINSE 	25
270.5708 	DATA 	Keypress: o
273.5636 	Level finished 	25
273.5657 	DATA 	Keypress: o
273.9752 	Level c.jpg at position=left and d.jpg at position=right 	25
273.9768 	DATA 	Keypress: o
275.5652 	DATA 	Keypress: 2
275.5897 	Level keypress=2 at time= 1.572215 	25
275.5901 	Level injecting via pump at address 1 and a keypress of 2 and image of d.jpg 	25
280.5704 	DATA 	Keypress: o
280.5721 	DATA 	Keypress: o
280.5737 	DATA 	Keypress: o
281.5911 	Level RINSE 	25
283.5708 	DATA 	Keypress: o
288.5636 	Level finished 	25
288.5653 	DATA 	Keypress: o
288.5666 	DATA 	Keypress: o
288.5679 	DATA 	Keypress: o
288.9844 	Level c.jpg at position=left and d.jpg at position=right 	25
290.5651 	DATA 	Keypress: 1
290.5668 	DATA 	Keypress: o
290.5944 	Level keypress=1 at time= 1.571635 	25
290.5949 	Level injecting via pump at address 1 and a keypress of 1 and image of c.jpg 	25
295.5709 	DATA 	Keypress: o
295.5725 	DATA 	Keypress: o
296.5673 	DATA 	Keypress: o
296.5959 	Level RINSE 	25
298.5702 	DATA 	Keypress: o
303.5636 	Level finished 	25
303.5658 	DATA 	Keypress: o
303.5673 	DATA 	Keypress: o
303.9707 	Level d.jpg at position=left and c.jpg at position=right 	25
303.9724 	DATA 	Keypress: o
305.5653 	DATA 	Keypress: 1
305.5783 	Level keypress=1 at time= 1.574458 	25
305.5788 	Level injecting via pump at address 1 and a keypress of 1 and image of d.jpg 	25
310.5705 	DATA 	Keypress: o
310.5719 	DATA 	Keypress: o
310.5735 	DATA 	Keypress: o
311.5781 	Level RINSE 	25
313.5703 	DATA 	Keypress: o
317.5636 	Level finished 	25
317.5677 	DATA 	Keypress: o
317.5694 	DATA 	Keypress: o
317.9881 	Level a.jpg at position=left and b.jpg at position=right 	25
317.9911 	DATA 	Keypress: o
319.5654 	DATA 	Keypress: 2
319.5747 	Level keypress=2 at time= 1.552518 	25
319.5762 	Level injecting via pump at address 2 and a keypress of 2 and image of b.jpg 	25
324.5711 	DATA 	Keypress: o
324.5726 	DATA 	Keypress: o
324.5742 	DATA 	Keypress: o
325.5758 	Level RINSE 	25
327.5707 	DATA 	Keypress: o
331.5636 	Level finished 	25
331.5657 	DATA 	Keypress: o
331.5674 	DATA 	Keypress: o
331.9725 	Level e.jpg at position=left and f.jpg at position=right 	25
331.9743 	DATA 	Keypress: o
333.5652 	DATA 	Keypress: 1
333.5804 	Level keypress=1 at time= 1.572902 	25
333.5808 	Level injecting via pump at address 1 and a keypress of 1 and image of e.jpg 	25
338.5703 	DATA 	Keypress: o
338.5721 	DATA 	Keypress: o
338.5738 	DATA 	Keypress: o
339.5695 	Level RINSE 	25
341.5705 	DATA 	Keypress: o
347.5636 	Level finished 	25
347.5662 	DATA 	Keypress: o
347.5680 	DATA 	Keypress: o
347.5698 	DATA 	Keypress: o
347.9927 	Level d.jpg at position=right and c.jpg at position=left 	25
347.9940 	DATA 	Keypress: o
349.5653 	DATA 	Keypress: 2
349.5806 	Level keypress=2 at time= 1.556949 	25
349.5810 	Level injecting via pump at address 1 and a keypress of 2 and image of d.jpg 	25
354.5705 	DATA 	Keypress: o
354.5722 	DATA 	Keypress: o
354.5739 	DATA 	Keypress: o
355.5683 	Level RINSE 	25
357.5703 	DATA 	Keypress: o
361.5636 	Level finished 	25
361.5661 	DATA 	Keypress: o
361.5680 	DATA 	Keypress: o
361.9853 	Level b.jpg at position=right and a.jpg at position=left 	25
361.9871 	DATA 	Keypress: o
363.5654 	DATA 	Keypress: 1
363.5765 	Level keypress=1 at time= 1.566315 	25
363.5769 	Level injecting via pump at address 1 and a keypress of 1 and image of a.jpg 	25
368.5702 	DATA 	Keypress: o
368.5718 	DATA 	Keypress: o
368.5734 	DATA 	Keypress: o
369.5771 	Level RINSE 	25
371.5708 	DATA 	Keypress: o
376.5636 	Level finished 	25
376.5660 	DATA 	Keypress: o
376.5679 	DATA 	Keypress: o
376.5697 	DATA 	Keypress: o
376.9849 	Level c.jpg at position=right and d.jpg at position=left 	25
378.5652 	DATA 	Keypress: 1
378.5670 	DATA 	Keypress: o
378.5806 	Level keypress=1 at time= 1.560043 	25
378.5810 	Level injecting via pump at address 1 and a keypress of 1 and image of d.jpg 	25
383.5705 	DATA 	Keypress: o
383.5721 	DATA 	Keypress: o
384.5667 	DATA 	Keypress: o
384.5992 	Level RINSE 	25
386.5706 	DATA 	Keypress: o
390.5636 	Level finished 	25
390.5656 	DATA 	Keypress: o
390.5673 	DATA 	Keypress: o
390.9850 	Level f.jpg at position=right and e.jpg at position=left 	25
392.5652 	DATA 	Keypress: o
392.5671 	DATA 	Keypress: 2
392.5725 	Level keypress=2 at time= 1.568999 	25
392.5729 	Level injecting via pump at address 2 and a keypress of 2 and image of f.jpg 	25
397.5700 	DATA 	Keypress: o
397.5716 	DATA 	Keypress: o
398.5677 	DATA 	Keypress: o
398.5744 	Level RINSE 	25
400.5701 	DATA 	Keypress: o
406.5636 	Level finished 	25
406.5659 	DATA 	Keypress: o
406.5676 	DATA 	Keypress: o
406.5692 	DATA 	Keypress: o
406.9829 	Level f.jpg at position=left and e.jpg at position=right 	25
408.5653 	DATA 	Keypress: o
408.5670 	DATA 	Keypress: 1
408.5684 	DATA 	Keypress: 1
408.5855 	Level keypress=1 at time= 1.569567 	25
408.5859 	Level injecting via pump at address 1 and a keypress of 1 and image of f.jpg 	25
413.5707 	DATA 	Keypress: o
413.5724 	DATA 	Keypress: o
414.5674 	DATA 	Keypress: o
414.5733 	Level RINSE 	25
416.5709 	DATA 	Keypress: o
423.5636 	Level finished 	25
