41.0546 	DATA 	Keypress: o
41.0551 	Level start key press 	25
41.0551 	Level fixation 0.000001 	25
43.0600 	DATA 	Keypress: o
45.0600 	DATA 	Keypress: o
47.0603 	DATA 	Keypress: o
49.0604 	DATA 	Keypress: o
49.5249 	Level fixation end 0.000001 	25
49.5249 	Level START 	25
49.9338 	Level e.jpg at position=left and f.jpg at position=right 	25
51.5266 	DATA 	Keypress: o
51.5284 	DATA 	Keypress: 1
51.5588 	Level keypress=1 at time= 1.570121 	25
51.5593 	Level injecting via pump at address 2 and a keypress of 1 and image of e.jpg 	25
56.5315 	DATA 	Keypress: o
56.5333 	DATA 	Keypress: o
57.5284 	DATA 	Keypress: o
57.5592 	Level RINSE 	25
59.5314 	DATA 	Keypress: o
64.5249 	Level finished 	25
64.5267 	DATA 	Keypress: o
64.5280 	DATA 	Keypress: o
64.9029 	Level a.jpg at position=left and b.jpg at position=right 	25
66.5266 	DATA 	Keypress: o
66.5283 	DATA 	Keypress: 1
66.5601 	Level keypress=1 at time= 1.601237 	25
66.5605 	Level injecting via pump at address 1 and a keypress of 1 and image of a.jpg 	25
71.5319 	DATA 	Keypress: o
71.5337 	DATA 	Keypress: o
71.5352 	DATA 	Keypress: o
72.5443 	Level RINSE 	25
74.5314 	DATA 	Keypress: o
77.5249 	Level finished 	25
77.5268 	DATA 	Keypress: o
77.5285 	DATA 	Keypress: o
77.9030 	Level e.jpg at position=right and f.jpg at position=left 	25
79.5265 	DATA 	Keypress: 1
79.5282 	DATA 	Keypress: o
79.5617 	Level keypress=1 at time= 1.598340 	25
79.5621 	Level injecting via pump at address 2 and a keypress of 1 and image of f.jpg 	25
84.5314 	DATA 	Keypress: o
84.5330 	DATA 	Keypress: o
85.5283 	DATA 	Keypress: o
85.5458 	Level RINSE 	25
87.5312 	DATA 	Keypress: o
91.5249 	Level finished 	25
91.5267 	DATA 	Keypress: o
91.5284 	DATA 	Keypress: o
91.8996 	Level e.jpg at position=left and f.jpg at position=right 	25
93.5265 	DATA 	Keypress: 1
93.5284 	DATA 	Keypress: o
93.5466 	Level keypress=1 at time= 1.596679 	25
93.5470 	Level injecting via pump at address 2 and a keypress of 1 and image of e.jpg 	25
98.5319 	DATA 	Keypress: o
98.5336 	DATA 	Keypress: o
99.5277 	DATA 	Keypress: o
99.5474 	Level RINSE 	25
101.5311 	DATA 	Keypress: o
104.5249 	Level finished 	25
104.5267 	DATA 	Keypress: o
104.8984 	Level d.jpg at position=left and c.jpg at position=right 	25
106.5262 	DATA 	Keypress: o
106.5274 	DATA 	Keypress: 2
106.5482 	Level keypress=2 at time= 1.612636 	25
106.5487 	Level injecting via pump at address 1 and a keypress of 2 and image of c.jpg 	25
111.5323 	DATA 	Keypress: o
111.5342 	DATA 	Keypress: o
111.5359 	DATA 	Keypress: o
112.5489 	Level RINSE 	25
114.5314 	DATA 	Keypress: o
118.5249 	Level finished 	25
118.5265 	DATA 	Keypress: o
118.5276 	DATA 	Keypress: o
118.9188 	Level c.jpg at position=right and d.jpg at position=left 	25
120.5266 	DATA 	Keypress: o
120.5284 	DATA 	Keypress: 1
120.5299 	DATA 	Keypress: 1
120.5498 	Level keypress=1 at time= 1.578677 	25
120.5502 	Level injecting via pump at address 1 and a keypress of 1 and image of d.jpg 	25
125.5305 	DATA 	Keypress: o
125.5318 	DATA 	Keypress: o
125.5330 	DATA 	Keypress: o
126.5508 	Level RINSE 	25
128.5303 	DATA 	Keypress: o
131.5249 	Level finished 	25
131.5268 	DATA 	Keypress: o
131.5285 	DATA 	Keypress: o
131.9269 	Level c.jpg at position=right and d.jpg at position=left 	25
133.5266 	DATA 	Keypress: 1
133.5285 	DATA 	Keypress: 1
133.5302 	DATA 	Keypress: o
133.5316 	DATA 	Keypress: 1
133.5513 	Level keypress=1 at time= 1.575470 	25
133.5518 	Level injecting via pump at address 2 and a keypress of 1 and image of d.jpg 	25
138.5308 	DATA 	Keypress: o
138.5322 	DATA 	Keypress: o
139.5274 	DATA 	Keypress: o
139.5356 	Level RINSE 	25
141.5306 	DATA 	Keypress: o
145.5249 	Level finished 	25
145.5264 	DATA 	Keypress: o
145.5277 	DATA 	Keypress: o
145.9305 	Level d.jpg at position=right and c.jpg at position=left 	25
147.5260 	DATA 	Keypress: o
147.5270 	DATA 	Keypress: 1
147.5280 	DATA 	Keypress: 1
147.5530 	Level keypress=1 at time= 1.574227 	25
147.5535 	Level injecting via pump at address 1 and a keypress of 1 and image of c.jpg 	25
152.5318 	DATA 	Keypress: o
152.5336 	DATA 	Keypress: o
153.5284 	DATA 	Keypress: o
153.5538 	Level RINSE 	25
155.5304 	DATA 	Keypress: o
160.5249 	Level finished 	25
160.5267 	DATA 	Keypress: o
160.5280 	DATA 	Keypress: o
160.9204 	Level a.jpg at position=left and b.jpg at position=right 	25
162.5263 	DATA 	Keypress: o
162.5278 	DATA 	Keypress: 1
162.5551 	Level keypress=1 at time= 1.573235 	25
162.5556 	Level injecting via pump at address 1 and a keypress of 1 and image of a.jpg 	25
167.5308 	DATA 	Keypress: 1
167.5322 	DATA 	Keypress: o
167.5335 	DATA 	Keypress: o
167.5345 	DATA 	Keypress: o
168.5390 	Level RINSE 	25
170.5298 	DATA 	Keypress: o
174.5249 	Level finished 	25
174.5266 	DATA 	Keypress: o
174.5280 	DATA 	Keypress: o
174.9194 	Level b.jpg at position=right and a.jpg at position=left 	25
176.5264 	DATA 	Keypress: o
176.5278 	DATA 	Keypress: 1
176.5289 	DATA 	Keypress: 1
176.5563 	Level keypress=1 at time= 1.587830 	25
176.5568 	Level injecting via pump at address 2 and a keypress of 1 and image of a.jpg 	25
181.5300 	DATA 	Keypress: o
181.5313 	DATA 	Keypress: o
181.5326 	DATA 	Keypress: o
182.5572 	Level RINSE 	25
184.5308 	DATA 	Keypress: o
191.5249 	Level finished 	25
191.5265 	DATA 	Keypress: o
191.5275 	DATA 	Keypress: o
191.5284 	DATA 	Keypress: o
191.5294 	DATA 	Keypress: o
191.9146 	Level f.jpg at position=left and e.jpg at position=right 	25
193.5262 	DATA 	Keypress: 1
193.5274 	DATA 	Keypress: 1
193.5285 	DATA 	Keypress: o
193.5296 	DATA 	Keypress: 1
193.5417 	Level keypress=1 at time= 1.584676 	25
193.5422 	Level injecting via pump at address 2 and a keypress of 1 and image of f.jpg 	25
198.5310 	DATA 	Keypress: o
198.5322 	DATA 	Keypress: o
199.5278 	DATA 	Keypress: o
199.5426 	Level RINSE 	25
201.5305 	DATA 	Keypress: o
208.5249 	Level finished 	25
208.5268 	DATA 	Keypress: o
208.5282 	DATA 	Keypress: o
208.5293 	DATA 	Keypress: o
208.9275 	Level b.jpg at position=left and a.jpg at position=right 	25
210.5262 	DATA 	Keypress: o
210.5274 	DATA 	Keypress: 1
210.5286 	DATA 	Keypress: 1
210.5297 	DATA 	Keypress: 1
210.5603 	Level keypress=1 at time= 1.583521 	25
210.5609 	Level injecting via pump at address 2 and a keypress of 1 and image of b.jpg 	25
215.5302 	DATA 	Keypress: o
215.5314 	DATA 	Keypress: o
215.5325 	DATA 	Keypress: o
216.5445 	Level RINSE 	25
218.5304 	DATA 	Keypress: o
223.5249 	Level finished 	25
223.5266 	DATA 	Keypress: o
223.5279 	DATA 	Keypress: o
223.5292 	DATA 	Keypress: o
223.9279 	Level a.jpg at position=right and b.jpg at position=left 	25
225.5261 	DATA 	Keypress: o
225.5456 	Level Key Press Missed! 	25
230.5298 	DATA 	Keypress: o
230.5308 	DATA 	Keypress: o
231.5276 	DATA 	Keypress: o
231.5463 	Level RINSE 	25
233.5306 	DATA 	Keypress: o
236.5249 	Level finished 	25
236.5265 	DATA 	Keypress: o
236.9215 	Level e.jpg at position=left and f.jpg at position=right 	25
238.5263 	DATA 	Keypress: o
238.5276 	DATA 	Keypress: 1
238.5287 	DATA 	Keypress: 1
238.5470 	Level keypress=1 at time= 1.580799 	25
238.5474 	Level injecting via pump at address 2 and a keypress of 1 and image of e.jpg 	25
243.5306 	DATA 	Keypress: o
243.5321 	DATA 	Keypress: o
243.5333 	DATA 	Keypress: o
244.5477 	Level RINSE 	25
246.5306 	DATA 	Keypress: o
250.5249 	Level finished 	25
250.5267 	DATA 	Keypress: o
250.5280 	DATA 	Keypress: o
250.9011 	Level b.jpg at position=left and a.jpg at position=right 	25
252.5263 	DATA 	Keypress: o
252.5278 	DATA 	Keypress: 1
252.5291 	DATA 	Keypress: 1
252.5302 	DATA 	Keypress: 1
252.5486 	Level keypress=1 at time= 1.595993 	25
252.5491 	Level injecting via pump at address 2 and a keypress of 1 and image of b.jpg 	25
257.5307 	DATA 	Keypress: o
257.5321 	DATA 	Keypress: o
257.5331 	DATA 	Keypress: o
258.5328 	Level RINSE 	25
260.5296 	DATA 	Keypress: o
265.5249 	Level finished 	25
265.5269 	DATA 	Keypress: o
265.5283 	DATA 	Keypress: o
265.5296 	DATA 	Keypress: o
265.9108 	Level d.jpg at position=left and c.jpg at position=right 	25
267.5264 	DATA 	Keypress: o
267.5279 	DATA 	Keypress: 1
267.5291 	DATA 	Keypress: 1
267.5507 	Level keypress=1 at time= 1.594302 	25
267.5513 	Level injecting via pump at address 2 and a keypress of 1 and image of d.jpg 	25
272.5304 	DATA 	Keypress: o
272.5317 	DATA 	Keypress: o
273.5279 	DATA 	Keypress: o
273.5346 	Level RINSE 	25
275.5304 	DATA 	Keypress: o
280.5249 	Level finished 	25
280.5269 	DATA 	Keypress: o
280.5284 	DATA 	Keypress: o
280.9200 	Level f.jpg at position=left and e.jpg at position=right 	25
282.5263 	DATA 	Keypress: o
282.5277 	DATA 	Keypress: 2
282.5521 	Level keypress=2 at time= 1.575226 	25
282.5526 	Level injecting via pump at address 2 and a keypress of 2 and image of e.jpg 	25
287.5309 	DATA 	Keypress: o
287.5322 	DATA 	Keypress: o
287.5332 	DATA 	Keypress: o
288.5531 	Level RINSE 	25
290.5308 	DATA 	Keypress: o
297.5249 	Level finished 	25
297.5268 	DATA 	Keypress: o
297.5283 	DATA 	Keypress: o
297.5301 	DATA 	Keypress: o
297.5318 	DATA 	Keypress: o
297.9261 	Level f.jpg at position=left and e.jpg at position=right 	25
299.5262 	DATA 	Keypress: 1
299.5273 	DATA 	Keypress: o
299.5375 	Level keypress=1 at time= 1.572251 	25
299.5380 	Level injecting via pump at address 2 and a keypress of 1 and image of f.jpg 	25
304.5303 	DATA 	Keypress: o
304.5319 	DATA 	Keypress: o
305.5281 	DATA 	Keypress: o
305.5384 	Level RINSE 	25
307.5308 	DATA 	Keypress: o
312.5249 	Level finished 	25
312.5265 	DATA 	Keypress: o
312.5277 	DATA 	Keypress: o
312.9262 	Level a.jpg at position=right and b.jpg at position=left 	25
314.5264 	DATA 	Keypress: o
314.5279 	DATA 	Keypress: 1
314.5397 	Level keypress=1 at time= 1.572147 	25
314.5402 	Level injecting via pump at address 2 and a keypress of 1 and image of b.jpg 	25
319.5305 	DATA 	Keypress: o
319.5317 	DATA 	Keypress: o
319.5328 	DATA 	Keypress: o
320.5402 	Level RINSE 	25
322.5308 	DATA 	Keypress: o
327.5249 	Level finished 	25
327.5266 	DATA 	Keypress: o
327.5278 	DATA 	Keypress: o
327.5288 	DATA 	Keypress: o
327.9288 	Level e.jpg at position=left and f.jpg at position=right 	25
329.5265 	DATA 	Keypress: o
329.5279 	DATA 	Keypress: 1
329.5410 	Level keypress=1 at time= 1.570081 	25
329.5415 	Level injecting via pump at address 1 and a keypress of 1 and image of e.jpg 	25
334.5300 	DATA 	Keypress: o
334.5312 	DATA 	Keypress: o
335.5282 	DATA 	Keypress: o
335.5584 	Level RINSE 	25
337.5297 	DATA 	Keypress: o
340.5249 	Level finished 	25
340.5269 	DATA 	Keypress: o
340.9175 	Level e.jpg at position=left and f.jpg at position=right 	25
342.5261 	DATA 	Keypress: o
342.5274 	DATA 	Keypress: 1
342.5426 	Level keypress=1 at time= 1.585036 	25
342.5430 	Level injecting via pump at address 1 and a keypress of 1 and image of e.jpg 	25
347.5314 	DATA 	Keypress: o
347.5328 	DATA 	Keypress: o
347.5344 	DATA 	Keypress: o
348.5434 	Level RINSE 	25
350.5306 	DATA 	Keypress: o
354.5249 	Level finished 	25
354.5269 	DATA 	Keypress: o
354.5283 	DATA 	Keypress: o
354.9234 	Level f.jpg at position=right and e.jpg at position=left 	25
356.5261 	DATA 	Keypress: o
356.5272 	DATA 	Keypress: 1
356.5442 	Level keypress=1 at time= 1.583187 	25
356.5446 	Level injecting via pump at address 1 and a keypress of 1 and image of e.jpg 	25
361.5298 	DATA 	Keypress: o
361.5308 	DATA 	Keypress: o
361.5319 	DATA 	Keypress: o
362.5451 	Level RINSE 	25
364.5308 	DATA 	Keypress: o
369.5249 	Level finished 	25
369.5268 	DATA 	Keypress: o
369.5281 	DATA 	Keypress: o
369.5291 	DATA 	Keypress: o
369.9228 	Level f.jpg at position=left and e.jpg at position=right 	25
371.5264 	DATA 	Keypress: 1
371.5278 	DATA 	Keypress: o
371.5463 	Level keypress=1 at time= 1.563985 	25
371.5468 	Level injecting via pump at address 2 and a keypress of 1 and image of f.jpg 	25
376.5306 	DATA 	Keypress: o
376.5320 	DATA 	Keypress: o
377.5281 	DATA 	Keypress: o
377.5466 	Level RINSE 	25
379.5305 	DATA 	Keypress: o
385.5249 	Level finished 	25
385.5270 	DATA 	Keypress: o
385.5284 	DATA 	Keypress: o
385.5296 	DATA 	Keypress: o
385.9292 	Level d.jpg at position=left and c.jpg at position=right 	25
387.5261 	DATA 	Keypress: 1
387.5271 	DATA 	Keypress: o
387.5478 	Level keypress=1 at time= 1.578073 	25
387.5483 	Level injecting via pump at address 1 and a keypress of 1 and image of d.jpg 	25
392.5299 	DATA 	Keypress: o
392.5312 	DATA 	Keypress: o
393.5276 	DATA 	Keypress: o
393.5488 	Level RINSE 	25
395.5310 	DATA 	Keypress: o
399.5249 	Level finished 	25
399.5270 	DATA 	Keypress: o
399.5284 	DATA 	Keypress: o
399.9280 	Level e.jpg at position=left and f.jpg at position=right 	25
401.5265 	DATA 	Keypress: 1
401.5278 	DATA 	Keypress: o
401.5328 	Level keypress=1 at time= 1.577193 	25
401.5333 	Level injecting via pump at address 1 and a keypress of 1 and image of e.jpg 	25
406.5308 	DATA 	Keypress: o
406.5325 	DATA 	Keypress: o
407.5283 	DATA 	Keypress: o
407.5336 	Level RINSE 	25
409.5310 	DATA 	Keypress: o
415.5249 	Level finished 	25
415.5268 	DATA 	Keypress: o
415.5281 	DATA 	Keypress: o
415.5292 	DATA 	Keypress: o
415.9369 	Level e.jpg at position=right and f.jpg at position=left 	25
417.5260 	DATA 	Keypress: o
417.5273 	DATA 	Keypress: 1
417.5352 	Level keypress=1 at time= 1.559513 	25
417.5356 	Level injecting via pump at address 2 and a keypress of 1 and image of f.jpg 	25
422.5300 	DATA 	Keypress: o
422.5312 	DATA 	Keypress: o
423.5274 	DATA 	Keypress: o
423.5356 	Level RINSE 	25
425.5314 	DATA 	Keypress: o
429.5249 	Level finished 	25
