53.8179 	DATA 	Keypress: o
53.8187 	Level start key press 	25
53.8187 	Level fixation 0.000001 	25
55.8406 	DATA 	Keypress: o
57.8244 	DATA 	Keypress: o
59.8244 	DATA 	Keypress: o
61.8246 	DATA 	Keypress: o
62.2724 	Level fixation end 0.000001 	25
62.2724 	Level START 	25
62.6756 	Level f.jpg at position=right and e.jpg at position=left 	25
64.2741 	DATA 	Keypress: 1
64.2755 	DATA 	Keypress: o
64.2897 	Level keypress=1 at time= 1.585057 	25
64.2903 	Level injecting via pump at address 2 and a keypress of 1 and image of e.jpg 	25
69.2781 	DATA 	Keypress: o
69.2794 	DATA 	Keypress: o
70.2750 	DATA 	Keypress: o
70.2902 	Level RINSE 	25
72.2773 	DATA 	Keypress: o
78.2724 	Level finished 	25
78.2739 	DATA 	Keypress: o
78.2749 	DATA 	Keypress: o
78.2758 	DATA 	Keypress: o
78.6568 	Level d.jpg at position=right and c.jpg at position=left 	25
80.2737 	DATA 	Keypress: 2
80.2749 	DATA 	Keypress: o
80.2912 	Level keypress=2 at time= 1.598991 	25
80.2916 	Level injecting via pump at address 1 and a keypress of 2 and image of d.jpg 	25
85.2785 	DATA 	Keypress: o
85.2802 	DATA 	Keypress: o
86.2753 	DATA 	Keypress: o
86.2921 	Level RINSE 	25
88.2776 	DATA 	Keypress: o
93.2724 	Level finished 	25
93.2740 	DATA 	Keypress: o
93.2753 	DATA 	Keypress: o
93.6587 	Level d.jpg at position=left and c.jpg at position=right 	25
95.2735 	DATA 	Keypress: o
95.2746 	DATA 	Keypress: 1
95.2929 	Level keypress=1 at time= 1.598492 	25
95.2933 	Level injecting via pump at address 2 and a keypress of 1 and image of d.jpg 	25
100.2785 	DATA 	Keypress: o
100.2799 	DATA 	Keypress: o
100.2812 	DATA 	Keypress: o
101.2939 	Level RINSE 	25
103.2774 	DATA 	Keypress: o
107.2724 	Level finished 	25
107.2738 	DATA 	Keypress: o
107.2750 	DATA 	Keypress: o
107.6552 	Level a.jpg at position=left and b.jpg at position=right 	25
109.2735 	DATA 	Keypress: o
109.2746 	DATA 	Keypress: 1
109.2945 	Level keypress=1 at time= 1.596876 	25
109.2950 	Level injecting via pump at address 2 and a keypress of 1 and image of a.jpg 	25
114.2776 	DATA 	Keypress: o
114.2786 	DATA 	Keypress: o
114.2795 	DATA 	Keypress: o
115.2955 	Level RINSE 	25
117.2779 	DATA 	Keypress: o
121.2724 	Level finished 	25
121.2738 	DATA 	Keypress: o
121.2748 	DATA 	Keypress: o
121.6717 	Level a.jpg at position=right and b.jpg at position=left 	25
123.2737 	DATA 	Keypress: o
123.2749 	DATA 	Keypress: 2
123.2962 	Level keypress=2 at time= 1.578841 	25
123.2966 	Level injecting via pump at address 1 and a keypress of 2 and image of a.jpg 	25
128.2778 	DATA 	Keypress: o
128.2791 	DATA 	Keypress: o
128.2803 	DATA 	Keypress: o
129.2971 	Level RINSE 	25
131.2777 	DATA 	Keypress: o
136.2724 	Level finished 	25
136.2740 	DATA 	Keypress: o
136.2751 	DATA 	Keypress: o
136.2763 	DATA 	Keypress: o
136.6698 	Level c.jpg at position=left and d.jpg at position=right 	25
138.2737 	DATA 	Keypress: 1
138.2749 	DATA 	Keypress: o
138.2984 	Level keypress=1 at time= 1.575879 	25
138.2989 	Level injecting via pump at address 1 and a keypress of 1 and image of c.jpg 	25
143.2774 	DATA 	Keypress: o
143.2784 	DATA 	Keypress: o
144.2752 	DATA 	Keypress: o
144.2821 	Level RINSE 	25
146.2779 	DATA 	Keypress: o
152.2724 	Level finished 	25
152.2740 	DATA 	Keypress: o
152.2753 	DATA 	Keypress: o
152.2762 	DATA 	Keypress: o
152.6639 	Level c.jpg at position=right and d.jpg at position=left 	25
154.2737 	DATA 	Keypress: 2
154.2749 	DATA 	Keypress: o
154.2999 	Level keypress=2 at time= 1.573676 	25
154.3004 	Level injecting via pump at address 1 and a keypress of 2 and image of c.jpg 	25
159.2788 	DATA 	Keypress: o
159.2801 	DATA 	Keypress: o
160.2751 	DATA 	Keypress: o
160.2840 	Level RINSE 	25
162.2783 	DATA 	Keypress: o
166.2724 	Level finished 	25
166.2739 	DATA 	Keypress: o
166.2748 	DATA 	Keypress: o
166.6629 	Level c.jpg at position=right and d.jpg at position=left 	25
168.2737 	DATA 	Keypress: 2
168.2749 	DATA 	Keypress: o
168.3014 	Level keypress=2 at time= 1.589061 	25
168.3019 	Level injecting via pump at address 1 and a keypress of 2 and image of c.jpg 	25
173.2781 	DATA 	Keypress: o
173.2795 	DATA 	Keypress: o
174.2755 	DATA 	Keypress: o
174.3024 	Level RINSE 	25
176.2777 	DATA 	Keypress: o
182.2724 	Level finished 	25
182.2740 	DATA 	Keypress: o
182.2752 	DATA 	Keypress: o
182.2763 	DATA 	Keypress: o
182.6657 	Level a.jpg at position=right and b.jpg at position=left 	25
184.2736 	DATA 	Keypress: 1
184.2748 	DATA 	Keypress: o
184.2872 	Level keypress=1 at time= 1.587061 	25
184.2877 	Level injecting via pump at address 2 and a keypress of 1 and image of b.jpg 	25
189.2787 	DATA 	Keypress: o
189.2802 	DATA 	Keypress: o
190.2751 	DATA 	Keypress: o
190.2875 	Level RINSE 	25
192.2777 	DATA 	Keypress: o
197.2724 	Level finished 	25
197.2739 	DATA 	Keypress: o
197.2750 	DATA 	Keypress: o
197.6610 	Level d.jpg at position=right and c.jpg at position=left 	25
199.2737 	DATA 	Keypress: o
199.2749 	DATA 	Keypress: 2
199.3051 	Level keypress=2 at time= 1.586164 	25
199.3057 	Level injecting via pump at address 2 and a keypress of 2 and image of d.jpg 	25
204.2785 	DATA 	Keypress: o
204.2797 	DATA 	Keypress: o
204.2807 	DATA 	Keypress: o
205.2893 	Level RINSE 	25
207.2775 	DATA 	Keypress: o
212.2724 	Level finished 	25
212.2738 	DATA 	Keypress: o
212.2748 	DATA 	Keypress: o
212.2757 	DATA 	Keypress: o
212.6532 	Level f.jpg at position=left and e.jpg at position=right 	25
214.2735 	DATA 	Keypress: o
214.2745 	DATA 	Keypress: 1
214.2903 	Level keypress=1 at time= 1.601161 	25
214.2907 	Level injecting via pump at address 2 and a keypress of 1 and image of f.jpg 	25
219.2781 	DATA 	Keypress: o
219.2793 	DATA 	Keypress: o
220.2755 	DATA 	Keypress: o
220.2910 	Level RINSE 	25
222.2773 	DATA 	Keypress: o
227.2724 	Level finished 	25
227.2741 	DATA 	Keypress: o
227.2755 	DATA 	Keypress: o
227.6543 	Level b.jpg at position=right and a.jpg at position=left 	25
229.2737 	DATA 	Keypress: o
229.2754 	DATA 	Keypress: 1
229.2924 	Level keypress=1 at time= 1.583531 	25
229.2930 	Level injecting via pump at address 1 and a keypress of 1 and image of a.jpg 	25
234.2782 	DATA 	Keypress: o
234.2796 	DATA 	Keypress: o
234.2809 	DATA 	Keypress: o
235.2928 	Level RINSE 	25
237.2767 	DATA 	Keypress: o
240.2724 	Level finished 	25
240.2738 	DATA 	Keypress: o
240.2748 	DATA 	Keypress: o
240.6575 	Level b.jpg at position=left and a.jpg at position=right 	25
242.2737 	DATA 	Keypress: 2
242.2748 	DATA 	Keypress: o
242.2936 	Level keypress=2 at time= 1.596735 	25
242.2940 	Level injecting via pump at address 2 and a keypress of 2 and image of a.jpg 	25
247.2779 	DATA 	Keypress: o
247.2791 	DATA 	Keypress: o
248.2752 	DATA 	Keypress: o
248.2943 	Level RINSE 	25
250.2779 	DATA 	Keypress: o
254.2724 	Level finished 	25
254.2739 	DATA 	Keypress: o
254.2751 	DATA 	Keypress: o
254.6541 	Level e.jpg at position=right and f.jpg at position=left 	25
256.2737 	DATA 	Keypress: o
256.2748 	DATA 	Keypress: 1
256.2952 	Level keypress=1 at time= 1.596540 	25
256.2956 	Level injecting via pump at address 2 and a keypress of 1 and image of f.jpg 	25
261.2773 	DATA 	Keypress: o
261.2785 	DATA 	Keypress: o
262.2750 	DATA 	Keypress: o
262.2793 	Level RINSE 	25
264.2783 	DATA 	Keypress: 1
264.2793 	DATA 	Keypress: o
269.2724 	Level finished 	25
269.2740 	DATA 	Keypress: o
269.2751 	DATA 	Keypress: o
269.6590 	Level c.jpg at position=right and d.jpg at position=left 	25
271.2737 	DATA 	Keypress: o
271.2750 	DATA 	Keypress: 2
271.2973 	Level keypress=2 at time= 1.594970 	25
271.2978 	Level injecting via pump at address 2 and a keypress of 2 and image of c.jpg 	25
276.2782 	DATA 	Keypress: o
276.2795 	DATA 	Keypress: o
276.2806 	DATA 	Keypress: o
277.2977 	Level RINSE 	25
279.2770 	DATA 	Keypress: o
285.2724 	Level finished 	25
285.2740 	DATA 	Keypress: o
285.2750 	DATA 	Keypress: o
285.2760 	DATA 	Keypress: o
285.6737 	Level e.jpg at position=left and f.jpg at position=right 	25
287.2736 	DATA 	Keypress: o
287.2746 	DATA 	Keypress: 2
287.2821 	Level keypress=2 at time= 1.575638 	25
287.2825 	Level injecting via pump at address 2 and a keypress of 2 and image of f.jpg 	25
292.2774 	DATA 	Keypress: o
292.2785 	DATA 	Keypress: o
292.2794 	DATA 	Keypress: o
293.2829 	Level RINSE 	25
295.2783 	DATA 	Keypress: o
299.2724 	Level finished 	25
299.2742 	DATA 	Keypress: o
299.2754 	DATA 	Keypress: o
299.6561 	Level f.jpg at position=left and e.jpg at position=right 	25
301.2735 	DATA 	Keypress: o
301.2746 	DATA 	Keypress: 1
301.3005 	Level keypress=1 at time= 1.607772 	25
301.3009 	Level injecting via pump at address 2 and a keypress of 1 and image of f.jpg 	25
306.2781 	DATA 	Keypress: o
306.2794 	DATA 	Keypress: o
306.2806 	DATA 	Keypress: o
307.2845 	Level RINSE 	25
309.2775 	DATA 	Keypress: o
312.2724 	Level finished 	25
312.2741 	DATA 	Keypress: o
312.2753 	DATA 	Keypress: o
312.6631 	Level d.jpg at position=right and c.jpg at position=left 	25
314.2737 	DATA 	Keypress: o
314.2750 	DATA 	Keypress: 2
314.3020 	Level keypress=2 at time= 1.589958 	25
314.3024 	Level injecting via pump at address 1 and a keypress of 2 and image of d.jpg 	25
319.2786 	DATA 	Keypress: o
319.2799 	DATA 	Keypress: o
320.2748 	DATA 	Keypress: o
320.3028 	Level RINSE 	25
322.2778 	DATA 	Keypress: o
327.2724 	Level finished 	25
327.2741 	DATA 	Keypress: o
327.2753 	DATA 	Keypress: o
327.6706 	Level a.jpg at position=right and b.jpg at position=left 	25
329.2735 	DATA 	Keypress: o
329.2747 	DATA 	Keypress: 1
329.2874 	Level keypress=1 at time= 1.587866 	25
329.2879 	Level injecting via pump at address 2 and a keypress of 1 and image of b.jpg 	25
334.2780 	DATA 	Keypress: o
334.2795 	DATA 	Keypress: o
334.2808 	DATA 	Keypress: o
335.2878 	Level RINSE 	25
337.2776 	DATA 	Keypress: o
342.2724 	Level finished 	25
342.2739 	DATA 	Keypress: o
342.2750 	DATA 	Keypress: o
342.2764 	DATA 	Keypress: o
342.6668 	Level f.jpg at position=right and e.jpg at position=left 	25
344.2735 	DATA 	Keypress: 1
344.2745 	DATA 	Keypress: o
344.2888 	Level keypress=1 at time= 1.567857 	25
344.2892 	Level injecting via pump at address 2 and a keypress of 1 and image of e.jpg 	25
349.2779 	DATA 	Keypress: o
349.2791 	DATA 	Keypress: o
350.2750 	DATA 	Keypress: o
350.2896 	Level RINSE 	25
352.2773 	DATA 	Keypress: o
356.2724 	Level finished 	25
356.2741 	DATA 	Keypress: o
356.2752 	DATA 	Keypress: o
356.6534 	Level a.jpg at position=left and b.jpg at position=right 	25
358.2736 	DATA 	Keypress: 1
358.2748 	DATA 	Keypress: o
358.3071 	Level keypress=1 at time= 1.600136 	25
358.3076 	Level injecting via pump at address 2 and a keypress of 1 and image of a.jpg 	25
363.2776 	DATA 	Keypress: o
363.2787 	DATA 	Keypress: o
364.2750 	DATA 	Keypress: o
364.2912 	Level RINSE 	25
366.2779 	DATA 	Keypress: o
370.2724 	Level finished 	25
370.2742 	DATA 	Keypress: o
370.2755 	DATA 	Keypress: o
370.6664 	Level f.jpg at position=left and e.jpg at position=right 	25
372.2735 	DATA 	Keypress: o
372.2920 	Level Key Press Missed! 	25
377.2782 	DATA 	Keypress: 2
377.2792 	DATA 	Keypress: o
377.2805 	DATA 	Keypress: o
378.2752 	DATA 	Keypress: o
378.2929 	Level RINSE 	25
380.2775 	DATA 	Keypress: o
386.2724 	Level finished 	25
386.2741 	DATA 	Keypress: o
386.2753 	DATA 	Keypress: o
386.2765 	DATA 	Keypress: o
386.6557 	Level f.jpg at position=left and e.jpg at position=right 	25
388.2737 	DATA 	Keypress: 1
388.2748 	DATA 	Keypress: o
388.2942 	Level keypress=1 at time= 1.580035 	25
388.2947 	Level injecting via pump at address 2 and a keypress of 1 and image of f.jpg 	25
393.2785 	DATA 	Keypress: o
393.2799 	DATA 	Keypress: o
394.2751 	DATA 	Keypress: o
394.2948 	Level RINSE 	25
396.2774 	DATA 	Keypress: o
402.2724 	Level finished 	25
402.2740 	DATA 	Keypress: o
402.2752 	DATA 	Keypress: o
402.2762 	DATA 	Keypress: o
402.6630 	Level d.jpg at position=left and c.jpg at position=right 	25
404.2737 	DATA 	Keypress: 2
404.2750 	DATA 	Keypress: o
404.2957 	Level keypress=2 at time= 1.594392 	25
404.2962 	Level injecting via pump at address 1 and a keypress of 2 and image of c.jpg 	25
409.2779 	DATA 	Keypress: o
409.2793 	DATA 	Keypress: o
410.2752 	DATA 	Keypress: o
410.2967 	Level RINSE 	25
412.2774 	DATA 	Keypress: o
418.2724 	Level finished 	25
418.2741 	DATA 	Keypress: o
418.2752 	DATA 	Keypress: o
418.2764 	DATA 	Keypress: o
418.6656 	Level c.jpg at position=right and d.jpg at position=left 	25
420.2738 	DATA 	Keypress: 1
420.2750 	DATA 	Keypress: o
420.2976 	Level keypress=1 at time= 1.592957 	25
420.2982 	Level injecting via pump at address 2 and a keypress of 1 and image of d.jpg 	25
425.2771 	DATA 	Keypress: o
425.2784 	DATA 	Keypress: o
426.2752 	DATA 	Keypress: o
426.2986 	Level RINSE 	25
428.2776 	DATA 	Keypress: o
434.2724 	Level finished 	25
434.2743 	DATA 	Keypress: o
434.2757 	DATA 	Keypress: o
434.2768 	DATA 	Keypress: o
434.6696 	Level a.jpg at position=left and b.jpg at position=right 	25
436.2735 	DATA 	Keypress: 1
436.2745 	DATA 	Keypress: o
436.2999 	Level keypress=1 at time= 1.574229 	25
436.3004 	Level injecting via pump at address 2 and a keypress of 1 and image of a.jpg 	25
441.2777 	DATA 	Keypress: o
441.2791 	DATA 	Keypress: o
442.2748 	DATA 	Keypress: o
442.3004 	Level RINSE 	25
444.2781 	DATA 	Keypress: o
448.2724 	Level finished 	25
