89.0777 	DATA 	Keypress: o
89.0784 	Level start key press 	25
89.0784 	Level fixation 0.000001 	25
91.0892 	DATA 	Keypress: o
93.0899 	DATA 	Keypress: o
95.0896 	DATA 	Keypress: o
97.0898 	DATA 	Keypress: o
97.4711 	Level fixation end 0.000001 	25
97.4711 	Level START 	25
97.8832 	Level f.jpg at position=right and e.jpg at position=left 	25
99.4729 	DATA 	Keypress: 2
99.4748 	DATA 	Keypress: o
99.5048 	Level keypress=2 at time= 1.568488 	25
99.5053 	Level injecting via pump at address 1 and a keypress of 2 and image of f.jpg 	25
104.4762 	DATA 	Keypress: o
104.4772 	DATA 	Keypress: o
105.4739 	DATA 	Keypress: o
105.4887 	Level RINSE 	25
107.4760 	DATA 	Keypress: o
113.4711 	Level finished 	25
113.4723 	DATA 	Keypress: o
113.4733 	DATA 	Keypress: o
113.4742 	DATA 	Keypress: o
113.8601 	Level a.jpg at position=right and b.jpg at position=left 	25
115.4724 	DATA 	Keypress: 2
115.4738 	DATA 	Keypress: o
115.4898 	Level keypress=2 at time= 1.599088 	25
115.4903 	Level injecting via pump at address 1 and a keypress of 2 and image of a.jpg 	25
120.4766 	DATA 	Keypress: o
120.4776 	DATA 	Keypress: o
121.4736 	DATA 	Keypress: o
121.4907 	Level RINSE 	25
123.4764 	DATA 	Keypress: o
128.4711 	Level finished 	25
128.4724 	DATA 	Keypress: o
128.4733 	DATA 	Keypress: o
128.8449 	Level b.jpg at position=left and a.jpg at position=right 	25
130.4728 	DATA 	Keypress: o
130.4743 	DATA 	Keypress: 2
130.4914 	Level keypress=2 at time= 1.616292 	25
130.4918 	Level injecting via pump at address 1 and a keypress of 2 and image of a.jpg 	25
135.4757 	DATA 	Keypress: o
135.4768 	DATA 	Keypress: o
135.4778 	DATA 	Keypress: o
136.4924 	Level RINSE 	25
138.4760 	DATA 	Keypress: o
142.4711 	Level finished 	25
142.4725 	DATA 	Keypress: o
142.4735 	DATA 	Keypress: o
142.8437 	Level c.jpg at position=left and d.jpg at position=right 	25
144.4728 	DATA 	Keypress: o
144.4742 	DATA 	Keypress: 1
144.4933 	Level keypress=1 at time= 1.597886 	25
144.4938 	Level injecting via pump at address 2 and a keypress of 1 and image of c.jpg 	25
149.4759 	DATA 	Keypress: o
149.4769 	DATA 	Keypress: o
149.4779 	DATA 	Keypress: o
150.4940 	Level RINSE 	25
152.4764 	DATA 	Keypress: o
156.4711 	Level finished 	25
156.4724 	DATA 	Keypress: o
156.4736 	DATA 	Keypress: o
156.8524 	Level b.jpg at position=right and a.jpg at position=left 	25
158.4722 	DATA 	Keypress: o
158.4732 	DATA 	Keypress: 1
158.4948 	Level keypress=1 at time= 1.595199 	25
158.4953 	Level injecting via pump at address 2 and a keypress of 1 and image of a.jpg 	25
163.4760 	DATA 	Keypress: o
163.4771 	DATA 	Keypress: o
163.4780 	DATA 	Keypress: o
164.4957 	Level RINSE 	25
166.4772 	DATA 	Keypress: o
171.4711 	Level finished 	25
171.4724 	DATA 	Keypress: o
171.4735 	DATA 	Keypress: o
171.4744 	DATA 	Keypress: o
171.8552 	Level f.jpg at position=left and e.jpg at position=right 	25
173.4723 	DATA 	Keypress: 2
173.4735 	DATA 	Keypress: o
173.4970 	Level keypress=2 at time= 1.592553 	25
173.4974 	Level injecting via pump at address 2 and a keypress of 2 and image of e.jpg 	25
178.4763 	DATA 	Keypress: o
178.4775 	DATA 	Keypress: o
179.4735 	DATA 	Keypress: o
179.4807 	Level RINSE 	25
181.4759 	DATA 	Keypress: o
187.4711 	Level finished 	25
187.4725 	DATA 	Keypress: o
187.4737 	DATA 	Keypress: o
187.4748 	DATA 	Keypress: o
187.8462 	Level d.jpg at position=right and c.jpg at position=left 	25
189.4723 	DATA 	Keypress: 2
189.4736 	DATA 	Keypress: o
189.4985 	Level keypress=2 at time= 1.590404 	25
189.4990 	Level injecting via pump at address 2 and a keypress of 2 and image of d.jpg 	25
194.4761 	DATA 	Keypress: o
194.4771 	DATA 	Keypress: o
195.4735 	DATA 	Keypress: o
195.4826 	Level RINSE 	25
197.4759 	DATA 	Keypress: o
201.4711 	Level finished 	25
201.4724 	DATA 	Keypress: o
201.4734 	DATA 	Keypress: o
201.8437 	Level b.jpg at position=left and a.jpg at position=right 	25
203.4722 	DATA 	Keypress: 1
203.4732 	DATA 	Keypress: o
203.5002 	Level keypress=1 at time= 1.605687 	25
203.5006 	Level injecting via pump at address 2 and a keypress of 1 and image of b.jpg 	25
208.4762 	DATA 	Keypress: o
208.4776 	DATA 	Keypress: o
209.4739 	DATA 	Keypress: o
209.5010 	Level RINSE 	25
211.4756 	DATA 	Keypress: o
217.4711 	Level finished 	25
217.4724 	DATA 	Keypress: o
217.4734 	DATA 	Keypress: o
217.4743 	DATA 	Keypress: o
217.8509 	Level d.jpg at position=right and c.jpg at position=left 	25
219.4723 	DATA 	Keypress: 1
219.4735 	DATA 	Keypress: o
219.4856 	Level keypress=1 at time= 1.587184 	25
219.4862 	Level injecting via pump at address 1 and a keypress of 1 and image of c.jpg 	25
224.4766 	DATA 	Keypress: o
224.4777 	DATA 	Keypress: o
225.4737 	DATA 	Keypress: o
225.5028 	Level RINSE 	25
227.4761 	DATA 	Keypress: o
232.4711 	Level finished 	25
232.4726 	DATA 	Keypress: o
232.4735 	DATA 	Keypress: o
232.8623 	Level a.jpg at position=right and b.jpg at position=left 	25
234.4722 	DATA 	Keypress: o
234.4733 	DATA 	Keypress: 2
234.5037 	Level keypress=2 at time= 1.586067 	25
234.5042 	Level injecting via pump at address 2 and a keypress of 2 and image of a.jpg 	25
239.4760 	DATA 	Keypress: o
239.4772 	DATA 	Keypress: o
239.4786 	DATA 	Keypress: o
240.4879 	Level RINSE 	25
242.4761 	DATA 	Keypress: o
247.4711 	Level finished 	25
247.4727 	DATA 	Keypress: o
247.4740 	DATA 	Keypress: o
247.4752 	DATA 	Keypress: o
247.8424 	Level f.jpg at position=right and e.jpg at position=left 	25
249.4724 	DATA 	Keypress: 2
249.4736 	DATA 	Keypress: o
249.4888 	Level keypress=2 at time= 1.617075 	25
249.4892 	Level injecting via pump at address 1 and a keypress of 2 and image of f.jpg 	25
254.4762 	DATA 	Keypress: o
254.4772 	DATA 	Keypress: o
255.4734 	DATA 	Keypress: o
255.4896 	Level RINSE 	25
257.4760 	DATA 	Keypress: o
262.4711 	Level finished 	25
262.4725 	DATA 	Keypress: o
262.4735 	DATA 	Keypress: o
262.8484 	Level d.jpg at position=right and c.jpg at position=left 	25
264.4722 	DATA 	Keypress: o
264.4733 	DATA 	Keypress: 1
264.4909 	Level keypress=1 at time= 1.599645 	25
264.4915 	Level injecting via pump at address 1 and a keypress of 1 and image of c.jpg 	25
269.4758 	DATA 	Keypress: o
269.4770 	DATA 	Keypress: o
269.4780 	DATA 	Keypress: o
270.4914 	Level RINSE 	25
272.4761 	DATA 	Keypress: o
275.4711 	Level finished 	25
275.4725 	DATA 	Keypress: o
275.4735 	DATA 	Keypress: o
275.8554 	Level e.jpg at position=left and f.jpg at position=right 	25
277.4723 	DATA 	Keypress: 2
277.4737 	DATA 	Keypress: o
277.4920 	Level keypress=2 at time= 1.596648 	25
277.4924 	Level injecting via pump at address 2 and a keypress of 2 and image of f.jpg 	25
282.4760 	DATA 	Keypress: o
282.4770 	DATA 	Keypress: o
283.4739 	DATA 	Keypress: o
283.4927 	Level RINSE 	25
285.4766 	DATA 	Keypress: o
289.4711 	Level finished 	25
289.4725 	DATA 	Keypress: o
289.4735 	DATA 	Keypress: o
289.8545 	Level a.jpg at position=left and b.jpg at position=right 	25
291.4722 	DATA 	Keypress: 2
291.4732 	DATA 	Keypress: o
291.4936 	Level keypress=2 at time= 1.595404 	25
291.4940 	Level injecting via pump at address 1 and a keypress of 2 and image of b.jpg 	25
296.4767 	DATA 	Keypress: o
296.4782 	DATA 	Keypress: o
297.4736 	DATA 	Keypress: o
297.4778 	Level RINSE 	25
299.4774 	DATA 	Keypress: o
304.4711 	Level finished 	25
304.4725 	DATA 	Keypress: o
304.4735 	DATA 	Keypress: o
304.8612 	Level d.jpg at position=left and c.jpg at position=right 	25
306.4722 	DATA 	Keypress: o
306.4732 	DATA 	Keypress: 1
306.4958 	Level keypress=1 at time= 1.594671 	25
306.4964 	Level injecting via pump at address 2 and a keypress of 1 and image of d.jpg 	25
311.4763 	DATA 	Keypress: o
311.4775 	DATA 	Keypress: o
311.4787 	DATA 	Keypress: o
312.4963 	Level RINSE 	25
314.4759 	DATA 	Keypress: o
320.4711 	Level finished 	25
320.4725 	DATA 	Keypress: o
320.4737 	DATA 	Keypress: o
320.4748 	DATA 	Keypress: o
320.8500 	Level d.jpg at position=right and c.jpg at position=left 	25
322.4722 	DATA 	Keypress: o
322.4733 	DATA 	Keypress: 2
322.4806 	Level keypress=2 at time= 1.592459 	25
322.4811 	Level injecting via pump at address 2 and a keypress of 2 and image of d.jpg 	25
327.4763 	DATA 	Keypress: o
327.4773 	DATA 	Keypress: o
327.4783 	DATA 	Keypress: o
328.4983 	Level RINSE 	25
330.4765 	DATA 	Keypress: o
334.4711 	Level finished 	25
334.4728 	DATA 	Keypress: o
334.4740 	DATA 	Keypress: o
334.8567 	Level a.jpg at position=right and b.jpg at position=left 	25
336.4722 	DATA 	Keypress: o
336.4734 	DATA 	Keypress: 2
336.4989 	Level keypress=2 at time= 1.591360 	25
336.4993 	Level injecting via pump at address 1 and a keypress of 2 and image of a.jpg 	25
341.4765 	DATA 	Keypress: o
341.4777 	DATA 	Keypress: o
341.4789 	DATA 	Keypress: o
342.4831 	Level RINSE 	25
344.4763 	DATA 	Keypress: o
347.4711 	Level finished 	25
347.4725 	DATA 	Keypress: o
347.4735 	DATA 	Keypress: o
347.8504 	Level e.jpg at position=right and f.jpg at position=left 	25
349.4722 	DATA 	Keypress: 2
349.4732 	DATA 	Keypress: o
349.5005 	Level keypress=2 at time= 1.605219 	25
349.5009 	Level injecting via pump at address 1 and a keypress of 2 and image of e.jpg 	25
354.4767 	DATA 	Keypress: o
354.4779 	DATA 	Keypress: o
355.4736 	DATA 	Keypress: o
355.5013 	Level RINSE 	25
357.4756 	DATA 	Keypress: o
362.4711 	Level finished 	25
362.4727 	DATA 	Keypress: o
362.4743 	DATA 	Keypress: o
362.8681 	Level f.jpg at position=left and e.jpg at position=right 	25
364.4723 	DATA 	Keypress: o
364.4735 	DATA 	Keypress: 1
364.4859 	Level keypress=1 at time= 1.588204 	25
364.4864 	Level injecting via pump at address 2 and a keypress of 1 and image of f.jpg 	25
369.4755 	DATA 	Keypress: o
369.4765 	DATA 	Keypress: o
369.4774 	DATA 	Keypress: o
370.4865 	Level RINSE 	25
372.4760 	DATA 	Keypress: o
377.4711 	Level finished 	25
377.4728 	DATA 	Keypress: o
377.4740 	DATA 	Keypress: o
377.4750 	DATA 	Keypress: o
377.8519 	Level e.jpg at position=left and f.jpg at position=right 	25
379.4723 	DATA 	Keypress: 2
379.4736 	DATA 	Keypress: o
379.4872 	Level keypress=2 at time= 1.584814 	25
379.4878 	Level injecting via pump at address 2 and a keypress of 2 and image of f.jpg 	25
384.4762 	DATA 	Keypress: o
384.4774 	DATA 	Keypress: o
385.4738 	DATA 	Keypress: o
385.4881 	Level RINSE 	25
387.4761 	DATA 	Keypress: o
391.4711 	Level finished 	25
391.4726 	DATA 	Keypress: o
391.4735 	DATA 	Keypress: o
391.8636 	Level f.jpg at position=left and e.jpg at position=right 	25
393.4722 	DATA 	Keypress: 1
393.4732 	DATA 	Keypress: o
393.5055 	Level keypress=1 at time= 1.583479 	25
393.5060 	Level injecting via pump at address 2 and a keypress of 1 and image of f.jpg 	25
398.4765 	DATA 	Keypress: o
398.4775 	DATA 	Keypress: o
399.4739 	DATA 	Keypress: o
399.4898 	Level RINSE 	25
401.4757 	DATA 	Keypress: o
405.4711 	Level finished 	25
405.4725 	DATA 	Keypress: o
405.4735 	DATA 	Keypress: o
405.8544 	Level e.jpg at position=left and f.jpg at position=right 	25
407.4722 	DATA 	Keypress: 2
407.4735 	DATA 	Keypress: o
407.4905 	Level keypress=2 at time= 1.581877 	25
407.4910 	Level injecting via pump at address 1 and a keypress of 2 and image of f.jpg 	25
412.4756 	DATA 	Keypress: o
412.4767 	DATA 	Keypress: o
413.4735 	DATA 	Keypress: o
413.4913 	Level RINSE 	25
415.4760 	DATA 	Keypress: o
421.4711 	Level finished 	25
421.4728 	DATA 	Keypress: o
421.4738 	DATA 	Keypress: o
421.4748 	DATA 	Keypress: o
421.8545 	Level c.jpg at position=right and d.jpg at position=left 	25
423.4722 	DATA 	Keypress: 1
423.4732 	DATA 	Keypress: o
423.4929 	Level keypress=1 at time= 1.580071 	25
423.4933 	Level injecting via pump at address 1 and a keypress of 1 and image of d.jpg 	25
428.4763 	DATA 	Keypress: o
428.4775 	DATA 	Keypress: o
429.4739 	DATA 	Keypress: o
429.4933 	Level RINSE 	25
431.4762 	DATA 	Keypress: o
437.4711 	Level finished 	25
437.4726 	DATA 	Keypress: o
437.4736 	DATA 	Keypress: o
437.4745 	DATA 	Keypress: o
437.8621 	Level f.jpg at position=right and e.jpg at position=left 	25
439.4724 	DATA 	Keypress: 2
439.4737 	DATA 	Keypress: o
439.4943 	Level keypress=2 at time= 1.594630 	25
439.4948 	Level injecting via pump at address 2 and a keypress of 2 and image of f.jpg 	25
444.4763 	DATA 	Keypress: o
444.4775 	DATA 	Keypress: o
445.4737 	DATA 	Keypress: o
445.4952 	Level RINSE 	25
447.4755 	DATA 	Keypress: o
453.4711 	Level finished 	25
453.4726 	DATA 	Keypress: o
453.4735 	DATA 	Keypress: o
453.4745 	DATA 	Keypress: o
453.8653 	Level e.jpg at position=right and f.jpg at position=left 	25
455.4722 	DATA 	Keypress: 1
455.4732 	DATA 	Keypress: o
455.4962 	Level keypress=1 at time= 1.592915 	25
455.4966 	Level injecting via pump at address 1 and a keypress of 1 and image of f.jpg 	25
460.4764 	DATA 	Keypress: o
460.4776 	DATA 	Keypress: o
461.4739 	DATA 	Keypress: o
461.4970 	Level RINSE 	25
463.4763 	DATA 	Keypress: o
469.4711 	Level finished 	25
469.4726 	DATA 	Keypress: o
469.4735 	DATA 	Keypress: o
469.4744 	DATA 	Keypress: o
469.8492 	Level c.jpg at position=left and d.jpg at position=right 	25
471.4724 	DATA 	Keypress: 2
471.4736 	DATA 	Keypress: o
471.4984 	Level keypress=2 at time= 1.607943 	25
471.4989 	Level injecting via pump at address 2 and a keypress of 2 and image of d.jpg 	25
476.4765 	DATA 	Keypress: o
476.4777 	DATA 	Keypress: o
477.4737 	DATA 	Keypress: o
477.4988 	Level RINSE 	25
479.4761 	DATA 	Keypress: o
483.4711 	Level finished 	25
