79.4354 	DATA 	Keypress: o
79.4362 	Level start key press 	25
79.4362 	Level fixation 0.000001 	25
81.4425 	DATA 	Keypress: o
83.4425 	DATA 	Keypress: o
85.4430 	DATA 	Keypress: o
87.4430 	DATA 	Keypress: o
87.8908 	Level fixation end 0.000001 	25
87.8909 	Level START 	25
88.3108 	Level b.jpg at position=left and a.jpg at position=right 	25
89.8922 	DATA 	Keypress: 2
89.8933 	DATA 	Keypress: o
89.9083 	Level keypress=2 at time= 1.551285 	25
89.9088 	Level injecting via pump at address 1 and a keypress of 2 and image of a.jpg 	25
94.8970 	DATA 	Keypress: o
94.8986 	DATA 	Keypress: o
95.8934 	DATA 	Keypress: o
95.9253 	Level RINSE 	25
97.8956 	DATA 	Keypress: o
103.8909 	Level finished 	25
103.8923 	DATA 	Keypress: o
103.8935 	DATA 	Keypress: o
103.8946 	DATA 	Keypress: o
104.2881 	Level e.jpg at position=right and f.jpg at position=left 	25
105.8920 	DATA 	Keypress: 1
105.8931 	DATA 	Keypress: o
105.9096 	Level keypress=1 at time= 1.582147 	25
105.9100 	Level injecting via pump at address 2 and a keypress of 1 and image of f.jpg 	25
110.8959 	DATA 	Keypress: o
110.8973 	DATA 	Keypress: o
111.8933 	DATA 	Keypress: o
111.9105 	Level RINSE 	25
113.8959 	DATA 	Keypress: o
118.8909 	Level finished 	25
118.8922 	DATA 	Keypress: o
118.8933 	DATA 	Keypress: o
119.2717 	Level f.jpg at position=left and e.jpg at position=right 	25
120.8920 	DATA 	Keypress: o
120.8932 	DATA 	Keypress: 2
120.9281 	Level keypress=2 at time= 1.598264 	25
120.9286 	Level injecting via pump at address 1 and a keypress of 2 and image of e.jpg 	25
125.8961 	DATA 	Keypress: o
125.8974 	DATA 	Keypress: o
125.8986 	DATA 	Keypress: o
126.9123 	Level RINSE 	25
128.8952 	DATA 	Keypress: o
133.8909 	Level finished 	25
133.8922 	DATA 	Keypress: o
133.8932 	DATA 	Keypress: o
133.8941 	DATA 	Keypress: o
134.2780 	Level c.jpg at position=right and d.jpg at position=left 	25
135.8920 	DATA 	Keypress: 1
135.8930 	DATA 	Keypress: o
135.9132 	Level keypress=1 at time= 1.595076 	25
135.9136 	Level injecting via pump at address 1 and a keypress of 1 and image of d.jpg 	25
140.8956 	DATA 	Keypress: o
140.8967 	DATA 	Keypress: o
141.8935 	DATA 	Keypress: o
141.9140 	Level RINSE 	25
143.8954 	DATA 	Keypress: o
149.8909 	Level finished 	25
149.8923 	DATA 	Keypress: o
149.8934 	DATA 	Keypress: o
149.8946 	DATA 	Keypress: o
150.2688 	Level b.jpg at position=left and a.jpg at position=right 	25
151.8920 	DATA 	Keypress: o
151.8933 	DATA 	Keypress: 2
151.9150 	Level keypress=2 at time= 1.594728 	25
151.9154 	Level injecting via pump at address 2 and a keypress of 2 and image of a.jpg 	25
156.8962 	DATA 	Keypress: o
156.8976 	DATA 	Keypress: o
157.8934 	DATA 	Keypress: o
157.9160 	Level RINSE 	25
159.8965 	DATA 	Keypress: o
163.8909 	Level finished 	25
163.8923 	DATA 	Keypress: o
163.8935 	DATA 	Keypress: o
164.2728 	Level e.jpg at position=right and f.jpg at position=left 	25
165.8922 	DATA 	Keypress: o
165.8935 	DATA 	Keypress: 1
165.8947 	DATA 	Keypress: 1
165.9166 	Level keypress=1 at time= 1.593321 	25
165.9171 	Level injecting via pump at address 2 and a keypress of 1 and image of f.jpg 	25
170.8974 	DATA 	Keypress: 1
170.8987 	DATA 	Keypress: o
170.8998 	DATA 	Keypress: o
171.8937 	DATA 	Keypress: o
171.9009 	Level RINSE 	25
173.8956 	DATA 	Keypress: o
178.8909 	Level finished 	25
178.8922 	DATA 	Keypress: o
178.8933 	DATA 	Keypress: o
179.2550 	Level c.jpg at position=right and d.jpg at position=left 	25
180.8920 	DATA 	Keypress: o
180.8930 	DATA 	Keypress: 2
180.9017 	Level keypress=2 at time= 1.607562 	25
180.9023 	Level injecting via pump at address 1 and a keypress of 2 and image of c.jpg 	25
185.8958 	DATA 	Keypress: o
185.8971 	DATA 	Keypress: o
185.8981 	DATA 	Keypress: o
186.9026 	Level RINSE 	25
188.8961 	DATA 	Keypress: o
193.8909 	Level finished 	25
193.8923 	DATA 	Keypress: o
193.8933 	DATA 	Keypress: o
193.8943 	DATA 	Keypress: o
194.2802 	Level a.jpg at position=right and b.jpg at position=left 	25
195.8920 	DATA 	Keypress: o
195.8931 	DATA 	Keypress: 1
195.9201 	Level keypress=1 at time= 1.589433 	25
195.9206 	Level injecting via pump at address 2 and a keypress of 1 and image of b.jpg 	25
200.8957 	DATA 	Keypress: o
200.8969 	DATA 	Keypress: o
201.8934 	DATA 	Keypress: o
201.9211 	Level RINSE 	25
203.8959 	DATA 	Keypress: o
209.8909 	Level finished 	25
209.8923 	DATA 	Keypress: o
209.8932 	DATA 	Keypress: o
209.8942 	DATA 	Keypress: o
210.2668 	Level a.jpg at position=left and b.jpg at position=right 	25
211.8920 	DATA 	Keypress: 2
211.8930 	DATA 	Keypress: o
211.9054 	Level keypress=2 at time= 1.603165 	25
211.9059 	Level injecting via pump at address 1 and a keypress of 2 and image of b.jpg 	25
216.8964 	DATA 	Keypress: o
216.8976 	DATA 	Keypress: o
217.8934 	DATA 	Keypress: o
217.9061 	Level RINSE 	25
219.8960 	DATA 	Keypress: o
225.8909 	Level finished 	25
225.8923 	DATA 	Keypress: o
225.8933 	DATA 	Keypress: o
225.8946 	DATA 	Keypress: o
226.2763 	Level e.jpg at position=right and f.jpg at position=left 	25
227.8920 	DATA 	Keypress: 1
227.8930 	DATA 	Keypress: o
227.9073 	Level keypress=1 at time= 1.584443 	25
227.9077 	Level injecting via pump at address 2 and a keypress of 1 and image of f.jpg 	25
232.8961 	DATA 	Keypress: o
232.8972 	DATA 	Keypress: o
233.8933 	DATA 	Keypress: o
233.9081 	Level RINSE 	25
235.8973 	DATA 	Keypress: o
238.8909 	Level finished 	25
238.8922 	DATA 	Keypress: o
239.2802 	Level f.jpg at position=right and e.jpg at position=left 	25
240.8920 	DATA 	Keypress: o
240.8930 	DATA 	Keypress: 1
240.9088 	Level keypress=1 at time= 1.584033 	25
240.9092 	Level injecting via pump at address 2 and a keypress of 1 and image of e.jpg 	25
245.8963 	DATA 	Keypress: o
245.8973 	DATA 	Keypress: o
245.8983 	DATA 	Keypress: o
246.9096 	Level RINSE 	25
248.8955 	DATA 	Keypress: o
253.8909 	Level finished 	25
253.8923 	DATA 	Keypress: o
253.8933 	DATA 	Keypress: o
253.8942 	DATA 	Keypress: o
254.2696 	Level f.jpg at position=right and e.jpg at position=left 	25
255.8920 	DATA 	Keypress: 1
255.8933 	DATA 	Keypress: o
255.9106 	Level keypress=1 at time= 1.598020 	25
255.9110 	Level injecting via pump at address 2 and a keypress of 1 and image of e.jpg 	25
260.8955 	DATA 	Keypress: o
260.8965 	DATA 	Keypress: o
261.8933 	DATA 	Keypress: o
261.9113 	Level RINSE 	25
263.8954 	DATA 	Keypress: o
269.8909 	Level finished 	25
269.8924 	DATA 	Keypress: o
269.8933 	DATA 	Keypress: o
269.8945 	DATA 	Keypress: o
270.2728 	Level d.jpg at position=left and c.jpg at position=right 	25
271.8920 	DATA 	Keypress: o
271.8930 	DATA 	Keypress: 2
271.9124 	Level keypress=2 at time= 1.597194 	25
271.9128 	Level injecting via pump at address 1 and a keypress of 2 and image of c.jpg 	25
276.8954 	DATA 	Keypress: o
276.8965 	DATA 	Keypress: o
277.8936 	DATA 	Keypress: o
277.9131 	Level RINSE 	25
279.8968 	DATA 	Keypress: o
283.8909 	Level finished 	25
283.8923 	DATA 	Keypress: o
283.8933 	DATA 	Keypress: o
284.2704 	Level c.jpg at position=right and d.jpg at position=left 	25
285.8920 	DATA 	Keypress: 1
285.8930 	DATA 	Keypress: o
285.9141 	Level keypress=1 at time= 1.594461 	25
285.9145 	Level injecting via pump at address 2 and a keypress of 1 and image of d.jpg 	25
290.8975 	DATA 	Keypress: o
290.8990 	DATA 	Keypress: o
291.8938 	DATA 	Keypress: o
291.9148 	Level RINSE 	25
293.8974 	DATA 	Keypress: o
297.8909 	Level finished 	25
297.8922 	DATA 	Keypress: o
297.8932 	DATA 	Keypress: o
298.2694 	Level e.jpg at position=right and f.jpg at position=left 	25
299.8920 	DATA 	Keypress: 2
299.8931 	DATA 	Keypress: o
299.9157 	Level keypress=2 at time= 1.592855 	25
299.9161 	Level injecting via pump at address 2 and a keypress of 2 and image of e.jpg 	25
304.8956 	DATA 	Keypress: o
304.8966 	DATA 	Keypress: o
305.8934 	DATA 	Keypress: o
305.8998 	Level RINSE 	25
307.8958 	DATA 	Keypress: o
311.8909 	Level finished 	25
311.8926 	DATA 	Keypress: o
311.8938 	DATA 	Keypress: o
312.2760 	Level f.jpg at position=left and e.jpg at position=right 	25
313.8927 	DATA 	Keypress: 1
313.8946 	DATA 	Keypress: o
313.9173 	Level keypress=1 at time= 1.591976 	25
313.9178 	Level injecting via pump at address 1 and a keypress of 1 and image of f.jpg 	25
318.8963 	DATA 	Keypress: o
318.8975 	DATA 	Keypress: o
319.8936 	DATA 	Keypress: o
319.9181 	Level RINSE 	25
321.8964 	DATA 	Keypress: o
324.8909 	Level finished 	25
324.8926 	DATA 	Keypress: o
325.2711 	Level d.jpg at position=right and c.jpg at position=left 	25
326.8920 	DATA 	Keypress: o
326.8930 	DATA 	Keypress: 1
326.8940 	DATA 	Keypress: 1
326.9188 	Level keypress=1 at time= 1.590730 	25
326.9193 	Level injecting via pump at address 1 and a keypress of 1 and image of c.jpg 	25
331.8958 	DATA 	Keypress: o
331.8972 	DATA 	Keypress: o
331.8983 	DATA 	Keypress: o
332.9196 	Level RINSE 	25
334.8953 	DATA 	Keypress: o
339.8909 	Level finished 	25
339.8927 	DATA 	Keypress: o
339.8940 	DATA 	Keypress: o
339.8952 	DATA 	Keypress: o
340.2778 	Level c.jpg at position=right and d.jpg at position=left 	25
341.8920 	DATA 	Keypress: 1
341.8931 	DATA 	Keypress: o
341.9206 	Level keypress=1 at time= 1.587824 	25
341.9210 	Level injecting via pump at address 2 and a keypress of 1 and image of d.jpg 	25
346.8985 	DATA 	Keypress: o
346.9000 	DATA 	Keypress: o
347.8937 	DATA 	Keypress: o
347.9213 	Level RINSE 	25
349.8962 	DATA 	Keypress: o
354.8909 	Level finished 	25
354.8924 	DATA 	Keypress: o
354.8934 	DATA 	Keypress: o
355.2823 	Level d.jpg at position=right and c.jpg at position=left 	25
356.8920 	DATA 	Keypress: o
356.8931 	DATA 	Keypress: 2
356.9223 	Level keypress=2 at time= 1.587354 	25
356.9227 	Level injecting via pump at address 2 and a keypress of 2 and image of d.jpg 	25
361.8961 	DATA 	Keypress: o
361.8973 	DATA 	Keypress: o
361.8983 	DATA 	Keypress: o
362.9064 	Level RINSE 	25
364.8957 	DATA 	Keypress: o
368.8909 	Level finished 	25
368.8923 	DATA 	Keypress: o
368.8935 	DATA 	Keypress: o
369.2747 	Level f.jpg at position=right and e.jpg at position=left 	25
370.8920 	DATA 	Keypress: o
370.8931 	DATA 	Keypress: 2
370.9072 	Level keypress=2 at time= 1.585634 	25
370.9077 	Level injecting via pump at address 2 and a keypress of 2 and image of f.jpg 	25
375.8959 	DATA 	Keypress: o
375.8970 	DATA 	Keypress: o
375.8980 	DATA 	Keypress: o
376.9247 	Level RINSE 	25
378.8958 	DATA 	Keypress: o
382.8909 	Level finished 	25
382.8925 	DATA 	Keypress: o
382.8938 	DATA 	Keypress: o
383.2638 	Level e.jpg at position=left and f.jpg at position=right 	25
384.8920 	DATA 	Keypress: o
384.8930 	DATA 	Keypress: 1
384.9088 	Level keypress=1 at time= 1.617213 	25
384.9093 	Level injecting via pump at address 1 and a keypress of 1 and image of e.jpg 	25
389.8954 	DATA 	Keypress: o
389.8963 	DATA 	Keypress: o
389.8973 	DATA 	Keypress: o
390.9097 	Level RINSE 	25
392.8954 	DATA 	Keypress: o
398.8909 	Level finished 	25
398.8924 	DATA 	Keypress: o
398.8934 	DATA 	Keypress: o
398.8944 	DATA 	Keypress: o
399.2570 	Level d.jpg at position=right and c.jpg at position=left 	25
400.8921 	DATA 	Keypress: o
400.8934 	DATA 	Keypress: 2
400.9107 	Level keypress=2 at time= 1.615734 	25
400.9111 	Level injecting via pump at address 2 and a keypress of 2 and image of d.jpg 	25
405.8958 	DATA 	Keypress: o
405.8968 	DATA 	Keypress: o
405.8979 	DATA 	Keypress: o
406.9116 	Level RINSE 	25
408.8959 	DATA 	Keypress: o
412.8909 	Level finished 	25
412.8924 	DATA 	Keypress: o
412.8935 	DATA 	Keypress: o
413.2772 	Level d.jpg at position=left and c.jpg at position=right 	25
414.8920 	DATA 	Keypress: o
414.8931 	DATA 	Keypress: 1
414.9123 	Level keypress=1 at time= 1.580529 	25
414.9127 	Level injecting via pump at address 2 and a keypress of 1 and image of d.jpg 	25
419.8955 	DATA 	Keypress: o
419.8966 	DATA 	Keypress: o
419.8975 	DATA 	Keypress: o
420.8966 	Level RINSE 	25
422.8960 	DATA 	Keypress: o
427.8909 	Level finished 	25
427.8942 	DATA 	Keypress: o
427.8954 	DATA 	Keypress: o
427.8967 	DATA 	Keypress: o
428.2714 	Level a.jpg at position=right and b.jpg at position=left 	25
429.8920 	DATA 	Keypress: 2
429.8931 	DATA 	Keypress: o
429.9141 	Level keypress=2 at time= 1.594447 	25
429.9145 	Level injecting via pump at address 1 and a keypress of 2 and image of a.jpg 	25
434.8955 	DATA 	Keypress: o
434.8968 	DATA 	Keypress: o
435.8942 	DATA 	Keypress: o
435.9150 	Level RINSE 	25
437.8965 	DATA 	Keypress: o
441.8909 	Level finished 	25
441.8925 	DATA 	Keypress: o
441.8934 	DATA 	Keypress: o
442.2737 	Level e.jpg at position=left and f.jpg at position=right 	25
443.8921 	DATA 	Keypress: 1
443.8933 	DATA 	Keypress: o
443.9157 	Level keypress=1 at time= 1.592846 	25
443.9161 	Level injecting via pump at address 1 and a keypress of 1 and image of e.jpg 	25
448.8961 	DATA 	Keypress: o
448.8974 	DATA 	Keypress: o
449.8933 	DATA 	Keypress: o
449.9166 	Level RINSE 	25
451.8954 	DATA 	Keypress: o
457.8909 	Level finished 	25
457.8932 	DATA 	Keypress: o
457.8950 	DATA 	Keypress: o
457.8969 	DATA 	Keypress: o
458.2777 	Level c.jpg at position=left and d.jpg at position=right 	25
459.8923 	DATA 	Keypress: o
459.8937 	DATA 	Keypress: 1
459.9176 	Level keypress=1 at time= 1.592661 	25
459.9180 	Level injecting via pump at address 2 and a keypress of 1 and image of c.jpg 	25
464.8960 	DATA 	Keypress: o
464.8971 	DATA 	Keypress: o
465.8936 	DATA 	Keypress: o
465.9185 	Level RINSE 	25
467.8953 	DATA 	Keypress: o
474.8909 	Level finished 	25
