42.6208 	DATA 	Keypress: o
42.6218 	Level start key press 	25
42.6218 	Level fixation 0.000001 	25
44.6285 	DATA 	Keypress: o
46.6293 	DATA 	Keypress: o
48.6291 	DATA 	Keypress: o
50.6293 	DATA 	Keypress: o
51.0770 	Level fixation end 0.000001 	25
51.0770 	Level START 	25
51.4841 	Level f.jpg at position=right and e.jpg at position=left 	25
53.0784 	DATA 	Keypress: 1
53.0799 	DATA 	Keypress: o
53.1110 	Level keypress=1 at time= 1.568109 	25
53.1115 	Level injecting via pump at address 1 and a keypress of 1 and image of e.jpg 	25
58.0834 	DATA 	Keypress: o
58.0849 	DATA 	Keypress: o
59.0801 	DATA 	Keypress: o
59.0946 	Level RINSE 	25
61.0834 	DATA 	Keypress: o
67.0770 	Level finished 	25
67.0786 	DATA 	Keypress: o
67.0799 	DATA 	Keypress: o
67.0813 	DATA 	Keypress: o
67.4402 	Level c.jpg at position=right and d.jpg at position=left 	25
69.0787 	DATA 	Keypress: 2
69.0803 	DATA 	Keypress: o
69.1124 	Level keypress=2 at time= 1.616129 	25
69.1129 	Level injecting via pump at address 1 and a keypress of 2 and image of c.jpg 	25
74.0843 	DATA 	Keypress: o
74.0859 	DATA 	Keypress: o
75.0805 	DATA 	Keypress: o
75.0965 	Level RINSE 	25
77.0833 	DATA 	Keypress: o
82.0770 	Level finished 	25
82.0788 	DATA 	Keypress: o
82.0802 	DATA 	Keypress: o
82.4360 	Level c.jpg at position=right and d.jpg at position=left 	25
84.0787 	DATA 	Keypress: o
84.0805 	DATA 	Keypress: 1
84.0975 	Level keypress=1 at time= 1.633174 	25
84.0979 	Level injecting via pump at address 2 and a keypress of 1 and image of d.jpg 	25
89.0830 	DATA 	Keypress: o
89.0846 	DATA 	Keypress: o
89.0860 	DATA 	Keypress: o
90.0983 	Level RINSE 	25
92.0832 	DATA 	Keypress: o
97.0770 	Level finished 	25
97.0789 	DATA 	Keypress: o
97.0804 	DATA 	Keypress: o
97.0820 	DATA 	Keypress: o
97.4499 	Level a.jpg at position=left and b.jpg at position=right 	25
99.0786 	DATA 	Keypress: 1
99.0803 	DATA 	Keypress: o
99.0997 	Level keypress=1 at time= 1.596209 	25
99.1002 	Level injecting via pump at address 1 and a keypress of 1 and image of a.jpg 	25
104.0836 	DATA 	Keypress: o
104.0852 	DATA 	Keypress: o
105.0804 	DATA 	Keypress: o
105.1000 	Level RINSE 	25
107.0825 	DATA 	Keypress: o
113.0770 	Level finished 	25
113.0784 	DATA 	Keypress: o
113.0795 	DATA 	Keypress: o
113.0807 	DATA 	Keypress: o
113.4684 	Level b.jpg at position=right and a.jpg at position=left 	25
115.0784 	DATA 	Keypress: 1
115.0798 	DATA 	Keypress: o
115.1011 	Level keypress=1 at time= 1.593598 	25
115.1015 	Level injecting via pump at address 1 and a keypress of 1 and image of a.jpg 	25
120.0825 	DATA 	Keypress: o
120.0838 	DATA 	Keypress: o
121.0800 	DATA 	Keypress: o
121.1019 	Level RINSE 	25
123.0826 	DATA 	Keypress: o
127.0770 	Level finished 	25
127.0787 	DATA 	Keypress: o
127.0801 	DATA 	Keypress: o
127.4710 	Level e.jpg at position=left and f.jpg at position=right 	25
129.0786 	DATA 	Keypress: 2
129.0799 	DATA 	Keypress: o
129.0861 	Level keypress=2 at time= 1.575978 	25
129.0866 	Level injecting via pump at address 2 and a keypress of 2 and image of f.jpg 	25
134.0832 	DATA 	Keypress: o
134.0845 	DATA 	Keypress: o
135.0802 	DATA 	Keypress: o
135.1035 	Level RINSE 	25
137.0824 	DATA 	Keypress: o
142.0770 	Level finished 	25
142.0784 	DATA 	Keypress: o
142.0795 	DATA 	Keypress: o
142.4477 	Level f.jpg at position=left and e.jpg at position=right 	25
144.0782 	DATA 	Keypress: o
144.0794 	DATA 	Keypress: 1
144.1050 	Level keypress=1 at time= 1.608403 	25
144.1055 	Level injecting via pump at address 2 and a keypress of 1 and image of f.jpg 	25
149.0825 	DATA 	Keypress: o
149.0838 	DATA 	Keypress: o
149.0849 	DATA 	Keypress: o
150.1053 	Level RINSE 	25
152.0830 	DATA 	Keypress: o
157.0770 	Level finished 	25
157.0784 	DATA 	Keypress: o
157.0796 	DATA 	Keypress: o
157.0808 	DATA 	Keypress: o
157.4676 	Level b.jpg at position=left and a.jpg at position=right 	25
159.0784 	DATA 	Keypress: 2
159.0799 	DATA 	Keypress: o
159.1062 	Level keypress=2 at time= 1.588675 	25
159.1067 	Level injecting via pump at address 2 and a keypress of 2 and image of a.jpg 	25
164.0815 	DATA 	Keypress: o
164.0826 	DATA 	Keypress: o
165.0793 	DATA 	Keypress: o
165.1072 	Level RINSE 	25
167.0820 	DATA 	Keypress: o
173.0770 	Level finished 	25
173.0784 	DATA 	Keypress: o
173.0797 	DATA 	Keypress: o
173.0810 	DATA 	Keypress: o
173.4703 	Level e.jpg at position=right and f.jpg at position=left 	25
175.0783 	DATA 	Keypress: o
175.0795 	DATA 	Keypress: 2
175.1082 	Level keypress=2 at time= 1.588230 	25
175.1086 	Level injecting via pump at address 1 and a keypress of 2 and image of e.jpg 	25
180.0827 	DATA 	Keypress: o
180.0839 	DATA 	Keypress: o
181.0794 	DATA 	Keypress: o
181.1091 	Level RINSE 	25
183.0819 	DATA 	Keypress: o
189.0770 	Level finished 	25
189.0783 	DATA 	Keypress: o
189.0793 	DATA 	Keypress: o
189.0805 	DATA 	Keypress: o
189.4644 	Level a.jpg at position=right and b.jpg at position=left 	25
191.0783 	DATA 	Keypress: o
191.0797 	DATA 	Keypress: 1
191.1104 	Level keypress=1 at time= 1.586464 	25
191.1109 	Level injecting via pump at address 1 and a keypress of 1 and image of b.jpg 	25
196.0824 	DATA 	Keypress: o
196.0840 	DATA 	Keypress: o
197.0798 	DATA 	Keypress: o
197.1108 	Level RINSE 	25
199.0825 	DATA 	Keypress: o
202.0770 	Level finished 	25
202.0786 	DATA 	Keypress: o
202.4455 	Level d.jpg at position=left and c.jpg at position=right 	25
204.0781 	DATA 	Keypress: o
204.0792 	DATA 	Keypress: 2
204.0949 	Level keypress=2 at time= 1.600604 	25
204.0954 	Level injecting via pump at address 2 and a keypress of 2 and image of c.jpg 	25
209.0824 	DATA 	Keypress: o
209.0834 	DATA 	Keypress: o
209.0844 	DATA 	Keypress: o
210.0959 	Level RINSE 	25
212.0827 	DATA 	Keypress: o
217.0770 	Level finished 	25
217.0784 	DATA 	Keypress: o
217.0794 	DATA 	Keypress: o
217.0804 	DATA 	Keypress: o
217.4717 	Level e.jpg at position=left and f.jpg at position=right 	25
219.0785 	DATA 	Keypress: 2
219.0798 	DATA 	Keypress: o
219.0811 	DATA 	Keypress: 1
219.1133 	Level keypress=2 at time= 1.582026 	25
219.1138 	Level injecting via pump at address 2 and a keypress of 2 and image of f.jpg 	25
224.0833 	DATA 	Keypress: o
224.0847 	DATA 	Keypress: o
225.0794 	DATA 	Keypress: o
225.0976 	Level RINSE 	25
227.0822 	DATA 	Keypress: o
233.0770 	Level finished 	25
233.0784 	DATA 	Keypress: o
233.0794 	DATA 	Keypress: o
233.0803 	DATA 	Keypress: o
233.4526 	Level f.jpg at position=right and e.jpg at position=left 	25
235.0783 	DATA 	Keypress: o
235.0795 	DATA 	Keypress: 1
235.0991 	Level keypress=1 at time= 1.597706 	25
235.0996 	Level injecting via pump at address 1 and a keypress of 1 and image of e.jpg 	25
240.0822 	DATA 	Keypress: o
240.0834 	DATA 	Keypress: o
241.0797 	DATA 	Keypress: o
241.0995 	Level RINSE 	25
243.0825 	DATA 	Keypress: o
247.0770 	Level finished 	25
247.0787 	DATA 	Keypress: o
247.0799 	DATA 	Keypress: o
247.4567 	Level c.jpg at position=right and d.jpg at position=left 	25
249.0783 	DATA 	Keypress: 2
249.0797 	DATA 	Keypress: o
249.1003 	Level keypress=2 at time= 1.611297 	25
249.1008 	Level injecting via pump at address 2 and a keypress of 2 and image of c.jpg 	25
254.0827 	DATA 	Keypress: o
254.0839 	DATA 	Keypress: o
255.0800 	DATA 	Keypress: o
255.1010 	Level RINSE 	25
257.0855 	DATA 	Keypress: o
261.0770 	Level finished 	25
261.0784 	DATA 	Keypress: o
261.0794 	DATA 	Keypress: o
261.4584 	Level d.jpg at position=left and c.jpg at position=right 	25
263.0783 	DATA 	Keypress: 1
263.0795 	DATA 	Keypress: o
263.0853 	Level keypress=1 at time= 1.593181 	25
263.0857 	Level injecting via pump at address 2 and a keypress of 1 and image of d.jpg 	25
268.0826 	DATA 	Keypress: o
268.0840 	DATA 	Keypress: o
269.0801 	DATA 	Keypress: o
269.1028 	Level RINSE 	25
271.0827 	DATA 	Keypress: o
275.0770 	Level finished 	25
275.0785 	DATA 	Keypress: o
275.0796 	DATA 	Keypress: o
275.4588 	Level d.jpg at position=right and c.jpg at position=left 	25
277.0783 	DATA 	Keypress: 1
277.0796 	DATA 	Keypress: o
277.1035 	Level keypress=1 at time= 1.591586 	25
277.1040 	Level injecting via pump at address 1 and a keypress of 1 and image of c.jpg 	25
282.0829 	DATA 	Keypress: o
282.0842 	DATA 	Keypress: o
283.0801 	DATA 	Keypress: o
283.1043 	Level RINSE 	25
285.0829 	DATA 	Keypress: o
288.0770 	Level finished 	25
288.0789 	DATA 	Keypress: o
288.4556 	Level e.jpg at position=right and f.jpg at position=left 	25
290.0781 	DATA 	Keypress: o
290.0793 	DATA 	Keypress: 2
290.1051 	Level keypress=2 at time= 1.607750 	25
290.1056 	Level injecting via pump at address 1 and a keypress of 2 and image of e.jpg 	25
295.0820 	DATA 	Keypress: 1
295.0833 	DATA 	Keypress: o
295.0844 	DATA 	Keypress: o
295.0856 	DATA 	Keypress: o
296.1061 	Level RINSE 	25
298.0825 	DATA 	Keypress: o
303.0770 	Level finished 	25
303.0789 	DATA 	Keypress: o
303.0800 	DATA 	Keypress: o
303.0812 	DATA 	Keypress: o
303.4676 	Level a.jpg at position=right and b.jpg at position=left 	25
305.0783 	DATA 	Keypress: o
305.0796 	DATA 	Keypress: 2
305.1071 	Level keypress=2 at time= 1.573002 	25
305.1076 	Level injecting via pump at address 1 and a keypress of 2 and image of a.jpg 	25
310.0834 	DATA 	Keypress: o
310.0848 	DATA 	Keypress: o
311.0794 	DATA 	Keypress: o
311.0910 	Level RINSE 	25
313.0818 	DATA 	Keypress: o
318.0770 	Level finished 	25
318.0787 	DATA 	Keypress: o
318.0800 	DATA 	Keypress: o
318.4622 	Level b.jpg at position=right and a.jpg at position=left 	25
320.0781 	DATA 	Keypress: o
320.0791 	DATA 	Keypress: 2
320.0920 	Level keypress=2 at time= 1.586909 	25
320.0925 	Level injecting via pump at address 2 and a keypress of 2 and image of b.jpg 	25
325.0826 	DATA 	Keypress: o
325.0839 	DATA 	Keypress: o
325.0850 	DATA 	Keypress: o
326.0928 	Level RINSE 	25
328.0826 	DATA 	Keypress: o
332.0770 	Level finished 	25
332.0787 	DATA 	Keypress: o
332.0800 	DATA 	Keypress: o
332.4538 	Level c.jpg at position=left and d.jpg at position=right 	25
334.0782 	DATA 	Keypress: o
334.0794 	DATA 	Keypress: 1
334.1102 	Level keypress=1 at time= 1.602719 	25
334.1107 	Level injecting via pump at address 2 and a keypress of 1 and image of c.jpg 	25
339.0822 	DATA 	Keypress: o
339.0832 	DATA 	Keypress: o
339.0842 	DATA 	Keypress: o
340.0944 	Level RINSE 	25
342.0825 	DATA 	Keypress: o
346.0770 	Level finished 	25
346.0788 	DATA 	Keypress: o
346.0800 	DATA 	Keypress: o
346.4675 	Level e.jpg at position=left and f.jpg at position=right 	25
348.0781 	DATA 	Keypress: o
348.0794 	DATA 	Keypress: 1
348.0953 	Level keypress=1 at time= 1.584344 	25
348.0958 	Level injecting via pump at address 1 and a keypress of 1 and image of e.jpg 	25
353.0827 	DATA 	Keypress: o
353.0839 	DATA 	Keypress: o
353.0850 	DATA 	Keypress: o
354.0960 	Level RINSE 	25
356.0825 	DATA 	Keypress: o
362.0770 	Level finished 	25
362.0788 	DATA 	Keypress: o
362.0802 	DATA 	Keypress: o
362.0815 	DATA 	Keypress: o
362.4665 	Level a.jpg at position=right and b.jpg at position=left 	25
364.0782 	DATA 	Keypress: o
364.0792 	DATA 	Keypress: 1
364.0975 	Level keypress=1 at time= 1.582203 	25
364.0980 	Level injecting via pump at address 1 and a keypress of 1 and image of b.jpg 	25
369.0815 	DATA 	Keypress: o
369.0825 	DATA 	Keypress: o
369.0835 	DATA 	Keypress: o
370.0980 	Level RINSE 	25
372.0818 	DATA 	Keypress: o
376.0770 	Level finished 	25
376.0789 	DATA 	Keypress: o
376.0801 	DATA 	Keypress: o
376.4652 	Level f.jpg at position=left and e.jpg at position=right 	25
378.0784 	DATA 	Keypress: o
378.0797 	DATA 	Keypress: 2
378.0988 	Level keypress=2 at time= 1.597438 	25
378.0992 	Level injecting via pump at address 2 and a keypress of 2 and image of e.jpg 	25
383.0824 	DATA 	Keypress: o
383.0837 	DATA 	Keypress: o
383.0849 	DATA 	Keypress: o
384.0996 	Level RINSE 	25
386.0823 	DATA 	Keypress: o
391.0770 	Level finished 	25
391.0791 	DATA 	Keypress: o
391.0804 	DATA 	Keypress: o
391.0815 	DATA 	Keypress: o
391.4721 	Level f.jpg at position=left and e.jpg at position=right 	25
393.0787 	DATA 	Keypress: 1
393.0802 	DATA 	Keypress: o
393.1005 	Level keypress=1 at time= 1.595144 	25
393.1009 	Level injecting via pump at address 1 and a keypress of 1 and image of f.jpg 	25
398.0825 	DATA 	Keypress: o
398.0837 	DATA 	Keypress: o
399.0796 	DATA 	Keypress: o
399.1014 	Level RINSE 	25
401.0820 	DATA 	Keypress: o
405.0770 	Level finished 	25
405.0789 	DATA 	Keypress: o
405.0801 	DATA 	Keypress: o
405.4560 	Level b.jpg at position=right and a.jpg at position=left 	25
407.0781 	DATA 	Keypress: o
407.0791 	DATA 	Keypress: 2
407.0854 	Level keypress=2 at time= 1.593906 	25
407.0858 	Level injecting via pump at address 1 and a keypress of 2 and image of b.jpg 	25
412.0833 	DATA 	Keypress: o
412.0845 	DATA 	Keypress: o
413.0805 	DATA 	Keypress: o
413.0863 	Level RINSE 	25
415.0832 	DATA 	Keypress: o
421.0770 	Level finished 	25
421.0786 	DATA 	Keypress: o
421.0798 	DATA 	Keypress: o
421.0807 	DATA 	Keypress: o
421.4632 	Level b.jpg at position=left and a.jpg at position=right 	25
423.0782 	DATA 	Keypress: 2
423.0792 	DATA 	Keypress: o
423.0877 	Level keypress=2 at time= 1.591051 	25
423.0882 	Level injecting via pump at address 1 and a keypress of 2 and image of a.jpg 	25
428.0833 	DATA 	Keypress: o
428.0846 	DATA 	Keypress: o
429.0805 	DATA 	Keypress: o
429.0883 	Level RINSE 	25
431.0830 	DATA 	Keypress: o
438.0770 	Level finished 	25
