39.1883 	DATA 	Keypress: o
39.1892 	Level start key press 	25
39.1892 	Level fixation 0.000001 	25
41.1974 	DATA 	Keypress: o
43.1975 	DATA 	Keypress: o
45.1979 	DATA 	Keypress: o
47.1980 	DATA 	Keypress: o
47.4957 	Level fixation end 0.000001 	25
47.4958 	Level START 	25
47.9002 	Level a.jpg at position=left and b.jpg at position=right 	25
49.4973 	DATA 	Keypress: 2
49.4989 	DATA 	Keypress: o
49.5129 	Level keypress=2 at time= 1.568148 	25
49.5134 	Level injecting via pump at address 2 and a keypress of 2 and image of b.jpg 	25
54.5022 	DATA 	Keypress: o
54.5038 	DATA 	Keypress: o
55.4984 	DATA 	Keypress: o
55.5135 	Level RINSE 	25
57.5011 	DATA 	Keypress: o
62.4958 	Level finished 	25
62.4970 	DATA 	Keypress: o
62.4980 	DATA 	Keypress: o
62.8620 	Level d.jpg at position=right and c.jpg at position=left 	25
64.4970 	DATA 	Keypress: o
64.4982 	DATA 	Keypress: 1
64.5144 	Level keypress=1 at time= 1.600241 	25
64.5148 	Level injecting via pump at address 1 and a keypress of 1 and image of c.jpg 	25
69.5018 	DATA 	Keypress: o
69.5030 	DATA 	Keypress: o
69.5043 	DATA 	Keypress: o
70.5153 	Level RINSE 	25
72.5000 	DATA 	Keypress: o
75.4958 	Level finished 	25
75.4970 	DATA 	Keypress: o
75.4981 	DATA 	Keypress: o
75.8715 	Level f.jpg at position=right and e.jpg at position=left 	25
77.4970 	DATA 	Keypress: 1
77.4982 	DATA 	Keypress: o
77.5161 	Level keypress=1 at time= 1.597500 	25
77.5165 	Level injecting via pump at address 2 and a keypress of 1 and image of e.jpg 	25
82.5003 	DATA 	Keypress: o
82.5013 	DATA 	Keypress: o
83.4985 	DATA 	Keypress: o
83.5168 	Level RINSE 	25
85.5003 	DATA 	Keypress: o
89.4958 	Level finished 	25
89.4972 	DATA 	Keypress: o
89.4986 	DATA 	Keypress: o
89.8876 	Level f.jpg at position=left and e.jpg at position=right 	25
91.4969 	DATA 	Keypress: 1
91.4979 	DATA 	Keypress: o
91.5177 	Level keypress=1 at time= 1.579079 	25
91.5181 	Level injecting via pump at address 1 and a keypress of 1 and image of f.jpg 	25
96.5010 	DATA 	Keypress: o
96.5023 	DATA 	Keypress: o
97.4983 	DATA 	Keypress: o
97.5184 	Level RINSE 	25
99.5008 	DATA 	Keypress: o
102.4958 	Level finished 	25
102.4970 	DATA 	Keypress: o
102.8643 	Level f.jpg at position=right and e.jpg at position=left 	25
104.4970 	DATA 	Keypress: o
104.4982 	DATA 	Keypress: 1
104.5191 	Level keypress=1 at time= 1.612294 	25
104.5196 	Level injecting via pump at address 2 and a keypress of 1 and image of e.jpg 	25
109.5016 	DATA 	Keypress: o
109.5029 	DATA 	Keypress: o
109.5042 	DATA 	Keypress: o
110.5033 	Level RINSE 	25
112.5007 	DATA 	Keypress: o
116.4958 	Level finished 	25
116.4971 	DATA 	Keypress: o
116.4983 	DATA 	Keypress: o
116.8744 	Level e.jpg at position=left and f.jpg at position=right 	25
118.4969 	DATA 	Keypress: o
118.4979 	DATA 	Keypress: 2
118.5207 	Level keypress=2 at time= 1.610335 	25
118.5213 	Level injecting via pump at address 2 and a keypress of 2 and image of f.jpg 	25
123.5012 	DATA 	Keypress: o
123.5024 	DATA 	Keypress: o
123.5035 	DATA 	Keypress: o
124.5216 	Level RINSE 	25
126.5007 	DATA 	Keypress: o
129.4958 	Level finished 	25
129.4972 	DATA 	Keypress: o
129.4984 	DATA 	Keypress: o
129.8818 	Level d.jpg at position=left and c.jpg at position=right 	25
131.4973 	DATA 	Keypress: 2
131.4987 	DATA 	Keypress: o
131.5222 	Level keypress=2 at time= 1.591400 	25
131.5227 	Level injecting via pump at address 1 and a keypress of 2 and image of c.jpg 	25
136.5013 	DATA 	Keypress: o
136.5028 	DATA 	Keypress: o
137.4982 	DATA 	Keypress: o
137.5231 	Level RINSE 	25
139.5013 	DATA 	Keypress: o
143.4958 	Level finished 	25
143.4972 	DATA 	Keypress: o
143.4985 	DATA 	Keypress: o
143.8730 	Level a.jpg at position=left and b.jpg at position=right 	25
145.4969 	DATA 	Keypress: 1
145.4979 	DATA 	Keypress: o
145.5073 	Level keypress=1 at time= 1.589301 	25
145.5077 	Level injecting via pump at address 1 and a keypress of 1 and image of a.jpg 	25
150.5001 	DATA 	Keypress: o
150.5011 	DATA 	Keypress: o
151.4982 	DATA 	Keypress: o
151.5081 	Level RINSE 	25
153.5014 	DATA 	Keypress: o
158.4958 	Level finished 	25
158.4973 	DATA 	Keypress: o
158.4984 	DATA 	Keypress: o
158.8670 	Level d.jpg at position=left and c.jpg at position=right 	25
160.4969 	DATA 	Keypress: o
160.4979 	DATA 	Keypress: 2
160.5090 	Level keypress=2 at time= 1.605425 	25
160.5095 	Level injecting via pump at address 2 and a keypress of 2 and image of c.jpg 	25
165.5024 	DATA 	Keypress: o
165.5036 	DATA 	Keypress: o
165.5046 	DATA 	Keypress: o
166.5265 	Level RINSE 	25
168.5011 	DATA 	Keypress: o
172.4958 	Level finished 	25
172.4971 	DATA 	Keypress: o
172.4981 	DATA 	Keypress: o
172.8650 	Level d.jpg at position=right and c.jpg at position=left 	25
174.4968 	DATA 	Keypress: o
174.4979 	DATA 	Keypress: 2
174.5107 	Level keypress=2 at time= 1.620464 	25
174.5111 	Level injecting via pump at address 2 and a keypress of 2 and image of d.jpg 	25
179.5022 	DATA 	Keypress: o
179.5034 	DATA 	Keypress: o
179.5045 	DATA 	Keypress: o
180.5115 	Level RINSE 	25
182.5002 	DATA 	Keypress: o
189.4958 	Level finished 	25
189.4973 	DATA 	Keypress: o
189.4982 	DATA 	Keypress: o
189.4991 	DATA 	Keypress: o
189.5000 	DATA 	Keypress: o
189.8797 	Level a.jpg at position=right and b.jpg at position=left 	25
191.4974 	DATA 	Keypress: 2
191.4992 	DATA 	Keypress: o
191.5294 	Level keypress=2 at time= 1.601340 	25
191.5298 	Level injecting via pump at address 2 and a keypress of 2 and image of a.jpg 	25
196.5017 	DATA 	Keypress: o
196.5029 	DATA 	Keypress: o
197.4983 	DATA 	Keypress: o
197.5302 	Level RINSE 	25
199.5005 	DATA 	Keypress: o
206.4958 	Level finished 	25
206.4975 	DATA 	Keypress: o
206.4987 	DATA 	Keypress: o
206.4998 	DATA 	Keypress: o
206.8692 	Level e.jpg at position=right and f.jpg at position=left 	25
208.4970 	DATA 	Keypress: o
208.4982 	DATA 	Keypress: 2
208.5146 	Level keypress=2 at time= 1.600117 	25
208.5150 	Level injecting via pump at address 1 and a keypress of 2 and image of e.jpg 	25
213.5012 	DATA 	Keypress: o
213.5025 	DATA 	Keypress: o
213.5035 	DATA 	Keypress: o
214.5155 	Level RINSE 	25
216.5007 	DATA 	Keypress: o
221.4958 	Level finished 	25
221.4972 	DATA 	Keypress: o
221.4982 	DATA 	Keypress: o
221.4992 	DATA 	Keypress: o
221.8856 	Level a.jpg at position=right and b.jpg at position=left 	25
223.4971 	DATA 	Keypress: 1
223.4983 	DATA 	Keypress: o
223.5164 	Level keypress=1 at time= 1.580573 	25
223.5168 	Level injecting via pump at address 2 and a keypress of 1 and image of b.jpg 	25
228.5007 	DATA 	Keypress: o
228.5020 	DATA 	Keypress: o
229.4983 	DATA 	Keypress: o
229.5172 	Level RINSE 	25
231.5002 	DATA 	Keypress: o
234.4958 	Level finished 	25
234.4971 	DATA 	Keypress: o
234.8762 	Level a.jpg at position=left and b.jpg at position=right 	25
236.4973 	DATA 	Keypress: o
236.4993 	DATA 	Keypress: 2
236.5178 	Level keypress=2 at time= 1.597947 	25
236.5183 	Level injecting via pump at address 1 and a keypress of 2 and image of b.jpg 	25
241.5006 	DATA 	Keypress: o
241.5019 	DATA 	Keypress: o
241.5029 	DATA 	Keypress: o
242.5188 	Level RINSE 	25
244.5013 	DATA 	Keypress: o
248.4958 	Level finished 	25
248.4975 	DATA 	Keypress: o
248.4988 	DATA 	Keypress: o
248.8754 	Level f.jpg at position=left and e.jpg at position=right 	25
250.4974 	DATA 	Keypress: o
250.4991 	DATA 	Keypress: 1
250.5195 	Level keypress=1 at time= 1.596067 	25
250.5199 	Level injecting via pump at address 2 and a keypress of 1 and image of f.jpg 	25
255.5012 	DATA 	Keypress: o
255.5024 	DATA 	Keypress: o
255.5035 	DATA 	Keypress: o
256.5203 	Level RINSE 	25
258.5002 	DATA 	Keypress: o
263.4958 	Level finished 	25
263.4973 	DATA 	Keypress: o
263.4985 	DATA 	Keypress: o
263.4997 	DATA 	Keypress: o
263.8888 	Level b.jpg at position=left and a.jpg at position=right 	25
265.4969 	DATA 	Keypress: 1
265.4980 	DATA 	Keypress: o
265.5213 	Level keypress=1 at time= 1.592042 	25
265.5217 	Level injecting via pump at address 2 and a keypress of 1 and image of b.jpg 	25
270.5003 	DATA 	Keypress: o
270.5012 	DATA 	Keypress: o
271.4986 	DATA 	Keypress: o
271.5222 	Level RINSE 	25
273.5034 	DATA 	Keypress: o
278.4958 	Level finished 	25
278.4973 	DATA 	Keypress: o
278.4985 	DATA 	Keypress: o
278.8872 	Level b.jpg at position=right and a.jpg at position=left 	25
280.4969 	DATA 	Keypress: o
280.4979 	DATA 	Keypress: 2
280.5230 	Level keypress=2 at time= 1.574691 	25
280.5235 	Level injecting via pump at address 2 and a keypress of 2 and image of b.jpg 	25
285.5034 	DATA 	Keypress: o
285.5049 	DATA 	Keypress: o
285.5062 	DATA 	Keypress: o
286.5072 	Level RINSE 	25
288.5005 	DATA 	Keypress: o
295.4958 	Level finished 	25
295.4974 	DATA 	Keypress: o
295.4986 	DATA 	Keypress: o
295.4998 	DATA 	Keypress: o
295.5009 	DATA 	Keypress: o
295.8740 	Level c.jpg at position=left and d.jpg at position=right 	25
297.4975 	DATA 	Keypress: 1
297.4993 	DATA 	Keypress: o
297.5250 	Level keypress=1 at time= 1.605655 	25
297.5255 	Level injecting via pump at address 1 and a keypress of 1 and image of c.jpg 	25
302.5014 	DATA 	Keypress: o
302.5028 	DATA 	Keypress: o
303.4983 	DATA 	Keypress: o
303.5260 	Level RINSE 	25
305.5011 	DATA 	Keypress: o
310.4958 	Level finished 	25
310.4976 	DATA 	Keypress: o
310.4994 	DATA 	Keypress: o
310.8805 	Level f.jpg at position=right and e.jpg at position=left 	25
312.4970 	DATA 	Keypress: o
312.4984 	DATA 	Keypress: 2
312.5267 	Level keypress=2 at time= 1.604671 	25
312.5272 	Level injecting via pump at address 1 and a keypress of 2 and image of f.jpg 	25
317.5012 	DATA 	Keypress: o
317.5025 	DATA 	Keypress: o
317.5036 	DATA 	Keypress: o
318.5109 	Level RINSE 	25
320.5027 	DATA 	Keypress: o
325.4958 	Level finished 	25
325.4974 	DATA 	Keypress: o
325.4987 	DATA 	Keypress: o
325.5000 	DATA 	Keypress: o
325.8732 	Level b.jpg at position=right and a.jpg at position=left 	25
327.4969 	DATA 	Keypress: 2
327.4980 	DATA 	Keypress: o
327.5119 	Level keypress=2 at time= 1.601506 	25
327.5123 	Level injecting via pump at address 1 and a keypress of 2 and image of b.jpg 	25
332.5006 	DATA 	Keypress: o
332.5017 	DATA 	Keypress: o
333.4993 	DATA 	Keypress: o
333.5127 	Level RINSE 	25
335.5008 	DATA 	Keypress: o
338.4958 	Level finished 	25
338.4974 	DATA 	Keypress: o
338.8685 	Level d.jpg at position=left and c.jpg at position=right 	25
340.4969 	DATA 	Keypress: o
340.4981 	DATA 	Keypress: 1
340.5134 	Level keypress=1 at time= 1.601213 	25
340.5139 	Level injecting via pump at address 1 and a keypress of 1 and image of d.jpg 	25
345.5009 	DATA 	Keypress: o
345.5020 	DATA 	Keypress: o
345.5031 	DATA 	Keypress: o
346.5141 	Level RINSE 	25
348.5006 	DATA 	Keypress: o
352.4958 	Level finished 	25
352.4976 	DATA 	Keypress: o
352.4988 	DATA 	Keypress: o
352.8828 	Level f.jpg at position=right and e.jpg at position=left 	25
354.4969 	DATA 	Keypress: o
354.4980 	DATA 	Keypress: 1
354.5150 	Level keypress=1 at time= 1.582729 	25
354.5155 	Level injecting via pump at address 1 and a keypress of 1 and image of e.jpg 	25
359.5038 	DATA 	Keypress: o
359.5056 	DATA 	Keypress: o
359.5071 	DATA 	Keypress: o
360.5158 	Level RINSE 	25
362.5003 	DATA 	Keypress: o
367.4958 	Level finished 	25
367.4973 	DATA 	Keypress: o
367.4983 	DATA 	Keypress: o
367.4994 	DATA 	Keypress: o
367.8694 	Level b.jpg at position=left and a.jpg at position=right 	25
369.4969 	DATA 	Keypress: 1
369.4979 	DATA 	Keypress: o
369.5168 	Level keypress=1 at time= 1.596487 	25
369.5173 	Level injecting via pump at address 2 and a keypress of 1 and image of b.jpg 	25
374.5015 	DATA 	Keypress: o
374.5028 	DATA 	Keypress: o
375.4985 	DATA 	Keypress: o
375.5176 	Level RINSE 	25
377.5007 	DATA 	Keypress: o
383.4958 	Level finished 	25
383.4979 	DATA 	Keypress: o
383.4997 	DATA 	Keypress: o
383.5014 	DATA 	Keypress: o
383.8882 	Level c.jpg at position=left and d.jpg at position=right 	25
385.4970 	DATA 	Keypress: 1
385.4982 	DATA 	Keypress: o
385.5187 	Level keypress=1 at time= 1.578105 	25
385.5191 	Level injecting via pump at address 1 and a keypress of 1 and image of c.jpg 	25
390.5002 	DATA 	Keypress: o
390.5012 	DATA 	Keypress: o
391.4983 	DATA 	Keypress: o
391.5027 	Level RINSE 	25
393.5004 	DATA 	Keypress: o
397.4958 	Level finished 	25
397.4975 	DATA 	Keypress: o
397.4988 	DATA 	Keypress: o
397.8783 	Level a.jpg at position=left and b.jpg at position=right 	25
399.4968 	DATA 	Keypress: 2
399.4980 	DATA 	Keypress: o
399.5203 	Level keypress=2 at time= 1.593126 	25
399.5208 	Level injecting via pump at address 1 and a keypress of 2 and image of b.jpg 	25
404.5009 	DATA 	Keypress: o
404.5020 	DATA 	Keypress: o
405.4983 	DATA 	Keypress: o
405.5211 	Level RINSE 	25
407.5031 	DATA 	Keypress: o
413.4958 	Level finished 	25
413.4975 	DATA 	Keypress: o
413.4986 	DATA 	Keypress: o
413.4998 	DATA 	Keypress: o
413.8812 	Level b.jpg at position=left and a.jpg at position=right 	25
415.4969 	DATA 	Keypress: 2
415.4979 	DATA 	Keypress: o
415.5222 	Level keypress=2 at time= 1.591240 	25
415.5226 	Level injecting via pump at address 2 and a keypress of 2 and image of a.jpg 	25
420.5032 	DATA 	Keypress: o
420.5049 	DATA 	Keypress: o
421.4987 	DATA 	Keypress: o
421.5229 	Level RINSE 	25
423.5008 	DATA 	Keypress: o
427.4958 	Level finished 	25
