47.9839 	DATA 	Keypress: o
47.9847 	Level start key press 	25
47.9847 	Level fixation 0.000000 	25
49.9923 	DATA 	Keypress: o
51.9924 	DATA 	Keypress: o
53.9926 	DATA 	Keypress: o
55.9929 	DATA 	Keypress: o
56.4406 	Level fixation end 0.000000 	25
56.4407 	Level START 	25
56.8256 	Level d.jpg at position=right and c.jpg at position=left 	25
58.4420 	DATA 	Keypress: 1
58.4432 	DATA 	Keypress: o
58.4580 	Level keypress=1 at time= 1.584504 	25
58.4585 	Level injecting via pump at address 1 and a keypress of 1 and image of c.jpg 	25
63.4457 	DATA 	Keypress: o
63.4467 	DATA 	Keypress: o
64.4434 	DATA 	Keypress: o
64.4582 	Level RINSE 	25
66.4458 	DATA 	Keypress: o
71.4407 	Level finished 	25
71.4420 	DATA 	Keypress: o
71.4429 	DATA 	Keypress: o
71.8246 	Level e.jpg at position=right and f.jpg at position=left 	25
73.4419 	DATA 	Keypress: o
73.4433 	DATA 	Keypress: 1
73.4444 	DATA 	Keypress: 1
73.4760 	Level keypress=1 at time= 1.600396 	25
73.4766 	Level injecting via pump at address 1 and a keypress of 1 and image of f.jpg 	25
78.4464 	DATA 	Keypress: o
78.4474 	DATA 	Keypress: o
78.4484 	DATA 	Keypress: o
79.4602 	Level RINSE 	25
81.4454 	DATA 	Keypress: o
84.4407 	Level finished 	25
84.4420 	DATA 	Keypress: o
84.4430 	DATA 	Keypress: o
84.8095 	Level a.jpg at position=left and b.jpg at position=right 	25
86.4420 	DATA 	Keypress: 1
86.4433 	DATA 	Keypress: o
86.4444 	DATA 	Keypress: 1
86.4609 	Level keypress=1 at time= 1.614671 	25
86.4614 	Level injecting via pump at address 1 and a keypress of 1 and image of a.jpg 	25
91.4452 	DATA 	Keypress: o
91.4462 	DATA 	Keypress: o
92.4434 	DATA 	Keypress: o
92.4617 	Level RINSE 	25
94.4452 	DATA 	Keypress: o
98.4407 	Level finished 	25
98.4421 	DATA 	Keypress: o
98.4433 	DATA 	Keypress: o
98.8111 	Level e.jpg at position=left and f.jpg at position=right 	25
100.4418 	DATA 	Keypress: 1
100.4429 	DATA 	Keypress: o
100.4625 	Level keypress=1 at time= 1.612845 	25
100.4629 	Level injecting via pump at address 1 and a keypress of 1 and image of e.jpg 	25
105.4454 	DATA 	Keypress: 1
105.4466 	DATA 	Keypress: o
105.4476 	DATA 	Keypress: o
106.4431 	DATA 	Keypress: o
106.4634 	Level RINSE 	25
108.4460 	DATA 	Keypress: o
111.4407 	Level finished 	25
111.4420 	DATA 	Keypress: o
111.8015 	Level c.jpg at position=right and d.jpg at position=left 	25
113.4419 	DATA 	Keypress: o
113.4431 	DATA 	Keypress: 1
113.4641 	Level keypress=1 at time= 1.629283 	25
113.4645 	Level injecting via pump at address 2 and a keypress of 1 and image of d.jpg 	25
118.4465 	DATA 	Keypress: o
118.4479 	DATA 	Keypress: o
118.4494 	DATA 	Keypress: o
119.4649 	Level RINSE 	25
121.4453 	DATA 	Keypress: o
125.4407 	Level finished 	25
125.4423 	DATA 	Keypress: o
125.4434 	DATA 	Keypress: o
125.8159 	Level a.jpg at position=left and b.jpg at position=right 	25
127.4418 	DATA 	Keypress: o
127.4428 	DATA 	Keypress: 2
127.4490 	Level keypress=2 at time= 1.594061 	25
127.4494 	Level injecting via pump at address 2 and a keypress of 2 and image of b.jpg 	25
132.4456 	DATA 	Keypress: o
132.4466 	DATA 	Keypress: o
132.4474 	DATA 	Keypress: o
133.4498 	Level RINSE 	25
135.4465 	DATA 	Keypress: o
138.4407 	Level finished 	25
138.4421 	DATA 	Keypress: o
138.4431 	DATA 	Keypress: o
138.8056 	Level e.jpg at position=right and f.jpg at position=left 	25
140.4417 	DATA 	Keypress: 2
140.4427 	DATA 	Keypress: o
140.4672 	Level keypress=2 at time= 1.608066 	25
140.4677 	Level injecting via pump at address 1 and a keypress of 2 and image of e.jpg 	25
145.4451 	DATA 	Keypress: o
145.4461 	DATA 	Keypress: o
146.4433 	DATA 	Keypress: o
146.4513 	Level RINSE 	25
148.4454 	DATA 	Keypress: o
152.4407 	Level finished 	25
152.4423 	DATA 	Keypress: o
152.4435 	DATA 	Keypress: o
152.8093 	Level b.jpg at position=right and a.jpg at position=left 	25
154.4419 	DATA 	Keypress: 1
154.4431 	DATA 	Keypress: o
154.4688 	Level keypress=1 at time= 1.606645 	25
154.4693 	Level injecting via pump at address 1 and a keypress of 1 and image of a.jpg 	25
159.4461 	DATA 	Keypress: o
159.4475 	DATA 	Keypress: o
160.4430 	DATA 	Keypress: o
160.4697 	Level RINSE 	25
162.4449 	DATA 	Keypress: o
167.4407 	Level finished 	25
167.4424 	DATA 	Keypress: o
167.4437 	DATA 	Keypress: o
167.8311 	Level a.jpg at position=left and b.jpg at position=right 	25
169.4418 	DATA 	Keypress: o
169.4429 	DATA 	Keypress: 1
169.4438 	DATA 	Keypress: 1
169.4710 	Level keypress=1 at time= 1.589067 	25
169.4714 	Level injecting via pump at address 1 and a keypress of 1 and image of a.jpg 	25
174.4467 	DATA 	Keypress: o
174.4479 	DATA 	Keypress: o
174.4489 	DATA 	Keypress: o
175.4547 	Level RINSE 	25
177.4461 	DATA 	Keypress: o
181.4407 	Level finished 	25
181.4420 	DATA 	Keypress: o
181.4430 	DATA 	Keypress: o
181.8101 	Level b.jpg at position=right and a.jpg at position=left 	25
183.4419 	DATA 	Keypress: o
183.4432 	DATA 	Keypress: 1
183.4555 	Level keypress=1 at time= 1.604119 	25
183.4559 	Level injecting via pump at address 2 and a keypress of 1 and image of a.jpg 	25
188.4463 	DATA 	Keypress: o
188.4478 	DATA 	Keypress: o
188.4490 	DATA 	Keypress: o
189.4564 	Level RINSE 	25
191.4455 	DATA 	Keypress: o
198.4407 	Level finished 	25
198.4423 	DATA 	Keypress: o
198.4436 	DATA 	Keypress: o
198.4447 	DATA 	Keypress: o
198.4458 	DATA 	Keypress: o
198.8121 	Level b.jpg at position=right and a.jpg at position=left 	25
200.4419 	DATA 	Keypress: 2
200.4431 	DATA 	Keypress: o
200.4575 	Level keypress=2 at time= 1.617909 	25
200.4579 	Level injecting via pump at address 2 and a keypress of 2 and image of b.jpg 	25
205.4461 	DATA 	Keypress: o
205.4473 	DATA 	Keypress: o
206.4434 	DATA 	Keypress: o
206.4582 	Level RINSE 	25
208.4457 	DATA 	Keypress: o
215.4407 	Level finished 	25
215.4424 	DATA 	Keypress: o
215.4437 	DATA 	Keypress: o
215.4449 	DATA 	Keypress: o
215.8040 	Level a.jpg at position=right and b.jpg at position=left 	25
217.4421 	DATA 	Keypress: o
217.4435 	DATA 	Keypress: 1
217.4594 	Level keypress=1 at time= 1.617059 	25
217.4599 	Level injecting via pump at address 2 and a keypress of 1 and image of b.jpg 	25
222.4454 	DATA 	Keypress: o
222.4468 	DATA 	Keypress: o
222.4478 	DATA 	Keypress: o
223.4604 	Level RINSE 	25
225.4450 	DATA 	Keypress: o
230.4407 	Level finished 	25
230.4421 	DATA 	Keypress: o
230.4432 	DATA 	Keypress: o
230.4444 	DATA 	Keypress: o
230.8038 	Level f.jpg at position=left and e.jpg at position=right 	25
232.4418 	DATA 	Keypress: o
232.4428 	DATA 	Keypress: 1
232.4612 	Level keypress=1 at time= 1.615083 	25
232.4617 	Level injecting via pump at address 2 and a keypress of 1 and image of f.jpg 	25
237.4451 	DATA 	Keypress: o
237.4461 	DATA 	Keypress: o
238.4433 	DATA 	Keypress: o
238.4621 	Level RINSE 	25
240.4461 	DATA 	Keypress: o
243.4407 	Level finished 	25
243.4422 	DATA 	Keypress: o
243.8105 	Level c.jpg at position=right and d.jpg at position=left 	25
245.4418 	DATA 	Keypress: o
245.4627 	Level Key Press Missed! 	25
250.4461 	DATA 	Keypress: o
250.4473 	DATA 	Keypress: 2
250.4483 	DATA 	Keypress: o
250.4494 	DATA 	Keypress: o
251.4636 	Level RINSE 	25
253.4451 	DATA 	Keypress: o
257.4407 	Level finished 	25
257.4424 	DATA 	Keypress: o
257.4437 	DATA 	Keypress: o
257.8160 	Level d.jpg at position=right and c.jpg at position=left 	25
259.4417 	DATA 	Keypress: o
259.4427 	DATA 	Keypress: 1
259.4440 	DATA 	Keypress: 1
259.4644 	Level keypress=1 at time= 1.595233 	25
259.4648 	Level injecting via pump at address 2 and a keypress of 1 and image of c.jpg 	25
264.4449 	DATA 	Keypress: o
264.4460 	DATA 	Keypress: o
264.4471 	DATA 	Keypress: o
265.4653 	Level RINSE 	25
267.4451 	DATA 	Keypress: o
272.4407 	Level finished 	25
272.4421 	DATA 	Keypress: o
272.4431 	DATA 	Keypress: o
272.4441 	DATA 	Keypress: o
272.8170 	Level b.jpg at position=left and a.jpg at position=right 	25
274.4418 	DATA 	Keypress: 1
274.4428 	DATA 	Keypress: o
274.4665 	Level keypress=1 at time= 1.592586 	25
274.4670 	Level injecting via pump at address 2 and a keypress of 1 and image of b.jpg 	25
279.4455 	DATA 	Keypress: o
279.4467 	DATA 	Keypress: o
280.4430 	DATA 	Keypress: o
280.4503 	Level RINSE 	25
282.4454 	DATA 	Keypress: o
287.4407 	Level finished 	25
287.4420 	DATA 	Keypress: o
287.4431 	DATA 	Keypress: o
287.8154 	Level f.jpg at position=right and e.jpg at position=left 	25
289.4418 	DATA 	Keypress: o
289.4428 	DATA 	Keypress: 1
289.4512 	Level keypress=1 at time= 1.607942 	25
289.4517 	Level injecting via pump at address 2 and a keypress of 1 and image of e.jpg 	25
294.4459 	DATA 	Keypress: o
294.4470 	DATA 	Keypress: o
294.4480 	DATA 	Keypress: o
295.4520 	Level RINSE 	25
297.4454 	DATA 	Keypress: o
304.4407 	Level finished 	25
304.4423 	DATA 	Keypress: o
304.4435 	DATA 	Keypress: o
304.4446 	DATA 	Keypress: o
304.4455 	DATA 	Keypress: o
304.8191 	Level e.jpg at position=right and f.jpg at position=left 	25
306.4419 	DATA 	Keypress: 2
306.4429 	DATA 	Keypress: o
306.4698 	Level keypress=2 at time= 1.605488 	25
306.4703 	Level injecting via pump at address 2 and a keypress of 2 and image of e.jpg 	25
311.4455 	DATA 	Keypress: o
311.4465 	DATA 	Keypress: o
312.4432 	DATA 	Keypress: o
312.4540 	Level RINSE 	25
314.4452 	DATA 	Keypress: o
319.4407 	Level finished 	25
319.4421 	DATA 	Keypress: o
319.4433 	DATA 	Keypress: o
319.8173 	Level b.jpg at position=left and a.jpg at position=right 	25
321.4420 	DATA 	Keypress: o
321.4554 	Level Key Press Missed! 	25
326.4459 	DATA 	Keypress: 2
326.4472 	DATA 	Keypress: o
326.4482 	DATA 	Keypress: 2
326.4492 	DATA 	Keypress: o
326.4501 	DATA 	Keypress: o
327.4558 	Level RINSE 	25
329.4457 	DATA 	Keypress: o
334.4407 	Level finished 	25
334.4421 	DATA 	Keypress: o
334.4431 	DATA 	Keypress: o
334.4441 	DATA 	Keypress: o
334.8124 	Level c.jpg at position=left and d.jpg at position=right 	25
336.4418 	DATA 	Keypress: 1
336.4428 	DATA 	Keypress: o
336.4567 	Level keypress=1 at time= 1.601498 	25
336.4572 	Level injecting via pump at address 1 and a keypress of 1 and image of c.jpg 	25
341.4454 	DATA 	Keypress: o
341.4464 	DATA 	Keypress: o
342.4431 	DATA 	Keypress: o
342.4575 	Level RINSE 	25
344.4457 	DATA 	Keypress: o
347.4407 	Level finished 	25
347.4423 	DATA 	Keypress: o
347.8277 	Level b.jpg at position=right and a.jpg at position=left 	25
349.4419 	DATA 	Keypress: o
349.4431 	DATA 	Keypress: 1
349.4583 	Level keypress=1 at time= 1.585062 	25
349.4587 	Level injecting via pump at address 2 and a keypress of 1 and image of a.jpg 	25
354.4456 	DATA 	Keypress: o
354.4466 	DATA 	Keypress: o
354.4474 	DATA 	Keypress: o
355.4590 	Level RINSE 	25
357.4454 	DATA 	Keypress: o
361.4407 	Level finished 	25
361.4423 	DATA 	Keypress: o
361.4435 	DATA 	Keypress: o
361.8172 	Level b.jpg at position=left and a.jpg at position=right 	25
363.4420 	DATA 	Keypress: o
363.4432 	DATA 	Keypress: 2
363.4599 	Level keypress=2 at time= 1.600181 	25
363.4604 	Level injecting via pump at address 1 and a keypress of 2 and image of a.jpg 	25
368.4459 	DATA 	Keypress: o
368.4472 	DATA 	Keypress: o
368.4483 	DATA 	Keypress: o
369.4607 	Level RINSE 	25
371.4454 	DATA 	Keypress: o
376.4407 	Level finished 	25
376.4426 	DATA 	Keypress: o
376.4439 	DATA 	Keypress: o
376.4451 	DATA 	Keypress: o
376.8184 	Level a.jpg at position=right and b.jpg at position=left 	25
378.4418 	DATA 	Keypress: 1
378.4429 	DATA 	Keypress: 1
378.4441 	DATA 	Keypress: o
378.4620 	Level keypress=1 at time= 1.597106 	25
378.4625 	Level injecting via pump at address 2 and a keypress of 1 and image of b.jpg 	25
383.4460 	DATA 	Keypress: o
383.4472 	DATA 	Keypress: o
384.4434 	DATA 	Keypress: o
384.4624 	Level RINSE 	25
386.4468 	DATA 	Keypress: o
392.4407 	Level finished 	25
392.4421 	DATA 	Keypress: o
392.4431 	DATA 	Keypress: o
392.4440 	DATA 	Keypress: o
392.8036 	Level d.jpg at position=right and c.jpg at position=left 	25
394.4418 	DATA 	Keypress: o
394.4428 	DATA 	Keypress: 1
394.4636 	Level keypress=1 at time= 1.612489 	25
394.4640 	Level injecting via pump at address 1 and a keypress of 1 and image of c.jpg 	25
399.4459 	DATA 	Keypress: o
399.4473 	DATA 	Keypress: o
400.4432 	DATA 	Keypress: o
400.4643 	Level RINSE 	25
402.4460 	DATA 	Keypress: o
406.4407 	Level finished 	25
406.4424 	DATA 	Keypress: o
406.4435 	DATA 	Keypress: o
406.8190 	Level b.jpg at position=left and a.jpg at position=right 	25
408.4418 	DATA 	Keypress: o
408.4431 	DATA 	Keypress: 2
408.4650 	Level keypress=2 at time= 1.594867 	25
408.4655 	Level injecting via pump at address 1 and a keypress of 2 and image of a.jpg 	25
413.4460 	DATA 	Keypress: o
413.4472 	DATA 	Keypress: o
414.4433 	DATA 	Keypress: o
414.4492 	Level RINSE 	25
416.4451 	DATA 	Keypress: o
422.4407 	Level finished 	25
422.4423 	DATA 	Keypress: o
422.4434 	DATA 	Keypress: o
422.4445 	DATA 	Keypress: o
422.8169 	Level d.jpg at position=left and c.jpg at position=right 	25
424.4417 	DATA 	Keypress: o
424.4430 	DATA 	Keypress: 1
424.4674 	Level keypress=1 at time= 1.592981 	25
424.4679 	Level injecting via pump at address 2 and a keypress of 1 and image of d.jpg 	25
429.4458 	DATA 	Keypress: o
429.4469 	DATA 	Keypress: o
430.4430 	DATA 	Keypress: o
430.4512 	Level RINSE 	25
432.4456 	DATA 	Keypress: o
436.4407 	Level finished 	25
