30.3866 	DATA 	Keypress: o
30.3872 	Level start key press 	25
30.3872 	Level fixation 0.000001 	25
32.3932 	DATA 	Keypress: o
34.3933 	DATA 	Keypress: o
36.3936 	DATA 	Keypress: o
38.3937 	DATA 	Keypress: o
38.8413 	Level fixation end 0.000001 	25
38.8413 	Level START 	25
39.2441 	Level f.jpg at position=left and e.jpg at position=right 	25
40.8429 	DATA 	Keypress: 2
40.8447 	DATA 	Keypress: o
40.8584 	Level keypress=2 at time= 1.568259 	25
40.8589 	Level injecting via pump at address 1 and a keypress of 2 and image of e.jpg 	25
45.8478 	DATA 	Keypress: o
45.8495 	DATA 	Keypress: o
46.8447 	DATA 	Keypress: o
46.8586 	Level RINSE 	25
48.8477 	DATA 	Keypress: o
54.8414 	Level finished 	25
54.8432 	DATA 	Keypress: o
54.8447 	DATA 	Keypress: o
54.8462 	DATA 	Keypress: o
55.2055 	Level c.jpg at position=left and d.jpg at position=right 	25
56.8429 	DATA 	Keypress: 1
56.8446 	DATA 	Keypress: o
56.8592 	Level keypress=1 at time= 1.600123 	25
56.8596 	Level injecting via pump at address 2 and a keypress of 1 and image of c.jpg 	25
61.8479 	DATA 	Keypress: o
61.8493 	DATA 	Keypress: o
62.8437 	DATA 	Keypress: o
62.8598 	Level RINSE 	25
64.8461 	DATA 	Keypress: o
69.8413 	Level finished 	25
69.8427 	DATA 	Keypress: o
69.8437 	DATA 	Keypress: o
70.2310 	Level c.jpg at position=right and d.jpg at position=left 	25
71.8426 	DATA 	Keypress: o
71.8438 	DATA 	Keypress: 1
71.8603 	Level keypress=1 at time= 1.583690 	25
71.8608 	Level injecting via pump at address 2 and a keypress of 1 and image of d.jpg 	25
76.8459 	DATA 	Keypress: o
76.8470 	DATA 	Keypress: o
76.8479 	DATA 	Keypress: o
77.8608 	Level RINSE 	25
79.8463 	DATA 	Keypress: o
84.8413 	Level finished 	25
84.8428 	DATA 	Keypress: o
84.8439 	DATA 	Keypress: o
84.8449 	DATA 	Keypress: o
85.2332 	Level c.jpg at position=right and d.jpg at position=left 	25
86.8426 	DATA 	Keypress: 2
86.8436 	DATA 	Keypress: o
86.8617 	Level keypress=2 at time= 1.581443 	25
86.8622 	Level injecting via pump at address 2 and a keypress of 2 and image of c.jpg 	25
91.8469 	DATA 	Keypress: o
91.8482 	DATA 	Keypress: o
92.8445 	DATA 	Keypress: o
92.8617 	Level RINSE 	25
94.8468 	DATA 	Keypress: o
100.8414 	Level finished 	25
100.8429 	DATA 	Keypress: o
100.8441 	DATA 	Keypress: o
100.8452 	DATA 	Keypress: o
101.2346 	Level c.jpg at position=left and d.jpg at position=right 	25
102.8426 	DATA 	Keypress: 1
102.8438 	DATA 	Keypress: o
102.8625 	Level keypress=1 at time= 1.580002 	25
102.8630 	Level injecting via pump at address 1 and a keypress of 1 and image of c.jpg 	25
107.8474 	DATA 	Keypress: o
107.8486 	DATA 	Keypress: o
108.8442 	DATA 	Keypress: o
108.8630 	Level RINSE 	25
110.8477 	DATA 	Keypress: o
114.8414 	Level finished 	25
114.8429 	DATA 	Keypress: o
114.8441 	DATA 	Keypress: o
115.2303 	Level b.jpg at position=left and a.jpg at position=right 	25
116.8426 	DATA 	Keypress: 2
116.8438 	DATA 	Keypress: o
116.8635 	Level keypress=2 at time= 1.595989 	25
116.8639 	Level injecting via pump at address 1 and a keypress of 2 and image of a.jpg 	25
121.8470 	DATA 	Keypress: o
121.8485 	DATA 	Keypress: o
122.8443 	DATA 	Keypress: o
122.8638 	Level RINSE 	25
124.8470 	DATA 	Keypress: o
129.8414 	Level finished 	25
129.8428 	DATA 	Keypress: o
129.8438 	DATA 	Keypress: o
130.2271 	Level f.jpg at position=left and e.jpg at position=right 	25
131.8428 	DATA 	Keypress: o
131.8442 	DATA 	Keypress: 1
131.8647 	Level keypress=1 at time= 1.579805 	25
131.8652 	Level injecting via pump at address 1 and a keypress of 1 and image of f.jpg 	25
136.8476 	DATA 	Keypress: o
136.8489 	DATA 	Keypress: o
136.8501 	DATA 	Keypress: o
137.8650 	Level RINSE 	25
139.8469 	DATA 	Keypress: o
144.8413 	Level finished 	25
144.8428 	DATA 	Keypress: o
144.8441 	DATA 	Keypress: o
144.8450 	DATA 	Keypress: o
145.2266 	Level d.jpg at position=right and c.jpg at position=left 	25
146.8425 	DATA 	Keypress: 1
146.8435 	DATA 	Keypress: o
146.8655 	Level keypress=1 at time= 1.593456 	25
146.8660 	Level injecting via pump at address 1 and a keypress of 1 and image of c.jpg 	25
151.8470 	DATA 	Keypress: o
151.8485 	DATA 	Keypress: o
152.8445 	DATA 	Keypress: o
152.8493 	Level RINSE 	25
154.8469 	DATA 	Keypress: o
160.8414 	Level finished 	25
160.8433 	DATA 	Keypress: o
160.8447 	DATA 	Keypress: o
160.8460 	DATA 	Keypress: o
161.2151 	Level d.jpg at position=right and c.jpg at position=left 	25
162.8425 	DATA 	Keypress: 1
162.8436 	DATA 	Keypress: o
162.8666 	Level keypress=1 at time= 1.592740 	25
162.8671 	Level injecting via pump at address 1 and a keypress of 1 and image of c.jpg 	25
167.8470 	DATA 	Keypress: o
167.8482 	DATA 	Keypress: o
168.8443 	DATA 	Keypress: o
168.8505 	Level RINSE 	25
170.8472 	DATA 	Keypress: o
176.8414 	Level finished 	25
176.8432 	DATA 	Keypress: o
176.8447 	DATA 	Keypress: o
176.8459 	DATA 	Keypress: o
177.2390 	Level d.jpg at position=left and c.jpg at position=right 	25
178.8428 	DATA 	Keypress: 2
178.8441 	DATA 	Keypress: o
178.8680 	Level keypress=2 at time= 1.575261 	25
178.8686 	Level injecting via pump at address 1 and a keypress of 2 and image of c.jpg 	25
183.8466 	DATA 	Keypress: o
183.8478 	DATA 	Keypress: o
184.8437 	DATA 	Keypress: o
184.8682 	Level RINSE 	25
186.8464 	DATA 	Keypress: o
189.8414 	Level finished 	25
189.8429 	DATA 	Keypress: o
190.2301 	Level e.jpg at position=left and f.jpg at position=right 	25
191.8427 	DATA 	Keypress: o
191.8440 	DATA 	Keypress: 2
191.8686 	Level keypress=2 at time= 1.591867 	25
191.8690 	Level injecting via pump at address 2 and a keypress of 2 and image of f.jpg 	25
196.8478 	DATA 	Keypress: o
196.8492 	DATA 	Keypress: o
196.8505 	DATA 	Keypress: o
197.8690 	Level RINSE 	25
199.8466 	DATA 	Keypress: o
204.8413 	Level finished 	25
204.8428 	DATA 	Keypress: o
204.8439 	DATA 	Keypress: o
204.8449 	DATA 	Keypress: o
205.2228 	Level b.jpg at position=right and a.jpg at position=left 	25
206.8428 	DATA 	Keypress: o
206.8443 	DATA 	Keypress: 1
206.8695 	Level keypress=1 at time= 1.591480 	25
206.8700 	Level injecting via pump at address 2 and a keypress of 1 and image of a.jpg 	25
211.8469 	DATA 	Keypress: o
211.8481 	DATA 	Keypress: o
212.8439 	DATA 	Keypress: o
212.8535 	Level RINSE 	25
214.8467 	DATA 	Keypress: o
220.8414 	Level finished 	25
220.8432 	DATA 	Keypress: o
220.8447 	DATA 	Keypress: o
220.8459 	DATA 	Keypress: o
221.2316 	Level d.jpg at position=right and c.jpg at position=left 	25
222.8425 	DATA 	Keypress: 1
222.8438 	DATA 	Keypress: o
222.8711 	Level keypress=1 at time= 1.588639 	25
222.8716 	Level injecting via pump at address 1 and a keypress of 1 and image of c.jpg 	25
227.8466 	DATA 	Keypress: o
227.8478 	DATA 	Keypress: o
228.8442 	DATA 	Keypress: o
228.8547 	Level RINSE 	25
230.8476 	DATA 	Keypress: o
234.8413 	Level finished 	25
234.8430 	DATA 	Keypress: o
234.8442 	DATA 	Keypress: o
235.2330 	Level f.jpg at position=left and e.jpg at position=right 	25
236.8428 	DATA 	Keypress: 2
236.8443 	DATA 	Keypress: o
236.8550 	Level keypress=2 at time= 1.587557 	25
236.8555 	Level injecting via pump at address 1 and a keypress of 2 and image of e.jpg 	25
241.8473 	DATA 	Keypress: o
241.8487 	DATA 	Keypress: o
242.8439 	DATA 	Keypress: o
242.8722 	Level RINSE 	25
244.8483 	DATA 	Keypress: o
248.8414 	Level finished 	25
248.8430 	DATA 	Keypress: o
248.8442 	DATA 	Keypress: o
249.2386 	Level b.jpg at position=left and a.jpg at position=right 	25
250.8427 	DATA 	Keypress: 1
250.8439 	DATA 	Keypress: o
250.8726 	Level keypress=1 at time= 1.586815 	25
250.8730 	Level injecting via pump at address 2 and a keypress of 1 and image of b.jpg 	25
255.8466 	DATA 	Keypress: o
255.8477 	DATA 	Keypress: o
256.8445 	DATA 	Keypress: o
256.8567 	Level RINSE 	25
258.8472 	DATA 	Keypress: o
262.8413 	Level finished 	25
262.8430 	DATA 	Keypress: o
262.8443 	DATA 	Keypress: o
263.2293 	Level e.jpg at position=right and f.jpg at position=left 	25
264.8426 	DATA 	Keypress: 1
264.8438 	DATA 	Keypress: o
264.8569 	Level keypress=1 at time= 1.585781 	25
264.8573 	Level injecting via pump at address 1 and a keypress of 1 and image of f.jpg 	25
269.8467 	DATA 	Keypress: o
269.8479 	DATA 	Keypress: o
270.8443 	DATA 	Keypress: o
270.8740 	Level RINSE 	25
272.8469 	DATA 	Keypress: o
275.8413 	Level finished 	25
275.8428 	DATA 	Keypress: o
276.2271 	Level a.jpg at position=right and b.jpg at position=left 	25
277.8427 	DATA 	Keypress: o
277.8439 	DATA 	Keypress: 1
277.8577 	Level keypress=1 at time= 1.586198 	25
277.8582 	Level injecting via pump at address 2 and a keypress of 1 and image of b.jpg 	25
282.8468 	DATA 	Keypress: o
282.8481 	DATA 	Keypress: o
282.8494 	DATA 	Keypress: o
283.8584 	Level RINSE 	25
285.8463 	DATA 	Keypress: o
290.8413 	Level finished 	25
290.8431 	DATA 	Keypress: o
290.8445 	DATA 	Keypress: o
290.8457 	DATA 	Keypress: o
291.2370 	Level a.jpg at position=right and b.jpg at position=left 	25
292.8427 	DATA 	Keypress: 2
292.8439 	DATA 	Keypress: o
292.8592 	Level keypress=2 at time= 1.584003 	25
292.8597 	Level injecting via pump at address 1 and a keypress of 2 and image of a.jpg 	25
297.8479 	DATA 	Keypress: o
297.8492 	DATA 	Keypress: o
298.8447 	DATA 	Keypress: o
298.8760 	Level RINSE 	25
300.8475 	DATA 	Keypress: o
305.8414 	Level finished 	25
305.8431 	DATA 	Keypress: o
305.8444 	DATA 	Keypress: o
306.2214 	Level d.jpg at position=right and c.jpg at position=left 	25
307.8427 	DATA 	Keypress: o
307.8439 	DATA 	Keypress: 2
307.8765 	Level keypress=2 at time= 1.600352 	25
307.8770 	Level injecting via pump at address 2 and a keypress of 2 and image of d.jpg 	25
312.8470 	DATA 	Keypress: o
312.8484 	DATA 	Keypress: o
312.8497 	DATA 	Keypress: o
313.8605 	Level RINSE 	25
315.8465 	DATA 	Keypress: o
319.8414 	Level finished 	25
319.8431 	DATA 	Keypress: o
319.8445 	DATA 	Keypress: o
320.2351 	Level d.jpg at position=right and c.jpg at position=left 	25
321.8426 	DATA 	Keypress: o
321.8438 	DATA 	Keypress: 1
321.8608 	Level keypress=1 at time= 1.583057 	25
321.8613 	Level injecting via pump at address 1 and a keypress of 1 and image of c.jpg 	25
326.8470 	DATA 	Keypress: o
326.8481 	DATA 	Keypress: o
326.8493 	DATA 	Keypress: o
327.8615 	Level RINSE 	25
329.8470 	DATA 	Keypress: o
333.8413 	Level finished 	25
333.8431 	DATA 	Keypress: o
333.8445 	DATA 	Keypress: o
334.2378 	Level a.jpg at position=right and b.jpg at position=left 	25
335.8425 	DATA 	Keypress: o
335.8435 	DATA 	Keypress: 2
335.8618 	Level keypress=2 at time= 1.581768 	25
335.8623 	Level injecting via pump at address 1 and a keypress of 2 and image of a.jpg 	25
340.8474 	DATA 	Keypress: o
340.8488 	DATA 	Keypress: o
340.8501 	DATA 	Keypress: o
341.8623 	Level RINSE 	25
343.8467 	DATA 	Keypress: o
349.8413 	Level finished 	25
349.8430 	DATA 	Keypress: o
349.8443 	DATA 	Keypress: o
349.8454 	DATA 	Keypress: o
350.2189 	Level c.jpg at position=left and d.jpg at position=right 	25
351.8425 	DATA 	Keypress: o
351.8437 	DATA 	Keypress: 1
351.8633 	Level keypress=1 at time= 1.597530 	25
351.8637 	Level injecting via pump at address 2 and a keypress of 1 and image of c.jpg 	25
356.8461 	DATA 	Keypress: o
356.8473 	DATA 	Keypress: o
356.8485 	DATA 	Keypress: o
357.8635 	Level RINSE 	25
359.8472 	DATA 	Keypress: o
363.8414 	Level finished 	25
363.8430 	DATA 	Keypress: o
363.8442 	DATA 	Keypress: o
364.2342 	Level b.jpg at position=right and a.jpg at position=left 	25
365.8426 	DATA 	Keypress: o
365.8438 	DATA 	Keypress: 1
365.8638 	Level keypress=1 at time= 1.579635 	25
365.8643 	Level injecting via pump at address 1 and a keypress of 1 and image of a.jpg 	25
370.8477 	DATA 	Keypress: o
370.8490 	DATA 	Keypress: o
370.8504 	DATA 	Keypress: o
371.8645 	Level RINSE 	25
373.8464 	DATA 	Keypress: o
378.8413 	Level finished 	25
378.8430 	DATA 	Keypress: o
378.8444 	DATA 	Keypress: o
378.8457 	DATA 	Keypress: o
379.2188 	Level e.jpg at position=right and f.jpg at position=left 	25
380.8425 	DATA 	Keypress: o
380.8436 	DATA 	Keypress: 1
380.8649 	Level keypress=1 at time= 1.595479 	25
380.8653 	Level injecting via pump at address 1 and a keypress of 1 and image of f.jpg 	25
385.8465 	DATA 	Keypress: o
385.8474 	DATA 	Keypress: o
386.8442 	DATA 	Keypress: o
386.8489 	Level RINSE 	25
388.8472 	DATA 	Keypress: o
392.8413 	Level finished 	25
392.8430 	DATA 	Keypress: o
392.8442 	DATA 	Keypress: o
393.2279 	Level a.jpg at position=right and b.jpg at position=left 	25
394.8425 	DATA 	Keypress: 1
394.8435 	DATA 	Keypress: o
394.8659 	Level keypress=1 at time= 1.593374 	25
394.8663 	Level injecting via pump at address 2 and a keypress of 1 and image of b.jpg 	25
399.8472 	DATA 	Keypress: o
399.8484 	DATA 	Keypress: o
400.8445 	DATA 	Keypress: o
400.8665 	Level RINSE 	25
402.8463 	DATA 	Keypress: o
408.8413 	Level finished 	25
408.8432 	DATA 	Keypress: o
408.8446 	DATA 	Keypress: o
408.8458 	DATA 	Keypress: o
409.2375 	Level e.jpg at position=right and f.jpg at position=left 	25
410.8428 	DATA 	Keypress: 2
410.8442 	DATA 	Keypress: o
410.8674 	Level keypress=2 at time= 1.575986 	25
410.8679 	Level injecting via pump at address 2 and a keypress of 2 and image of e.jpg 	25
415.8467 	DATA 	Keypress: o
415.8480 	DATA 	Keypress: o
416.8438 	DATA 	Keypress: o
416.8677 	Level RINSE 	25
418.8469 	DATA 	Keypress: o
425.8413 	Level finished 	25
