35.8108 	DATA 	Keypress: o
35.8118 	Level start key press 	25
35.8119 	Level fixation 0.000001 	25
37.8246 	DATA 	Keypress: o
39.8248 	DATA 	Keypress: o
41.8254 	DATA 	Keypress: o
43.8255 	DATA 	Keypress: o
44.2731 	Level fixation end 0.000001 	25
44.2731 	Level START 	25
44.6671 	Level f.jpg at position=right and e.jpg at position=left 	25
46.2745 	DATA 	Keypress: o
46.2758 	DATA 	Keypress: 2
46.2903 	Level keypress=2 at time= 1.585916 	25
46.2908 	Level injecting via pump at address 1 and a keypress of 2 and image of f.jpg 	25
51.2783 	DATA 	Keypress: o
51.2793 	DATA 	Keypress: o
52.2757 	DATA 	Keypress: o
52.2910 	Level RINSE 	25
54.2781 	DATA 	Keypress: o
60.2731 	Level finished 	25
60.2746 	DATA 	Keypress: o
60.2757 	DATA 	Keypress: o
60.2766 	DATA 	Keypress: o
60.6659 	Level d.jpg at position=left and c.jpg at position=right 	25
62.2743 	DATA 	Keypress: o
62.2756 	DATA 	Keypress: 2
62.2919 	Level keypress=2 at time= 1.583533 	25
62.2923 	Level injecting via pump at address 2 and a keypress of 2 and image of c.jpg 	25
67.2785 	DATA 	Keypress: o
67.2796 	DATA 	Keypress: o
68.2755 	DATA 	Keypress: o
68.2928 	Level RINSE 	25
70.2782 	DATA 	Keypress: o
75.2731 	Level finished 	25
75.2744 	DATA 	Keypress: o
75.2754 	DATA 	Keypress: o
75.6565 	Level a.jpg at position=left and b.jpg at position=right 	25
77.2743 	DATA 	Keypress: o
77.2753 	DATA 	Keypress: 2
77.2937 	Level keypress=2 at time= 1.598038 	25
77.2941 	Level injecting via pump at address 2 and a keypress of 2 and image of b.jpg 	25
82.2787 	DATA 	Keypress: o
82.2799 	DATA 	Keypress: o
82.2811 	DATA 	Keypress: o
83.2947 	Level RINSE 	25
85.2781 	DATA 	Keypress: o
90.2731 	Level finished 	25
90.2746 	DATA 	Keypress: o
90.2759 	DATA 	Keypress: o
90.2771 	DATA 	Keypress: o
90.6594 	Level f.jpg at position=right and e.jpg at position=left 	25
92.2743 	DATA 	Keypress: 2
92.2756 	DATA 	Keypress: o
92.2954 	Level keypress=2 at time= 1.595375 	25
92.2959 	Level injecting via pump at address 2 and a keypress of 2 and image of f.jpg 	25
97.2776 	DATA 	Keypress: o
97.2788 	DATA 	Keypress: o
98.2756 	DATA 	Keypress: o
98.2963 	Level RINSE 	25
100.2785 	DATA 	Keypress: o
106.2731 	Level finished 	25
106.2745 	DATA 	Keypress: o
106.2758 	DATA 	Keypress: o
106.2770 	DATA 	Keypress: o
106.6514 	Level b.jpg at position=left and a.jpg at position=right 	25
108.2742 	DATA 	Keypress: 1
108.2754 	DATA 	Keypress: 1
108.2765 	DATA 	Keypress: o
108.2973 	Level keypress=1 at time= 1.593319 	25
108.2979 	Level injecting via pump at address 2 and a keypress of 1 and image of b.jpg 	25
113.2785 	DATA 	Keypress: o
113.2796 	DATA 	Keypress: o
114.2757 	DATA 	Keypress: o
114.2982 	Level RINSE 	25
116.2793 	DATA 	Keypress: o
120.2731 	Level finished 	25
120.2744 	DATA 	Keypress: o
120.2754 	DATA 	Keypress: o
120.6618 	Level b.jpg at position=left and a.jpg at position=right 	25
122.2746 	DATA 	Keypress: 2
122.2760 	DATA 	Keypress: o
122.2989 	Level keypress=2 at time= 1.575506 	25
122.2994 	Level injecting via pump at address 1 and a keypress of 2 and image of a.jpg 	25
127.2786 	DATA 	Keypress: o
127.2800 	DATA 	Keypress: o
128.2758 	DATA 	Keypress: o
128.2999 	Level RINSE 	25
130.2785 	DATA 	Keypress: o
135.2731 	Level finished 	25
135.2746 	DATA 	Keypress: o
135.2759 	DATA 	Keypress: o
135.6624 	Level e.jpg at position=right and f.jpg at position=left 	25
137.2743 	DATA 	Keypress: o
137.2754 	DATA 	Keypress: 2
137.2841 	Level keypress=2 at time= 1.574560 	25
137.2845 	Level injecting via pump at address 2 and a keypress of 2 and image of e.jpg 	25
142.2778 	DATA 	Keypress: o
142.2789 	DATA 	Keypress: o
142.2799 	DATA 	Keypress: o
143.2849 	Level RINSE 	25
145.2790 	DATA 	Keypress: o
150.2731 	Level finished 	25
150.2744 	DATA 	Keypress: o
150.2754 	DATA 	Keypress: o
150.2764 	DATA 	Keypress: o
150.6732 	Level e.jpg at position=left and f.jpg at position=right 	25
152.2743 	DATA 	Keypress: 1
152.2755 	DATA 	Keypress: o
152.2858 	Level keypress=1 at time= 1.571608 	25
152.2863 	Level injecting via pump at address 2 and a keypress of 1 and image of e.jpg 	25
157.2786 	DATA 	Keypress: o
157.2800 	DATA 	Keypress: o
158.2757 	DATA 	Keypress: o
158.2866 	Level RINSE 	25
160.2784 	DATA 	Keypress: o
166.2731 	Level finished 	25
166.2749 	DATA 	Keypress: o
166.2762 	DATA 	Keypress: o
166.2772 	DATA 	Keypress: o
166.6671 	Level c.jpg at position=right and d.jpg at position=left 	25
168.2743 	DATA 	Keypress: 2
168.2755 	DATA 	Keypress: o
168.2877 	Level keypress=2 at time= 1.586396 	25
168.2881 	Level injecting via pump at address 2 and a keypress of 2 and image of c.jpg 	25
173.2783 	DATA 	Keypress: o
173.2794 	DATA 	Keypress: o
174.2758 	DATA 	Keypress: o
174.2884 	Level RINSE 	25
176.2784 	DATA 	Keypress: o
182.2731 	Level finished 	25
182.2746 	DATA 	Keypress: o
182.2758 	DATA 	Keypress: o
182.2768 	DATA 	Keypress: o
182.6575 	Level f.jpg at position=right and e.jpg at position=left 	25
184.2744 	DATA 	Keypress: 1
184.2756 	DATA 	Keypress: o
184.2895 	Level keypress=1 at time= 1.584695 	25
184.2899 	Level injecting via pump at address 2 and a keypress of 1 and image of e.jpg 	25
189.2792 	DATA 	Keypress: o
189.2806 	DATA 	Keypress: o
190.2759 	DATA 	Keypress: o
190.2903 	Level RINSE 	25
192.2783 	DATA 	Keypress: o
195.2731 	Level finished 	25
195.2747 	DATA 	Keypress: o
195.6483 	Level c.jpg at position=left and d.jpg at position=right 	25
197.2742 	DATA 	Keypress: o
197.2752 	DATA 	Keypress: 2
197.2911 	Level keypress=2 at time= 1.600641 	25
197.2915 	Level injecting via pump at address 2 and a keypress of 2 and image of d.jpg 	25
202.2786 	DATA 	Keypress: o
202.2798 	DATA 	Keypress: o
202.2808 	DATA 	Keypress: o
203.2918 	Level RINSE 	25
205.2777 	DATA 	Keypress: o
210.2731 	Level finished 	25
210.2746 	DATA 	Keypress: o
210.2756 	DATA 	Keypress: o
210.2766 	DATA 	Keypress: o
210.6561 	Level e.jpg at position=right and f.jpg at position=left 	25
212.2744 	DATA 	Keypress: o
212.2756 	DATA 	Keypress: 1
212.2927 	Level keypress=1 at time= 1.582571 	25
212.2932 	Level injecting via pump at address 2 and a keypress of 1 and image of f.jpg 	25
217.2782 	DATA 	Keypress: o
217.2792 	DATA 	Keypress: o
218.2757 	DATA 	Keypress: o
218.2936 	Level RINSE 	25
220.2792 	DATA 	Keypress: o
226.2731 	Level finished 	25
226.2747 	DATA 	Keypress: o
226.2757 	DATA 	Keypress: o
226.2766 	DATA 	Keypress: o
226.6630 	Level b.jpg at position=right and a.jpg at position=left 	25
228.2742 	DATA 	Keypress: o
228.2946 	Level Key Press Missed! 	25
233.2792 	DATA 	Keypress: o
233.2806 	DATA 	Keypress: o
234.2759 	DATA 	Keypress: o
234.2955 	Level RINSE 	25
236.2781 	DATA 	Keypress: o
240.2731 	Level finished 	25
240.2745 	DATA 	Keypress: o
240.2757 	DATA 	Keypress: o
240.6576 	Level a.jpg at position=left and b.jpg at position=right 	25
242.2743 	DATA 	Keypress: 1
242.2752 	DATA 	Keypress: o
242.2962 	Level keypress=1 at time= 1.594500 	25
242.2967 	Level injecting via pump at address 1 and a keypress of 1 and image of a.jpg 	25
247.2788 	DATA 	Keypress: o
247.2801 	DATA 	Keypress: o
248.2759 	DATA 	Keypress: o
248.2971 	Level RINSE 	25
250.2786 	DATA 	Keypress: o
254.2731 	Level finished 	25
254.2746 	DATA 	Keypress: o
254.2755 	DATA 	Keypress: o
254.6672 	Level f.jpg at position=left and e.jpg at position=right 	25
256.2744 	DATA 	Keypress: 2
256.2757 	DATA 	Keypress: o
256.2979 	Level keypress=2 at time= 1.576194 	25
256.2983 	Level injecting via pump at address 2 and a keypress of 2 and image of e.jpg 	25
261.2783 	DATA 	Keypress: o
261.2794 	DATA 	Keypress: o
262.2755 	DATA 	Keypress: o
262.2988 	Level RINSE 	25
264.2781 	DATA 	Keypress: o
268.2731 	Level finished 	25
268.2749 	DATA 	Keypress: o
268.2761 	DATA 	Keypress: o
268.6610 	Level c.jpg at position=right and d.jpg at position=left 	25
270.2742 	DATA 	Keypress: 1
270.2755 	DATA 	Keypress: o
270.2996 	Level keypress=1 at time= 1.591192 	25
270.3000 	Level injecting via pump at address 2 and a keypress of 1 and image of d.jpg 	25
275.2780 	DATA 	Keypress: o
275.2791 	DATA 	Keypress: o
276.2756 	DATA 	Keypress: o
276.3003 	Level RINSE 	25
278.2794 	DATA 	Keypress: o
281.2731 	Level finished 	25
281.2746 	DATA 	Keypress: o
281.6516 	Level e.jpg at position=left and f.jpg at position=right 	25
283.2742 	DATA 	Keypress: o
283.2844 	Level Key Press Missed! 	25
288.2797 	DATA 	Keypress: o
288.2809 	DATA 	Keypress: o
288.2821 	DATA 	Keypress: o
289.3019 	Level RINSE 	25
291.2781 	DATA 	Keypress: o
296.2731 	Level finished 	25
296.2746 	DATA 	Keypress: o
296.2755 	DATA 	Keypress: o
296.2767 	DATA 	Keypress: o
296.6589 	Level c.jpg at position=left and d.jpg at position=right 	25
298.2743 	DATA 	Keypress: o
298.2753 	DATA 	Keypress: 1
298.2762 	DATA 	Keypress: 1
298.3029 	Level keypress=1 at time= 1.588954 	25
298.3033 	Level injecting via pump at address 1 and a keypress of 1 and image of c.jpg 	25
303.2787 	DATA 	Keypress: o
303.2803 	DATA 	Keypress: o
304.2755 	DATA 	Keypress: o
304.3037 	Level RINSE 	25
306.2779 	DATA 	Keypress: o
311.2731 	Level finished 	25
311.2754 	DATA 	Keypress: o
311.2772 	DATA 	Keypress: o
311.6582 	Level c.jpg at position=left and d.jpg at position=right 	25
313.2745 	DATA 	Keypress: o
313.2757 	DATA 	Keypress: 1
313.3046 	Level keypress=1 at time= 1.604387 	25
313.3050 	Level injecting via pump at address 1 and a keypress of 1 and image of c.jpg 	25
318.2786 	DATA 	Keypress: o
318.2797 	DATA 	Keypress: o
318.2805 	DATA 	Keypress: o
319.2889 	Level RINSE 	25
321.2782 	DATA 	Keypress: o
325.2731 	Level finished 	25
325.2746 	DATA 	Keypress: o
325.2758 	DATA 	Keypress: o
325.6645 	Level d.jpg at position=right and c.jpg at position=left 	25
327.2742 	DATA 	Keypress: o
327.2752 	DATA 	Keypress: 1
327.2895 	Level keypress=1 at time= 1.585527 	25
327.2900 	Level injecting via pump at address 1 and a keypress of 1 and image of c.jpg 	25
332.2783 	DATA 	Keypress: o
332.2795 	DATA 	Keypress: o
332.2808 	DATA 	Keypress: o
333.2904 	Level RINSE 	25
335.2779 	DATA 	Keypress: o
339.2731 	Level finished 	25
339.2748 	DATA 	Keypress: o
339.2761 	DATA 	Keypress: o
339.6504 	Level d.jpg at position=right and c.jpg at position=left 	25
341.2743 	DATA 	Keypress: o
341.2756 	DATA 	Keypress: 1
341.2912 	Level keypress=1 at time= 1.600842 	25
341.2916 	Level injecting via pump at address 2 and a keypress of 1 and image of c.jpg 	25
346.2779 	DATA 	Keypress: o
346.2789 	DATA 	Keypress: o
346.2798 	DATA 	Keypress: o
347.2921 	Level RINSE 	25
349.2784 	DATA 	Keypress: o
355.2731 	Level finished 	25
355.2748 	DATA 	Keypress: o
355.2758 	DATA 	Keypress: o
355.2770 	DATA 	Keypress: o
355.6551 	Level c.jpg at position=right and d.jpg at position=left 	25
357.2743 	DATA 	Keypress: o
357.2930 	Level Key Press Missed! 	25
362.2788 	DATA 	Keypress: o
362.2798 	DATA 	Keypress: o
362.2806 	DATA 	Keypress: o
363.2939 	Level RINSE 	25
365.2779 	DATA 	Keypress: o
369.2731 	Level finished 	25
369.2747 	DATA 	Keypress: o
369.2759 	DATA 	Keypress: o
369.6635 	Level f.jpg at position=left and e.jpg at position=right 	25
371.2742 	DATA 	Keypress: o
371.2947 	Level Key Press Missed! 	25
376.2782 	DATA 	Keypress: o
376.2792 	DATA 	Keypress: o
376.2801 	DATA 	Keypress: o
377.2788 	Level RINSE 	25
379.2782 	DATA 	Keypress: o
384.2731 	Level finished 	25
384.2749 	DATA 	Keypress: o
384.2761 	DATA 	Keypress: o
384.2772 	DATA 	Keypress: o
384.6634 	Level c.jpg at position=right and d.jpg at position=left 	25
386.2742 	DATA 	Keypress: 1
386.2752 	DATA 	Keypress: o
386.2798 	Level keypress=1 at time= 1.577509 	25
386.2803 	Level injecting via pump at address 2 and a keypress of 1 and image of d.jpg 	25
391.2793 	DATA 	Keypress: o
391.2807 	DATA 	Keypress: o
392.2758 	DATA 	Keypress: o
392.2973 	Level RINSE 	25
394.2782 	DATA 	Keypress: o
398.2731 	Level finished 	25
398.2750 	DATA 	Keypress: o
398.2763 	DATA 	Keypress: o
398.6578 	Level c.jpg at position=left and d.jpg at position=right 	25
400.2746 	DATA 	Keypress: 2
400.2759 	DATA 	Keypress: o
400.2980 	Level keypress=2 at time= 1.593041 	25
400.2984 	Level injecting via pump at address 2 and a keypress of 2 and image of d.jpg 	25
405.2790 	DATA 	Keypress: o
405.2804 	DATA 	Keypress: o
406.2756 	DATA 	Keypress: o
406.2990 	Level RINSE 	25
408.2781 	DATA 	Keypress: o
414.2731 	Level finished 	25
414.2747 	DATA 	Keypress: o
414.2758 	DATA 	Keypress: o
414.2768 	DATA 	Keypress: o
414.6619 	Level e.jpg at position=right and f.jpg at position=left 	25
416.2742 	DATA 	Keypress: o
416.2752 	DATA 	Keypress: 1
416.2999 	Level keypress=1 at time= 1.591828 	25
416.3004 	Level injecting via pump at address 1 and a keypress of 1 and image of f.jpg 	25
421.2793 	DATA 	Keypress: o
421.2811 	DATA 	Keypress: o
422.2758 	DATA 	Keypress: o
422.3008 	Level RINSE 	25
424.2781 	DATA 	Keypress: o
431.2731 	Level finished 	25
