41.6009 	DATA 	Keypress: o
41.6019 	Level start key press 	25
41.6019 	Level fixation 0.000001 	25
43.6023 	DATA 	Keypress: o
45.6029 	DATA 	Keypress: o
47.6030 	DATA 	Keypress: o
49.6200 	DATA 	Keypress: o
50.0675 	Level fixation end 0.000001 	25
50.0675 	Level START 	25
50.4692 	Level e.jpg at position=right and f.jpg at position=left 	25
52.0691 	DATA 	Keypress: 1
52.0707 	DATA 	Keypress: o
52.1014 	Level keypress=1 at time= 1.568117 	25
52.1020 	Level injecting via pump at address 1 and a keypress of 1 and image of f.jpg 	25
57.0739 	DATA 	Keypress: o
57.0754 	DATA 	Keypress: o
58.0704 	DATA 	Keypress: o
58.0854 	Level RINSE 	25
60.0727 	DATA 	Keypress: o
65.0675 	Level finished 	25
65.0689 	DATA 	Keypress: o
65.0702 	DATA 	Keypress: o
65.4512 	Level f.jpg at position=left and e.jpg at position=right 	25
67.0689 	DATA 	Keypress: o
67.0702 	DATA 	Keypress: 2
67.0861 	Level keypress=2 at time= 1.600361 	25
67.0866 	Level injecting via pump at address 1 and a keypress of 2 and image of e.jpg 	25
72.0734 	DATA 	Keypress: o
72.0746 	DATA 	Keypress: o
72.0759 	DATA 	Keypress: o
73.0872 	Level RINSE 	25
75.0727 	DATA 	Keypress: o
78.0675 	Level finished 	25
78.0689 	DATA 	Keypress: o
78.0702 	DATA 	Keypress: o
78.4556 	Level f.jpg at position=right and e.jpg at position=left 	25
80.0687 	DATA 	Keypress: 2
80.0700 	DATA 	Keypress: o
80.0876 	Level keypress=2 at time= 1.597859 	25
80.0880 	Level injecting via pump at address 1 and a keypress of 2 and image of f.jpg 	25
85.0734 	DATA 	Keypress: o
85.0748 	DATA 	Keypress: o
86.0700 	DATA 	Keypress: o
86.0886 	Level RINSE 	25
88.0727 	DATA 	Keypress: o
92.0675 	Level finished 	25
92.0690 	DATA 	Keypress: o
92.0702 	DATA 	Keypress: o
92.4706 	Level e.jpg at position=right and f.jpg at position=left 	25
94.0689 	DATA 	Keypress: 2
94.0702 	DATA 	Keypress: o
94.0893 	Level keypress=2 at time= 1.563153 	25
94.0897 	Level injecting via pump at address 2 and a keypress of 2 and image of e.jpg 	25
99.0731 	DATA 	Keypress: o
99.0745 	DATA 	Keypress: o
100.0704 	DATA 	Keypress: o
100.0903 	Level RINSE 	25
102.0728 	DATA 	Keypress: o
105.0675 	Level finished 	25
105.0689 	DATA 	Keypress: o
105.4533 	Level b.jpg at position=left and a.jpg at position=right 	25
107.0688 	DATA 	Keypress: o
107.0701 	DATA 	Keypress: 2
107.0908 	Level keypress=2 at time= 1.579463 	25
107.0913 	Level injecting via pump at address 2 and a keypress of 2 and image of a.jpg 	25
112.0729 	DATA 	Keypress: o
112.0742 	DATA 	Keypress: o
112.0754 	DATA 	Keypress: o
113.0917 	Level RINSE 	25
115.0722 	DATA 	Keypress: o
119.0675 	Level finished 	25
119.0692 	DATA 	Keypress: o
119.0705 	DATA 	Keypress: o
119.4543 	Level e.jpg at position=left and f.jpg at position=right 	25
121.0688 	DATA 	Keypress: o
121.0700 	DATA 	Keypress: 1
121.0925 	Level keypress=1 at time= 1.594407 	25
121.0929 	Level injecting via pump at address 1 and a keypress of 1 and image of e.jpg 	25
126.0731 	DATA 	Keypress: o
126.0743 	DATA 	Keypress: o
126.0754 	DATA 	Keypress: o
127.0934 	Level RINSE 	25
129.0721 	DATA 	Keypress: o
132.0675 	Level finished 	25
132.0690 	DATA 	Keypress: o
132.0701 	DATA 	Keypress: o
132.4522 	Level b.jpg at position=left and a.jpg at position=right 	25
134.0687 	DATA 	Keypress: 2
134.0700 	DATA 	Keypress: o
134.0773 	Level keypress=2 at time= 1.591500 	25
134.0777 	Level injecting via pump at address 1 and a keypress of 2 and image of a.jpg 	25
139.0721 	DATA 	Keypress: o
139.0732 	DATA 	Keypress: o
140.0704 	DATA 	Keypress: o
140.0948 	Level RINSE 	25
142.0724 	DATA 	Keypress: o
146.0675 	Level finished 	25
146.0690 	DATA 	Keypress: o
146.0702 	DATA 	Keypress: o
146.4510 	Level b.jpg at position=left and a.jpg at position=right 	25
148.0686 	DATA 	Keypress: 1
148.0696 	DATA 	Keypress: o
148.0957 	Level keypress=1 at time= 1.606500 	25
148.0961 	Level injecting via pump at address 2 and a keypress of 1 and image of b.jpg 	25
153.0743 	DATA 	Keypress: o
153.0760 	DATA 	Keypress: o
154.0702 	DATA 	Keypress: o
154.0799 	Level RINSE 	25
156.0725 	DATA 	Keypress: o
161.0675 	Level finished 	25
161.0690 	DATA 	Keypress: o
161.0703 	DATA 	Keypress: o
161.4558 	Level f.jpg at position=left and e.jpg at position=right 	25
163.0693 	DATA 	Keypress: o
163.0713 	DATA 	Keypress: 1
163.0978 	Level keypress=1 at time= 1.590720 	25
163.0983 	Level injecting via pump at address 2 and a keypress of 1 and image of f.jpg 	25
168.0738 	DATA 	Keypress: o
168.0752 	DATA 	Keypress: o
168.0765 	DATA 	Keypress: o
169.0815 	Level RINSE 	25
171.0728 	DATA 	Keypress: o
175.0675 	Level finished 	25
175.0691 	DATA 	Keypress: o
175.0704 	DATA 	Keypress: o
175.4600 	Level f.jpg at position=left and e.jpg at position=right 	25
177.0687 	DATA 	Keypress: o
177.0698 	DATA 	Keypress: 2
177.0991 	Level keypress=2 at time= 1.587284 	25
177.0995 	Level injecting via pump at address 1 and a keypress of 2 and image of e.jpg 	25
182.0730 	DATA 	Keypress: o
182.0745 	DATA 	Keypress: o
182.0755 	DATA 	Keypress: o
183.0831 	Level RINSE 	25
185.0729 	DATA 	Keypress: o
192.0675 	Level finished 	25
192.0691 	DATA 	Keypress: o
192.0703 	DATA 	Keypress: o
192.0714 	DATA 	Keypress: o
192.0724 	DATA 	Keypress: o
192.4468 	Level c.jpg at position=right and d.jpg at position=left 	25
194.0690 	DATA 	Keypress: 1
194.0705 	DATA 	Keypress: o
194.0843 	Level keypress=1 at time= 1.584829 	25
194.0847 	Level injecting via pump at address 1 and a keypress of 1 and image of d.jpg 	25
199.0736 	DATA 	Keypress: o
199.0748 	DATA 	Keypress: o
200.0698 	DATA 	Keypress: o
200.0853 	Level RINSE 	25
202.0725 	DATA 	Keypress: o
209.0675 	Level finished 	25
209.0691 	DATA 	Keypress: o
209.0705 	DATA 	Keypress: o
209.0717 	DATA 	Keypress: o
209.4676 	Level f.jpg at position=left and e.jpg at position=right 	25
211.0687 	DATA 	Keypress: o
211.0699 	DATA 	Keypress: 1
211.0711 	DATA 	Keypress: 1
211.0723 	DATA 	Keypress: 1
211.0735 	DATA 	Keypress: 1
211.1031 	Level keypress=1 at time= 1.583359 	25
211.1036 	Level injecting via pump at address 2 and a keypress of 1 and image of f.jpg 	25
216.0733 	DATA 	Keypress: o
216.0746 	DATA 	Keypress: o
216.0759 	DATA 	Keypress: o
217.0872 	Level RINSE 	25
219.0718 	DATA 	Keypress: o
224.0675 	Level finished 	25
224.0693 	DATA 	Keypress: o
224.0707 	DATA 	Keypress: o
224.0720 	DATA 	Keypress: o
224.4632 	Level e.jpg at position=right and f.jpg at position=left 	25
226.0687 	DATA 	Keypress: 2
226.0699 	DATA 	Keypress: o
226.0882 	Level keypress=2 at time= 1.580710 	25
226.0887 	Level injecting via pump at address 1 and a keypress of 2 and image of e.jpg 	25
231.0731 	DATA 	Keypress: o
231.0746 	DATA 	Keypress: o
232.0699 	DATA 	Keypress: o
232.0889 	Level RINSE 	25
234.0730 	DATA 	Keypress: o
237.0675 	Level finished 	25
237.0691 	DATA 	Keypress: o
237.4552 	Level f.jpg at position=right and e.jpg at position=left 	25
239.0687 	DATA 	Keypress: o
239.0700 	DATA 	Keypress: 1
239.0897 	Level keypress=1 at time= 1.597073 	25
239.0902 	Level injecting via pump at address 1 and a keypress of 1 and image of e.jpg 	25
244.0738 	DATA 	Keypress: o
244.0752 	DATA 	Keypress: o
244.0764 	DATA 	Keypress: o
245.0905 	Level RINSE 	25
247.0740 	DATA 	Keypress: o
251.0675 	Level finished 	25
251.0691 	DATA 	Keypress: o
251.0704 	DATA 	Keypress: o
251.4447 	Level a.jpg at position=right and b.jpg at position=left 	25
253.0686 	DATA 	Keypress: o
253.0696 	DATA 	Keypress: 2
253.0913 	Level keypress=2 at time= 1.595049 	25
253.0918 	Level injecting via pump at address 2 and a keypress of 2 and image of a.jpg 	25
258.0730 	DATA 	Keypress: o
258.0742 	DATA 	Keypress: o
258.0752 	DATA 	Keypress: o
259.0755 	Level RINSE 	25
261.0721 	DATA 	Keypress: o
266.0675 	Level finished 	25
266.0690 	DATA 	Keypress: o
266.0703 	DATA 	Keypress: o
266.0713 	DATA 	Keypress: o
266.4455 	Level d.jpg at position=left and c.jpg at position=right 	25
268.0688 	DATA 	Keypress: 1
268.0700 	DATA 	Keypress: o
268.0935 	Level keypress=1 at time= 1.592426 	25
268.0939 	Level injecting via pump at address 2 and a keypress of 1 and image of d.jpg 	25
273.0724 	DATA 	Keypress: o
273.0737 	DATA 	Keypress: o
274.0704 	DATA 	Keypress: o
274.0938 	Level RINSE 	25
276.0740 	DATA 	Keypress: o
281.0675 	Level finished 	25
281.0691 	DATA 	Keypress: o
281.0703 	DATA 	Keypress: o
281.4522 	Level b.jpg at position=right and a.jpg at position=left 	25
283.0686 	DATA 	Keypress: o
283.0696 	DATA 	Keypress: 1
283.0949 	Level keypress=1 at time= 1.591181 	25
283.0954 	Level injecting via pump at address 1 and a keypress of 1 and image of a.jpg 	25
288.0731 	DATA 	Keypress: o
288.0745 	DATA 	Keypress: o
288.0756 	DATA 	Keypress: o
289.0957 	Level RINSE 	25
291.0722 	DATA 	Keypress: o
298.0675 	Level finished 	25
298.0693 	DATA 	Keypress: o
298.0708 	DATA 	Keypress: o
298.0719 	DATA 	Keypress: o
298.0728 	DATA 	Keypress: o
298.4649 	Level c.jpg at position=left and d.jpg at position=right 	25
300.0687 	DATA 	Keypress: 2
300.0700 	DATA 	Keypress: o
300.0801 	Level keypress=2 at time= 1.572038 	25
300.0805 	Level injecting via pump at address 1 and a keypress of 2 and image of d.jpg 	25
305.0739 	DATA 	Keypress: o
305.0753 	DATA 	Keypress: o
306.0708 	DATA 	Keypress: o
306.0810 	Level RINSE 	25
308.0734 	DATA 	Keypress: o
313.0675 	Level finished 	25
313.0691 	DATA 	Keypress: o
313.0705 	DATA 	Keypress: o
313.4376 	Level f.jpg at position=left and e.jpg at position=right 	25
315.0688 	DATA 	Keypress: o
315.0701 	DATA 	Keypress: 2
315.0822 	Level keypress=2 at time= 1.605042 	25
315.0827 	Level injecting via pump at address 1 and a keypress of 2 and image of e.jpg 	25
320.0730 	DATA 	Keypress: o
320.0747 	DATA 	Keypress: o
320.0760 	DATA 	Keypress: o
321.0994 	Level RINSE 	25
323.0729 	DATA 	Keypress: o
328.0675 	Level finished 	25
328.0690 	DATA 	Keypress: o
328.0703 	DATA 	Keypress: o
328.0714 	DATA 	Keypress: o
328.4594 	Level e.jpg at position=left and f.jpg at position=right 	25
330.0687 	DATA 	Keypress: 1
330.0700 	DATA 	Keypress: o
330.1004 	Level keypress=1 at time= 1.584876 	25
330.1009 	Level injecting via pump at address 2 and a keypress of 1 and image of e.jpg 	25
335.0736 	DATA 	Keypress: o
335.0749 	DATA 	Keypress: o
336.0701 	DATA 	Keypress: o
336.1012 	Level RINSE 	25
338.0724 	DATA 	Keypress: o
341.0675 	Level finished 	25
341.0692 	DATA 	Keypress: o
341.4562 	Level f.jpg at position=left and e.jpg at position=right 	25
343.0686 	DATA 	Keypress: o
343.0696 	DATA 	Keypress: 2
343.0852 	Level keypress=2 at time= 1.584594 	25
343.0857 	Level injecting via pump at address 1 and a keypress of 2 and image of e.jpg 	25
348.0730 	DATA 	Keypress: o
348.0743 	DATA 	Keypress: o
348.0753 	DATA 	Keypress: o
349.0860 	Level RINSE 	25
351.0725 	DATA 	Keypress: o
355.0675 	Level finished 	25
355.0692 	DATA 	Keypress: o
355.0707 	DATA 	Keypress: o
355.4631 	Level a.jpg at position=right and b.jpg at position=left 	25
357.0687 	DATA 	Keypress: o
357.0699 	DATA 	Keypress: 1
357.0868 	Level keypress=1 at time= 1.566581 	25
357.0872 	Level injecting via pump at address 2 and a keypress of 1 and image of b.jpg 	25
362.0735 	DATA 	Keypress: o
362.0746 	DATA 	Keypress: o
362.0756 	DATA 	Keypress: o
363.0877 	Level RINSE 	25
365.0729 	DATA 	Keypress: o
370.0675 	Level finished 	25
370.0691 	DATA 	Keypress: o
370.0704 	DATA 	Keypress: o
370.0714 	DATA 	Keypress: o
370.4563 	Level b.jpg at position=left and a.jpg at position=right 	25
372.0688 	DATA 	Keypress: 2
372.0700 	DATA 	Keypress: o
372.0889 	Level keypress=2 at time= 1.580356 	25
372.0894 	Level injecting via pump at address 1 and a keypress of 2 and image of a.jpg 	25
377.0726 	DATA 	Keypress: o
377.0738 	DATA 	Keypress: o
378.0705 	DATA 	Keypress: o
378.0894 	Level RINSE 	25
380.0724 	DATA 	Keypress: o
386.0675 	Level finished 	25
386.0694 	DATA 	Keypress: o
386.0707 	DATA 	Keypress: o
386.0720 	DATA 	Keypress: o
386.4574 	Level b.jpg at position=left and a.jpg at position=right 	25
388.0686 	DATA 	Keypress: 2
388.0697 	DATA 	Keypress: o
388.0905 	Level keypress=2 at time= 1.577965 	25
388.0909 	Level injecting via pump at address 1 and a keypress of 2 and image of a.jpg 	25
393.0728 	DATA 	Keypress: o
393.0741 	DATA 	Keypress: o
394.0701 	DATA 	Keypress: o
394.0914 	Level RINSE 	25
396.0735 	DATA 	Keypress: o
400.0675 	Level finished 	25
400.0695 	DATA 	Keypress: o
400.0710 	DATA 	Keypress: o
400.4500 	Level f.jpg at position=right and e.jpg at position=left 	25
402.0689 	DATA 	Keypress: 2
402.0704 	DATA 	Keypress: o
402.0921 	Level keypress=2 at time= 1.593679 	25
402.0925 	Level injecting via pump at address 1 and a keypress of 2 and image of f.jpg 	25
407.0728 	DATA 	Keypress: o
407.0742 	DATA 	Keypress: o
408.0706 	DATA 	Keypress: o
408.0930 	Level RINSE 	25
410.0725 	DATA 	Keypress: o
416.0675 	Level finished 	25
416.0692 	DATA 	Keypress: o
416.0706 	DATA 	Keypress: o
416.0718 	DATA 	Keypress: o
416.4579 	Level f.jpg at position=right and e.jpg at position=left 	25
418.0688 	DATA 	Keypress: 2
418.0700 	DATA 	Keypress: o
418.0777 	Level keypress=2 at time= 1.591662 	25
418.0782 	Level injecting via pump at address 2 and a keypress of 2 and image of f.jpg 	25
423.0729 	DATA 	Keypress: o
423.0742 	DATA 	Keypress: o
424.0701 	DATA 	Keypress: o
424.0949 	Level RINSE 	25
426.0727 	DATA 	Keypress: o
430.0675 	Level finished 	25
