77.0145 	DATA 	Keypress: o
77.0152 	Level start key press 	25
77.0152 	Level fixation 0.000001 	25
79.0303 	DATA 	Keypress: o
81.0142 	DATA 	Keypress: o
83.0141 	DATA 	Keypress: o
85.0144 	DATA 	Keypress: o
85.4788 	Level fixation end 0.000001 	25
85.4788 	Level START 	25
85.8850 	Level f.jpg at position=right and e.jpg at position=left 	25
87.4806 	DATA 	Keypress: 1
87.4825 	DATA 	Keypress: o
87.5126 	Level keypress=1 at time= 1.568450 	25
87.5131 	Level injecting via pump at address 2 and a keypress of 1 and image of e.jpg 	25
92.4859 	DATA 	Keypress: o
92.4875 	DATA 	Keypress: o
93.4824 	DATA 	Keypress: o
93.4964 	Level RINSE 	25
95.4860 	DATA 	Keypress: o
101.4788 	Level finished 	25
101.4809 	DATA 	Keypress: o
101.4826 	DATA 	Keypress: o
101.4840 	DATA 	Keypress: o
101.8948 	Level b.jpg at position=right and a.jpg at position=left 	25
103.4804 	DATA 	Keypress: 2
103.4821 	DATA 	Keypress: o
103.5141 	Level keypress=2 at time= 1.566079 	25
103.5145 	Level injecting via pump at address 2 and a keypress of 2 and image of b.jpg 	25
108.4864 	DATA 	Keypress: o
108.4882 	DATA 	Keypress: o
109.4825 	DATA 	Keypress: o
109.4982 	Level RINSE 	25
111.4860 	DATA 	Keypress: o
116.4788 	Level finished 	25
116.4808 	DATA 	Keypress: o
116.4825 	DATA 	Keypress: o
116.8882 	Level d.jpg at position=right and c.jpg at position=left 	25
118.4805 	DATA 	Keypress: o
118.4824 	DATA 	Keypress: 1
118.4992 	Level keypress=1 at time= 1.583415 	25
118.4997 	Level injecting via pump at address 2 and a keypress of 1 and image of c.jpg 	25
123.4861 	DATA 	Keypress: o
123.4878 	DATA 	Keypress: o
123.4893 	DATA 	Keypress: o
124.5000 	Level RINSE 	25
126.4855 	DATA 	Keypress: o
130.4788 	Level finished 	25
130.4808 	DATA 	Keypress: o
130.4827 	DATA 	Keypress: o
130.8857 	Level b.jpg at position=left and a.jpg at position=right 	25
132.4806 	DATA 	Keypress: o
132.4826 	DATA 	Keypress: 1
132.5009 	Level keypress=1 at time= 1.565251 	25
132.5014 	Level injecting via pump at address 2 and a keypress of 1 and image of b.jpg 	25
137.4865 	DATA 	Keypress: o
137.4882 	DATA 	Keypress: o
137.4898 	DATA 	Keypress: o
138.4849 	Level RINSE 	25
140.4858 	DATA 	Keypress: o
144.4788 	Level finished 	25
144.4806 	DATA 	Keypress: o
144.4823 	DATA 	Keypress: o
144.8770 	Level a.jpg at position=right and b.jpg at position=left 	25
146.4799 	DATA 	Keypress: o
146.4810 	DATA 	Keypress: 2
146.5025 	Level keypress=2 at time= 1.578695 	25
146.5030 	Level injecting via pump at address 1 and a keypress of 2 and image of a.jpg 	25
151.4857 	DATA 	Keypress: o
151.4875 	DATA 	Keypress: o
151.4891 	DATA 	Keypress: o
152.5035 	Level RINSE 	25
154.4843 	DATA 	Keypress: o
159.4788 	Level finished 	25
159.4803 	DATA 	Keypress: o
159.4816 	DATA 	Keypress: o
159.4828 	DATA 	Keypress: o
159.8613 	Level a.jpg at position=left and b.jpg at position=right 	25
161.4805 	DATA 	Keypress: o
161.4824 	DATA 	Keypress: 2
161.5047 	Level keypress=2 at time= 1.594908 	25
161.5051 	Level injecting via pump at address 2 and a keypress of 2 and image of b.jpg 	25
166.4844 	DATA 	Keypress: o
166.4858 	DATA 	Keypress: o
167.4813 	DATA 	Keypress: o
167.4884 	Level RINSE 	25
169.4837 	DATA 	Keypress: o
175.4788 	Level finished 	25
175.4808 	DATA 	Keypress: o
175.4821 	DATA 	Keypress: o
175.4831 	DATA 	Keypress: o
175.8810 	Level c.jpg at position=left and d.jpg at position=right 	25
177.4800 	DATA 	Keypress: o
177.4814 	DATA 	Keypress: 1
177.5062 	Level keypress=1 at time= 1.591781 	25
177.5067 	Level injecting via pump at address 1 and a keypress of 1 and image of c.jpg 	25
182.4846 	DATA 	Keypress: o
182.4859 	DATA 	Keypress: o
183.4815 	DATA 	Keypress: o
183.5070 	Level RINSE 	25
185.4848 	DATA 	Keypress: o
189.4788 	Level finished 	25
189.4803 	DATA 	Keypress: o
189.4815 	DATA 	Keypress: o
189.8576 	Level d.jpg at position=left and c.jpg at position=right 	25
191.4802 	DATA 	Keypress: o
191.4910 	Level Key Press Missed! 	25
196.4845 	DATA 	Keypress: 1
196.4861 	DATA 	Keypress: o
196.4876 	DATA 	Keypress: o
197.4818 	DATA 	Keypress: o
197.5086 	Level RINSE 	25
199.4837 	DATA 	Keypress: o
205.4788 	Level finished 	25
205.4806 	DATA 	Keypress: o
205.4818 	DATA 	Keypress: o
205.4828 	DATA 	Keypress: o
205.8715 	Level e.jpg at position=right and f.jpg at position=left 	25
207.4801 	DATA 	Keypress: 1
207.4814 	DATA 	Keypress: o
207.4934 	Level keypress=1 at time= 1.587223 	25
207.4939 	Level injecting via pump at address 2 and a keypress of 1 and image of f.jpg 	25
212.4844 	DATA 	Keypress: o
212.4857 	DATA 	Keypress: o
213.4815 	DATA 	Keypress: o
213.4937 	Level RINSE 	25
215.4843 	DATA 	Keypress: o
220.4788 	Level finished 	25
220.4801 	DATA 	Keypress: o
220.4811 	DATA 	Keypress: o
220.8702 	Level e.jpg at position=left and f.jpg at position=right 	25
222.4802 	DATA 	Keypress: o
222.4815 	DATA 	Keypress: 1
222.5115 	Level keypress=1 at time= 1.586644 	25
222.5119 	Level injecting via pump at address 1 and a keypress of 1 and image of e.jpg 	25
227.4843 	DATA 	Keypress: o
227.4855 	DATA 	Keypress: o
227.4866 	DATA 	Keypress: o
228.4956 	Level RINSE 	25
230.4847 	DATA 	Keypress: o
235.4788 	Level finished 	25
235.4805 	DATA 	Keypress: o
235.4818 	DATA 	Keypress: o
235.4833 	DATA 	Keypress: o
235.8771 	Level f.jpg at position=left and e.jpg at position=right 	25
237.4803 	DATA 	Keypress: 1
237.4817 	DATA 	Keypress: o
237.5133 	Level keypress=1 at time= 1.584043 	25
237.5137 	Level injecting via pump at address 2 and a keypress of 1 and image of f.jpg 	25
242.4838 	DATA 	Keypress: o
242.4852 	DATA 	Keypress: o
243.4818 	DATA 	Keypress: o
243.4972 	Level RINSE 	25
245.4842 	DATA 	Keypress: o
250.4788 	Level finished 	25
250.4803 	DATA 	Keypress: o
250.4815 	DATA 	Keypress: o
250.8644 	Level c.jpg at position=right and d.jpg at position=left 	25
252.4803 	DATA 	Keypress: o
252.4817 	DATA 	Keypress: 1
252.4986 	Level keypress=1 at time= 1.600362 	25
252.4991 	Level injecting via pump at address 2 and a keypress of 1 and image of d.jpg 	25
257.4848 	DATA 	Keypress: o
257.4860 	DATA 	Keypress: o
257.4870 	DATA 	Keypress: o
258.4991 	Level RINSE 	25
260.4842 	DATA 	Keypress: o
263.4788 	Level finished 	25
263.4804 	DATA 	Keypress: o
263.4816 	DATA 	Keypress: o
263.8726 	Level b.jpg at position=left and a.jpg at position=right 	25
265.4802 	DATA 	Keypress: 1
265.4816 	DATA 	Keypress: o
265.4997 	Level keypress=1 at time= 1.580263 	25
265.5001 	Level injecting via pump at address 2 and a keypress of 1 and image of b.jpg 	25
270.4839 	DATA 	Keypress: o
270.4851 	DATA 	Keypress: o
271.4815 	DATA 	Keypress: o
271.5005 	Level RINSE 	25
273.4838 	DATA 	Keypress: o
277.4788 	Level finished 	25
277.4806 	DATA 	Keypress: o
277.4819 	DATA 	Keypress: o
277.8676 	Level d.jpg at position=left and c.jpg at position=right 	25
279.4803 	DATA 	Keypress: o
279.5014 	Level Key Press Missed! 	25
284.4843 	DATA 	Keypress: 2
284.4855 	DATA 	Keypress: o
284.4865 	DATA 	Keypress: o
285.4818 	DATA 	Keypress: o
285.4857 	Level RINSE 	25
287.4838 	DATA 	Keypress: o
292.4788 	Level finished 	25
292.4804 	DATA 	Keypress: o
292.4817 	DATA 	Keypress: o
292.8763 	Level f.jpg at position=left and e.jpg at position=right 	25
294.4802 	DATA 	Keypress: o
294.4815 	DATA 	Keypress: 1
294.4869 	Level keypress=1 at time= 1.578530 	25
294.4874 	Level injecting via pump at address 1 and a keypress of 1 and image of f.jpg 	25
299.4846 	DATA 	Keypress: o
299.4860 	DATA 	Keypress: o
299.4874 	DATA 	Keypress: o
300.5040 	Level RINSE 	25
302.4837 	DATA 	Keypress: o
308.4788 	Level finished 	25
308.4805 	DATA 	Keypress: o
308.4819 	DATA 	Keypress: o
308.4831 	DATA 	Keypress: o
308.8787 	Level a.jpg at position=right and b.jpg at position=left 	25
310.4808 	DATA 	Keypress: o
310.4826 	DATA 	Keypress: 1
310.4883 	Level keypress=1 at time= 1.577444 	25
310.4888 	Level injecting via pump at address 1 and a keypress of 1 and image of b.jpg 	25
315.4848 	DATA 	Keypress: o
315.4863 	DATA 	Keypress: o
315.4876 	DATA 	Keypress: o
316.4891 	Level RINSE 	25
318.4838 	DATA 	Keypress: o
322.4788 	Level finished 	25
322.4806 	DATA 	Keypress: o
322.4821 	DATA 	Keypress: o
322.8761 	Level a.jpg at position=right and b.jpg at position=left 	25
324.4801 	DATA 	Keypress: o
324.4816 	DATA 	Keypress: 2
324.5068 	Level keypress=2 at time= 1.591833 	25
324.5080 	Level injecting via pump at address 1 and a keypress of 2 and image of a.jpg 	25
329.4838 	DATA 	Keypress: o
329.4851 	DATA 	Keypress: o
329.4862 	DATA 	Keypress: o
330.4910 	Level RINSE 	25
332.4850 	DATA 	Keypress: o
335.4788 	Level finished 	25
335.4807 	DATA 	Keypress: o
335.4821 	DATA 	Keypress: o
335.8892 	Level e.jpg at position=left and f.jpg at position=right 	25
337.4802 	DATA 	Keypress: 1
337.4815 	DATA 	Keypress: o
337.5082 	Level keypress=1 at time= 1.572171 	25
337.5086 	Level injecting via pump at address 1 and a keypress of 1 and image of e.jpg 	25
342.4844 	DATA 	Keypress: o
342.4856 	DATA 	Keypress: o
343.4822 	DATA 	Keypress: o
343.5089 	Level RINSE 	25
345.4849 	DATA 	Keypress: o
350.4788 	Level finished 	25
350.4804 	DATA 	Keypress: o
350.4816 	DATA 	Keypress: o
350.8678 	Level e.jpg at position=left and f.jpg at position=right 	25
352.4800 	DATA 	Keypress: o
352.4813 	DATA 	Keypress: 1
352.5103 	Level keypress=1 at time= 1.588192 	25
352.5108 	Level injecting via pump at address 1 and a keypress of 1 and image of e.jpg 	25
357.4843 	DATA 	Keypress: o
357.4855 	DATA 	Keypress: o
357.4866 	DATA 	Keypress: o
358.4943 	Level RINSE 	25
360.4837 	DATA 	Keypress: o
365.4788 	Level finished 	25
365.4805 	DATA 	Keypress: o
365.4818 	DATA 	Keypress: o
365.4831 	DATA 	Keypress: o
365.8732 	Level c.jpg at position=right and d.jpg at position=left 	25
367.4802 	DATA 	Keypress: o
367.4819 	DATA 	Keypress: 2
367.4951 	Level keypress=2 at time= 1.569977 	25
367.4956 	Level injecting via pump at address 1 and a keypress of 2 and image of c.jpg 	25
372.4839 	DATA 	Keypress: o
372.4852 	DATA 	Keypress: o
373.4816 	DATA 	Keypress: o
373.4959 	Level RINSE 	25
375.4846 	DATA 	Keypress: o
379.4788 	Level finished 	25
379.4805 	DATA 	Keypress: o
379.4820 	DATA 	Keypress: o
379.8739 	Level b.jpg at position=right and a.jpg at position=left 	25
381.4800 	DATA 	Keypress: 1
381.4810 	DATA 	Keypress: o
381.5133 	Level keypress=1 at time= 1.583520 	25
381.5138 	Level injecting via pump at address 1 and a keypress of 1 and image of a.jpg 	25
386.4849 	DATA 	Keypress: o
386.4861 	DATA 	Keypress: o
387.4819 	DATA 	Keypress: o
387.4975 	Level RINSE 	25
389.4838 	DATA 	Keypress: o
393.4788 	Level finished 	25
393.4809 	DATA 	Keypress: o
393.4824 	DATA 	Keypress: o
393.8881 	Level e.jpg at position=right and f.jpg at position=left 	25
395.4800 	DATA 	Keypress: o
395.4813 	DATA 	Keypress: 1
395.4983 	Level keypress=1 at time= 1.566374 	25
395.4988 	Level injecting via pump at address 1 and a keypress of 1 and image of f.jpg 	25
400.4840 	DATA 	Keypress: o
400.4852 	DATA 	Keypress: o
401.4819 	DATA 	Keypress: o
401.4993 	Level RINSE 	25
403.4846 	DATA 	Keypress: o
409.4788 	Level finished 	25
409.4805 	DATA 	Keypress: o
409.4817 	DATA 	Keypress: o
409.4827 	DATA 	Keypress: o
409.8814 	Level f.jpg at position=right and e.jpg at position=left 	25
411.4800 	DATA 	Keypress: 1
411.4812 	DATA 	Keypress: o
411.5006 	Level keypress=1 at time= 1.563270 	25
411.5011 	Level injecting via pump at address 2 and a keypress of 1 and image of e.jpg 	25
416.4849 	DATA 	Keypress: o
416.4861 	DATA 	Keypress: o
417.4820 	DATA 	Keypress: o
417.5010 	Level RINSE 	25
419.4847 	DATA 	Keypress: o
425.4788 	Level finished 	25
425.4805 	DATA 	Keypress: o
425.4818 	DATA 	Keypress: o
425.4834 	DATA 	Keypress: o
425.8757 	Level f.jpg at position=left and e.jpg at position=right 	25
427.4800 	DATA 	Keypress: 1
427.4813 	DATA 	Keypress: o
427.5021 	Level keypress=1 at time= 1.577775 	25
427.5026 	Level injecting via pump at address 1 and a keypress of 1 and image of f.jpg 	25
432.4840 	DATA 	Keypress: 2
432.4850 	DATA 	Keypress: o
432.4859 	DATA 	Keypress: o
433.4818 	DATA 	Keypress: o
433.5029 	Level RINSE 	25
435.4842 	DATA 	Keypress: o
441.4788 	Level finished 	25
441.4808 	DATA 	Keypress: o
441.4823 	DATA 	Keypress: o
441.4835 	DATA 	Keypress: o
441.8653 	Level d.jpg at position=left and c.jpg at position=right 	25
443.4802 	DATA 	Keypress: 1
443.4814 	DATA 	Keypress: o
443.5039 	Level keypress=1 at time= 1.592985 	25
443.5052 	Level injecting via pump at address 2 and a keypress of 1 and image of d.jpg 	25
448.4847 	DATA 	Keypress: o
448.4862 	DATA 	Keypress: o
449.4816 	DATA 	Keypress: o
449.5048 	Level RINSE 	25
451.4845 	DATA 	Keypress: o
457.4788 	Level finished 	25
457.4807 	DATA 	Keypress: o
457.4821 	DATA 	Keypress: o
457.4834 	DATA 	Keypress: o
457.8597 	Level b.jpg at position=left and a.jpg at position=right 	25
459.4800 	DATA 	Keypress: 1
459.4810 	DATA 	Keypress: o
459.5063 	Level keypress=1 at time= 1.590985 	25
459.5068 	Level injecting via pump at address 1 and a keypress of 1 and image of b.jpg 	25
464.4849 	DATA 	Keypress: o
464.4863 	DATA 	Keypress: o
465.4819 	DATA 	Keypress: o
465.5066 	Level RINSE 	25
467.4847 	DATA 	Keypress: o
471.4788 	Level finished 	25
