39.5900 	DATA 	Keypress: o
39.5909 	Level start key press 	25
39.5909 	Level fixation 0.000001 	25
41.5942 	DATA 	Keypress: o
43.5943 	DATA 	Keypress: o
45.5946 	DATA 	Keypress: o
47.5948 	DATA 	Keypress: o
47.9425 	Level fixation end 0.000001 	25
47.9426 	Level START 	25
48.3393 	Level b.jpg at position=right and a.jpg at position=left 	25
49.9442 	DATA 	Keypress: 2
49.9459 	DATA 	Keypress: o
49.9598 	Level keypress=2 at time= 1.584891 	25
49.9604 	Level injecting via pump at address 2 and a keypress of 2 and image of b.jpg 	25
54.9490 	DATA 	Keypress: o
54.9506 	DATA 	Keypress: o
55.9460 	DATA 	Keypress: o
55.9602 	Level RINSE 	25
57.9490 	DATA 	Keypress: o
62.9426 	Level finished 	25
62.9444 	DATA 	Keypress: o
62.9460 	DATA 	Keypress: o
63.3182 	Level a.jpg at position=right and b.jpg at position=left 	25
64.9442 	DATA 	Keypress: o
64.9460 	DATA 	Keypress: 1
64.9612 	Level keypress=1 at time= 1.601268 	25
64.9616 	Level injecting via pump at address 2 and a keypress of 1 and image of b.jpg 	25
69.9498 	DATA 	Keypress: 2
69.9514 	DATA 	Keypress: o
69.9526 	DATA 	Keypress: o
69.9539 	DATA 	Keypress: o
70.9619 	Level RINSE 	25
72.9490 	DATA 	Keypress: o
75.9426 	Level finished 	25
75.9444 	DATA 	Keypress: o
75.9461 	DATA 	Keypress: o
76.3086 	Level c.jpg at position=left and d.jpg at position=right 	25
77.9441 	DATA 	Keypress: o
77.9459 	DATA 	Keypress: 2
77.9627 	Level keypress=2 at time= 1.616760 	25
77.9631 	Level injecting via pump at address 2 and a keypress of 2 and image of d.jpg 	25
82.9488 	DATA 	Keypress: o
82.9504 	DATA 	Keypress: o
83.9460 	DATA 	Keypress: o
83.9635 	Level RINSE 	25
85.9488 	DATA 	Keypress: o
89.9426 	Level finished 	25
89.9448 	DATA 	Keypress: o
89.9466 	DATA 	Keypress: o
90.3825 	Level c.jpg at position=right and d.jpg at position=left 	25
91.9442 	DATA 	Keypress: 1
91.9459 	DATA 	Keypress: o
91.9643 	Level keypress=1 at time= 1.529987 	25
91.9648 	Level injecting via pump at address 2 and a keypress of 1 and image of d.jpg 	25
96.9493 	DATA 	Keypress: o
96.9509 	DATA 	Keypress: o
97.9461 	DATA 	Keypress: o
97.9651 	Level RINSE 	25
99.9490 	DATA 	Keypress: o
102.9426 	Level finished 	25
102.9444 	DATA 	Keypress: o
103.3222 	Level e.jpg at position=left and f.jpg at position=right 	25
104.9440 	DATA 	Keypress: o
104.9457 	DATA 	Keypress: 2
104.9659 	Level keypress=2 at time= 1.596677 	25
104.9663 	Level injecting via pump at address 1 and a keypress of 2 and image of f.jpg 	25
109.9487 	DATA 	Keypress: o
109.9503 	DATA 	Keypress: o
109.9517 	DATA 	Keypress: o
110.9500 	Level RINSE 	25
112.9495 	DATA 	Keypress: o
116.9426 	Level finished 	25
116.9444 	DATA 	Keypress: o
116.9458 	DATA 	Keypress: o
117.3202 	Level d.jpg at position=right and c.jpg at position=left 	25
118.9441 	DATA 	Keypress: o
118.9458 	DATA 	Keypress: 1
118.9675 	Level keypress=1 at time= 1.611837 	25
118.9679 	Level injecting via pump at address 1 and a keypress of 1 and image of c.jpg 	25
123.9496 	DATA 	Keypress: o
123.9509 	DATA 	Keypress: o
123.9520 	DATA 	Keypress: o
124.9684 	Level RINSE 	25
126.9495 	DATA 	Keypress: o
129.9426 	Level finished 	25
129.9447 	DATA 	Keypress: o
129.9466 	DATA 	Keypress: o
130.3324 	Level c.jpg at position=right and d.jpg at position=left 	25
131.9443 	DATA 	Keypress: 2
131.9462 	DATA 	Keypress: o
131.9692 	Level keypress=2 at time= 1.592105 	25
131.9696 	Level injecting via pump at address 1 and a keypress of 2 and image of c.jpg 	25
136.9493 	DATA 	Keypress: o
136.9509 	DATA 	Keypress: o
137.9457 	DATA 	Keypress: o
137.9700 	Level RINSE 	25
139.9503 	DATA 	Keypress: o
143.9426 	Level finished 	25
143.9444 	DATA 	Keypress: o
143.9461 	DATA 	Keypress: o
144.3393 	Level e.jpg at position=right and f.jpg at position=left 	25
145.9440 	DATA 	Keypress: 1
145.9457 	DATA 	Keypress: o
145.9708 	Level keypress=1 at time= 1.573464 	25
145.9713 	Level injecting via pump at address 1 and a keypress of 1 and image of f.jpg 	25
150.9488 	DATA 	Keypress: o
150.9504 	DATA 	Keypress: o
151.9461 	DATA 	Keypress: o
151.9548 	Level RINSE 	25
153.9498 	DATA 	Keypress: o
158.9426 	Level finished 	25
158.9446 	DATA 	Keypress: o
158.9462 	DATA 	Keypress: o
159.3417 	Level c.jpg at position=left and d.jpg at position=right 	25
160.9443 	DATA 	Keypress: o
160.9462 	DATA 	Keypress: 2
160.9562 	Level keypress=2 at time= 1.573916 	25
160.9567 	Level injecting via pump at address 1 and a keypress of 2 and image of d.jpg 	25
165.9496 	DATA 	Keypress: o
165.9512 	DATA 	Keypress: o
165.9524 	DATA 	Keypress: o
166.9567 	Level RINSE 	25
168.9493 	DATA 	Keypress: o
172.9426 	Level finished 	25
172.9439 	DATA 	Keypress: o
172.9449 	DATA 	Keypress: o
173.3210 	Level d.jpg at position=left and c.jpg at position=right 	25
174.9438 	DATA 	Keypress: o
174.9450 	DATA 	Keypress: 2
174.9741 	Level keypress=2 at time= 1.604074 	25
174.9746 	Level injecting via pump at address 1 and a keypress of 2 and image of c.jpg 	25
179.9478 	DATA 	Keypress: o
179.9490 	DATA 	Keypress: o
179.9502 	DATA 	Keypress: o
180.9583 	Level RINSE 	25
182.9495 	DATA 	Keypress: o
189.9426 	Level finished 	25
189.9447 	DATA 	Keypress: o
189.9465 	DATA 	Keypress: o
189.9480 	DATA 	Keypress: o
189.9495 	DATA 	Keypress: o
190.3442 	Level b.jpg at position=left and a.jpg at position=right 	25
191.9443 	DATA 	Keypress: 1
191.9462 	DATA 	Keypress: o
191.9594 	Level keypress=1 at time= 1.568222 	25
191.9599 	Level injecting via pump at address 1 and a keypress of 1 and image of b.jpg 	25
196.9498 	DATA 	Keypress: o
196.9514 	DATA 	Keypress: o
197.9459 	DATA 	Keypress: o
197.9768 	Level RINSE 	25
199.9495 	DATA 	Keypress: o
206.9426 	Level finished 	25
206.9442 	DATA 	Keypress: o
206.9455 	DATA 	Keypress: o
206.9467 	DATA 	Keypress: o
207.3321 	Level f.jpg at position=right and e.jpg at position=left 	25
208.9437 	DATA 	Keypress: o
208.9450 	DATA 	Keypress: 2
208.9614 	Level keypress=2 at time= 1.583350 	25
208.9620 	Level injecting via pump at address 2 and a keypress of 2 and image of f.jpg 	25
213.9475 	DATA 	Keypress: o
213.9488 	DATA 	Keypress: o
213.9500 	DATA 	Keypress: o
214.9624 	Level RINSE 	25
216.9491 	DATA 	Keypress: o
221.9426 	Level finished 	25
221.9446 	DATA 	Keypress: o
221.9464 	DATA 	Keypress: o
221.9481 	DATA 	Keypress: o
222.3364 	Level d.jpg at position=right and c.jpg at position=left 	25
223.9441 	DATA 	Keypress: 2
223.9460 	DATA 	Keypress: o
223.9632 	Level keypress=2 at time= 1.581082 	25
223.9637 	Level injecting via pump at address 1 and a keypress of 2 and image of d.jpg 	25
228.9501 	DATA 	Keypress: o
228.9519 	DATA 	Keypress: o
229.9462 	DATA 	Keypress: o
229.9642 	Level RINSE 	25
231.9496 	DATA 	Keypress: o
234.9426 	Level finished 	25
234.9440 	DATA 	Keypress: o
235.3218 	Level a.jpg at position=right and b.jpg at position=left 	25
236.9437 	DATA 	Keypress: o
236.9449 	DATA 	Keypress: 2
236.9648 	Level keypress=2 at time= 1.597010 	25
236.9653 	Level injecting via pump at address 1 and a keypress of 2 and image of a.jpg 	25
241.9470 	DATA 	Keypress: o
241.9480 	DATA 	Keypress: o
241.9490 	DATA 	Keypress: o
242.9657 	Level RINSE 	25
244.9491 	DATA 	Keypress: o
248.9426 	Level finished 	25
248.9446 	DATA 	Keypress: o
248.9463 	DATA 	Keypress: o
249.3408 	Level e.jpg at position=right and f.jpg at position=left 	25
250.9443 	DATA 	Keypress: o
250.9461 	DATA 	Keypress: 2
250.9664 	Level keypress=2 at time= 1.579855 	25
250.9668 	Level injecting via pump at address 1 and a keypress of 2 and image of e.jpg 	25
255.9489 	DATA 	Keypress: o
255.9506 	DATA 	Keypress: o
255.9520 	DATA 	Keypress: o
256.9673 	Level RINSE 	25
258.9495 	DATA 	Keypress: o
263.9426 	Level finished 	25
263.9442 	DATA 	Keypress: o
263.9455 	DATA 	Keypress: o
263.9469 	DATA 	Keypress: o
264.3206 	Level f.jpg at position=left and e.jpg at position=right 	25
265.9437 	DATA 	Keypress: 1
265.9446 	DATA 	Keypress: o
265.9685 	Level keypress=1 at time= 1.608955 	25
265.9690 	Level injecting via pump at address 2 and a keypress of 1 and image of f.jpg 	25
270.9474 	DATA 	Keypress: o
270.9484 	DATA 	Keypress: o
271.9452 	DATA 	Keypress: o
271.9691 	Level RINSE 	25
273.9503 	DATA 	Keypress: o
278.9426 	Level finished 	25
278.9447 	DATA 	Keypress: o
278.9461 	DATA 	Keypress: o
279.3431 	Level d.jpg at position=right and c.jpg at position=left 	25
280.9439 	DATA 	Keypress: o
280.9455 	DATA 	Keypress: 2
280.9699 	Level keypress=2 at time= 1.592185 	25
280.9704 	Level injecting via pump at address 2 and a keypress of 2 and image of d.jpg 	25
285.9495 	DATA 	Keypress: o
285.9511 	DATA 	Keypress: o
285.9527 	DATA 	Keypress: o
286.9708 	Level RINSE 	25
288.9499 	DATA 	Keypress: o
295.9426 	Level finished 	25
295.9444 	DATA 	Keypress: o
295.9458 	DATA 	Keypress: o
295.9472 	DATA 	Keypress: o
295.9484 	DATA 	Keypress: o
296.3207 	Level f.jpg at position=left and e.jpg at position=right 	25
297.9438 	DATA 	Keypress: 2
297.9450 	DATA 	Keypress: o
297.9553 	Level keypress=2 at time= 1.605448 	25
297.9557 	Level injecting via pump at address 1 and a keypress of 2 and image of e.jpg 	25
302.9496 	DATA 	Keypress: o
302.9514 	DATA 	Keypress: o
303.9459 	DATA 	Keypress: o
303.9728 	Level RINSE 	25
305.9500 	DATA 	Keypress: o
310.9426 	Level finished 	25
310.9448 	DATA 	Keypress: o
310.9466 	DATA 	Keypress: o
311.3241 	Level d.jpg at position=left and c.jpg at position=right 	25
312.9442 	DATA 	Keypress: o
312.9461 	DATA 	Keypress: 1
312.9740 	Level keypress=1 at time= 1.605977 	25
312.9745 	Level injecting via pump at address 2 and a keypress of 1 and image of d.jpg 	25
317.9496 	DATA 	Keypress: o
317.9516 	DATA 	Keypress: o
317.9532 	DATA 	Keypress: o
318.9744 	Level RINSE 	25
320.9496 	DATA 	Keypress: o
325.9426 	Level finished 	25
325.9451 	DATA 	Keypress: o
325.9470 	DATA 	Keypress: o
325.9487 	DATA 	Keypress: o
326.3447 	Level b.jpg at position=left and a.jpg at position=right 	25
327.9446 	DATA 	Keypress: 1
327.9464 	DATA 	Keypress: o
327.9754 	Level keypress=1 at time= 1.585628 	25
327.9759 	Level injecting via pump at address 2 and a keypress of 1 and image of b.jpg 	25
332.9500 	DATA 	Keypress: o
332.9517 	DATA 	Keypress: o
333.9463 	DATA 	Keypress: o
333.9595 	Level RINSE 	25
335.9495 	DATA 	Keypress: o
338.9426 	Level finished 	25
338.9446 	DATA 	Keypress: o
339.3468 	Level e.jpg at position=right and f.jpg at position=left 	25
340.9442 	DATA 	Keypress: o
340.9461 	DATA 	Keypress: 1
340.9769 	Level keypress=1 at time= 1.585967 	25
340.9775 	Level injecting via pump at address 2 and a keypress of 1 and image of f.jpg 	25
345.9480 	DATA 	Keypress: o
345.9493 	DATA 	Keypress: o
345.9505 	DATA 	Keypress: o
346.9611 	Level RINSE 	25
348.9469 	DATA 	Keypress: o
352.9426 	Level finished 	25
352.9441 	DATA 	Keypress: o
352.9452 	DATA 	Keypress: o
353.3110 	Level b.jpg at position=left and a.jpg at position=right 	25
354.9438 	DATA 	Keypress: o
354.9451 	DATA 	Keypress: 2
354.9620 	Level keypress=2 at time= 1.600065 	25
354.9624 	Level injecting via pump at address 1 and a keypress of 2 and image of a.jpg 	25
359.9507 	DATA 	Keypress: o
359.9525 	DATA 	Keypress: o
359.9541 	DATA 	Keypress: o
360.9627 	Level RINSE 	25
362.9495 	DATA 	Keypress: o
367.9426 	Level finished 	25
367.9448 	DATA 	Keypress: o
367.9466 	DATA 	Keypress: o
367.9481 	DATA 	Keypress: o
368.3500 	Level f.jpg at position=left and e.jpg at position=right 	25
369.9444 	DATA 	Keypress: o
369.9463 	DATA 	Keypress: 2
369.9641 	Level keypress=2 at time= 1.566162 	25
369.9646 	Level injecting via pump at address 1 and a keypress of 2 and image of e.jpg 	25
374.9499 	DATA 	Keypress: o
374.9515 	DATA 	Keypress: o
375.9450 	DATA 	Keypress: o
375.9479 	Level RINSE 	25
377.9475 	DATA 	Keypress: o
383.9426 	Level finished 	25
383.9440 	DATA 	Keypress: o
383.9453 	DATA 	Keypress: o
383.9465 	DATA 	Keypress: o
384.3194 	Level a.jpg at position=right and b.jpg at position=left 	25
385.9438 	DATA 	Keypress: 2
385.9449 	DATA 	Keypress: o
385.9655 	Level keypress=2 at time= 1.594743 	25
385.9659 	Level injecting via pump at address 1 and a keypress of 2 and image of a.jpg 	25
390.9490 	DATA 	Keypress: o
390.9510 	DATA 	Keypress: o
391.9454 	DATA 	Keypress: o
391.9495 	Level RINSE 	25
393.9475 	DATA 	Keypress: o
397.9426 	Level finished 	25
397.9446 	DATA 	Keypress: o
397.9462 	DATA 	Keypress: o
398.3275 	Level e.jpg at position=right and f.jpg at position=left 	25
399.9437 	DATA 	Keypress: 1
399.9447 	DATA 	Keypress: o
399.9672 	Level keypress=1 at time= 1.593491 	25
399.9676 	Level injecting via pump at address 2 and a keypress of 1 and image of f.jpg 	25
404.9479 	DATA 	Keypress: o
404.9496 	DATA 	Keypress: o
405.9450 	DATA 	Keypress: o
405.9679 	Level RINSE 	25
407.9480 	DATA 	Keypress: o
413.9426 	Level finished 	25
413.9445 	DATA 	Keypress: o
413.9463 	DATA 	Keypress: o
413.9479 	DATA 	Keypress: o
414.3464 	Level f.jpg at position=left and e.jpg at position=right 	25
415.9443 	DATA 	Keypress: 1
415.9462 	DATA 	Keypress: o
415.9694 	Level keypress=1 at time= 1.575394 	25
415.9699 	Level injecting via pump at address 2 and a keypress of 1 and image of f.jpg 	25
420.9492 	DATA 	Keypress: o
420.9507 	DATA 	Keypress: o
421.9459 	DATA 	Keypress: o
421.9699 	Level RINSE 	25
423.9496 	DATA 	Keypress: o
427.9426 	Level finished 	25
