44.2493 	DATA 	Keypress: o
44.2502 	Level start key press 	25
44.2502 	Level fixation 0.000001 	25
46.2570 	DATA 	Keypress: o
48.2468 	DATA 	Keypress: o
50.2586 	DATA 	Keypress: o
52.2583 	DATA 	Keypress: o
52.9242 	Level fixation end 0.000001 	25
52.9243 	Level START 	25
53.3285 	Level a.jpg at position=left and b.jpg at position=right 	25
54.9258 	DATA 	Keypress: 1
54.9275 	DATA 	Keypress: o
54.9394 	Level keypress=1 at time= 1.574717 	25
54.9399 	Level injecting via pump at address 1 and a keypress of 1 and image of a.jpg 	25
59.9302 	DATA 	Keypress: o
59.9318 	DATA 	Keypress: o
60.9279 	DATA 	Keypress: o
60.9443 	Level RINSE 	25
62.9309 	DATA 	Keypress: o
68.9243 	Level finished 	25
68.9263 	DATA 	Keypress: o
68.9279 	DATA 	Keypress: o
68.9294 	DATA 	Keypress: o
69.3044 	Level a.jpg at position=right and b.jpg at position=left 	25
70.9259 	DATA 	Keypress: o
70.9275 	DATA 	Keypress: 1
70.9392 	Level keypress=1 at time= 1.610370 	25
70.9397 	Level injecting via pump at address 1 and a keypress of 1 and image of b.jpg 	25
75.9313 	DATA 	Keypress: o
75.9329 	DATA 	Keypress: o
76.9277 	DATA 	Keypress: o
76.9407 	Level RINSE 	25
78.9305 	DATA 	Keypress: o
83.9243 	Level finished 	25
83.9259 	DATA 	Keypress: o
83.9273 	DATA 	Keypress: o
84.3085 	Level f.jpg at position=right and e.jpg at position=left 	25
84.3102 	DATA 	Keypress: o
85.9410 	Level Key Press Missed! 	25
90.9309 	DATA 	Keypress: 1
90.9325 	DATA 	Keypress: o
90.9340 	DATA 	Keypress: o
90.9354 	DATA 	Keypress: o
91.9304 	Level RINSE 	25
93.9306 	DATA 	Keypress: o
97.9243 	Level finished 	25
97.9261 	DATA 	Keypress: o
97.9278 	DATA 	Keypress: o
98.3026 	Level b.jpg at position=left and a.jpg at position=right 	25
98.3043 	DATA 	Keypress: o
99.9261 	DATA 	Keypress: 1
99.9385 	Level keypress=1 at time= 1.612647 	25
99.9389 	Level injecting via pump at address 2 and a keypress of 1 and image of b.jpg 	25
104.9311 	DATA 	Keypress: o
104.9327 	DATA 	Keypress: o
104.9340 	DATA 	Keypress: o
105.9396 	Level RINSE 	25
107.9309 	DATA 	Keypress: o
111.9243 	Level finished 	25
111.9263 	DATA 	Keypress: o
111.9280 	DATA 	Keypress: o
112.3038 	Level b.jpg at position=left and a.jpg at position=right 	25
112.3055 	DATA 	Keypress: o
113.9306 	Level Key Press Missed! 	25
118.9308 	DATA 	Keypress: o
118.9325 	DATA 	Keypress: o
118.9339 	DATA 	Keypress: o
119.9334 	Level RINSE 	25
121.9306 	DATA 	Keypress: o
126.9243 	Level finished 	25
126.9263 	DATA 	Keypress: o
126.9277 	DATA 	Keypress: o
126.9287 	DATA 	Keypress: o
127.3262 	Level b.jpg at position=left and a.jpg at position=right 	25
128.9262 	DATA 	Keypress: 1
128.9276 	DATA 	Keypress: o
128.9526 	Level keypress=1 at time= 1.582629 	25
128.9532 	Level injecting via pump at address 2 and a keypress of 1 and image of b.jpg 	25
133.9299 	DATA 	Keypress: o
133.9312 	DATA 	Keypress: o
134.9279 	DATA 	Keypress: o
134.9371 	Level RINSE 	25
136.9304 	DATA 	Keypress: o
142.9243 	Level finished 	25
142.9262 	DATA 	Keypress: o
142.9276 	DATA 	Keypress: o
142.9289 	DATA 	Keypress: o
143.3308 	Level c.jpg at position=right and d.jpg at position=left 	25
144.9259 	DATA 	Keypress: o
144.9277 	DATA 	Keypress: 2
144.9512 	Level keypress=2 at time= 1.568239 	25
144.9517 	Level injecting via pump at address 1 and a keypress of 2 and image of c.jpg 	25
149.9301 	DATA 	Keypress: o
149.9313 	DATA 	Keypress: o
150.9278 	DATA 	Keypress: o
150.9361 	Level RINSE 	25
152.9299 	DATA 	Keypress: o
156.9243 	Level finished 	25
156.9258 	DATA 	Keypress: o
156.9270 	DATA 	Keypress: o
157.3165 	Level c.jpg at position=right and d.jpg at position=left 	25
158.9255 	DATA 	Keypress: 1
158.9268 	DATA 	Keypress: o
158.9443 	Level keypress=1 at time= 1.596204 	25
158.9448 	Level injecting via pump at address 2 and a keypress of 1 and image of d.jpg 	25
163.9301 	DATA 	Keypress: o
163.9313 	DATA 	Keypress: o
164.9271 	DATA 	Keypress: o
164.9455 	Level RINSE 	25
166.9308 	DATA 	Keypress: o
172.9243 	Level finished 	25
172.9259 	DATA 	Keypress: o
172.9271 	DATA 	Keypress: o
172.9283 	DATA 	Keypress: o
173.3180 	Level f.jpg at position=right and e.jpg at position=left 	25
174.9256 	DATA 	Keypress: o
174.9437 	Level Key Press Missed! 	25
179.9300 	DATA 	Keypress: o
179.9313 	DATA 	Keypress: o
180.9268 	DATA 	Keypress: o
180.9303 	Level RINSE 	25
182.9311 	DATA 	Keypress: o
187.9243 	Level finished 	25
187.9260 	DATA 	Keypress: o
187.9274 	DATA 	Keypress: o
188.3326 	Level e.jpg at position=right and f.jpg at position=left 	25
188.3341 	DATA 	Keypress: o
189.9261 	DATA 	Keypress: 2
189.9468 	Level keypress=2 at time= 1.577767 	25
189.9472 	Level injecting via pump at address 1 and a keypress of 2 and image of e.jpg 	25
194.9299 	DATA 	Keypress: o
194.9316 	DATA 	Keypress: o
194.9331 	DATA 	Keypress: o
195.9322 	Level RINSE 	25
197.9287 	DATA 	Keypress: o
202.9243 	Level finished 	25
202.9264 	DATA 	Keypress: o
202.9278 	DATA 	Keypress: o
202.9291 	DATA 	Keypress: o
203.3322 	Level f.jpg at position=right and e.jpg at position=left 	25
204.9258 	DATA 	Keypress: o
204.9273 	DATA 	Keypress: 2
204.9351 	Level keypress=2 at time= 1.584241 	25
204.9356 	Level injecting via pump at address 2 and a keypress of 2 and image of f.jpg 	25
209.9297 	DATA 	Keypress: o
209.9307 	DATA 	Keypress: o
210.9271 	DATA 	Keypress: o
210.9371 	Level RINSE 	25
212.9305 	DATA 	Keypress: o
217.9243 	Level finished 	25
217.9257 	DATA 	Keypress: o
217.9268 	DATA 	Keypress: o
218.3193 	Level a.jpg at position=left and b.jpg at position=right 	25
218.3208 	DATA 	Keypress: o
219.9257 	DATA 	Keypress: 1
219.9390 	Level keypress=1 at time= 1.594394 	25
219.9395 	Level injecting via pump at address 1 and a keypress of 1 and image of a.jpg 	25
224.9313 	DATA 	Keypress: o
224.9332 	DATA 	Keypress: o
224.9344 	DATA 	Keypress: o
225.9344 	Level RINSE 	25
227.9303 	DATA 	Keypress: o
230.9243 	Level finished 	25
230.9260 	DATA 	Keypress: o
230.9273 	DATA 	Keypress: o
231.3148 	Level c.jpg at position=left and d.jpg at position=right 	25
232.9256 	DATA 	Keypress: o
232.9269 	DATA 	Keypress: 1
232.9347 	Level keypress=1 at time= 1.597875 	25
232.9352 	Level injecting via pump at address 1 and a keypress of 1 and image of c.jpg 	25
237.9301 	DATA 	Keypress: o
237.9314 	DATA 	Keypress: o
238.9277 	DATA 	Keypress: o
238.9386 	Level RINSE 	25
240.9328 	DATA 	Keypress: o
244.9243 	Level finished 	25
244.9265 	DATA 	Keypress: o
244.9277 	DATA 	Keypress: o
245.3307 	Level f.jpg at position=right and e.jpg at position=left 	25
246.9260 	DATA 	Keypress: o
246.9274 	DATA 	Keypress: 1
246.9471 	Level keypress=1 at time= 1.575303 	25
246.9475 	Level injecting via pump at address 1 and a keypress of 1 and image of e.jpg 	25
251.9298 	DATA 	Keypress: o
251.9311 	DATA 	Keypress: o
252.9268 	DATA 	Keypress: o
252.9482 	Level RINSE 	25
254.9295 	DATA 	Keypress: o
259.9243 	Level finished 	25
259.9261 	DATA 	Keypress: o
259.9274 	DATA 	Keypress: o
260.3304 	Level b.jpg at position=right and a.jpg at position=left 	25
260.3317 	DATA 	Keypress: o
261.9261 	DATA 	Keypress: 2
261.9507 	Level keypress=2 at time= 1.582851 	25
261.9512 	Level injecting via pump at address 1 and a keypress of 2 and image of b.jpg 	25
266.9305 	DATA 	Keypress: o
266.9317 	DATA 	Keypress: o
266.9329 	DATA 	Keypress: o
267.9359 	Level RINSE 	25
269.9297 	DATA 	Keypress: o
275.9243 	Level finished 	25
275.9260 	DATA 	Keypress: o
275.9273 	DATA 	Keypress: o
275.9285 	DATA 	Keypress: o
276.3227 	Level f.jpg at position=left and e.jpg at position=right 	25
276.3244 	DATA 	Keypress: o
277.9259 	DATA 	Keypress: 1
277.9501 	Level keypress=1 at time= 1.588662 	25
277.9506 	Level injecting via pump at address 2 and a keypress of 1 and image of f.jpg 	25
282.9307 	DATA 	Keypress: o
282.9320 	DATA 	Keypress: o
282.9328 	DATA 	Keypress: o
283.9348 	Level RINSE 	25
285.9303 	DATA 	Keypress: o
289.9243 	Level finished 	25
289.9260 	DATA 	Keypress: o
289.9272 	DATA 	Keypress: o
290.3249 	Level a.jpg at position=right and b.jpg at position=left 	25
290.3266 	DATA 	Keypress: o
291.9260 	DATA 	Keypress: 2
291.9430 	Level keypress=2 at time= 1.590275 	25
291.9434 	Level injecting via pump at address 1 and a keypress of 2 and image of a.jpg 	25
296.9311 	DATA 	Keypress: o
296.9323 	DATA 	Keypress: o
296.9335 	DATA 	Keypress: o
297.9393 	Level RINSE 	25
299.9304 	DATA 	Keypress: o
302.9243 	Level finished 	25
302.9262 	DATA 	Keypress: o
302.9275 	DATA 	Keypress: o
303.3280 	Level e.jpg at position=right and f.jpg at position=left 	25
304.9261 	DATA 	Keypress: 2
304.9274 	DATA 	Keypress: o
304.9416 	Level keypress=2 at time= 1.586660 	25
304.9421 	Level injecting via pump at address 1 and a keypress of 2 and image of e.jpg 	25
309.9297 	DATA 	Keypress: o
309.9309 	DATA 	Keypress: o
310.9274 	DATA 	Keypress: o
310.9394 	Level RINSE 	25
312.9296 	DATA 	Keypress: o
317.9243 	Level finished 	25
317.9260 	DATA 	Keypress: o
317.9272 	DATA 	Keypress: o
318.3190 	Level f.jpg at position=left and e.jpg at position=right 	25
318.3206 	DATA 	Keypress: o
319.9258 	DATA 	Keypress: 1
319.9407 	Level keypress=1 at time= 1.588473 	25
319.9412 	Level injecting via pump at address 2 and a keypress of 1 and image of f.jpg 	25
324.9305 	DATA 	Keypress: o
324.9318 	DATA 	Keypress: o
324.9330 	DATA 	Keypress: o
325.9303 	Level RINSE 	25
327.9301 	DATA 	Keypress: o
332.9243 	Level finished 	25
332.9262 	DATA 	Keypress: o
332.9275 	DATA 	Keypress: o
332.9287 	DATA 	Keypress: o
333.3215 	Level c.jpg at position=left and d.jpg at position=right 	25
334.9257 	DATA 	Keypress: 2
334.9270 	DATA 	Keypress: o
334.9330 	Level keypress=2 at time= 1.583286 	25
334.9335 	Level injecting via pump at address 1 and a keypress of 2 and image of d.jpg 	25
339.9305 	DATA 	Keypress: o
339.9317 	DATA 	Keypress: o
340.9276 	DATA 	Keypress: o
340.9507 	Level RINSE 	25
342.9301 	DATA 	Keypress: o
346.9243 	Level finished 	25
346.9260 	DATA 	Keypress: o
346.9271 	DATA 	Keypress: o
347.3213 	Level d.jpg at position=right and c.jpg at position=left 	25
348.9256 	DATA 	Keypress: 2
348.9268 	DATA 	Keypress: o
348.9420 	Level keypress=2 at time= 1.591263 	25
348.9425 	Level injecting via pump at address 2 and a keypress of 2 and image of d.jpg 	25
353.9298 	DATA 	Keypress: o
353.9311 	DATA 	Keypress: o
354.9269 	DATA 	Keypress: o
354.9425 	Level RINSE 	25
356.9296 	DATA 	Keypress: o
360.9243 	Level finished 	25
360.9264 	DATA 	Keypress: o
360.9281 	DATA 	Keypress: o
361.3319 	Level e.jpg at position=right and f.jpg at position=left 	25
362.9261 	DATA 	Keypress: o
362.9274 	DATA 	Keypress: 1
362.9357 	Level keypress=1 at time= 1.583982 	25
362.9362 	Level injecting via pump at address 1 and a keypress of 1 and image of f.jpg 	25
367.9302 	DATA 	Keypress: o
367.9318 	DATA 	Keypress: o
368.9270 	DATA 	Keypress: o
368.9375 	Level RINSE 	25
370.9302 	DATA 	Keypress: o
376.9243 	Level finished 	25
376.9263 	DATA 	Keypress: o
376.9279 	DATA 	Keypress: o
376.9290 	DATA 	Keypress: o
377.3120 	Level c.jpg at position=left and d.jpg at position=right 	25
378.9260 	DATA 	Keypress: 1
378.9274 	DATA 	Keypress: o
378.9353 	Level keypress=1 at time= 1.599135 	25
378.9358 	Level injecting via pump at address 2 and a keypress of 1 and image of c.jpg 	25
383.9304 	DATA 	Keypress: o
383.9317 	DATA 	Keypress: o
384.9278 	DATA 	Keypress: o
384.9364 	Level RINSE 	25
386.9299 	DATA 	Keypress: o
392.9243 	Level finished 	25
392.9261 	DATA 	Keypress: o
392.9277 	DATA 	Keypress: o
392.9288 	DATA 	Keypress: o
393.3105 	Level b.jpg at position=right and a.jpg at position=left 	25
394.9257 	DATA 	Keypress: 1
394.9270 	DATA 	Keypress: o
394.9332 	Level keypress=1 at time= 1.600068 	25
394.9336 	Level injecting via pump at address 1 and a keypress of 1 and image of a.jpg 	25
399.9309 	DATA 	Keypress: o
399.9323 	DATA 	Keypress: o
400.9276 	DATA 	Keypress: o
400.9354 	Level RINSE 	25
402.9306 	DATA 	Keypress: o
408.9243 	Level finished 	25
408.9263 	DATA 	Keypress: o
408.9277 	DATA 	Keypress: o
408.9292 	DATA 	Keypress: o
409.3285 	Level a.jpg at position=left and b.jpg at position=right 	25
410.9259 	DATA 	Keypress: 1
410.9272 	DATA 	Keypress: o
410.9325 	Level keypress=1 at time= 1.585574 	25
410.9330 	Level injecting via pump at address 1 and a keypress of 1 and image of a.jpg 	25
415.9306 	DATA 	Keypress: o
415.9318 	DATA 	Keypress: o
416.9276 	DATA 	Keypress: o
416.9342 	Level RINSE 	25
418.9308 	DATA 	Keypress: o
424.9243 	Level finished 	25
424.9261 	DATA 	Keypress: o
424.9274 	DATA 	Keypress: o
424.9286 	DATA 	Keypress: o
425.3192 	Level d.jpg at position=left and c.jpg at position=right 	25
426.9256 	DATA 	Keypress: 1
426.9269 	DATA 	Keypress: o
426.9486 	Level keypress=1 at time= 1.585486 	25
426.9492 	Level injecting via pump at address 1 and a keypress of 1 and image of d.jpg 	25
431.9307 	DATA 	Keypress: o
431.9318 	DATA 	Keypress: o
432.9277 	DATA 	Keypress: o
432.9331 	Level RINSE 	25
434.9311 	DATA 	Keypress: o
438.9243 	Level finished 	25
