77.8234 	DATA 	Keypress: o
77.8240 	Level start key press 	25
77.8240 	Level fixation 0.000001 	25
79.8228 	DATA 	Keypress: o
81.8230 	DATA 	Keypress: o
83.8232 	DATA 	Keypress: o
85.8233 	DATA 	Keypress: o
86.3210 	Level fixation end 0.000001 	25
86.3210 	Level START 	25
86.7095 	Level b.jpg at position=right and a.jpg at position=left 	25
88.3227 	DATA 	Keypress: o
88.3244 	DATA 	Keypress: 2
88.3383 	Level keypress=2 at time= 1.586529 	25
88.3387 	Level injecting via pump at address 1 and a keypress of 2 and image of b.jpg 	25
93.3279 	DATA 	Keypress: o
93.3297 	DATA 	Keypress: o
94.3243 	DATA 	Keypress: o
94.3387 	Level RINSE 	25
96.3263 	DATA 	Keypress: o
102.3210 	Level finished 	25
102.3226 	DATA 	Keypress: o
102.3239 	DATA 	Keypress: o
102.3251 	DATA 	Keypress: o
102.6954 	Level a.jpg at position=right and b.jpg at position=left 	25
104.3221 	DATA 	Keypress: 1
104.3233 	DATA 	Keypress: o
104.3398 	Level keypress=1 at time= 1.598757 	25
104.3402 	Level injecting via pump at address 2 and a keypress of 1 and image of b.jpg 	25
109.3274 	DATA 	Keypress: o
109.3289 	DATA 	Keypress: o
110.3238 	DATA 	Keypress: o
110.3407 	Level RINSE 	25
112.3255 	DATA 	Keypress: o
117.3210 	Level finished 	25
117.3225 	DATA 	Keypress: o
117.3238 	DATA 	Keypress: o
117.6845 	Level c.jpg at position=right and d.jpg at position=left 	25
119.3223 	DATA 	Keypress: o
119.3236 	DATA 	Keypress: 2
119.3416 	Level keypress=2 at time= 1.615518 	25
119.3420 	Level injecting via pump at address 1 and a keypress of 2 and image of c.jpg 	25
124.3264 	DATA 	Keypress: o
124.3277 	DATA 	Keypress: o
124.3287 	DATA 	Keypress: o
125.3258 	Level RINSE 	25
127.3278 	DATA 	Keypress: o
127.3295 	DATA 	Keypress: 5
131.3210 	Level finished 	25
131.3227 	DATA 	Keypress: o
131.3243 	DATA 	Keypress: o
131.7018 	Level f.jpg at position=left and e.jpg at position=right 	25
133.3223 	DATA 	Keypress: o
133.3237 	DATA 	Keypress: 1
133.3248 	DATA 	Keypress: 5
133.3432 	Level keypress=1 at time= 1.597345 	25
133.3436 	Level injecting via pump at address 1 and a keypress of 1 and image of f.jpg 	25
138.3282 	DATA 	Keypress: o
138.3300 	DATA 	Keypress: o
138.3316 	DATA 	Keypress: o
139.3441 	Level RINSE 	25
141.3266 	DATA 	Keypress: o
145.3210 	Level finished 	25
145.3225 	DATA 	Keypress: o
145.3237 	DATA 	Keypress: o
145.6802 	Level d.jpg at position=right and c.jpg at position=left 	25
147.3221 	DATA 	Keypress: o
147.3233 	DATA 	Keypress: 2
147.3449 	Level keypress=2 at time= 1.612011 	25
147.3453 	Level injecting via pump at address 1 and a keypress of 2 and image of d.jpg 	25
152.3263 	DATA 	Keypress: o
152.3280 	DATA 	Keypress: o
152.3293 	DATA 	Keypress: o
153.3290 	Level RINSE 	25
155.3266 	DATA 	Keypress: o
160.3210 	Level finished 	25
160.3226 	DATA 	Keypress: o
160.3238 	DATA 	Keypress: o
160.3249 	DATA 	Keypress: o
160.6921 	Level d.jpg at position=right and c.jpg at position=left 	25
162.3225 	DATA 	Keypress: 2
162.3244 	DATA 	Keypress: o
162.3470 	Level keypress=2 at time= 1.609482 	25
162.3475 	Level injecting via pump at address 1 and a keypress of 2 and image of d.jpg 	25
167.3260 	DATA 	Keypress: o
167.3272 	DATA 	Keypress: o
168.3235 	DATA 	Keypress: o
168.3475 	Level RINSE 	25
170.3255 	DATA 	Keypress: o
176.3210 	Level finished 	25
176.3225 	DATA 	Keypress: o
176.3238 	DATA 	Keypress: o
176.3251 	DATA 	Keypress: o
176.6962 	Level e.jpg at position=left and f.jpg at position=right 	25
178.3224 	DATA 	Keypress: o
178.3236 	DATA 	Keypress: 2
178.3318 	Level keypress=2 at time= 1.608230 	25
178.3323 	Level injecting via pump at address 2 and a keypress of 2 and image of f.jpg 	25
183.3261 	DATA 	Keypress: o
183.3272 	DATA 	Keypress: o
184.3243 	DATA 	Keypress: o
184.3325 	Level RINSE 	25
186.3272 	DATA 	Keypress: o
190.3210 	Level finished 	25
190.3225 	DATA 	Keypress: o
190.3236 	DATA 	Keypress: o
190.6906 	Level f.jpg at position=right and e.jpg at position=left 	25
192.3222 	DATA 	Keypress: 2
192.3233 	DATA 	Keypress: o
192.3501 	Level keypress=2 at time= 1.605557 	25
192.3505 	Level injecting via pump at address 2 and a keypress of 2 and image of f.jpg 	25
197.3266 	DATA 	Keypress: o
197.3278 	DATA 	Keypress: o
198.3235 	DATA 	Keypress: o
198.3343 	Level RINSE 	25
200.3260 	DATA 	Keypress: o
206.3210 	Level finished 	25
206.3225 	DATA 	Keypress: o
206.3237 	DATA 	Keypress: o
206.3248 	DATA 	Keypress: o
206.6906 	Level d.jpg at position=right and c.jpg at position=left 	25
208.3224 	DATA 	Keypress: 1
208.3239 	DATA 	Keypress: 1
208.3252 	DATA 	Keypress: o
208.3265 	DATA 	Keypress: 1
208.3524 	Level keypress=1 at time= 1.603945 	25
208.3529 	Level injecting via pump at address 2 and a keypress of 1 and image of c.jpg 	25
213.3271 	DATA 	Keypress: o
213.3284 	DATA 	Keypress: o
214.3234 	DATA 	Keypress: o
214.3362 	Level RINSE 	25
216.3259 	DATA 	Keypress: o
221.3210 	Level finished 	25
221.3228 	DATA 	Keypress: o
221.3242 	DATA 	Keypress: o
221.6984 	Level d.jpg at position=right and c.jpg at position=left 	25
223.3224 	DATA 	Keypress: o
223.3236 	DATA 	Keypress: 1
223.3248 	DATA 	Keypress: 1
223.3371 	Level keypress=1 at time= 1.586377 	25
223.3376 	Level injecting via pump at address 2 and a keypress of 1 and image of c.jpg 	25
228.3274 	DATA 	Keypress: o
228.3285 	DATA 	Keypress: o
228.3295 	DATA 	Keypress: o
229.3379 	Level RINSE 	25
231.3267 	DATA 	Keypress: o
236.3210 	Level finished 	25
236.3226 	DATA 	Keypress: o
236.3238 	DATA 	Keypress: o
236.3250 	DATA 	Keypress: o
236.6937 	Level c.jpg at position=right and d.jpg at position=left 	25
238.3221 	DATA 	Keypress: o
238.3388 	Level Key Press Missed! 	25
243.3261 	DATA 	Keypress: 2
243.3274 	DATA 	Keypress: o
243.3285 	DATA 	Keypress: o
244.3236 	DATA 	Keypress: o
244.3396 	Level RINSE 	25
246.3262 	DATA 	Keypress: 5
246.3276 	DATA 	Keypress: 1
246.3287 	DATA 	Keypress: o
251.3210 	Level finished 	25
251.3226 	DATA 	Keypress: o
251.3239 	DATA 	Keypress: o
251.7015 	Level c.jpg at position=left and d.jpg at position=right 	25
253.3225 	DATA 	Keypress: o
253.3240 	DATA 	Keypress: 2
253.3408 	Level keypress=2 at time= 1.600166 	25
253.3413 	Level injecting via pump at address 2 and a keypress of 2 and image of d.jpg 	25
258.3273 	DATA 	Keypress: o
258.3286 	DATA 	Keypress: 5
258.3300 	DATA 	Keypress: o
258.3312 	DATA 	Keypress: o
259.3247 	Level RINSE 	25
261.3255 	DATA 	Keypress: o
264.3210 	Level finished 	25
264.3227 	DATA 	Keypress: o
264.3239 	DATA 	Keypress: o
264.6889 	Level e.jpg at position=left and f.jpg at position=right 	25
266.3223 	DATA 	Keypress: 1
266.3236 	DATA 	Keypress: o
266.3420 	Level keypress=1 at time= 1.596636 	25
266.3425 	Level injecting via pump at address 2 and a keypress of 1 and image of e.jpg 	25
271.3264 	DATA 	Keypress: 1
271.3277 	DATA 	Keypress: o
271.3288 	DATA 	Keypress: o
272.3239 	DATA 	Keypress: o
272.3431 	Level RINSE 	25
274.3260 	DATA 	Keypress: o
278.3210 	Level finished 	25
278.3226 	DATA 	Keypress: o
278.3241 	DATA 	Keypress: o
278.6996 	Level f.jpg at position=right and e.jpg at position=left 	25
280.3221 	DATA 	Keypress: o
280.3232 	DATA 	Keypress: 2
280.3437 	Level keypress=2 at time= 1.596309 	25
280.3442 	Level injecting via pump at address 2 and a keypress of 2 and image of f.jpg 	25
285.3282 	DATA 	Keypress: o
285.3294 	DATA 	Keypress: o
286.3239 	DATA 	Keypress: o
286.3447 	Level RINSE 	25
288.3269 	DATA 	Keypress: o
293.3210 	Level finished 	25
293.3225 	DATA 	Keypress: o
293.3238 	DATA 	Keypress: o
293.6900 	Level e.jpg at position=left and f.jpg at position=right 	25
295.3222 	DATA 	Keypress: o
295.3234 	DATA 	Keypress: 2
295.3246 	DATA 	Keypress: 1
295.3459 	Level keypress=2 at time= 1.611511 	25
295.3464 	Level injecting via pump at address 2 and a keypress of 2 and image of f.jpg 	25
300.3262 	DATA 	Keypress: o
300.3275 	DATA 	Keypress: o
300.3286 	DATA 	Keypress: o
301.3463 	Level RINSE 	25
303.3260 	DATA 	Keypress: o
309.3210 	Level finished 	25
309.3226 	DATA 	Keypress: o
309.3240 	DATA 	Keypress: o
309.3253 	DATA 	Keypress: o
309.6882 	Level e.jpg at position=left and f.jpg at position=right 	25
311.3222 	DATA 	Keypress: o
311.3232 	DATA 	Keypress: 1
311.3244 	DATA 	Keypress: 5
311.3474 	Level keypress=1 at time= 1.609086 	25
311.3479 	Level injecting via pump at address 2 and a keypress of 1 and image of e.jpg 	25
316.3266 	DATA 	Keypress: o
316.3281 	DATA 	Keypress: 1
316.3294 	DATA 	Keypress: o
316.3307 	DATA 	Keypress: o
317.3483 	Level RINSE 	25
319.3254 	DATA 	Keypress: o
323.3210 	Level finished 	25
323.3227 	DATA 	Keypress: o
323.3240 	DATA 	Keypress: o
323.6909 	Level d.jpg at position=right and c.jpg at position=left 	25
325.3225 	DATA 	Keypress: o
325.3239 	DATA 	Keypress: 2
325.3323 	Level keypress=2 at time= 1.608475 	25
325.3327 	Level injecting via pump at address 2 and a keypress of 2 and image of d.jpg 	25
330.3266 	DATA 	Keypress: o
330.3279 	DATA 	Keypress: o
330.3291 	DATA 	Keypress: o
331.3331 	Level RINSE 	25
333.3263 	DATA 	Keypress: o
336.3210 	Level finished 	25
336.3228 	DATA 	Keypress: 1
336.3243 	DATA 	Keypress: o
336.3255 	DATA 	Keypress: o
336.6992 	Level d.jpg at position=right and c.jpg at position=left 	25
338.3223 	DATA 	Keypress: 1
338.3237 	DATA 	Keypress: o
338.3339 	Level keypress=1 at time= 1.588755 	25
338.3343 	Level injecting via pump at address 1 and a keypress of 1 and image of c.jpg 	25
343.3265 	DATA 	Keypress: o
343.3278 	DATA 	Keypress: o
344.3235 	DATA 	Keypress: o
344.3347 	Level RINSE 	25
346.3264 	DATA 	Keypress: o
351.3210 	Level finished 	25
351.3226 	DATA 	Keypress: o
351.3239 	DATA 	Keypress: 1
351.3249 	DATA 	Keypress: 1
351.3259 	DATA 	Keypress: o
351.6894 	Level b.jpg at position=left and a.jpg at position=right 	25
353.3222 	DATA 	Keypress: o
353.3235 	DATA 	Keypress: 2
353.3360 	Level keypress=2 at time= 1.604782 	25
353.3365 	Level injecting via pump at address 2 and a keypress of 2 and image of a.jpg 	25
358.3264 	DATA 	Keypress: o
358.3275 	DATA 	Keypress: o
358.3284 	DATA 	Keypress: o
359.3364 	Level RINSE 	25
361.3258 	DATA 	Keypress: o
366.3210 	Level finished 	25
366.3227 	DATA 	Keypress: o
366.3240 	DATA 	Keypress: o
366.3252 	DATA 	Keypress: o
366.3264 	DATA 	Keypress: 1
366.7026 	Level f.jpg at position=left and e.jpg at position=right 	25
368.3224 	DATA 	Keypress: 1
368.3236 	DATA 	Keypress: 1
368.3247 	DATA 	Keypress: 2
368.3257 	DATA 	Keypress: o
368.3540 	Level keypress=1 at time= 1.601509 	25
368.3546 	Level injecting via pump at address 1 and a keypress of 1 and image of f.jpg 	25
373.3266 	DATA 	Keypress: o
373.3277 	DATA 	Keypress: o
374.3238 	DATA 	Keypress: o
374.3549 	Level RINSE 	25
376.3261 	DATA 	Keypress: o
380.3210 	Level finished 	25
380.3226 	DATA 	Keypress: o
380.3239 	DATA 	Keypress: o
380.7031 	Level a.jpg at position=right and b.jpg at position=left 	25
382.3222 	DATA 	Keypress: 1
382.3232 	DATA 	Keypress: o
382.3391 	Level keypress=1 at time= 1.583329 	25
382.3395 	Level injecting via pump at address 1 and a keypress of 1 and image of b.jpg 	25
387.3270 	DATA 	Keypress: o
387.3284 	DATA 	Keypress: o
388.3239 	DATA 	Keypress: o
388.3398 	Level RINSE 	25
390.3264 	DATA 	Keypress: o
394.3210 	Level finished 	25
394.3228 	DATA 	Keypress: o
394.3242 	DATA 	Keypress: o
394.6943 	Level e.jpg at position=right and f.jpg at position=left 	25
396.3223 	DATA 	Keypress: o
396.3235 	DATA 	Keypress: 2
396.3572 	Level keypress=2 at time= 1.599760 	25
396.3577 	Level injecting via pump at address 1 and a keypress of 2 and image of e.jpg 	25
401.3255 	DATA 	Keypress: o
401.3265 	DATA 	Keypress: o
402.3236 	DATA 	Keypress: o
402.3415 	Level RINSE 	25
404.3259 	DATA 	Keypress: o
410.3210 	Level finished 	25
410.3227 	DATA 	Keypress: o
410.3240 	DATA 	Keypress: o
410.3253 	DATA 	Keypress: o
410.6975 	Level a.jpg at position=right and b.jpg at position=left 	25
412.3223 	DATA 	Keypress: 2
412.3236 	DATA 	Keypress: o
412.3429 	Level keypress=2 at time= 1.596675 	25
412.3434 	Level injecting via pump at address 2 and a keypress of 2 and image of a.jpg 	25
417.3267 	DATA 	Keypress: o
417.3279 	DATA 	Keypress: o
418.3237 	DATA 	Keypress: o
418.3432 	Level RINSE 	25
420.3270 	DATA 	Keypress: o
426.3210 	Level finished 	25
426.3227 	DATA 	Keypress: o
426.3239 	DATA 	Keypress: o
426.3249 	DATA 	Keypress: o
426.6932 	Level c.jpg at position=right and d.jpg at position=left 	25
428.3222 	DATA 	Keypress: 2
428.3232 	DATA 	Keypress: o
428.3443 	Level keypress=2 at time= 1.594308 	25
428.3448 	Level injecting via pump at address 1 and a keypress of 2 and image of c.jpg 	25
433.3270 	DATA 	Keypress: o
433.3284 	DATA 	Keypress: o
434.3238 	DATA 	Keypress: o
434.3286 	Level RINSE 	25
436.3264 	DATA 	Keypress: o
442.3210 	Level finished 	25
442.3226 	DATA 	Keypress: o
442.3240 	DATA 	Keypress: o
442.3253 	DATA 	Keypress: o
442.6974 	Level b.jpg at position=right and a.jpg at position=left 	25
444.3222 	DATA 	Keypress: 2
444.3232 	DATA 	Keypress: o
444.3462 	Level keypress=2 at time= 1.592852 	25
444.3466 	Level injecting via pump at address 1 and a keypress of 2 and image of b.jpg 	25
449.3263 	DATA 	Keypress: o
449.3275 	DATA 	Keypress: o
450.3235 	DATA 	Keypress: o
450.3305 	Level RINSE 	25
452.3262 	DATA 	Keypress: o
458.3210 	Level finished 	25
458.3227 	DATA 	Keypress: o
458.3240 	DATA 	Keypress: o
458.3253 	DATA 	Keypress: o
458.6982 	Level e.jpg at position=left and f.jpg at position=right 	25
460.3223 	DATA 	Keypress: 2
460.3235 	DATA 	Keypress: o
460.3485 	Level keypress=2 at time= 1.591023 	25
460.3490 	Level injecting via pump at address 2 and a keypress of 2 and image of f.jpg 	25
465.3270 	DATA 	Keypress: o
465.3285 	DATA 	Keypress: o
466.3239 	DATA 	Keypress: o
466.3322 	Level RINSE 	25
468.3262 	DATA 	Keypress: o
472.3210 	Level finished 	25
