114.8242 	DATA 	Keypress: o
114.8251 	Level start key press 	25
114.8251 	Level fixation 0.000001 	25
116.8257 	DATA 	Keypress: o
118.8259 	DATA 	Keypress: o
120.8262 	DATA 	Keypress: o
122.8264 	DATA 	Keypress: o
123.2742 	Level fixation end 0.000001 	25
123.2742 	Level START 	25
123.6912 	Level f.jpg at position=left and e.jpg at position=right 	25
125.2753 	DATA 	Keypress: o
125.2915 	Level Key Press Missed! 	25
130.2809 	DATA 	Keypress: 2
130.2827 	DATA 	Keypress: o
130.2845 	DATA 	Keypress: o
131.2780 	DATA 	Keypress: o
131.2918 	Level RINSE 	25
133.2805 	DATA 	Keypress: o
138.2742 	Level finished 	25
138.2763 	DATA 	Keypress: o
138.2781 	DATA 	Keypress: o
138.6745 	Level e.jpg at position=left and f.jpg at position=right 	25
140.2758 	DATA 	Keypress: o
140.2775 	DATA 	Keypress: 2
140.2928 	Level keypress=2 at time= 1.584513 	25
140.2932 	Level injecting via pump at address 1 and a keypress of 2 and image of f.jpg 	25
145.2796 	DATA 	Keypress: o
145.2808 	DATA 	Keypress: o
145.2818 	DATA 	Keypress: o
146.2938 	Level RINSE 	25
148.2794 	DATA 	Keypress: o
154.2742 	Level finished 	25
154.2756 	DATA 	Keypress: o
154.2768 	DATA 	Keypress: o
154.2779 	DATA 	Keypress: o
154.6475 	Level f.jpg at position=right and e.jpg at position=left 	25
156.2753 	DATA 	Keypress: o
156.2763 	DATA 	Keypress: 1
156.2947 	Level keypress=1 at time= 1.614979 	25
156.2951 	Level injecting via pump at address 1 and a keypress of 1 and image of e.jpg 	25
161.2799 	DATA 	Keypress: o
161.2810 	DATA 	Keypress: o
161.2820 	DATA 	Keypress: o
162.2955 	Level RINSE 	25
164.2795 	DATA 	Keypress: o
168.2742 	Level finished 	25
168.2755 	DATA 	Keypress: o
168.2768 	DATA 	Keypress: o
168.6626 	Level b.jpg at position=right and a.jpg at position=left 	25
170.2753 	DATA 	Keypress: o
170.2766 	DATA 	Keypress: 1
170.2964 	Level keypress=1 at time= 1.580338 	25
170.2968 	Level injecting via pump at address 1 and a keypress of 1 and image of a.jpg 	25
175.2797 	DATA 	Keypress: o
175.2809 	DATA 	Keypress: o
175.2819 	DATA 	Keypress: o
176.2805 	Level RINSE 	25
178.2791 	DATA 	Keypress: o
181.2742 	Level finished 	25
181.2757 	DATA 	Keypress: o
181.2769 	DATA 	Keypress: o
181.6538 	Level d.jpg at position=right and c.jpg at position=left 	25
183.2755 	DATA 	Keypress: o
183.2767 	DATA 	Keypress: 2
183.2979 	Level keypress=2 at time= 1.595695 	25
183.2983 	Level injecting via pump at address 1 and a keypress of 2 and image of d.jpg 	25
188.2792 	DATA 	Keypress: o
188.2804 	DATA 	Keypress: o
189.2769 	DATA 	Keypress: o
189.2988 	Level RINSE 	25
191.2794 	DATA 	Keypress: o
196.2742 	Level finished 	25
196.2763 	DATA 	Keypress: o
196.2776 	DATA 	Keypress: o
196.6683 	Level c.jpg at position=left and d.jpg at position=right 	25
198.2754 	DATA 	Keypress: o
198.2767 	DATA 	Keypress: 2
198.2833 	Level keypress=2 at time= 1.577280 	25
198.2838 	Level injecting via pump at address 2 and a keypress of 2 and image of d.jpg 	25
203.2791 	DATA 	Keypress: o
203.2803 	DATA 	Keypress: o
203.2815 	DATA 	Keypress: o
204.2838 	Level RINSE 	25
206.2795 	DATA 	Keypress: o
210.2742 	Level finished 	25
210.2757 	DATA 	Keypress: o
210.2771 	DATA 	Keypress: o
210.6547 	Level e.jpg at position=right and f.jpg at position=left 	25
212.2753 	DATA 	Keypress: o
212.2764 	DATA 	Keypress: 2
212.3013 	Level keypress=2 at time= 1.608180 	25
212.3018 	Level injecting via pump at address 1 and a keypress of 2 and image of e.jpg 	25
217.2789 	DATA 	Keypress: o
217.2801 	DATA 	Keypress: o
217.2812 	DATA 	Keypress: o
218.3020 	Level RINSE 	25
220.2796 	DATA 	Keypress: o
223.2742 	Level finished 	25
223.2756 	DATA 	Keypress: o
223.2766 	DATA 	Keypress: o
223.6462 	Level e.jpg at position=left and f.jpg at position=right 	25
225.2753 	DATA 	Keypress: 1
225.2766 	DATA 	Keypress: o
225.3028 	Level keypress=1 at time= 1.606005 	25
225.3032 	Level injecting via pump at address 1 and a keypress of 1 and image of e.jpg 	25
230.2803 	DATA 	Keypress: 1
230.2816 	DATA 	Keypress: o
230.2829 	DATA 	Keypress: o
231.2772 	DATA 	Keypress: o
231.3035 	Level RINSE 	25
233.2801 	DATA 	Keypress: o
238.2742 	Level finished 	25
238.2755 	DATA 	Keypress: o
238.2766 	DATA 	Keypress: o
238.6544 	Level b.jpg at position=left and a.jpg at position=right 	25
240.2753 	DATA 	Keypress: o
240.2763 	DATA 	Keypress: 1
240.3050 	Level keypress=1 at time= 1.605226 	25
240.3055 	Level injecting via pump at address 2 and a keypress of 1 and image of b.jpg 	25
245.2799 	DATA 	Keypress: o
245.2810 	DATA 	Keypress: o
245.2820 	DATA 	Keypress: o
246.2888 	Level RINSE 	25
248.2786 	DATA 	Keypress: o
251.2742 	Level finished 	25
251.2756 	DATA 	Keypress: o
251.2766 	DATA 	Keypress: o
251.6614 	Level a.jpg at position=left and b.jpg at position=right 	25
253.2753 	DATA 	Keypress: 1
253.2765 	DATA 	Keypress: o
253.3061 	Level keypress=1 at time= 1.585769 	25
253.3065 	Level injecting via pump at address 2 and a keypress of 1 and image of a.jpg 	25
258.2800 	DATA 	Keypress: o
258.2812 	DATA 	Keypress: o
259.2769 	DATA 	Keypress: o
259.2904 	Level RINSE 	25
261.2814 	DATA 	Keypress: o
264.2742 	Level finished 	25
264.2759 	DATA 	Keypress: o
264.6635 	Level c.jpg at position=right and d.jpg at position=left 	25
266.2753 	DATA 	Keypress: o
266.2763 	DATA 	Keypress: 1
266.3076 	Level keypress=1 at time= 1.585546 	25
266.3081 	Level injecting via pump at address 2 and a keypress of 1 and image of d.jpg 	25
271.2805 	DATA 	Keypress: o
271.2819 	DATA 	Keypress: o
271.2829 	DATA 	Keypress: o
272.2918 	Level RINSE 	25
274.2793 	DATA 	Keypress: o
279.2742 	Level finished 	25
279.2756 	DATA 	Keypress: o
279.2766 	DATA 	Keypress: o
279.2777 	DATA 	Keypress: o
279.6586 	Level f.jpg at position=right and e.jpg at position=left 	25
281.2753 	DATA 	Keypress: o
281.2762 	DATA 	Keypress: 1
281.2931 	Level keypress=1 at time= 1.600435 	25
281.2936 	Level injecting via pump at address 1 and a keypress of 1 and image of e.jpg 	25
286.2802 	DATA 	Keypress: o
286.2814 	DATA 	Keypress: o
287.2770 	DATA 	Keypress: o
287.2935 	Level RINSE 	25
289.2790 	DATA 	Keypress: o
292.2742 	Level finished 	25
292.2755 	DATA 	Keypress: o
292.6520 	Level c.jpg at position=left and d.jpg at position=right 	25
294.2753 	DATA 	Keypress: o
294.2763 	DATA 	Keypress: 1
294.2772 	DATA 	Keypress: 1
294.3110 	Level keypress=1 at time= 1.598556 	25
294.3114 	Level injecting via pump at address 1 and a keypress of 1 and image of c.jpg 	25
299.2793 	DATA 	Keypress: o
299.2805 	DATA 	Keypress: o
299.2814 	DATA 	Keypress: o
300.2951 	Level RINSE 	25
302.2786 	DATA 	Keypress: o
307.2742 	Level finished 	25
307.2757 	DATA 	Keypress: o
307.2766 	DATA 	Keypress: o
307.2775 	DATA 	Keypress: o
307.6658 	Level a.jpg at position=left and b.jpg at position=right 	25
309.2760 	DATA 	Keypress: 2
309.2777 	DATA 	Keypress: o
309.2959 	Level keypress=2 at time= 1.596859 	25
309.2964 	Level injecting via pump at address 1 and a keypress of 2 and image of b.jpg 	25
314.2799 	DATA 	Keypress: o
314.2812 	DATA 	Keypress: o
315.2769 	DATA 	Keypress: o
315.2969 	Level RINSE 	25
317.2790 	DATA 	Keypress: o
320.2742 	Level finished 	25
320.2756 	DATA 	Keypress: o
320.6604 	Level e.jpg at position=left and f.jpg at position=right 	25
322.2753 	DATA 	Keypress: o
322.2763 	DATA 	Keypress: 1
322.2975 	Level keypress=1 at time= 1.595655 	25
322.2979 	Level injecting via pump at address 2 and a keypress of 1 and image of e.jpg 	25
327.2792 	DATA 	Keypress: o
327.2804 	DATA 	Keypress: o
327.2814 	DATA 	Keypress: o
328.2983 	Level RINSE 	25
330.2796 	DATA 	Keypress: o
335.2742 	Level finished 	25
335.2758 	DATA 	Keypress: o
335.2771 	DATA 	Keypress: o
335.2782 	DATA 	Keypress: o
335.6743 	Level b.jpg at position=right and a.jpg at position=left 	25
337.2757 	DATA 	Keypress: o
337.2772 	DATA 	Keypress: 1
337.2997 	Level keypress=1 at time= 1.578141 	25
337.3003 	Level injecting via pump at address 1 and a keypress of 1 and image of a.jpg 	25
342.2800 	DATA 	Keypress: o
342.2814 	DATA 	Keypress: o
343.2766 	DATA 	Keypress: o
343.3001 	Level RINSE 	25
345.2790 	DATA 	Keypress: o
350.2742 	Level finished 	25
350.2759 	DATA 	Keypress: o
350.2771 	DATA 	Keypress: o
350.6572 	Level b.jpg at position=left and a.jpg at position=right 	25
352.2755 	DATA 	Keypress: o
352.2768 	DATA 	Keypress: 1
352.3009 	Level keypress=1 at time= 1.592280 	25
352.3014 	Level injecting via pump at address 2 and a keypress of 1 and image of b.jpg 	25
357.2794 	DATA 	Keypress: o
357.2805 	DATA 	Keypress: o
357.2815 	DATA 	Keypress: o
358.2852 	Level RINSE 	25
360.2797 	DATA 	Keypress: o
366.2742 	Level finished 	25
366.2758 	DATA 	Keypress: o
366.2770 	DATA 	Keypress: o
366.2780 	DATA 	Keypress: o
366.6579 	Level a.jpg at position=right and b.jpg at position=left 	25
368.2756 	DATA 	Keypress: o
368.2770 	DATA 	Keypress: 1
368.3029 	Level keypress=1 at time= 1.607600 	25
368.3033 	Level injecting via pump at address 2 and a keypress of 1 and image of b.jpg 	25
373.2798 	DATA 	Keypress: o
373.2812 	DATA 	Keypress: o
373.2824 	DATA 	Keypress: o
374.2870 	Level RINSE 	25
376.2799 	DATA 	Keypress: o
381.2742 	Level finished 	25
381.2757 	DATA 	Keypress: o
381.2771 	DATA 	Keypress: o
381.2781 	DATA 	Keypress: o
381.6573 	Level a.jpg at position=left and b.jpg at position=right 	25
383.2755 	DATA 	Keypress: o
383.2767 	DATA 	Keypress: 2
383.2884 	Level keypress=2 at time= 1.589025 	25
383.2889 	Level injecting via pump at address 1 and a keypress of 2 and image of b.jpg 	25
388.2802 	DATA 	Keypress: o
388.2819 	DATA 	Keypress: o
389.2768 	DATA 	Keypress: o
389.2888 	Level RINSE 	25
391.2795 	DATA 	Keypress: o
396.2742 	Level finished 	25
396.2758 	DATA 	Keypress: o
396.2773 	DATA 	Keypress: o
396.6646 	Level e.jpg at position=left and f.jpg at position=right 	25
398.2753 	DATA 	Keypress: o
398.2763 	DATA 	Keypress: 1
398.2897 	Level keypress=1 at time= 1.586253 	25
398.2902 	Level injecting via pump at address 1 and a keypress of 1 and image of e.jpg 	25
403.2797 	DATA 	Keypress: o
403.2810 	DATA 	Keypress: o
403.2823 	DATA 	Keypress: o
404.2906 	Level RINSE 	25
406.2788 	DATA 	Keypress: o
409.2742 	Level finished 	25
409.2758 	DATA 	Keypress: o
409.2768 	DATA 	Keypress: o
409.6528 	Level b.jpg at position=right and a.jpg at position=left 	25
411.2755 	DATA 	Keypress: 1
411.2767 	DATA 	Keypress: o
411.2912 	Level keypress=1 at time= 1.584449 	25
411.2917 	Level injecting via pump at address 1 and a keypress of 1 and image of a.jpg 	25
416.2799 	DATA 	Keypress: o
416.2812 	DATA 	Keypress: o
417.2769 	DATA 	Keypress: o
417.2920 	Level RINSE 	25
419.2792 	DATA 	Keypress: o
422.2742 	Level finished 	25
422.2756 	DATA 	Keypress: o
422.6546 	Level c.jpg at position=right and d.jpg at position=left 	25
424.2753 	DATA 	Keypress: o
424.2763 	DATA 	Keypress: 2
424.2927 	Level keypress=2 at time= 1.600238 	25
424.2932 	Level injecting via pump at address 1 and a keypress of 2 and image of c.jpg 	25
429.2798 	DATA 	Keypress: o
429.2811 	DATA 	Keypress: o
429.2824 	DATA 	Keypress: o
430.2936 	Level RINSE 	25
432.2787 	DATA 	Keypress: o
436.2742 	Level finished 	25
436.2757 	DATA 	Keypress: o
436.2768 	DATA 	Keypress: o
436.6548 	Level b.jpg at position=right and a.jpg at position=left 	25
438.2760 	DATA 	Keypress: o
438.2775 	DATA 	Keypress: 1
438.2943 	Level keypress=1 at time= 1.599937 	25
438.2948 	Level injecting via pump at address 2 and a keypress of 1 and image of a.jpg 	25
443.2801 	DATA 	Keypress: o
443.2813 	DATA 	Keypress: o
443.2823 	DATA 	Keypress: o
444.2953 	Level RINSE 	25
446.2785 	DATA 	Keypress: o
450.2742 	Level finished 	25
450.2767 	DATA 	Keypress: o
450.2782 	DATA 	Keypress: o
450.6804 	Level a.jpg at position=left and b.jpg at position=right 	25
452.2756 	DATA 	Keypress: o
452.2770 	DATA 	Keypress: 1
452.2960 	Level keypress=1 at time= 1.581233 	25
452.2965 	Level injecting via pump at address 1 and a keypress of 1 and image of a.jpg 	25
457.2796 	DATA 	Keypress: o
457.2809 	DATA 	Keypress: o
457.2821 	DATA 	Keypress: o
458.2969 	Level RINSE 	25
460.2795 	DATA 	Keypress: o
465.2742 	Level finished 	25
465.2758 	DATA 	Keypress: o
465.2770 	DATA 	Keypress: o
465.2781 	DATA 	Keypress: o
465.6549 	Level f.jpg at position=left and e.jpg at position=right 	25
467.2753 	DATA 	Keypress: o
467.2764 	DATA 	Keypress: 1
467.2981 	Level keypress=1 at time= 1.595437 	25
467.2986 	Level injecting via pump at address 2 and a keypress of 1 and image of f.jpg 	25
472.2799 	DATA 	Keypress: o
472.2814 	DATA 	Keypress: o
473.2766 	DATA 	Keypress: o
473.2987 	Level RINSE 	25
475.2810 	DATA 	Keypress: o
479.2742 	Level finished 	25
479.2761 	DATA 	Keypress: o
479.2775 	DATA 	Keypress: o
479.6585 	Level a.jpg at position=right and b.jpg at position=left 	25
481.2753 	DATA 	Keypress: o
481.2763 	DATA 	Keypress: 2
481.2993 	Level keypress=2 at time= 1.593332 	25
481.2999 	Level injecting via pump at address 1 and a keypress of 2 and image of a.jpg 	25
486.2787 	DATA 	Keypress: o
486.2798 	DATA 	Keypress: o
487.2768 	DATA 	Keypress: o
487.3003 	Level RINSE 	25
489.2806 	DATA 	Keypress: o
494.2742 	Level finished 	25
