45.7801 	DATA 	Keypress: o
45.7809 	Level start key press 	25
45.7809 	Level fixation 0.000001 	25
47.7861 	DATA 	Keypress: o
49.7863 	DATA 	Keypress: o
51.7866 	DATA 	Keypress: o
53.7868 	DATA 	Keypress: o
54.2679 	Level fixation end 0.000001 	25
54.2679 	Level START 	25
54.6856 	Level b.jpg at position=left and a.jpg at position=right 	25
56.2694 	DATA 	Keypress: o
56.2711 	DATA 	Keypress: 1
56.2851 	Level keypress=1 at time= 1.552978 	25
56.2856 	Level injecting via pump at address 2 and a keypress of 1 and image of b.jpg 	25
61.2739 	DATA 	Keypress: o
61.2753 	DATA 	Keypress: o
62.2704 	DATA 	Keypress: o
62.2857 	Level RINSE 	25
64.2734 	DATA 	Keypress: o
70.2679 	Level finished 	25
70.2694 	DATA 	Keypress: o
70.2707 	DATA 	Keypress: o
70.2719 	DATA 	Keypress: o
70.6619 	Level f.jpg at position=right and e.jpg at position=left 	25
72.2691 	DATA 	Keypress: o
72.2867 	Level Key Press Missed! 	25
72.3007 	DATA 	Keypress: 1
77.2734 	DATA 	Keypress: o
77.2747 	DATA 	Keypress: o
78.2704 	DATA 	Keypress: o
78.2875 	Level RINSE 	25
80.2734 	DATA 	Keypress: o
85.2679 	Level finished 	25
85.2692 	DATA 	Keypress: o
85.2702 	DATA 	Keypress: o
85.6477 	Level d.jpg at position=left and c.jpg at position=right 	25
87.2690 	DATA 	Keypress: o
87.2701 	DATA 	Keypress: 1
87.2885 	Level keypress=1 at time= 1.598471 	25
87.2890 	Level injecting via pump at address 1 and a keypress of 1 and image of d.jpg 	25
92.2745 	DATA 	Keypress: o
92.2759 	DATA 	Keypress: o
92.2771 	DATA 	Keypress: o
93.2727 	Level RINSE 	25
95.2737 	DATA 	Keypress: o
99.2679 	Level finished 	25
99.2697 	DATA 	Keypress: o
99.2713 	DATA 	Keypress: o
99.6583 	Level a.jpg at position=left and b.jpg at position=right 	25
101.2691 	DATA 	Keypress: o
101.2701 	DATA 	Keypress: 1
101.2711 	DATA 	Keypress: 1
101.2901 	Level keypress=1 at time= 1.596814 	25
101.2906 	Level injecting via pump at address 2 and a keypress of 1 and image of a.jpg 	25
106.2737 	DATA 	Keypress: 5
106.2749 	DATA 	Keypress: o
106.2761 	DATA 	Keypress: o
106.2772 	DATA 	Keypress: o
107.2909 	Level RINSE 	25
109.2733 	DATA 	Keypress: o
113.2679 	Level finished 	25
113.2695 	DATA 	Keypress: o
113.2709 	DATA 	Keypress: o
113.6539 	Level b.jpg at position=right and a.jpg at position=left 	25
115.2691 	DATA 	Keypress: o
115.2701 	DATA 	Keypress: 2
115.2710 	DATA 	Keypress: 1
115.2719 	DATA 	Keypress: 2
115.2917 	Level keypress=2 at time= 1.595099 	25
115.2923 	Level injecting via pump at address 2 and a keypress of 2 and image of b.jpg 	25
120.2736 	DATA 	Keypress: o
120.2750 	DATA 	Keypress: o
120.2763 	DATA 	Keypress: o
121.2759 	Level RINSE 	25
123.2723 	DATA 	Keypress: o
128.2679 	Level finished 	25
128.2693 	DATA 	Keypress: o
128.2704 	DATA 	Keypress: o
128.2716 	DATA 	Keypress: o
128.6502 	Level c.jpg at position=left and d.jpg at position=right 	25
130.2695 	DATA 	Keypress: 1
130.2710 	DATA 	Keypress: o
130.2940 	Level keypress=1 at time= 1.592782 	25
130.2944 	Level injecting via pump at address 1 and a keypress of 1 and image of c.jpg 	25
135.2735 	DATA 	Keypress: o
135.2751 	DATA 	Keypress: o
136.2705 	DATA 	Keypress: o
136.2943 	Level RINSE 	25
138.2738 	DATA 	Keypress: o
144.2679 	Level finished 	25
144.2695 	DATA 	Keypress: o
144.2707 	DATA 	Keypress: o
144.2717 	DATA 	Keypress: o
144.6426 	Level b.jpg at position=right and a.jpg at position=left 	25
146.2691 	DATA 	Keypress: 2
146.2706 	DATA 	Keypress: 1
146.2719 	DATA 	Keypress: o
146.2787 	Level keypress=2 at time= 1.606917 	25
146.2791 	Level injecting via pump at address 2 and a keypress of 2 and image of b.jpg 	25
151.2735 	DATA 	Keypress: o
151.2748 	DATA 	Keypress: o
152.2708 	DATA 	Keypress: o
152.2795 	Level RINSE 	25
154.2739 	DATA 	Keypress: o
158.2679 	Level finished 	25
158.2695 	DATA 	Keypress: o
158.2708 	DATA 	Keypress: o
158.6561 	Level e.jpg at position=left and f.jpg at position=right 	25
160.2696 	DATA 	Keypress: 2
160.2715 	DATA 	Keypress: 1
160.2728 	DATA 	Keypress: o
160.2970 	Level keypress=2 at time= 1.589420 	25
160.2976 	Level injecting via pump at address 2 and a keypress of 2 and image of f.jpg 	25
165.2731 	DATA 	Keypress: o
165.2744 	DATA 	Keypress: o
166.2707 	DATA 	Keypress: o
166.2811 	Level RINSE 	25
168.2732 	DATA 	Keypress: o
174.2679 	Level finished 	25
174.2696 	DATA 	Keypress: o
174.2711 	DATA 	Keypress: o
174.2724 	DATA 	Keypress: o
174.6540 	Level c.jpg at position=right and d.jpg at position=left 	25
176.2691 	DATA 	Keypress: 1
176.2701 	DATA 	Keypress: o
176.2993 	Level keypress=1 at time= 1.587044 	25
176.2998 	Level injecting via pump at address 2 and a keypress of 1 and image of d.jpg 	25
181.2729 	DATA 	Keypress: o
181.2742 	DATA 	Keypress: o
182.2708 	DATA 	Keypress: o
182.2831 	Level RINSE 	25
184.2731 	DATA 	Keypress: o
189.2679 	Level finished 	25
189.2693 	DATA 	Keypress: o
189.2703 	DATA 	Keypress: o
189.6582 	Level a.jpg at position=left and b.jpg at position=right 	25
191.2692 	DATA 	Keypress: o
191.2704 	DATA 	Keypress: 2
191.2718 	DATA 	Keypress: 1
191.2839 	Level keypress=2 at time= 1.586294 	25
191.2844 	Level injecting via pump at address 2 and a keypress of 2 and image of b.jpg 	25
196.2750 	DATA 	Keypress: o
196.2764 	DATA 	Keypress: o
196.2777 	DATA 	Keypress: o
197.2848 	Level RINSE 	25
199.2736 	DATA 	Keypress: o
204.2679 	Level finished 	25
204.2696 	DATA 	Keypress: o
204.2710 	DATA 	Keypress: o
204.2722 	DATA 	Keypress: o
204.6599 	Level f.jpg at position=right and e.jpg at position=left 	25
206.2690 	DATA 	Keypress: 2
206.2700 	DATA 	Keypress: 1
206.2711 	DATA 	Keypress: o
206.2857 	Level keypress=2 at time= 1.583532 	25
206.2862 	Level injecting via pump at address 2 and a keypress of 2 and image of f.jpg 	25
211.2741 	DATA 	Keypress: o
211.2753 	DATA 	Keypress: o
212.2709 	DATA 	Keypress: o
212.2866 	Level RINSE 	25
214.2730 	DATA 	Keypress: o
219.2679 	Level finished 	25
219.2693 	DATA 	Keypress: o
219.2703 	DATA 	Keypress: o
219.6556 	Level a.jpg at position=left and b.jpg at position=right 	25
221.2696 	DATA 	Keypress: o
221.2712 	DATA 	Keypress: 1
221.2878 	Level keypress=1 at time= 1.583873 	25
221.2884 	Level injecting via pump at address 1 and a keypress of 1 and image of a.jpg 	25
226.2736 	DATA 	Keypress: o
226.2750 	DATA 	Keypress: o
226.2761 	DATA 	Keypress: o
227.2717 	Level RINSE 	25
229.2732 	DATA 	Keypress: o
232.2679 	Level finished 	25
232.2695 	DATA 	Keypress: o
232.2708 	DATA 	Keypress: o
232.6570 	Level e.jpg at position=left and f.jpg at position=right 	25
234.2692 	DATA 	Keypress: 1
234.2704 	DATA 	Keypress: o
234.2890 	Level keypress=1 at time= 1.580006 	25
234.2894 	Level injecting via pump at address 2 and a keypress of 1 and image of e.jpg 	25
239.2730 	DATA 	Keypress: o
239.2742 	DATA 	Keypress: o
240.2711 	DATA 	Keypress: o
240.2898 	Level RINSE 	25
242.2743 	DATA 	Keypress: o
246.2679 	Level finished 	25
246.2694 	DATA 	Keypress: o
246.2703 	DATA 	Keypress: o
246.6585 	Level d.jpg at position=left and c.jpg at position=right 	25
248.2692 	DATA 	Keypress: 2
248.2705 	DATA 	Keypress: o
248.2906 	Level keypress=2 at time= 1.595422 	25
248.2910 	Level injecting via pump at address 1 and a keypress of 2 and image of c.jpg 	25
253.2737 	DATA 	Keypress: o
253.2749 	DATA 	Keypress: o
254.2703 	DATA 	Keypress: o
254.2915 	Level RINSE 	25
256.2729 	DATA 	Keypress: o
261.2679 	Level finished 	25
261.2695 	DATA 	Keypress: o
261.2707 	DATA 	Keypress: o
261.6523 	Level c.jpg at position=right and d.jpg at position=left 	25
263.2691 	DATA 	Keypress: o
263.2701 	DATA 	Keypress: 2
263.2709 	DATA 	Keypress: 1
263.2927 	Level keypress=2 at time= 1.594578 	25
263.2933 	Level injecting via pump at address 1 and a keypress of 2 and image of c.jpg 	25
268.2728 	DATA 	Keypress: o
268.2740 	DATA 	Keypress: o
268.2753 	DATA 	Keypress: o
269.2932 	Level RINSE 	25
271.2745 	DATA 	Keypress: o
277.2679 	Level finished 	25
277.2697 	DATA 	Keypress: o
277.2710 	DATA 	Keypress: o
277.2723 	DATA 	Keypress: o
277.6532 	Level a.jpg at position=right and b.jpg at position=left 	25
279.2694 	DATA 	Keypress: o
279.2705 	DATA 	Keypress: 1
279.2942 	Level keypress=1 at time= 1.592766 	25
279.2947 	Level injecting via pump at address 1 and a keypress of 1 and image of b.jpg 	25
284.2750 	DATA 	Keypress: o
284.2764 	DATA 	Keypress: o
284.2776 	DATA 	Keypress: o
285.2951 	Level RINSE 	25
287.2730 	DATA 	Keypress: o
291.2679 	Level finished 	25
291.2700 	DATA 	Keypress: o
291.2718 	DATA 	Keypress: o
291.6714 	Level f.jpg at position=left and e.jpg at position=right 	25
293.2691 	DATA 	Keypress: o
293.2703 	DATA 	Keypress: 2
293.2792 	Level keypress=2 at time= 1.574608 	25
293.2797 	Level injecting via pump at address 1 and a keypress of 2 and image of e.jpg 	25
298.2733 	DATA 	Keypress: o
298.2745 	DATA 	Keypress: o
298.2757 	DATA 	Keypress: o
299.2801 	Level RINSE 	25
301.2745 	DATA 	Keypress: o
304.2679 	Level finished 	25
304.2697 	DATA 	Keypress: o
304.2710 	DATA 	Keypress: o
304.6655 	Level a.jpg at position=right and b.jpg at position=left 	25
306.2691 	DATA 	Keypress: 2
306.2701 	DATA 	Keypress: o
306.2808 	Level keypress=2 at time= 1.571853 	25
306.2813 	Level injecting via pump at address 1 and a keypress of 2 and image of a.jpg 	25
311.2754 	DATA 	Keypress: o
311.2773 	DATA 	Keypress: o
312.2712 	DATA 	Keypress: o
312.2816 	Level RINSE 	25
314.2733 	DATA 	Keypress: o
319.2679 	Level finished 	25
319.2694 	DATA 	Keypress: o
319.2703 	DATA 	Keypress: o
319.6565 	Level e.jpg at position=left and f.jpg at position=right 	25
321.2694 	DATA 	Keypress: o
321.2714 	DATA 	Keypress: 2
321.2829 	Level keypress=2 at time= 1.589192 	25
321.2833 	Level injecting via pump at address 2 and a keypress of 2 and image of f.jpg 	25
326.2735 	DATA 	Keypress: o
326.2747 	DATA 	Keypress: o
326.2760 	DATA 	Keypress: o
327.2833 	Level RINSE 	25
329.2733 	DATA 	Keypress: o
334.2679 	Level finished 	25
334.2695 	DATA 	Keypress: o
334.2704 	DATA 	Keypress: o
334.2715 	DATA 	Keypress: o
334.6497 	Level a.jpg at position=right and b.jpg at position=left 	25
336.2691 	DATA 	Keypress: 1
336.2703 	DATA 	Keypress: o
336.3009 	Level keypress=1 at time= 1.601235 	25
336.3014 	Level injecting via pump at address 2 and a keypress of 1 and image of b.jpg 	25
341.2732 	DATA 	Keypress: o
341.2744 	DATA 	Keypress: o
342.2716 	DATA 	Keypress: o
342.3018 	Level RINSE 	25
344.2737 	DATA 	Keypress: o
348.2679 	Level finished 	25
348.2697 	DATA 	Keypress: o
348.2709 	DATA 	Keypress: o
348.6544 	Level f.jpg at position=right and e.jpg at position=left 	25
350.2692 	DATA 	Keypress: o
350.2704 	DATA 	Keypress: 2
350.2716 	DATA 	Keypress: 1
350.2859 	Level keypress=2 at time= 1.584743 	25
350.2865 	Level injecting via pump at address 2 and a keypress of 2 and image of f.jpg 	25
355.2733 	DATA 	Keypress: o
355.2746 	DATA 	Keypress: o
356.2706 	DATA 	Keypress: o
356.2868 	Level RINSE 	25
358.2728 	DATA 	Keypress: o
362.2679 	Level finished 	25
362.2695 	DATA 	Keypress: o
362.2709 	DATA 	Keypress: o
362.6620 	Level a.jpg at position=right and b.jpg at position=left 	25
364.2691 	DATA 	Keypress: 2
364.2702 	DATA 	Keypress: o
364.3042 	Level keypress=2 at time= 1.581781 	25
364.3046 	Level injecting via pump at address 1 and a keypress of 2 and image of a.jpg 	25
369.2726 	DATA 	Keypress: o
369.2736 	DATA 	Keypress: o
370.2706 	DATA 	Keypress: o
370.2885 	Level RINSE 	25
372.2743 	DATA 	Keypress: o
378.2679 	Level finished 	25
378.2696 	DATA 	Keypress: o
378.2708 	DATA 	Keypress: o
378.2721 	DATA 	Keypress: o
378.6547 	Level d.jpg at position=left and c.jpg at position=right 	25
380.2690 	DATA 	Keypress: 2
380.2701 	DATA 	Keypress: o
380.2898 	Level keypress=2 at time= 1.596402 	25
380.2902 	Level injecting via pump at address 1 and a keypress of 2 and image of c.jpg 	25
385.2741 	DATA 	Keypress: o
385.2753 	DATA 	Keypress: o
386.2703 	DATA 	Keypress: o
386.2903 	Level RINSE 	25
388.2731 	DATA 	Keypress: o
394.2679 	Level finished 	25
394.2696 	DATA 	Keypress: o
394.2706 	DATA 	Keypress: o
394.2715 	DATA 	Keypress: o
394.6522 	Level d.jpg at position=left and c.jpg at position=right 	25
396.2690 	DATA 	Keypress: 1
396.2701 	DATA 	Keypress: o
396.2913 	Level keypress=1 at time= 1.594165 	25
396.2918 	Level injecting via pump at address 2 and a keypress of 1 and image of d.jpg 	25
401.2730 	DATA 	Keypress: o
401.2740 	DATA 	Keypress: o
402.2715 	DATA 	Keypress: o
402.2752 	Level RINSE 	25
404.2738 	DATA 	Keypress: o
410.2679 	Level finished 	25
410.2699 	DATA 	Keypress: o
410.2710 	DATA 	Keypress: o
410.2720 	DATA 	Keypress: o
410.6453 	Level e.jpg at position=right and f.jpg at position=left 	25
412.2697 	DATA 	Keypress: o
412.2714 	DATA 	Keypress: 2
412.2932 	Level keypress=2 at time= 1.595097 	25
412.2937 	Level injecting via pump at address 2 and a keypress of 2 and image of e.jpg 	25
417.2742 	DATA 	Keypress: o
417.2756 	DATA 	Keypress: o
418.2708 	DATA 	Keypress: o
418.2774 	Level RINSE 	25
420.2731 	DATA 	Keypress: o
426.2679 	Level finished 	25
426.2695 	DATA 	Keypress: o
426.2707 	DATA 	Keypress: o
426.2719 	DATA 	Keypress: o
426.6513 	Level d.jpg at position=left and c.jpg at position=right 	25
428.2691 	DATA 	Keypress: 2
428.2701 	DATA 	Keypress: o
428.2955 	Level keypress=2 at time= 1.590913 	25
428.2960 	Level injecting via pump at address 1 and a keypress of 2 and image of c.jpg 	25
433.2746 	DATA 	Keypress: o
433.2764 	DATA 	Keypress: o
434.2706 	DATA 	Keypress: o
434.2792 	Level RINSE 	25
436.2723 	DATA 	Keypress: o
440.2679 	Level finished 	25
