35.6603 	DATA 	Keypress: o
35.6610 	Level start key press 	25
35.6611 	Level fixation 0.000004 	25
37.6608 	DATA 	Keypress: o
39.6609 	DATA 	Keypress: o
41.6612 	DATA 	Keypress: o
43.6612 	DATA 	Keypress: o
44.1090 	Level fixation end 0.000004 	25
44.1090 	Level START 	25
44.4984 	Level b.jpg at position=right and a.jpg at position=left 	25
46.1104 	DATA 	Keypress: 2
46.1118 	DATA 	Keypress: o
46.1261 	Level keypress=2 at time= 1.584672 	25
46.1266 	Level injecting via pump at address 2 and a keypress of 2 and image of b.jpg 	25
51.1142 	DATA 	Keypress: o
51.1151 	DATA 	Keypress: o
52.1117 	DATA 	Keypress: o
52.1430 	Level RINSE 	25
54.1142 	DATA 	Keypress: o
60.1090 	Level finished 	25
60.1104 	DATA 	Keypress: o
60.1114 	DATA 	Keypress: o
60.1124 	DATA 	Keypress: o
60.4884 	Level f.jpg at position=right and e.jpg at position=left 	25
62.1102 	DATA 	Keypress: o
62.1112 	DATA 	Keypress: 1
62.1121 	DATA 	Keypress: 1
62.1269 	Level keypress=1 at time= 1.600563 	25
62.1274 	Level injecting via pump at address 2 and a keypress of 1 and image of e.jpg 	25
67.1146 	DATA 	Keypress: o
67.1158 	DATA 	Keypress: o
68.1116 	DATA 	Keypress: o
68.1275 	Level RINSE 	25
70.1140 	DATA 	Keypress: o
75.1090 	Level finished 	25
75.1104 	DATA 	Keypress: o
75.1114 	DATA 	Keypress: o
75.4825 	Level c.jpg at position=right and d.jpg at position=left 	25
77.1106 	DATA 	Keypress: o
77.1123 	DATA 	Keypress: 2
77.1445 	Level keypress=2 at time= 1.601014 	25
77.1449 	Level injecting via pump at address 2 and a keypress of 2 and image of c.jpg 	25
82.1142 	DATA 	Keypress: o
82.1153 	DATA 	Keypress: o
82.1162 	DATA 	Keypress: o
83.1284 	Level RINSE 	25
85.1140 	DATA 	Keypress: o
90.1090 	Level finished 	25
90.1104 	DATA 	Keypress: o
90.1116 	DATA 	Keypress: o
90.1126 	DATA 	Keypress: o
90.4853 	Level f.jpg at position=right and e.jpg at position=left 	25
92.1102 	DATA 	Keypress: o
92.1112 	DATA 	Keypress: 1
92.1121 	DATA 	Keypress: 1
92.1294 	Level keypress=1 at time= 1.598902 	25
92.1299 	Level injecting via pump at address 1 and a keypress of 1 and image of e.jpg 	25
97.1142 	DATA 	Keypress: o
97.1153 	DATA 	Keypress: o
98.1117 	DATA 	Keypress: o
98.1295 	Level RINSE 	25
100.1137 	DATA 	Keypress: o
106.1090 	Level finished 	25
106.1106 	DATA 	Keypress: o
106.1118 	DATA 	Keypress: o
106.1127 	DATA 	Keypress: o
106.4886 	Level d.jpg at position=right and c.jpg at position=left 	25
108.1105 	DATA 	Keypress: 2
108.1123 	DATA 	Keypress: o
108.1302 	Level keypress=2 at time= 1.596847 	25
108.1306 	Level injecting via pump at address 2 and a keypress of 2 and image of d.jpg 	25
113.1138 	DATA 	Keypress: o
113.1148 	DATA 	Keypress: o
114.1116 	DATA 	Keypress: o
114.1307 	Level RINSE 	25
116.1142 	DATA 	Keypress: o
120.1090 	Level finished 	25
120.1105 	DATA 	Keypress: o
120.1115 	DATA 	Keypress: o
120.4830 	Level f.jpg at position=left and e.jpg at position=right 	25
122.1102 	DATA 	Keypress: 1
122.1112 	DATA 	Keypress: o
122.1120 	DATA 	Keypress: 1
122.1311 	Level keypress=1 at time= 1.595887 	25
122.1316 	Level injecting via pump at address 1 and a keypress of 1 and image of f.jpg 	25
127.1144 	DATA 	Keypress: o
127.1157 	DATA 	Keypress: o
128.1124 	DATA 	Keypress: o
128.1317 	Level RINSE 	25
130.1144 	DATA 	Keypress: o
135.1090 	Level finished 	25
135.1104 	DATA 	Keypress: o
135.1114 	DATA 	Keypress: o
135.4747 	Level c.jpg at position=left and d.jpg at position=right 	25
137.1102 	DATA 	Keypress: o
137.1112 	DATA 	Keypress: 1
137.1326 	Level keypress=1 at time= 1.612553 	25
137.1330 	Level injecting via pump at address 2 and a keypress of 1 and image of c.jpg 	25
142.1136 	DATA 	Keypress: o
142.1148 	DATA 	Keypress: o
142.1160 	DATA 	Keypress: o
143.1159 	Level RINSE 	25
145.1147 	DATA 	Keypress: o
150.1090 	Level finished 	25
150.1104 	DATA 	Keypress: o
150.1114 	DATA 	Keypress: o
150.1123 	DATA 	Keypress: o
150.4861 	Level f.jpg at position=left and e.jpg at position=right 	25
152.1103 	DATA 	Keypress: 1
152.1116 	DATA 	Keypress: o
152.1332 	Level keypress=1 at time= 1.593514 	25
152.1336 	Level injecting via pump at address 1 and a keypress of 1 and image of f.jpg 	25
157.1141 	DATA 	Keypress: o
157.1151 	DATA 	Keypress: o
158.1126 	DATA 	Keypress: o
158.1337 	Level RINSE 	25
160.1136 	DATA 	Keypress: o
166.1090 	Level finished 	25
166.1106 	DATA 	Keypress: o
166.1119 	DATA 	Keypress: o
166.1130 	DATA 	Keypress: o
166.4922 	Level a.jpg at position=left and b.jpg at position=right 	25
168.1103 	DATA 	Keypress: 2
168.1118 	DATA 	Keypress: o
168.1175 	Level keypress=2 at time= 1.592797 	25
168.1179 	Level injecting via pump at address 2 and a keypress of 2 and image of b.jpg 	25
173.1153 	DATA 	Keypress: o
173.1164 	DATA 	Keypress: o
174.1116 	DATA 	Keypress: o
174.1181 	Level RINSE 	25
176.1141 	DATA 	Keypress: o
182.1090 	Level finished 	25
182.1107 	DATA 	Keypress: o
182.1118 	DATA 	Keypress: o
182.1130 	DATA 	Keypress: o
182.4964 	Level a.jpg at position=left and b.jpg at position=right 	25
184.1102 	DATA 	Keypress: 1
184.1114 	DATA 	Keypress: o
184.1190 	Level keypress=1 at time= 1.591643 	25
184.1195 	Level injecting via pump at address 1 and a keypress of 1 and image of a.jpg 	25
189.1150 	DATA 	Keypress: o
189.1162 	DATA 	Keypress: o
190.1118 	DATA 	Keypress: o
190.1193 	Level RINSE 	25
192.1143 	DATA 	Keypress: o
195.1090 	Level finished 	25
195.1104 	DATA 	Keypress: o
195.4700 	Level d.jpg at position=right and c.jpg at position=left 	25
197.1102 	DATA 	Keypress: o
197.1112 	DATA 	Keypress: 1
197.1363 	Level keypress=1 at time= 1.608055 	25
197.1367 	Level injecting via pump at address 1 and a keypress of 1 and image of c.jpg 	25
202.1148 	DATA 	Keypress: o
202.1159 	DATA 	Keypress: o
202.1168 	DATA 	Keypress: o
203.1201 	Level RINSE 	25
205.1142 	DATA 	Keypress: o
210.1090 	Level finished 	25
210.1105 	DATA 	Keypress: o
210.1115 	DATA 	Keypress: o
210.1127 	DATA 	Keypress: o
210.4858 	Level b.jpg at position=left and a.jpg at position=right 	25
212.1102 	DATA 	Keypress: 2
212.1112 	DATA 	Keypress: o
212.1205 	Level keypress=2 at time= 1.589667 	25
212.1210 	Level injecting via pump at address 1 and a keypress of 2 and image of a.jpg 	25
217.1135 	DATA 	Keypress: o
217.1145 	DATA 	Keypress: o
218.1117 	DATA 	Keypress: o
218.1212 	Level RINSE 	25
220.1147 	DATA 	Keypress: o
226.1090 	Level finished 	25
226.1105 	DATA 	Keypress: o
226.1115 	DATA 	Keypress: o
226.1124 	DATA 	Keypress: o
226.4817 	Level b.jpg at position=right and a.jpg at position=left 	25
228.1102 	DATA 	Keypress: 1
228.1115 	DATA 	Keypress: o
228.1219 	Level keypress=1 at time= 1.605316 	25
228.1224 	Level injecting via pump at address 1 and a keypress of 1 and image of a.jpg 	25
233.1140 	DATA 	Keypress: o
233.1152 	DATA 	Keypress: o
234.1116 	DATA 	Keypress: o
234.1223 	Level RINSE 	25
236.1140 	DATA 	Keypress: o
240.1090 	Level finished 	25
240.1105 	DATA 	Keypress: o
240.1116 	DATA 	Keypress: o
240.4803 	Level e.jpg at position=right and f.jpg at position=left 	25
242.1102 	DATA 	Keypress: 2
242.1112 	DATA 	Keypress: o
242.1393 	Level keypress=2 at time= 1.603915 	25
242.1397 	Level injecting via pump at address 1 and a keypress of 2 and image of e.jpg 	25
247.1141 	DATA 	Keypress: o
247.1151 	DATA 	Keypress: o
248.1116 	DATA 	Keypress: o
248.1399 	Level RINSE 	25
250.1165 	DATA 	Keypress: o
254.1090 	Level finished 	25
254.1105 	DATA 	Keypress: o
254.1115 	DATA 	Keypress: o
254.4875 	Level e.jpg at position=left and f.jpg at position=right 	25
256.1102 	DATA 	Keypress: 2
256.1112 	DATA 	Keypress: o
256.1236 	Level keypress=2 at time= 1.586616 	25
256.1240 	Level injecting via pump at address 2 and a keypress of 2 and image of f.jpg 	25
261.1140 	DATA 	Keypress: o
261.1152 	DATA 	Keypress: o
262.1119 	DATA 	Keypress: o
262.1242 	Level RINSE 	25
264.1134 	DATA 	Keypress: o
268.1090 	Level finished 	25
268.1105 	DATA 	Keypress: o
268.1115 	DATA 	Keypress: o
268.4796 	Level b.jpg at position=left and a.jpg at position=right 	25
270.1103 	DATA 	Keypress: 1
270.1117 	DATA 	Keypress: o
270.1413 	Level keypress=1 at time= 1.602498 	25
270.1417 	Level injecting via pump at address 2 and a keypress of 1 and image of b.jpg 	25
275.1144 	DATA 	Keypress: o
275.1156 	DATA 	Keypress: o
276.1116 	DATA 	Keypress: o
276.1252 	Level RINSE 	25
278.1143 	DATA 	Keypress: o
281.1090 	Level finished 	25
281.1107 	DATA 	Keypress: o
281.4851 	Level d.jpg at position=left and c.jpg at position=right 	25
283.1104 	DATA 	Keypress: o
283.1120 	DATA 	Keypress: 1
283.1422 	Level keypress=1 at time= 1.603222 	25
283.1427 	Level injecting via pump at address 2 and a keypress of 1 and image of d.jpg 	25
288.1142 	DATA 	Keypress: o
288.1152 	DATA 	Keypress: o
288.1160 	DATA 	Keypress: o
289.1427 	Level RINSE 	25
291.1147 	DATA 	Keypress: o
296.1090 	Level finished 	25
296.1109 	DATA 	Keypress: o
296.1121 	DATA 	Keypress: o
296.1133 	DATA 	Keypress: o
296.4897 	Level b.jpg at position=left and a.jpg at position=right 	25
298.1102 	DATA 	Keypress: 2
298.1114 	DATA 	Keypress: o
298.1436 	Level keypress=2 at time= 1.600479 	25
298.1442 	Level injecting via pump at address 2 and a keypress of 2 and image of a.jpg 	25
303.1144 	DATA 	Keypress: o
303.1157 	DATA 	Keypress: o
304.1119 	DATA 	Keypress: o
304.1272 	Level RINSE 	25
306.1144 	DATA 	Keypress: o
311.1090 	Level finished 	25
311.1105 	DATA 	Keypress: q
311.1115 	DATA 	Keypress: q
311.1125 	DATA 	Keypress: q
311.1134 	DATA 	Keypress: q
311.1148 	DATA 	Keypress: q
311.1163 	DATA 	Keypress: q
311.1174 	DATA 	Keypress: q
311.1185 	DATA 	Keypress: q
311.1195 	DATA 	Keypress: q
