128.9058 	DATA 	Keypress: o
128.9064 	Level start key press 	25
128.9064 	Level fixation 0.000001 	25
130.9188 	DATA 	Keypress: o
132.9192 	DATA 	Keypress: o
134.9193 	DATA 	Keypress: o
134.9526 	DATA 	Keypress: 1
136.9194 	DATA 	Keypress: o
137.4005 	Level fixation end 0.000001 	25
137.4005 	Level START 	25
137.7874 	Level c.jpg at position=right and d.jpg at position=left 	25
139.4017 	DATA 	Keypress: o
139.4179 	Level Key Press Missed! 	25
144.4075 	DATA 	Keypress: 1
144.4092 	DATA 	Keypress: o
144.4105 	DATA 	Keypress: o
145.4041 	DATA 	Keypress: o
145.4182 	Level RINSE 	25
147.4075 	DATA 	Keypress: o
152.4005 	Level finished 	25
152.4027 	DATA 	Keypress: o
152.4045 	DATA 	Keypress: o
152.8008 	Level f.jpg at position=left and e.jpg at position=right 	25
154.4020 	DATA 	Keypress: o
154.4192 	Level Key Press Missed! 	25
159.4061 	DATA 	Keypress: o
159.4075 	DATA 	Keypress: o
159.4086 	DATA 	Keypress: o
160.4201 	Level RINSE 	25
162.4055 	DATA 	Keypress: 1
162.4067 	DATA 	Keypress: o
168.4005 	Level finished 	25
168.4020 	DATA 	Keypress: o
168.4033 	DATA 	Keypress: o
168.4045 	DATA 	Keypress: o
168.7724 	Level a.jpg at position=left and b.jpg at position=right 	25
170.4019 	DATA 	Keypress: o
170.4211 	Level Key Press Missed! 	25
175.4060 	DATA 	Keypress: o
175.4072 	DATA 	Keypress: o
175.4083 	DATA 	Keypress: o
176.4054 	Level RINSE 	25
178.4059 	DATA 	Keypress: o
182.4005 	Level finished 	25
182.4020 	DATA 	Keypress: o
182.4033 	DATA 	Keypress: o
182.7731 	Level f.jpg at position=left and e.jpg at position=right 	25
184.4016 	DATA 	Keypress: o
184.4227 	Level Key Press Missed! 	25
189.4062 	DATA 	Keypress: o
189.4074 	DATA 	Keypress: o
189.4084 	DATA 	Keypress: o
189.4094 	DATA 	Keypress: q
190.4031 	DATA 	Keypress: q
190.4045 	DATA 	Keypress: q
190.4058 	DATA 	Keypress: q
190.4067 	DATA 	Keypress: q
190.4077 	DATA 	Keypress: q
190.4237 	Level RINSE 	25
192.4055 	DATA 	Keypress: q
192.4065 	DATA 	Keypress: q
192.4075 	DATA 	Keypress: q
192.4085 	DATA 	Keypress: q
192.4094 	DATA 	Keypress: q
192.4103 	DATA 	Keypress: q
192.4113 	DATA 	Keypress: q
192.4122 	DATA 	Keypress: q
192.4132 	DATA 	Keypress: q
192.4141 	DATA 	Keypress: q
195.4005 	Level finished 	25
195.4024 	DATA 	Keypress: q
195.4039 	DATA 	Keypress: q
195.4052 	DATA 	Keypress: q
195.4064 	DATA 	Keypress: q
195.4075 	DATA 	Keypress: q
195.4087 	DATA 	Keypress: q
195.4099 	DATA 	Keypress: q
195.4111 	DATA 	Keypress: q
195.4123 	DATA 	Keypress: q
195.4134 	DATA 	Keypress: q
