74.9126 	DATA 	Keypress: o
74.9135 	Level start key press 	25
74.9136 	Level fixation 0.000001 	25
76.9205 	DATA 	Keypress: o
78.9208 	DATA 	Keypress: o
80.9210 	DATA 	Keypress: o
82.9208 	DATA 	Keypress: o
83.3189 	Level fixation end 0.000001 	25
83.3189 	Level START 	25
83.7246 	Level a.jpg at position=left and b.jpg at position=right 	25
85.3202 	DATA 	Keypress: 2
85.3213 	DATA 	Keypress: o
85.3361 	Level keypress=2 at time= 1.568030 	25
85.3366 	Level injecting via pump at address 2 and a keypress of 2 and image of b.jpg 	25
90.3243 	DATA 	Keypress: o
90.3255 	DATA 	Keypress: o
91.3218 	DATA 	Keypress: o
91.3366 	Level RINSE 	25
93.3235 	DATA 	Keypress: o
99.3189 	Level finished 	25
99.3202 	DATA 	Keypress: o
99.3212 	DATA 	Keypress: o
99.3226 	DATA 	Keypress: o
99.7033 	Level a.jpg at position=right and b.jpg at position=left 	25
101.3201 	DATA 	Keypress: o
101.3377 	Level Key Press Missed! 	25
106.3237 	DATA 	Keypress: 1
106.3250 	DATA 	Keypress: o
106.3261 	DATA 	Keypress: o
107.3215 	DATA 	Keypress: o
107.3385 	Level RINSE 	25
109.3237 	DATA 	Keypress: o
114.3189 	Level finished 	25
114.3203 	DATA 	Keypress: o
114.3213 	DATA 	Keypress: o
114.7037 	Level e.jpg at position=right and f.jpg at position=left 	25
116.3201 	DATA 	Keypress: o
116.3211 	DATA 	Keypress: 2
116.3395 	Level keypress=2 at time= 1.581381 	25
116.3399 	Level injecting via pump at address 1 and a keypress of 2 and image of e.jpg 	25
121.3246 	DATA 	Keypress: o
121.3257 	DATA 	Keypress: o
121.3268 	DATA 	Keypress: o
122.3402 	Level RINSE 	25
124.3239 	DATA 	Keypress: o
128.3189 	Level finished 	25
128.3202 	DATA 	Keypress: o
128.3212 	DATA 	Keypress: o
128.7103 	Level e.jpg at position=right and f.jpg at position=left 	25
130.3200 	DATA 	Keypress: o
130.3210 	DATA 	Keypress: 2
130.3411 	Level keypress=2 at time= 1.596348 	25
130.3416 	Level injecting via pump at address 1 and a keypress of 2 and image of e.jpg 	25
135.3240 	DATA 	Keypress: o
135.3250 	DATA 	Keypress: o
135.3260 	DATA 	Keypress: o
136.3419 	Level RINSE 	25
138.3242 	DATA 	Keypress: o
142.3189 	Level finished 	25
142.3202 	DATA 	Keypress: o
142.3212 	DATA 	Keypress: o
142.6981 	Level d.jpg at position=right and c.jpg at position=left 	25
144.3201 	DATA 	Keypress: o
144.3213 	DATA 	Keypress: 1
144.3427 	Level keypress=1 at time= 1.595055 	25
144.3431 	Level injecting via pump at address 1 and a keypress of 1 and image of c.jpg 	25
149.3244 	DATA 	Keypress: o
149.3258 	DATA 	Keypress: o
149.3270 	DATA 	Keypress: o
150.3269 	Level RINSE 	25
152.3239 	DATA 	Keypress: o
157.3189 	Level finished 	25
157.3204 	DATA 	Keypress: o
157.3214 	DATA 	Keypress: o
157.3225 	DATA 	Keypress: o
157.7058 	Level b.jpg at position=right and a.jpg at position=left 	25
159.3201 	DATA 	Keypress: 2
159.3214 	DATA 	Keypress: o
159.3446 	Level keypress=2 at time= 1.592175 	25
159.3450 	Level injecting via pump at address 2 and a keypress of 2 and image of b.jpg 	25
164.3243 	DATA 	Keypress: o
164.3255 	DATA 	Keypress: o
165.3218 	DATA 	Keypress: o
165.3453 	Level RINSE 	25
167.3246 	DATA 	Keypress: o
173.3189 	Level finished 	25
173.3206 	DATA 	Keypress: o
173.3220 	DATA 	Keypress: o
173.3232 	DATA 	Keypress: o
173.7001 	Level d.jpg at position=right and c.jpg at position=left 	25
175.3202 	DATA 	Keypress: 2
175.3214 	DATA 	Keypress: o
175.3296 	Level keypress=2 at time= 1.590362 	25
175.3300 	Level injecting via pump at address 2 and a keypress of 2 and image of d.jpg 	25
180.3246 	DATA 	Keypress: o
180.3259 	DATA 	Keypress: o
181.3218 	DATA 	Keypress: o
181.3305 	Level RINSE 	25
183.3244 	DATA 	Keypress: o
187.3189 	Level finished 	25
187.3202 	DATA 	Keypress: o
187.3212 	DATA 	Keypress: o
187.7015 	Level a.jpg at position=right and b.jpg at position=left 	25
189.3200 	DATA 	Keypress: 1
189.3210 	DATA 	Keypress: o
189.3479 	Level keypress=1 at time= 1.605162 	25
189.3484 	Level injecting via pump at address 2 and a keypress of 1 and image of b.jpg 	25
194.3242 	DATA 	Keypress: o
194.3251 	DATA 	Keypress: o
195.3217 	DATA 	Keypress: o
195.3322 	Level RINSE 	25
197.3247 	DATA 	Keypress: o
203.3189 	Level finished 	25
203.3203 	DATA 	Keypress: o
203.3220 	DATA 	Keypress: o
203.3231 	DATA 	Keypress: o
203.7018 	Level c.jpg at position=left and d.jpg at position=right 	25
205.3203 	DATA 	Keypress: 2
205.3215 	DATA 	Keypress: o
205.3498 	Level keypress=2 at time= 1.603529 	25
205.3503 	Level injecting via pump at address 1 and a keypress of 2 and image of d.jpg 	25
210.3243 	DATA 	Keypress: o
210.3256 	DATA 	Keypress: o
211.3215 	DATA 	Keypress: o
211.3341 	Level RINSE 	25
213.3240 	DATA 	Keypress: o
218.3189 	Level finished 	25
218.3207 	DATA 	Keypress: o
218.3221 	DATA 	Keypress: o
218.6981 	Level c.jpg at position=left and d.jpg at position=right 	25
220.3203 	DATA 	Keypress: o
220.3215 	DATA 	Keypress: 2
220.3349 	Level keypress=2 at time= 1.603083 	25
220.3355 	Level injecting via pump at address 1 and a keypress of 2 and image of d.jpg 	25
225.3248 	DATA 	Keypress: o
225.3260 	DATA 	Keypress: o
225.3271 	DATA 	Keypress: o
226.3359 	Level RINSE 	25
228.3242 	DATA 	Keypress: o
233.3189 	Level finished 	25
233.3205 	DATA 	Keypress: o
233.3217 	DATA 	Keypress: o
233.3229 	DATA 	Keypress: o
233.7034 	Level c.jpg at position=right and d.jpg at position=left 	25
235.3202 	DATA 	Keypress: 1
235.3214 	DATA 	Keypress: o
235.3366 	Level keypress=1 at time= 1.583336 	25
235.3373 	Level injecting via pump at address 2 and a keypress of 1 and image of d.jpg 	25
240.3244 	DATA 	Keypress: o
240.3256 	DATA 	Keypress: o
241.3218 	DATA 	Keypress: o
241.3376 	Level RINSE 	25
243.3245 	DATA 	Keypress: o
248.3189 	Level finished 	25
248.3205 	DATA 	Keypress: o
248.3214 	DATA 	Keypress: o
248.6984 	Level a.jpg at position=left and b.jpg at position=right 	25
250.3202 	DATA 	Keypress: o
250.3214 	DATA 	Keypress: 1
250.3385 	Level keypress=1 at time= 1.599295 	25
250.3390 	Level injecting via pump at address 1 and a keypress of 1 and image of a.jpg 	25
255.3248 	DATA 	Keypress: o
255.3260 	DATA 	Keypress: o
255.3271 	DATA 	Keypress: o
256.3393 	Level RINSE 	25
258.3242 	DATA 	Keypress: o
261.3189 	Level finished 	25
261.3208 	DATA 	Keypress: o
261.3220 	DATA 	Keypress: o
261.7107 	Level a.jpg at position=right and b.jpg at position=left 	25
263.3202 	DATA 	Keypress: 2
263.3215 	DATA 	Keypress: o
263.3400 	Level keypress=2 at time= 1.580030 	25
263.3405 	Level injecting via pump at address 2 and a keypress of 2 and image of a.jpg 	25
268.3236 	DATA 	Keypress: o
268.3248 	DATA 	Keypress: o
269.3216 	DATA 	Keypress: o
269.3409 	Level RINSE 	25
271.3239 	DATA 	Keypress: o
275.3189 	Level finished 	25
275.3203 	DATA 	Keypress: o
275.3214 	DATA 	Keypress: o
275.6994 	Level c.jpg at position=right and d.jpg at position=left 	25
277.3203 	DATA 	Keypress: 1
277.3215 	DATA 	Keypress: 1
277.3224 	DATA 	Keypress: o
277.3416 	Level keypress=1 at time= 1.595063 	25
277.3422 	Level injecting via pump at address 1 and a keypress of 1 and image of d.jpg 	25
282.3244 	DATA 	Keypress: o
282.3256 	DATA 	Keypress: o
283.3217 	DATA 	Keypress: o
283.3426 	Level RINSE 	25
285.3241 	DATA 	Keypress: o
290.3189 	Level finished 	25
290.3206 	DATA 	Keypress: o
290.3219 	DATA 	Keypress: o
290.7060 	Level c.jpg at position=left and d.jpg at position=right 	25
292.3202 	DATA 	Keypress: o
292.3214 	DATA 	Keypress: 2
292.3433 	Level keypress=2 at time= 1.594517 	25
292.3439 	Level injecting via pump at address 1 and a keypress of 2 and image of d.jpg 	25
297.3243 	DATA 	Keypress: o
297.3255 	DATA 	Keypress: o
297.3267 	DATA 	Keypress: o
298.3443 	Level RINSE 	25
300.3243 	DATA 	Keypress: o
306.3189 	Level finished 	25
306.3203 	DATA 	Keypress: o
306.3213 	DATA 	Keypress: o
306.3222 	DATA 	Keypress: o
306.6973 	Level d.jpg at position=right and c.jpg at position=left 	25
308.3202 	DATA 	Keypress: o
308.3214 	DATA 	Keypress: 1
308.3226 	DATA 	Keypress: 1
308.3452 	Level keypress=1 at time= 1.609286 	25
308.3458 	Level injecting via pump at address 1 and a keypress of 1 and image of c.jpg 	25
313.3239 	DATA 	Keypress: 1
313.3249 	DATA 	Keypress: o
313.3258 	DATA 	Keypress: o
313.3266 	DATA 	Keypress: o
314.3461 	Level RINSE 	25
316.3240 	DATA 	Keypress: o
320.3189 	Level finished 	25
320.3206 	DATA 	Keypress: o
320.3218 	DATA 	Keypress: o
320.6924 	Level c.jpg at position=right and d.jpg at position=left 	25
322.3202 	DATA 	Keypress: o
322.3215 	DATA 	Keypress: 2
322.3303 	Level keypress=2 at time= 1.607751 	25
322.3307 	Level injecting via pump at address 1 and a keypress of 2 and image of c.jpg 	25
327.3236 	DATA 	Keypress: o
327.3245 	DATA 	Keypress: o
327.3255 	DATA 	Keypress: o
328.3310 	Level RINSE 	25
330.3238 	DATA 	Keypress: o
333.3189 	Level finished 	25
333.3212 	DATA 	Keypress: o
333.3224 	DATA 	Keypress: o
333.7070 	Level e.jpg at position=left and f.jpg at position=right 	25
335.3202 	DATA 	Keypress: 1
335.3215 	DATA 	Keypress: o
335.3226 	DATA 	Keypress: 1
335.3484 	Level keypress=1 at time= 1.588267 	25
335.3490 	Level injecting via pump at address 2 and a keypress of 1 and image of e.jpg 	25
340.3247 	DATA 	Keypress: o
340.3259 	DATA 	Keypress: o
341.3217 	DATA 	Keypress: o
341.3326 	Level RINSE 	25
343.3243 	DATA 	Keypress: o
348.3189 	Level finished 	25
348.3205 	DATA 	Keypress: o
348.3217 	DATA 	Keypress: o
348.6980 	Level b.jpg at position=left and a.jpg at position=right 	25
350.3200 	DATA 	Keypress: o
350.3210 	DATA 	Keypress: 1
350.3335 	Level keypress=1 at time= 1.587244 	25
350.3340 	Level injecting via pump at address 2 and a keypress of 1 and image of b.jpg 	25
355.3242 	DATA 	Keypress: o
355.3254 	DATA 	Keypress: o
355.3266 	DATA 	Keypress: o
356.3343 	Level RINSE 	25
358.3247 	DATA 	Keypress: o
363.3189 	Level finished 	25
363.3205 	DATA 	Keypress: o
363.3215 	DATA 	Keypress: o
363.3225 	DATA 	Keypress: o
363.7027 	Level c.jpg at position=left and d.jpg at position=right 	25
365.3202 	DATA 	Keypress: o
365.3352 	Level Key Press Missed! 	25
370.3243 	DATA 	Keypress: o
370.3256 	DATA 	Keypress: o
371.3217 	DATA 	Keypress: o
371.3529 	Level RINSE 	25
373.3247 	DATA 	Keypress: o
377.3189 	Level finished 	25
377.3206 	DATA 	Keypress: o
377.3218 	DATA 	Keypress: o
377.7064 	Level b.jpg at position=left and a.jpg at position=right 	25
379.3202 	DATA 	Keypress: 2
379.3215 	DATA 	Keypress: o
379.3370 	Level keypress=2 at time= 1.583145 	25
379.3374 	Level injecting via pump at address 1 and a keypress of 2 and image of a.jpg 	25
384.3250 	DATA 	Keypress: o
384.3262 	DATA 	Keypress: o
385.3217 	DATA 	Keypress: o
385.3378 	Level RINSE 	25
387.3239 	DATA 	Keypress: o
391.3189 	Level finished 	25
391.3208 	DATA 	Keypress: o
391.3220 	DATA 	Keypress: o
391.7095 	Level f.jpg at position=right and e.jpg at position=left 	25
393.3202 	DATA 	Keypress: 2
393.3214 	DATA 	Keypress: o
393.3551 	Level keypress=2 at time= 1.581379 	25
393.3557 	Level injecting via pump at address 2 and a keypress of 2 and image of f.jpg 	25
398.3236 	DATA 	Keypress: o
398.3247 	DATA 	Keypress: o
399.3221 	DATA 	Keypress: o
399.3393 	Level RINSE 	25
401.3240 	DATA 	Keypress: o
407.3189 	Level finished 	25
407.3207 	DATA 	Keypress: o
407.3219 	DATA 	Keypress: o
407.3228 	DATA 	Keypress: o
407.7049 	Level d.jpg at position=left and c.jpg at position=right 	25
409.3202 	DATA 	Keypress: 2
409.3213 	DATA 	Keypress: o
409.3222 	DATA 	Keypress: 1
409.3405 	Level keypress=2 at time= 1.579540 	25
409.3409 	Level injecting via pump at address 2 and a keypress of 2 and image of c.jpg 	25
414.3249 	DATA 	Keypress: o
414.3261 	DATA 	Keypress: o
415.3216 	DATA 	Keypress: o
415.3245 	Level RINSE 	25
417.3242 	DATA 	Keypress: o
423.3189 	Level finished 	25
423.3209 	DATA 	Keypress: o
423.3222 	DATA 	Keypress: o
423.3234 	DATA 	Keypress: o
423.7010 	Level c.jpg at position=right and d.jpg at position=left 	25
425.3202 	DATA 	Keypress: 2
425.3214 	DATA 	Keypress: o
425.3423 	Level keypress=2 at time= 1.594395 	25
425.3427 	Level injecting via pump at address 1 and a keypress of 2 and image of c.jpg 	25
430.3247 	DATA 	Keypress: o
430.3262 	DATA 	Keypress: o
431.3219 	DATA 	Keypress: o
431.3265 	Level RINSE 	25
433.3239 	DATA 	Keypress: o
439.3189 	Level finished 	25
439.3212 	DATA 	Keypress: o
439.3225 	DATA 	Keypress: o
439.3237 	DATA 	Keypress: o
439.7083 	Level a.jpg at position=right and b.jpg at position=left 	25
441.3203 	DATA 	Keypress: 1
441.3216 	DATA 	Keypress: o
441.3441 	Level keypress=1 at time= 1.575976 	25
441.3445 	Level injecting via pump at address 2 and a keypress of 1 and image of b.jpg 	25
446.3245 	DATA 	Keypress: o
446.3257 	DATA 	Keypress: o
447.3215 	DATA 	Keypress: o
447.3284 	Level RINSE 	25
449.3234 	DATA 	Keypress: o
455.3189 	Level finished 	25
455.3207 	DATA 	Keypress: o
455.3219 	DATA 	Keypress: o
455.3230 	DATA 	Keypress: o
455.6960 	Level c.jpg at position=right and d.jpg at position=left 	25
457.3201 	DATA 	Keypress: 1
457.3213 	DATA 	Keypress: o
457.3460 	Level keypress=1 at time= 1.590563 	25
457.3465 	Level injecting via pump at address 2 and a keypress of 1 and image of d.jpg 	25
462.3243 	DATA 	Keypress: o
462.3255 	DATA 	Keypress: o
463.3213 	DATA 	Keypress: o
463.3302 	Level RINSE 	25
465.3244 	DATA 	Keypress: o
469.3189 	Level finished 	25
