68.5479 	DATA 	Keypress: o
68.5486 	Level start key press 	25
68.5486 	Level fixation 0.000000 	25
70.5517 	DATA 	Keypress: o
72.5523 	DATA 	Keypress: o
74.5522 	DATA 	Keypress: o
76.5523 	DATA 	Keypress: o
76.8501 	Level fixation end 0.000000 	25
76.8501 	Level START 	25
77.2521 	Level b.jpg at position=right and a.jpg at position=left 	25
78.8512 	DATA 	Keypress: 2
78.8522 	DATA 	Keypress: o
78.8674 	Level keypress=2 at time= 1.567885 	25
78.8678 	Level injecting via pump at address 1 and a keypress of 2 and image of b.jpg 	25
83.8564 	DATA 	Keypress: o
83.8581 	DATA 	Keypress: o
84.8535 	DATA 	Keypress: o
84.8676 	Level RINSE 	25
86.8549 	DATA 	Keypress: o
92.8501 	Level finished 	25
92.8514 	DATA 	Keypress: o
92.8524 	DATA 	Keypress: o
92.8533 	DATA 	Keypress: o
93.2423 	Level b.jpg at position=left and a.jpg at position=right 	25
94.8514 	DATA 	Keypress: 2
94.8527 	DATA 	Keypress: o
94.8688 	Level keypress=2 at time= 1.582404 	25
94.8693 	Level injecting via pump at address 1 and a keypress of 2 and image of a.jpg 	25
99.8553 	DATA 	Keypress: o
99.8565 	DATA 	Keypress: o
100.8524 	DATA 	Keypress: o
100.8696 	Level RINSE 	25
102.8559 	DATA 	Keypress: o
107.8501 	Level finished 	25
107.8514 	DATA 	Keypress: o
107.8524 	DATA 	Keypress: o
108.2308 	Level a.jpg at position=left and b.jpg at position=right 	25
109.8512 	DATA 	Keypress: o
109.8524 	DATA 	Keypress: 2
109.8706 	Level keypress=2 at time= 1.598754 	25
109.8711 	Level injecting via pump at address 2 and a keypress of 2 and image of b.jpg 	25
114.8558 	DATA 	Keypress: o
114.8572 	DATA 	Keypress: o
114.8584 	DATA 	Keypress: o
115.8714 	Level RINSE 	25
117.8546 	DATA 	Keypress: o
122.8501 	Level finished 	25
122.8516 	DATA 	Keypress: o
122.8528 	DATA 	Keypress: o
122.8538 	DATA 	Keypress: o
123.2295 	Level c.jpg at position=left and d.jpg at position=right 	25
124.8513 	DATA 	Keypress: 1
124.8522 	DATA 	Keypress: o
124.8727 	Level keypress=1 at time= 1.595787 	25
124.8732 	Level injecting via pump at address 1 and a keypress of 1 and image of c.jpg 	25
129.8546 	DATA 	Keypress: o
129.8557 	DATA 	Keypress: o
130.8525 	DATA 	Keypress: o
130.8565 	Level RINSE 	25
132.8554 	DATA 	Keypress: o
138.8501 	Level finished 	25
138.8514 	DATA 	Keypress: o
138.8524 	DATA 	Keypress: o
138.8533 	DATA 	Keypress: o
139.2414 	Level f.jpg at position=left and e.jpg at position=right 	25
140.8512 	DATA 	Keypress: 1
140.8522 	DATA 	Keypress: 2
140.8531 	DATA 	Keypress: o
140.8742 	Level keypress=1 at time= 1.576712 	25
140.8747 	Level injecting via pump at address 1 and a keypress of 1 and image of f.jpg 	25
145.8557 	DATA 	Keypress: o
145.8570 	DATA 	Keypress: o
146.8525 	DATA 	Keypress: o
146.8584 	Level RINSE 	25
148.8560 	DATA 	Keypress: o
152.8501 	Level finished 	25
152.8515 	DATA 	Keypress: o
152.8527 	DATA 	Keypress: o
153.2356 	Level e.jpg at position=left and f.jpg at position=right 	25
154.8512 	DATA 	Keypress: 1
154.8522 	DATA 	Keypress: o
154.8759 	Level keypress=1 at time= 1.592262 	25
154.8763 	Level injecting via pump at address 1 and a keypress of 1 and image of e.jpg 	25
159.8558 	DATA 	Keypress: o
159.8573 	DATA 	Keypress: o
160.8527 	DATA 	Keypress: o
160.8766 	Level RINSE 	25
162.8554 	DATA 	Keypress: o
167.8501 	Level finished 	25
167.8516 	DATA 	Keypress: o
167.8529 	DATA 	Keypress: o
168.2218 	Level e.jpg at position=right and f.jpg at position=left 	25
169.8513 	DATA 	Keypress: o
169.8526 	DATA 	Keypress: 1
169.8780 	Level keypress=1 at time= 1.591844 	25
169.8786 	Level injecting via pump at address 1 and a keypress of 1 and image of f.jpg 	25
174.8554 	DATA 	Keypress: o
174.8569 	DATA 	Keypress: o
174.8581 	DATA 	Keypress: o
175.8617 	Level RINSE 	25
177.8554 	DATA 	Keypress: o
182.8501 	Level finished 	25
182.8521 	DATA 	Keypress: o
182.8533 	DATA 	Keypress: o
182.8544 	DATA 	Keypress: o
183.2425 	Level a.jpg at position=left and b.jpg at position=right 	25
184.8514 	DATA 	Keypress: 1
184.8529 	DATA 	Keypress: o
184.8626 	Level keypress=1 at time= 1.571913 	25
184.8631 	Level injecting via pump at address 1 and a keypress of 1 and image of a.jpg 	25
189.8551 	DATA 	Keypress: o
189.8562 	DATA 	Keypress: o
190.8529 	DATA 	Keypress: o
190.8635 	Level RINSE 	25
192.8544 	DATA 	Keypress: o
198.8501 	Level finished 	25
198.8516 	DATA 	Keypress: o
198.8528 	DATA 	Keypress: o
198.8538 	DATA 	Keypress: o
199.2351 	Level b.jpg at position=right and a.jpg at position=left 	25
200.8512 	DATA 	Keypress: 2
200.8522 	DATA 	Keypress: o
200.8645 	Level keypress=2 at time= 1.586841 	25
200.8650 	Level injecting via pump at address 2 and a keypress of 2 and image of b.jpg 	25
205.8564 	DATA 	Keypress: o
205.8577 	DATA 	Keypress: o
206.8529 	DATA 	Keypress: o
206.8655 	Level RINSE 	25
208.8550 	DATA 	Keypress: o
214.8501 	Level finished 	25
214.8517 	DATA 	Keypress: o
214.8530 	DATA 	Keypress: o
214.8540 	DATA 	Keypress: o
215.2423 	Level f.jpg at position=right and e.jpg at position=left 	25
216.8514 	DATA 	Keypress: 1
216.8527 	DATA 	Keypress: o
216.8668 	Level keypress=1 at time= 1.585143 	25
216.8673 	Level injecting via pump at address 1 and a keypress of 1 and image of e.jpg 	25
221.8552 	DATA 	Keypress: o
221.8565 	DATA 	Keypress: o
222.8525 	DATA 	Keypress: o
222.8672 	Level RINSE 	25
224.8551 	DATA 	Keypress: o
227.8501 	Level finished 	25
227.8516 	DATA 	Keypress: o
228.2376 	Level b.jpg at position=right and a.jpg at position=left 	25
229.8512 	DATA 	Keypress: o
229.8522 	DATA 	Keypress: 1
229.8678 	Level keypress=1 at time= 1.600716 	25
229.8683 	Level injecting via pump at address 1 and a keypress of 1 and image of a.jpg 	25
234.8558 	DATA 	Keypress: o
234.8573 	DATA 	Keypress: o
234.8585 	DATA 	Keypress: o
235.8688 	Level RINSE 	25
237.8545 	DATA 	Keypress: o
242.8501 	Level finished 	25
242.8515 	DATA 	Keypress: o
242.8526 	DATA 	Keypress: o
242.8537 	DATA 	Keypress: o
243.2507 	Level e.jpg at position=left and f.jpg at position=right 	25
244.8513 	DATA 	Keypress: 2
244.8526 	DATA 	Keypress: o
244.8697 	Level keypress=2 at time= 1.581803 	25
244.8702 	Level injecting via pump at address 1 and a keypress of 2 and image of f.jpg 	25
249.8546 	DATA 	Keypress: o
249.8556 	DATA 	Keypress: o
250.8529 	DATA 	Keypress: o
250.8706 	Level RINSE 	25
252.8546 	DATA 	Keypress: o
258.8501 	Level finished 	25
258.8515 	DATA 	Keypress: o
258.8527 	DATA 	Keypress: o
258.8539 	DATA 	Keypress: o
259.2312 	Level f.jpg at position=right and e.jpg at position=left 	25
260.8512 	DATA 	Keypress: 2
260.8522 	DATA 	Keypress: o
260.8720 	Level keypress=2 at time= 1.596469 	25
260.8725 	Level injecting via pump at address 2 and a keypress of 2 and image of f.jpg 	25
265.8562 	DATA 	Keypress: o
265.8576 	DATA 	Keypress: o
266.8526 	DATA 	Keypress: o
266.8724 	Level RINSE 	25
268.8554 	DATA 	Keypress: o
272.8501 	Level finished 	25
272.8515 	DATA 	Keypress: o
272.8526 	DATA 	Keypress: o
273.2337 	Level f.jpg at position=right and e.jpg at position=left 	25
274.8516 	DATA 	Keypress: 1
274.8530 	DATA 	Keypress: o
274.8732 	Level keypress=1 at time= 1.594883 	25
274.8737 	Level injecting via pump at address 1 and a keypress of 1 and image of e.jpg 	25
279.8545 	DATA 	Keypress: o
279.8556 	DATA 	Keypress: o
280.8525 	DATA 	Keypress: o
280.8573 	Level RINSE 	25
282.8565 	DATA 	Keypress: o
286.8501 	Level finished 	25
286.8516 	DATA 	Keypress: o
286.8529 	DATA 	Keypress: o
287.2308 	Level d.jpg at position=left and c.jpg at position=right 	25
288.8514 	DATA 	Keypress: 2
288.8526 	DATA 	Keypress: o
288.8748 	Level keypress=2 at time= 1.593418 	25
288.8753 	Level injecting via pump at address 1 and a keypress of 2 and image of c.jpg 	25
293.8549 	DATA 	Keypress: o
293.8561 	DATA 	Keypress: o
294.8533 	DATA 	Keypress: o
294.8758 	Level RINSE 	25
296.8555 	DATA 	Keypress: o
300.8501 	Level finished 	25
300.8515 	DATA 	Keypress: o
300.8524 	DATA 	Keypress: o
301.2393 	Level a.jpg at position=right and b.jpg at position=left 	25
302.8512 	DATA 	Keypress: 2
302.8523 	DATA 	Keypress: o
302.8599 	Level keypress=2 at time= 1.591587 	25
302.8603 	Level injecting via pump at address 2 and a keypress of 2 and image of a.jpg 	25
307.8552 	DATA 	Keypress: o
307.8564 	DATA 	Keypress: o
308.8525 	DATA 	Keypress: o
308.8607 	Level RINSE 	25
310.8559 	DATA 	Keypress: o
313.8501 	Level finished 	25
313.8516 	DATA 	Keypress: o
314.2235 	Level d.jpg at position=left and c.jpg at position=right 	25
315.8513 	DATA 	Keypress: o
315.8526 	DATA 	Keypress: 1
315.8613 	Level keypress=1 at time= 1.591417 	25
315.8619 	Level injecting via pump at address 2 and a keypress of 1 and image of d.jpg 	25
320.8546 	DATA 	Keypress: o
320.8558 	DATA 	Keypress: o
320.8568 	DATA 	Keypress: o
321.8622 	Level RINSE 	25
323.8547 	DATA 	Keypress: o
328.8501 	Level finished 	25
328.8515 	DATA 	Keypress: o
328.8525 	DATA 	Keypress: o
328.8535 	DATA 	Keypress: o
329.2425 	Level b.jpg at position=right and a.jpg at position=left 	25
330.8515 	DATA 	Keypress: 1
330.8528 	DATA 	Keypress: o
330.8635 	Level keypress=1 at time= 1.588616 	25
330.8640 	Level injecting via pump at address 1 and a keypress of 1 and image of a.jpg 	25
335.8562 	DATA 	Keypress: o
335.8576 	DATA 	Keypress: o
336.8527 	DATA 	Keypress: o
336.8640 	Level RINSE 	25
338.8547 	DATA 	Keypress: o
343.8501 	Level finished 	25
343.8520 	DATA 	Keypress: o
343.8531 	DATA 	Keypress: o
344.2358 	Level b.jpg at position=left and a.jpg at position=right 	25
345.8512 	DATA 	Keypress: o
345.8523 	DATA 	Keypress: 2
345.8815 	Level keypress=2 at time= 1.587234 	25
345.8820 	Level injecting via pump at address 1 and a keypress of 2 and image of a.jpg 	25
350.8551 	DATA 	Keypress: o
350.8562 	DATA 	Keypress: o
350.8572 	DATA 	Keypress: o
351.8825 	Level RINSE 	25
353.8545 	DATA 	Keypress: o
357.8501 	Level finished 	25
357.8517 	DATA 	Keypress: o
357.8529 	DATA 	Keypress: o
358.2306 	Level c.jpg at position=left and d.jpg at position=right 	25
359.8514 	DATA 	Keypress: o
359.8526 	DATA 	Keypress: 2
359.8665 	Level keypress=2 at time= 1.586319 	25
359.8670 	Level injecting via pump at address 1 and a keypress of 2 and image of d.jpg 	25
364.8566 	DATA 	Keypress: o
364.8579 	DATA 	Keypress: o
364.8591 	DATA 	Keypress: o
365.8673 	Level RINSE 	25
367.8554 	DATA 	Keypress: o
371.8501 	Level finished 	25
371.8516 	DATA 	Keypress: o
371.8526 	DATA 	Keypress: o
372.2420 	Level a.jpg at position=right and b.jpg at position=left 	25
373.8513 	DATA 	Keypress: o
373.8848 	Level Key Press Missed! 	25
378.8562 	DATA 	Keypress: 1
378.8574 	DATA 	Keypress: o
378.8585 	DATA 	Keypress: o
378.8594 	DATA 	Keypress: o
379.8689 	Level RINSE 	25
381.8546 	DATA 	Keypress: o
387.8501 	Level finished 	25
387.8517 	DATA 	Keypress: o
387.8529 	DATA 	Keypress: o
387.8540 	DATA 	Keypress: o
388.2373 	Level e.jpg at position=left and f.jpg at position=right 	25
389.8512 	DATA 	Keypress: o
389.8522 	DATA 	Keypress: 2
389.8704 	Level keypress=2 at time= 1.582341 	25
389.8709 	Level injecting via pump at address 2 and a keypress of 2 and image of f.jpg 	25
394.8551 	DATA 	Keypress: o
394.8563 	DATA 	Keypress: o
394.8573 	DATA 	Keypress: o
395.8708 	Level RINSE 	25
397.8551 	DATA 	Keypress: o
401.8501 	Level finished 	25
401.8516 	DATA 	Keypress: o
401.8526 	DATA 	Keypress: o
402.2312 	Level d.jpg at position=right and c.jpg at position=left 	25
403.8514 	DATA 	Keypress: o
403.8526 	DATA 	Keypress: 2
403.8717 	Level keypress=2 at time= 1.580699 	25
403.8722 	Level injecting via pump at address 2 and a keypress of 2 and image of d.jpg 	25
408.8556 	DATA 	Keypress: o
408.8566 	DATA 	Keypress: o
408.8575 	DATA 	Keypress: o
409.8725 	Level RINSE 	25
411.8554 	DATA 	Keypress: o
416.8501 	Level finished 	25
416.8518 	DATA 	Keypress: o
416.8530 	DATA 	Keypress: o
416.8541 	DATA 	Keypress: o
417.2293 	Level b.jpg at position=left and a.jpg at position=right 	25
418.8512 	DATA 	Keypress: 2
418.8522 	DATA 	Keypress: o
418.8735 	Level keypress=2 at time= 1.594698 	25
418.8739 	Level injecting via pump at address 2 and a keypress of 2 and image of a.jpg 	25
423.8552 	DATA 	Keypress: o
423.8564 	DATA 	Keypress: o
424.8525 	DATA 	Keypress: o
424.8576 	Level RINSE 	25
426.8559 	DATA 	Keypress: o
430.8501 	Level finished 	25
430.8518 	DATA 	Keypress: o
430.8531 	DATA 	Keypress: o
431.2317 	Level b.jpg at position=left and a.jpg at position=right 	25
432.8513 	DATA 	Keypress: 1
432.8523 	DATA 	Keypress: o
432.8750 	Level keypress=1 at time= 1.593086 	25
432.8756 	Level injecting via pump at address 2 and a keypress of 1 and image of b.jpg 	25
437.8560 	DATA 	Keypress: o
437.8574 	DATA 	Keypress: o
438.8526 	DATA 	Keypress: o
438.8759 	Level RINSE 	25
440.8551 	DATA 	Keypress: o
446.8501 	Level finished 	25
446.8520 	DATA 	Keypress: o
446.8533 	DATA 	Keypress: o
446.8545 	DATA 	Keypress: o
447.2280 	Level e.jpg at position=left and f.jpg at position=right 	25
448.8512 	DATA 	Keypress: 2
448.8522 	DATA 	Keypress: o
448.8774 	Level keypress=2 at time= 1.591179 	25
448.8779 	Level injecting via pump at address 2 and a keypress of 2 and image of f.jpg 	25
453.8551 	DATA 	Keypress: o
453.8562 	DATA 	Keypress: o
454.8527 	DATA 	Keypress: o
454.8777 	Level RINSE 	25
456.8551 	DATA 	Keypress: o
463.8501 	Level finished 	25
