100.8600 	DATA 	Keypress: o
100.8610 	Level start key press 	25
100.8611 	Level fixation 0.000002 	25
102.8690 	DATA 	Keypress: o
104.8696 	DATA 	Keypress: o
106.8695 	DATA 	Keypress: o
108.8698 	DATA 	Keypress: o
109.3174 	Level fixation end 0.000002 	25
109.3174 	Level START 	25
109.7257 	Level c.jpg at position=left and d.jpg at position=right 	25
111.3191 	DATA 	Keypress: 1
111.3207 	DATA 	Keypress: o
111.3513 	Level keypress=1 at time= 1.568189 	25
111.3518 	Level injecting via pump at address 2 and a keypress of 1 and image of c.jpg 	25
116.3233 	DATA 	Keypress: o
116.3246 	DATA 	Keypress: o
117.3202 	DATA 	Keypress: o
117.3352 	Level RINSE 	25
119.3224 	DATA 	Keypress: o
125.3174 	Level finished 	25
125.3191 	DATA 	Keypress: o
125.3205 	DATA 	Keypress: o
125.3217 	DATA 	Keypress: o
125.7020 	Level c.jpg at position=left and d.jpg at position=right 	25
127.3188 	DATA 	Keypress: o
127.3528 	Level Key Press Missed! 	25
132.3228 	DATA 	Keypress: o
132.3239 	DATA 	Keypress: o
133.3203 	DATA 	Keypress: o
133.3370 	Level RINSE 	25
135.3219 	DATA 	Keypress: o
140.3175 	Level finished 	25
140.3188 	DATA 	Keypress: o
140.3201 	DATA 	Keypress: o
140.7199 	Level b.jpg at position=left and a.jpg at position=right 	25
142.3186 	DATA 	Keypress: o
142.3196 	DATA 	Keypress: 2
142.3380 	Level keypress=2 at time= 1.581602 	25
142.3385 	Level injecting via pump at address 2 and a keypress of 2 and image of a.jpg 	25
147.3232 	DATA 	Keypress: o
147.3245 	DATA 	Keypress: o
147.3255 	DATA 	Keypress: o
148.3388 	Level RINSE 	25
150.3220 	DATA 	Keypress: o
154.3174 	Level finished 	25
154.3189 	DATA 	Keypress: o
154.3200 	DATA 	Keypress: o
154.7022 	Level c.jpg at position=right and d.jpg at position=left 	25
156.3188 	DATA 	Keypress: o
156.3200 	DATA 	Keypress: 2
156.3396 	Level keypress=2 at time= 1.596883 	25
156.3402 	Level injecting via pump at address 1 and a keypress of 2 and image of c.jpg 	25
161.3226 	DATA 	Keypress: o
161.3236 	DATA 	Keypress: o
161.3246 	DATA 	Keypress: o
162.3238 	Level RINSE 	25
164.3219 	DATA 	Keypress: o
168.3174 	Level finished 	25
168.3189 	DATA 	Keypress: o
168.3201 	DATA 	Keypress: o
168.7131 	Level a.jpg at position=left and b.jpg at position=right 	25
170.3187 	DATA 	Keypress: o
170.3198 	DATA 	Keypress: 1
170.3207 	DATA 	Keypress: 1
170.3217 	DATA 	Keypress: 1
170.3412 	Level keypress=1 at time= 1.578296 	25
170.3418 	Level injecting via pump at address 1 and a keypress of 1 and image of a.jpg 	25
175.3225 	DATA 	Keypress: o
175.3237 	DATA 	Keypress: o
175.3248 	DATA 	Keypress: o
176.3421 	Level RINSE 	25
178.3222 	DATA 	Keypress: o
183.3174 	Level finished 	25
183.3191 	DATA 	Keypress: o
183.3205 	DATA 	Keypress: o
183.3217 	DATA 	Keypress: o
183.7178 	Level f.jpg at position=left and e.jpg at position=right 	25
185.3187 	DATA 	Keypress: 2
185.3201 	DATA 	Keypress: o
185.3429 	Level keypress=2 at time= 1.575513 	25
185.3435 	Level injecting via pump at address 1 and a keypress of 2 and image of e.jpg 	25
190.3229 	DATA 	Keypress: o
190.3239 	DATA 	Keypress: o
191.3201 	DATA 	Keypress: o
191.3438 	Level RINSE 	25
193.3227 	DATA 	Keypress: o
199.3175 	Level finished 	25
199.3195 	DATA 	Keypress: o
199.3212 	DATA 	Keypress: o
199.3224 	DATA 	Keypress: o
199.7094 	Level a.jpg at position=right and b.jpg at position=left 	25
201.3188 	DATA 	Keypress: 2
201.3200 	DATA 	Keypress: o
201.3449 	Level keypress=2 at time= 1.590275 	25
201.3454 	Level injecting via pump at address 2 and a keypress of 2 and image of a.jpg 	25
206.3230 	DATA 	Keypress: o
206.3245 	DATA 	Keypress: o
207.3199 	DATA 	Keypress: o
207.3457 	Level RINSE 	25
209.3238 	DATA 	Keypress: o
213.3175 	Level finished 	25
213.3188 	DATA 	Keypress: o
213.3198 	DATA 	Keypress: o
213.7061 	Level e.jpg at position=left and f.jpg at position=right 	25
215.3185 	DATA 	Keypress: o
215.3196 	DATA 	Keypress: 2
215.3298 	Level keypress=2 at time= 1.589502 	25
215.3302 	Level injecting via pump at address 1 and a keypress of 2 and image of f.jpg 	25
220.3232 	DATA 	Keypress: o
220.3250 	DATA 	Keypress: o
221.3203 	DATA 	Keypress: o
221.3307 	Level RINSE 	25
223.3238 	DATA 	Keypress: o
229.3174 	Level finished 	25
229.3189 	DATA 	Keypress: o
229.3200 	DATA 	Keypress: o
229.3212 	DATA 	Keypress: o
229.7047 	Level d.jpg at position=left and c.jpg at position=right 	25
231.3186 	DATA 	Keypress: 1
231.3198 	DATA 	Keypress: o
231.3316 	Level keypress=1 at time= 1.586702 	25
231.3321 	Level injecting via pump at address 1 and a keypress of 1 and image of d.jpg 	25
236.3237 	DATA 	Keypress: o
236.3249 	DATA 	Keypress: o
237.3201 	DATA 	Keypress: o
237.3325 	Level RINSE 	25
239.3220 	DATA 	Keypress: o
244.3174 	Level finished 	25
244.3188 	DATA 	Keypress: o
244.3198 	DATA 	Keypress: o
244.6965 	Level f.jpg at position=left and e.jpg at position=right 	25
246.3185 	DATA 	Keypress: o
246.3197 	DATA 	Keypress: 1
246.3335 	Level keypress=1 at time= 1.602713 	25
246.3339 	Level injecting via pump at address 1 and a keypress of 1 and image of f.jpg 	25
251.3232 	DATA 	Keypress: o
251.3244 	DATA 	Keypress: o
251.3254 	DATA 	Keypress: o
252.3510 	Level RINSE 	25
254.3219 	DATA 	Keypress: o
259.3174 	Level finished 	25
259.3190 	DATA 	Keypress: o
259.3202 	DATA 	Keypress: o
259.3214 	DATA 	Keypress: o
259.7025 	Level a.jpg at position=right and b.jpg at position=left 	25
261.3189 	DATA 	Keypress: 2
261.3202 	DATA 	Keypress: o
261.3520 	Level keypress=2 at time= 1.600101 	25
261.3524 	Level injecting via pump at address 2 and a keypress of 2 and image of a.jpg 	25
266.3219 	DATA 	Keypress: o
266.3232 	DATA 	Keypress: o
267.3205 	DATA 	Keypress: o
267.3361 	Level RINSE 	25
269.3224 	DATA 	Keypress: o
274.3174 	Level finished 	25
274.3192 	DATA 	Keypress: o
274.3205 	DATA 	Keypress: o
274.7051 	Level a.jpg at position=left and b.jpg at position=right 	25
276.3186 	DATA 	Keypress: o
276.3199 	DATA 	Keypress: 1
276.3211 	DATA 	Keypress: 1
276.3370 	Level keypress=1 at time= 1.599402 	25
276.3374 	Level injecting via pump at address 1 and a keypress of 1 and image of a.jpg 	25
281.3233 	DATA 	Keypress: o
281.3245 	DATA 	Keypress: o
281.3256 	DATA 	Keypress: o
282.3379 	Level RINSE 	25
284.3225 	DATA 	Keypress: o
287.3174 	Level finished 	25
287.3189 	DATA 	Keypress: o
287.3201 	DATA 	Keypress: o
287.7006 	Level c.jpg at position=right and d.jpg at position=left 	25
289.3186 	DATA 	Keypress: 2
289.3196 	DATA 	Keypress: o
289.3385 	Level keypress=2 at time= 1.596573 	25
289.3389 	Level injecting via pump at address 1 and a keypress of 2 and image of c.jpg 	25
294.3222 	DATA 	Keypress: o
294.3234 	DATA 	Keypress: o
295.3201 	DATA 	Keypress: o
295.3393 	Level RINSE 	25
297.3219 	DATA 	Keypress: o
301.3174 	Level finished 	25
301.3191 	DATA 	Keypress: o
301.3204 	DATA 	Keypress: o
301.6945 	Level a.jpg at position=right and b.jpg at position=left 	25
303.3186 	DATA 	Keypress: 2
303.3196 	DATA 	Keypress: o
303.3401 	Level keypress=2 at time= 1.594972 	25
303.3406 	Level injecting via pump at address 1 and a keypress of 2 and image of a.jpg 	25
308.3235 	DATA 	Keypress: o
308.3247 	DATA 	Keypress: o
309.3198 	DATA 	Keypress: o
309.3410 	Level RINSE 	25
311.3234 	DATA 	Keypress: o
316.3174 	Level finished 	25
316.3190 	DATA 	Keypress: o
316.3202 	DATA 	Keypress: o
316.7056 	Level f.jpg at position=right and e.jpg at position=left 	25
318.3186 	DATA 	Keypress: o
318.3199 	DATA 	Keypress: 2
318.3252 	Level keypress=2 at time= 1.594500 	25
318.3257 	Level injecting via pump at address 2 and a keypress of 2 and image of f.jpg 	25
323.3221 	DATA 	Keypress: o
323.3232 	DATA 	Keypress: o
323.3245 	DATA 	Keypress: o
324.3262 	Level RINSE 	25
326.3217 	DATA 	Keypress: o
332.3174 	Level finished 	25
332.3188 	DATA 	Keypress: o
332.3199 	DATA 	Keypress: o
332.3210 	DATA 	Keypress: o
332.6991 	Level d.jpg at position=left and c.jpg at position=right 	25
334.3186 	DATA 	Keypress: o
334.3198 	DATA 	Keypress: 2
334.3270 	Level keypress=2 at time= 1.592466 	25
334.3275 	Level injecting via pump at address 1 and a keypress of 2 and image of c.jpg 	25
339.3220 	DATA 	Keypress: o
339.3230 	DATA 	Keypress: o
339.3239 	DATA 	Keypress: o
340.3279 	Level RINSE 	25
342.3241 	DATA 	Keypress: o
346.3174 	Level finished 	25
346.3190 	DATA 	Keypress: o
346.3202 	DATA 	Keypress: o
346.7037 	Level e.jpg at position=right and f.jpg at position=left 	25
348.3186 	DATA 	Keypress: o
348.3197 	DATA 	Keypress: 2
348.3454 	Level keypress=2 at time= 1.590786 	25
348.3459 	Level injecting via pump at address 2 and a keypress of 2 and image of e.jpg 	25
353.3226 	DATA 	Keypress: o
353.3238 	DATA 	Keypress: o
353.3250 	DATA 	Keypress: o
354.3463 	Level RINSE 	25
356.3230 	DATA 	Keypress: o
359.3175 	Level finished 	25
359.3190 	DATA 	Keypress: o
359.3201 	DATA 	Keypress: o
359.7207 	Level f.jpg at position=right and e.jpg at position=left 	25
361.3190 	DATA 	Keypress: 2
361.3207 	DATA 	Keypress: o
361.3469 	Level keypress=2 at time= 1.571907 	25
361.3473 	Level injecting via pump at address 2 and a keypress of 2 and image of f.jpg 	25
366.3225 	DATA 	Keypress: o
366.3239 	DATA 	Keypress: o
367.3203 	DATA 	Keypress: o
367.3478 	Level RINSE 	25
369.3225 	DATA 	Keypress: o
374.3174 	Level finished 	25
374.3189 	DATA 	Keypress: o
374.3200 	DATA 	Keypress: o
374.7186 	Level b.jpg at position=right and a.jpg at position=left 	25
376.3186 	DATA 	Keypress: o
376.3196 	DATA 	Keypress: 2
376.3487 	Level keypress=2 at time= 1.587424 	25
376.3491 	Level injecting via pump at address 2 and a keypress of 2 and image of b.jpg 	25
381.3236 	DATA 	Keypress: o
381.3254 	DATA 	Keypress: o
381.3268 	DATA 	Keypress: o
382.3329 	Level RINSE 	25
384.3223 	DATA 	Keypress: o
389.3174 	Level finished 	25
389.3191 	DATA 	Keypress: o
389.3203 	DATA 	Keypress: o
389.3213 	DATA 	Keypress: o
389.7026 	Level c.jpg at position=right and d.jpg at position=left 	25
391.3191 	DATA 	Keypress: 1
391.3212 	DATA 	Keypress: o
391.3337 	Level keypress=1 at time= 1.585192 	25
391.3343 	Level injecting via pump at address 2 and a keypress of 1 and image of d.jpg 	25
396.3227 	DATA 	Keypress: o
396.3239 	DATA 	Keypress: o
397.3201 	DATA 	Keypress: o
397.3347 	Level RINSE 	25
399.3225 	DATA 	Keypress: o
403.3174 	Level finished 	25
403.3193 	DATA 	Keypress: o
403.3208 	DATA 	Keypress: o
403.7102 	Level a.jpg at position=left and b.jpg at position=right 	25
405.3186 	DATA 	Keypress: 2
405.3196 	DATA 	Keypress: o
405.3520 	Level keypress=2 at time= 1.582994 	25
405.3524 	Level injecting via pump at address 2 and a keypress of 2 and image of b.jpg 	25
410.3232 	DATA 	Keypress: o
410.3245 	DATA 	Keypress: o
411.3206 	DATA 	Keypress: o
411.3529 	Level RINSE 	25
413.3239 	DATA 	Keypress: o
417.3174 	Level finished 	25
417.3190 	DATA 	Keypress: o
417.3202 	DATA 	Keypress: o
417.6974 	Level a.jpg at position=right and b.jpg at position=left 	25
419.3186 	DATA 	Keypress: 1
419.3195 	DATA 	Keypress: 1
419.3204 	DATA 	Keypress: 1
419.3213 	DATA 	Keypress: 1
419.3222 	DATA 	Keypress: o
419.3370 	Level keypress=1 at time= 1.581326 	25
419.3377 	Level injecting via pump at address 2 and a keypress of 1 and image of b.jpg 	25
424.3231 	DATA 	Keypress: o
424.3243 	DATA 	Keypress: o
425.3202 	DATA 	Keypress: o
425.3379 	Level RINSE 	25
427.3225 	DATA 	Keypress: o
433.3174 	Level finished 	25
433.3191 	DATA 	Keypress: o
433.3204 	DATA 	Keypress: o
433.3216 	DATA 	Keypress: o
433.7075 	Level d.jpg at position=right and c.jpg at position=left 	25
435.3186 	DATA 	Keypress: 2
435.3197 	DATA 	Keypress: o
435.3389 	Level keypress=2 at time= 1.596049 	25
435.3394 	Level injecting via pump at address 2 and a keypress of 2 and image of d.jpg 	25
440.3231 	DATA 	Keypress: o
440.3244 	DATA 	Keypress: o
441.3198 	DATA 	Keypress: o
441.3398 	Level RINSE 	25
443.3224 	DATA 	Keypress: o
449.3174 	Level finished 	25
449.3192 	DATA 	Keypress: o
449.3204 	DATA 	Keypress: o
449.3214 	DATA 	Keypress: o
449.7140 	Level f.jpg at position=right and e.jpg at position=left 	25
451.3186 	DATA 	Keypress: 2
451.3196 	DATA 	Keypress: o
451.3408 	Level keypress=2 at time= 1.577514 	25
451.3413 	Level injecting via pump at address 1 and a keypress of 2 and image of f.jpg 	25
456.3228 	DATA 	Keypress: o
456.3240 	DATA 	Keypress: o
457.3201 	DATA 	Keypress: o
457.3416 	Level RINSE 	25
459.3224 	DATA 	Keypress: o
465.3174 	Level finished 	25
465.3191 	DATA 	Keypress: o
465.3201 	DATA 	Keypress: o
465.3211 	DATA 	Keypress: o
465.7041 	Level f.jpg at position=left and e.jpg at position=right 	25
467.3185 	DATA 	Keypress: 1
467.3195 	DATA 	Keypress: 1
467.3205 	DATA 	Keypress: o
467.3427 	Level keypress=1 at time= 1.592369 	25
467.3431 	Level injecting via pump at address 2 and a keypress of 1 and image of f.jpg 	25
472.3250 	DATA 	Keypress: o
472.3266 	DATA 	Keypress: o
473.3204 	DATA 	Keypress: o
473.3435 	Level RINSE 	25
475.3219 	DATA 	Keypress: o
481.3174 	Level finished 	25
481.3193 	DATA 	Keypress: o
481.3208 	DATA 	Keypress: o
481.3220 	DATA 	Keypress: o
481.7017 	Level d.jpg at position=right and c.jpg at position=left 	25
483.3186 	DATA 	Keypress: 2
483.3196 	DATA 	Keypress: o
483.3447 	Level keypress=2 at time= 1.590554 	25
483.3451 	Level injecting via pump at address 2 and a keypress of 2 and image of d.jpg 	25
488.3226 	DATA 	Keypress: o
488.3239 	DATA 	Keypress: o
489.3202 	DATA 	Keypress: o
489.3454 	Level RINSE 	25
491.3229 	DATA 	Keypress: o
495.3174 	Level finished 	25
