78.5754 	DATA 	Keypress: 1
79.1533 	DATA 	Keypress: 2
80.6063 	DATA 	Keypress: 1
81.3673 	DATA 	Keypress: 2
84.8041 	DATA 	Keypress: 2
85.3943 	DATA 	Keypress: 1
87.3172 	DATA 	Keypress: 1
87.7232 	DATA 	Keypress: 2
108.6010 	DATA 	Keypress: o
108.6016 	Level start key press 	25
108.6016 	Level fixation 0.000002 	25
110.6031 	DATA 	Keypress: o
112.6033 	DATA 	Keypress: o
114.6202 	DATA 	Keypress: o
116.6035 	DATA 	Keypress: o
116.9012 	Level fixation end 0.000002 	25
116.9012 	Level START 	25
117.2955 	Level b.jpg at position=right and a.jpg at position=left 	25
118.9024 	DATA 	Keypress: o
118.9185 	Level Key Press Missed! 	25
123.9067 	DATA 	Keypress: 1
123.9077 	DATA 	Keypress: 1
123.9087 	DATA 	Keypress: o
123.9097 	DATA 	Keypress: o
124.9041 	DATA 	Keypress: o
124.9186 	Level RINSE 	25
126.9061 	DATA 	Keypress: o
131.9013 	Level finished 	25
131.9025 	DATA 	Keypress: o
131.9035 	DATA 	Keypress: o
132.2778 	Level d.jpg at position=right and c.jpg at position=left 	25
133.9024 	DATA 	Keypress: o
133.9037 	DATA 	Keypress: 1
133.9191 	Level keypress=1 at time= 1.600938 	25
133.9195 	Level injecting via pump at address 1 and a keypress of 1 and image of c.jpg 	25
138.9065 	DATA 	Keypress: o
138.9077 	DATA 	Keypress: o
138.9089 	DATA 	Keypress: o
139.9196 	Level RINSE 	25
141.9057 	DATA 	Keypress: o
147.9013 	Level finished 	25
147.9026 	DATA 	Keypress: o
147.9037 	DATA 	Keypress: o
147.9047 	DATA 	Keypress: o
148.2815 	Level c.jpg at position=right and d.jpg at position=left 	25
149.9025 	DATA 	Keypress: o
149.9038 	DATA 	Keypress: 2
149.9202 	Level keypress=2 at time= 1.599987 	25
149.9206 	Level injecting via pump at address 1 and a keypress of 2 and image of c.jpg 	25
154.9072 	DATA 	Keypress: o
154.9085 	DATA 	Keypress: o
154.9097 	DATA 	Keypress: o
155.9208 	Level RINSE 	25
157.9057 	DATA 	Keypress: o
161.9013 	Level finished 	25
161.9033 	DATA 	Keypress: o
161.9045 	DATA 	Keypress: o
162.2753 	Level a.jpg at position=right and b.jpg at position=left 	25
163.9024 	DATA 	Keypress: o
163.9035 	DATA 	Keypress: 1
163.9211 	Level keypress=1 at time= 1.598774 	25
163.9216 	Level injecting via pump at address 2 and a keypress of 1 and image of b.jpg 	25
168.9058 	DATA 	Keypress: o
168.9068 	DATA 	Keypress: o
168.9079 	DATA 	Keypress: o
169.9217 	Level RINSE 	25
171.9072 	DATA 	Keypress: o
174.9013 	Level finished 	25
174.9026 	DATA 	Keypress: o
174.9038 	DATA 	Keypress: o
175.2720 	Level a.jpg at position=left and b.jpg at position=right 	25
176.9023 	DATA 	Keypress: 1
176.9035 	DATA 	Keypress: o
176.9221 	Level keypress=1 at time= 1.613365 	25
176.9225 	Level injecting via pump at address 1 and a keypress of 1 and image of a.jpg 	25
181.9065 	DATA 	Keypress: o
181.9077 	DATA 	Keypress: o
182.9040 	DATA 	Keypress: o
182.9226 	Level RINSE 	25
184.9064 	DATA 	Keypress: o
189.9013 	Level finished 	25
189.9026 	DATA 	Keypress: o
189.9038 	DATA 	Keypress: o
190.2794 	Level a.jpg at position=left and b.jpg at position=right 	25
191.9024 	DATA 	Keypress: o
191.9034 	DATA 	Keypress: 1
191.9231 	Level keypress=1 at time= 1.596705 	25
191.9236 	Level injecting via pump at address 2 and a keypress of 1 and image of a.jpg 	25
196.9065 	DATA 	Keypress: o
196.9078 	DATA 	Keypress: o
196.9091 	DATA 	Keypress: o
197.9236 	Level RINSE 	25
199.9065 	DATA 	Keypress: o
203.9013 	Level finished 	25
203.9028 	DATA 	Keypress: o
203.9040 	DATA 	Keypress: o
204.2836 	Level c.jpg at position=right and d.jpg at position=left 	25
205.9024 	DATA 	Keypress: o
205.9037 	DATA 	Keypress: 1
205.9241 	Level keypress=1 at time= 1.596002 	25
205.9245 	Level injecting via pump at address 1 and a keypress of 1 and image of d.jpg 	25
210.9064 	DATA 	Keypress: o
210.9076 	DATA 	Keypress: o
210.9089 	DATA 	Keypress: o
211.9080 	Level RINSE 	25
213.9063 	DATA 	Keypress: o
216.9013 	Level finished 	25
216.9028 	DATA 	Keypress: o
216.9041 	DATA 	Keypress: o
217.2789 	Level b.jpg at position=left and a.jpg at position=right 	25
218.9024 	DATA 	Keypress: 1
218.9034 	DATA 	Keypress: o
218.9251 	Level keypress=1 at time= 1.593804 	25
218.9255 	Level injecting via pump at address 2 and a keypress of 1 and image of b.jpg 	25
223.9065 	DATA 	Keypress: o
223.9079 	DATA 	Keypress: o
224.9040 	DATA 	Keypress: o
224.9255 	Level RINSE 	25
226.9065 	DATA 	Keypress: o
231.9013 	Level finished 	25
231.9026 	DATA 	Keypress: o
231.9036 	DATA 	Keypress: o
232.2906 	Level f.jpg at position=left and e.jpg at position=right 	25
233.9024 	DATA 	Keypress: o
233.9037 	DATA 	Keypress: 1
233.9049 	DATA 	Keypress: 1
233.9261 	Level keypress=1 at time= 1.577318 	25
233.9265 	Level injecting via pump at address 2 and a keypress of 1 and image of f.jpg 	25
238.9065 	DATA 	Keypress: o
238.9077 	DATA 	Keypress: o
238.9089 	DATA 	Keypress: o
239.9099 	Level RINSE 	25
241.9062 	DATA 	Keypress: o
244.9012 	Level finished 	25
244.9026 	DATA 	Keypress: o
244.9036 	DATA 	Keypress: o
245.2772 	Level c.jpg at position=left and d.jpg at position=right 	25
246.9024 	DATA 	Keypress: 2
246.9034 	DATA 	Keypress: o
246.9270 	Level keypress=2 at time= 1.591901 	25
246.9274 	Level injecting via pump at address 1 and a keypress of 2 and image of d.jpg 	25
251.9065 	DATA 	Keypress: o
251.9076 	DATA 	Keypress: o
252.9042 	DATA 	Keypress: o
252.9108 	Level RINSE 	25
254.9064 	DATA 	Keypress: o
257.9012 	Level finished 	25
257.9026 	DATA 	Keypress: o
258.2695 	Level c.jpg at position=right and d.jpg at position=left 	25
259.9024 	DATA 	Keypress: o
259.9035 	DATA 	Keypress: 2
259.9278 	Level keypress=2 at time= 1.608910 	25
259.9283 	Level injecting via pump at address 1 and a keypress of 2 and image of c.jpg 	25
264.9064 	DATA 	Keypress: o
264.9077 	DATA 	Keypress: o
264.9089 	DATA 	Keypress: o
265.9117 	Level RINSE 	25
267.9067 	DATA 	Keypress: o
272.9013 	Level finished 	25
272.9029 	DATA 	Keypress: o
272.9042 	DATA 	Keypress: o
272.9054 	DATA 	Keypress: o
273.2834 	Level c.jpg at position=left and d.jpg at position=right 	25
274.9027 	DATA 	Keypress: 1
274.9041 	DATA 	Keypress: o
274.9289 	Level keypress=1 at time= 1.590208 	25
274.9294 	Level injecting via pump at address 2 and a keypress of 1 and image of c.jpg 	25
279.9058 	DATA 	Keypress: o
279.9068 	DATA 	Keypress: o
280.9040 	DATA 	Keypress: o
280.9127 	Level RINSE 	25
282.9062 	DATA 	Keypress: o
285.9013 	Level finished 	25
285.9026 	DATA 	Keypress: o
286.2717 	Level f.jpg at position=left and e.jpg at position=right 	25
287.9026 	DATA 	Keypress: o
287.9039 	DATA 	Keypress: 2
287.9297 	Level keypress=2 at time= 1.590523 	25
287.9303 	Level injecting via pump at address 1 and a keypress of 2 and image of e.jpg 	25
292.9062 	DATA 	Keypress: o
292.9076 	DATA 	Keypress: o
292.9088 	DATA 	Keypress: o
293.9136 	Level RINSE 	25
295.9085 	DATA 	Keypress: o
300.9013 	Level finished 	25
300.9028 	DATA 	Keypress: o
300.9040 	DATA 	Keypress: o
300.9051 	DATA 	Keypress: o
301.2712 	Level c.jpg at position=right and d.jpg at position=left 	25
302.9024 	DATA 	Keypress: 1
302.9035 	DATA 	Keypress: o
302.9141 	Level keypress=1 at time= 1.604669 	25
302.9145 	Level injecting via pump at address 2 and a keypress of 1 and image of d.jpg 	25
307.9069 	DATA 	Keypress: o
307.9082 	DATA 	Keypress: o
308.9039 	DATA 	Keypress: o
308.9146 	Level RINSE 	25
310.9065 	DATA 	Keypress: o
313.9012 	Level finished 	25
313.9027 	DATA 	Keypress: o
314.2742 	Level c.jpg at position=right and d.jpg at position=left 	25
315.9024 	DATA 	Keypress: o
315.9037 	DATA 	Keypress: 1
315.9151 	Level keypress=1 at time= 1.588378 	25
315.9155 	Level injecting via pump at address 1 and a keypress of 1 and image of d.jpg 	25
320.9065 	DATA 	Keypress: o
320.9076 	DATA 	Keypress: o
320.9086 	DATA 	Keypress: o
321.9155 	Level RINSE 	25
323.9061 	DATA 	Keypress: o
328.9013 	Level finished 	25
328.9028 	DATA 	Keypress: o
328.9038 	DATA 	Keypress: o
328.9047 	DATA 	Keypress: o
329.2762 	Level b.jpg at position=left and a.jpg at position=right 	25
330.9024 	DATA 	Keypress: 2
330.9037 	DATA 	Keypress: o
330.9161 	Level keypress=2 at time= 1.602813 	25
330.9165 	Level injecting via pump at address 1 and a keypress of 2 and image of a.jpg 	25
335.9060 	DATA 	Keypress: o
335.9071 	DATA 	Keypress: o
336.9036 	DATA 	Keypress: o
336.9166 	Level RINSE 	25
338.9065 	DATA 	Keypress: o
343.9012 	Level finished 	25
343.9026 	DATA 	Keypress: o
343.9036 	DATA 	Keypress: o
344.2771 	Level a.jpg at position=right and b.jpg at position=left 	25
345.9024 	DATA 	Keypress: o
345.9036 	DATA 	Keypress: 1
345.9171 	Level keypress=1 at time= 1.602958 	25
345.9175 	Level injecting via pump at address 2 and a keypress of 1 and image of b.jpg 	25
350.9068 	DATA 	Keypress: o
350.9081 	DATA 	Keypress: o
350.9092 	DATA 	Keypress: o
351.9175 	Level RINSE 	25
353.9064 	DATA 	Keypress: o
359.9013 	Level finished 	25
359.9027 	DATA 	Keypress: o
359.9037 	DATA 	Keypress: o
359.9047 	DATA 	Keypress: o
360.2812 	Level e.jpg at position=right and f.jpg at position=left 	25
361.9024 	DATA 	Keypress: o
361.9040 	DATA 	Keypress: 1
361.9181 	Level keypress=1 at time= 1.585487 	25
361.9186 	Level injecting via pump at address 2 and a keypress of 1 and image of f.jpg 	25
366.9058 	DATA 	Keypress: o
366.9069 	DATA 	Keypress: o
366.9078 	DATA 	Keypress: o
367.9187 	Level RINSE 	25
369.9057 	DATA 	Keypress: o
374.9013 	Level finished 	25
374.9027 	DATA 	Keypress: o
374.9040 	DATA 	Keypress: o
374.9049 	DATA 	Keypress: o
375.2754 	Level e.jpg at position=left and f.jpg at position=right 	25
376.9023 	DATA 	Keypress: 2
376.9035 	DATA 	Keypress: o
376.9191 	Level keypress=2 at time= 1.599562 	25
376.9196 	Level injecting via pump at address 1 and a keypress of 2 and image of f.jpg 	25
381.9065 	DATA 	Keypress: o
381.9075 	DATA 	Keypress: o
382.9038 	DATA 	Keypress: o
382.9364 	Level RINSE 	25
384.9062 	DATA 	Keypress: o
389.9012 	Level finished 	25
389.9027 	DATA 	Keypress: o
389.9036 	DATA 	Keypress: o
390.2723 	Level a.jpg at position=left and b.jpg at position=right 	25
391.9024 	DATA 	Keypress: o
391.9037 	DATA 	Keypress: 2
391.9370 	Level keypress=2 at time= 1.616506 	25
391.9374 	Level injecting via pump at address 2 and a keypress of 2 and image of b.jpg 	25
396.9062 	DATA 	Keypress: o
396.9075 	DATA 	Keypress: o
396.9087 	DATA 	Keypress: o
397.9208 	Level RINSE 	25
399.9062 	DATA 	Keypress: o
402.9013 	Level finished 	25
402.9030 	DATA 	Keypress: o
402.9042 	DATA 	Keypress: o
403.2733 	Level e.jpg at position=left and f.jpg at position=right 	25
404.9025 	DATA 	Keypress: 2
404.9038 	DATA 	Keypress: o
404.9378 	Level keypress=2 at time= 1.598110 	25
404.9383 	Level injecting via pump at address 1 and a keypress of 2 and image of f.jpg 	25
409.9059 	DATA 	Keypress: o
409.9072 	DATA 	Keypress: o
410.9040 	DATA 	Keypress: o
410.9217 	Level RINSE 	25
412.9065 	DATA 	Keypress: o
415.9013 	Level finished 	25
415.9027 	DATA 	Keypress: o
416.2698 	Level a.jpg at position=right and b.jpg at position=left 	25
417.9024 	DATA 	Keypress: o
417.9036 	DATA 	Keypress: 2
417.9221 	Level keypress=2 at time= 1.598397 	25
417.9225 	Level injecting via pump at address 1 and a keypress of 2 and image of a.jpg 	25
422.9067 	DATA 	Keypress: o
422.9080 	DATA 	Keypress: o
422.9092 	DATA 	Keypress: o
423.9060 	Level RINSE 	25
425.9064 	DATA 	Keypress: o
429.9013 	Level finished 	25
429.9028 	DATA 	Keypress: o
429.9046 	DATA 	Keypress: o
430.2842 	Level e.jpg at position=left and f.jpg at position=right 	25
431.9024 	DATA 	Keypress: o
431.9035 	DATA 	Keypress: 2
431.9231 	Level keypress=2 at time= 1.597288 	25
431.9235 	Level injecting via pump at address 2 and a keypress of 2 and image of f.jpg 	25
436.9065 	DATA 	Keypress: o
436.9076 	DATA 	Keypress: o
436.9086 	DATA 	Keypress: o
437.9235 	Level RINSE 	25
439.9067 	DATA 	Keypress: o
443.9013 	Level finished 	25
443.9028 	DATA 	Keypress: o
443.9041 	DATA 	Keypress: o
444.2796 	Level c.jpg at position=right and d.jpg at position=left 	25
445.9026 	DATA 	Keypress: o
445.9039 	DATA 	Keypress: 1
445.9240 	Level keypress=1 at time= 1.596703 	25
445.9245 	Level injecting via pump at address 2 and a keypress of 1 and image of d.jpg 	25
450.9069 	DATA 	Keypress: o
450.9083 	DATA 	Keypress: o
450.9095 	DATA 	Keypress: o
451.9079 	Level RINSE 	25
453.9057 	DATA 	Keypress: o
458.9012 	Level finished 	25
458.9027 	DATA 	Keypress: o
458.9037 	DATA 	Keypress: o
458.9047 	DATA 	Keypress: o
459.2794 	Level c.jpg at position=right and d.jpg at position=left 	25
460.9026 	DATA 	Keypress: 2
460.9038 	DATA 	Keypress: o
460.9253 	Level keypress=2 at time= 1.594366 	25
460.9256 	Level injecting via pump at address 1 and a keypress of 2 and image of c.jpg 	25
465.9062 	DATA 	Keypress: o
465.9072 	DATA 	Keypress: o
466.9040 	DATA 	Keypress: o
466.9255 	Level RINSE 	25
468.9060 	DATA 	Keypress: o
472.9012 	Level finished 	25
472.9027 	DATA 	Keypress: o
472.9037 	DATA 	Keypress: o
473.2761 	Level b.jpg at position=right and a.jpg at position=left 	25
474.9024 	DATA 	Keypress: 1
474.9037 	DATA 	Keypress: o
474.9260 	Level keypress=1 at time= 1.592855 	25
474.9265 	Level injecting via pump at address 2 and a keypress of 1 and image of a.jpg 	25
479.9069 	DATA 	Keypress: o
479.9082 	DATA 	Keypress: o
480.9037 	DATA 	Keypress: o
480.9265 	Level RINSE 	25
482.9061 	DATA 	Keypress: o
487.9013 	Level finished 	25
