31.5606 	DATA 	Keypress: o
31.5615 	Level start key press 	25
31.5615 	Level fixation 0.000001 	25
33.5668 	DATA 	Keypress: o
35.5669 	DATA 	Keypress: o
37.5672 	DATA 	Keypress: o
39.5672 	DATA 	Keypress: o
39.9816 	Level fixation end 0.000001 	25
39.9816 	Level START 	25
40.3931 	Level b.jpg at position=right and a.jpg at position=left 	25
41.9831 	DATA 	Keypress: o
41.9987 	Level Key Press Missed! 	25
46.9864 	DATA 	Keypress: o
46.9874 	DATA 	Keypress: o
47.9845 	DATA 	Keypress: o
47.9990 	Level RINSE 	25
49.9869 	DATA 	Keypress: o
54.9816 	Level finished 	25
54.9831 	DATA 	Keypress: o
54.9841 	DATA 	Keypress: o
55.3525 	Level d.jpg at position=right and c.jpg at position=left 	25
56.9828 	DATA 	Keypress: o
56.9840 	DATA 	Keypress: 1
56.9850 	DATA 	Keypress: 1
56.9861 	DATA 	Keypress: 2
56.9995 	Level keypress=1 at time= 1.601000 	25
57.0000 	Level injecting via pump at address 1 and a keypress of 1 and image of c.jpg 	25
61.9868 	DATA 	Keypress: o
61.9879 	DATA 	Keypress: o
61.9890 	DATA 	Keypress: o
63.0168 	Level RINSE 	25
64.9858 	DATA 	Keypress: o
67.9816 	Level finished 	25
67.9834 	DATA 	Keypress: o
67.9846 	DATA 	Keypress: o
68.3529 	Level c.jpg at position=left and d.jpg at position=right 	25
69.9828 	DATA 	Keypress: 1
69.9839 	DATA 	Keypress: 1
69.9849 	DATA 	Keypress: o
70.0004 	Level keypress=1 at time= 1.599143 	25
70.0009 	Level injecting via pump at address 1 and a keypress of 1 and image of c.jpg 	25
74.9865 	DATA 	Keypress: o
74.9877 	DATA 	Keypress: o
75.9845 	DATA 	Keypress: o
76.0010 	Level RINSE 	25
77.9863 	DATA 	Keypress: o
81.9816 	Level finished 	25
81.9829 	DATA 	Keypress: o
81.9839 	DATA 	Keypress: o
82.3747 	Level e.jpg at position=left and f.jpg at position=right 	25
83.9827 	DATA 	Keypress: 2
83.9838 	DATA 	Keypress: o
84.0014 	Level keypress=2 at time= 1.581493 	25
84.0019 	Level injecting via pump at address 2 and a keypress of 2 and image of f.jpg 	25
88.9871 	DATA 	Keypress: o
88.9885 	DATA 	Keypress: o
89.9844 	DATA 	Keypress: o
90.0020 	Level RINSE 	25
91.9869 	DATA 	Keypress: o
94.9816 	Level finished 	25
94.9829 	DATA 	Keypress: o
95.3766 	Level b.jpg at position=right and a.jpg at position=left 	25
96.9831 	DATA 	Keypress: o
96.9848 	DATA 	Keypress: 1
96.9861 	DATA 	Keypress: 1
97.0189 	Level keypress=1 at time= 1.582593 	25
97.0193 	Level injecting via pump at address 1 and a keypress of 1 and image of a.jpg 	25
101.9864 	DATA 	Keypress: o
101.9876 	DATA 	Keypress: o
101.9887 	DATA 	Keypress: o
103.0028 	Level RINSE 	25
104.9859 	DATA 	Keypress: o
108.9816 	Level finished 	25
108.9834 	DATA 	Keypress: o
108.9847 	DATA 	Keypress: o
109.3569 	Level e.jpg at position=left and f.jpg at position=right 	25
110.9827 	DATA 	Keypress: o
110.9838 	DATA 	Keypress: 2
111.0032 	Level keypress=2 at time= 1.597277 	25
111.0038 	Level injecting via pump at address 2 and a keypress of 2 and image of f.jpg 	25
115.9870 	DATA 	Keypress: o
115.9884 	DATA 	Keypress: o
115.9895 	DATA 	Keypress: o
117.0038 	Level RINSE 	25
118.9871 	DATA 	Keypress: o
121.9816 	Level finished 	25
121.9830 	DATA 	Keypress: o
121.9840 	DATA 	Keypress: o
122.3723 	Level b.jpg at position=left and a.jpg at position=right 	25
123.9827 	DATA 	Keypress: 2
123.9838 	DATA 	Keypress: o
124.0041 	Level keypress=2 at time= 1.595230 	25
124.0046 	Level injecting via pump at address 1 and a keypress of 2 and image of a.jpg 	25
128.9867 	DATA 	Keypress: o
128.9878 	DATA 	Keypress: o
129.9843 	DATA 	Keypress: o
130.0047 	Level RINSE 	25
131.9869 	DATA 	Keypress: o
135.9816 	Level finished 	25
135.9831 	DATA 	Keypress: o
135.9844 	DATA 	Keypress: o
136.3591 	Level d.jpg at position=right and c.jpg at position=left 	25
137.9828 	DATA 	Keypress: 2
137.9838 	DATA 	Keypress: o
137.9885 	Level keypress=2 at time= 1.594400 	25
137.9889 	Level injecting via pump at address 2 and a keypress of 2 and image of d.jpg 	25
142.9881 	DATA 	Keypress: o
142.9896 	DATA 	Keypress: o
143.9845 	DATA 	Keypress: o
144.0057 	Level RINSE 	25
145.9868 	DATA 	Keypress: o
150.9816 	Level finished 	25
150.9833 	DATA 	Keypress: o
150.9845 	DATA 	Keypress: o
151.3506 	Level f.jpg at position=left and e.jpg at position=right 	25
152.9828 	DATA 	Keypress: o
152.9840 	DATA 	Keypress: 2
153.0065 	Level keypress=2 at time= 1.611351 	25
153.0070 	Level injecting via pump at address 2 and a keypress of 2 and image of e.jpg 	25
157.9861 	DATA 	Keypress: o
157.9871 	DATA 	Keypress: o
157.9881 	DATA 	Keypress: o
159.0067 	Level RINSE 	25
160.9868 	DATA 	Keypress: o
164.9816 	Level finished 	25
164.9830 	DATA 	Keypress: o
164.9840 	DATA 	Keypress: o
165.3632 	Level a.jpg at position=left and b.jpg at position=right 	25
166.9829 	DATA 	Keypress: o
166.9841 	DATA 	Keypress: 1
167.0070 	Level keypress=1 at time= 1.593432 	25
167.0075 	Level injecting via pump at address 1 and a keypress of 1 and image of a.jpg 	25
171.9879 	DATA 	Keypress: 1
171.9893 	DATA 	Keypress: o
171.9905 	DATA 	Keypress: o
171.9917 	DATA 	Keypress: o
172.9910 	Level RINSE 	25
174.9866 	DATA 	Keypress: o
181.9816 	Level finished 	25
181.9832 	DATA 	Keypress: o
181.9844 	DATA 	Keypress: o
181.9854 	DATA 	Keypress: o
181.9864 	DATA 	Keypress: o
182.3589 	Level b.jpg at position=right and a.jpg at position=left 	25
183.9827 	DATA 	Keypress: 1
183.9838 	DATA 	Keypress: o
184.0083 	Level keypress=1 at time= 1.607954 	25
184.0088 	Level injecting via pump at address 1 and a keypress of 1 and image of a.jpg 	25
188.9861 	DATA 	Keypress: o
188.9871 	DATA 	Keypress: o
189.9840 	DATA 	Keypress: o
190.0088 	Level RINSE 	25
191.9869 	DATA 	Keypress: o
198.9816 	Level finished 	25
198.9832 	DATA 	Keypress: o
198.9846 	DATA 	Keypress: o
198.9857 	DATA 	Keypress: o
199.3726 	Level a.jpg at position=left and b.jpg at position=right 	25
200.9830 	DATA 	Keypress: o
200.9842 	DATA 	Keypress: 1
200.9927 	Level keypress=1 at time= 1.574413 	25
200.9932 	Level injecting via pump at address 2 and a keypress of 1 and image of a.jpg 	25
205.9865 	DATA 	Keypress: o
205.9876 	DATA 	Keypress: o
205.9885 	DATA 	Keypress: o
206.9934 	Level RINSE 	25
208.9860 	DATA 	Keypress: o
213.9816 	Level finished 	25
213.9833 	DATA 	Keypress: o
213.9846 	DATA 	Keypress: o
213.9858 	DATA 	Keypress: o
214.3762 	Level e.jpg at position=right and f.jpg at position=left 	25
215.9831 	DATA 	Keypress: 1
215.9844 	DATA 	Keypress: 1
215.9856 	DATA 	Keypress: o
215.9868 	DATA 	Keypress: 1
215.9938 	Level keypress=1 at time= 1.589424 	25
215.9943 	Level injecting via pump at address 1 and a keypress of 1 and image of f.jpg 	25
220.9864 	DATA 	Keypress: o
220.9873 	DATA 	Keypress: o
221.9843 	DATA 	Keypress: o
222.0110 	Level RINSE 	25
223.9877 	DATA 	Keypress: o
226.9816 	Level finished 	25
226.9832 	DATA 	Keypress: o
227.3637 	Level b.jpg at position=left and a.jpg at position=right 	25
228.9828 	DATA 	Keypress: o
228.9840 	DATA 	Keypress: 2
228.9946 	Level keypress=2 at time= 1.589439 	25
228.9951 	Level injecting via pump at address 2 and a keypress of 2 and image of a.jpg 	25
233.9865 	DATA 	Keypress: o
233.9875 	DATA 	Keypress: o
233.9884 	DATA 	Keypress: o
234.9952 	Level RINSE 	25
236.9870 	DATA 	Keypress: o
240.9816 	Level finished 	25
240.9832 	DATA 	Keypress: o
240.9845 	DATA 	Keypress: o
241.3762 	Level c.jpg at position=left and d.jpg at position=right 	25
242.9827 	DATA 	Keypress: o
242.9838 	DATA 	Keypress: 1
243.0124 	Level keypress=1 at time= 1.588310 	25
243.0128 	Level injecting via pump at address 1 and a keypress of 1 and image of c.jpg 	25
247.9865 	DATA 	Keypress: o
247.9877 	DATA 	Keypress: o
247.9887 	DATA 	Keypress: o
248.9962 	Level RINSE 	25
250.9870 	DATA 	Keypress: o
255.9816 	Level finished 	25
255.9831 	DATA 	Keypress: o
255.9840 	DATA 	Keypress: o
255.9851 	DATA 	Keypress: o
256.3640 	Level b.jpg at position=right and a.jpg at position=left 	25
257.9830 	DATA 	Keypress: 1
257.9846 	DATA 	Keypress: o
257.9969 	Level keypress=1 at time= 1.586430 	25
257.9975 	Level injecting via pump at address 1 and a keypress of 1 and image of a.jpg 	25
262.9866 	DATA 	Keypress: o
262.9878 	DATA 	Keypress: o
263.9840 	DATA 	Keypress: o
263.9972 	Level RINSE 	25
265.9867 	DATA 	Keypress: o
270.9816 	Level finished 	25
270.9831 	DATA 	Keypress: o
270.9844 	DATA 	Keypress: o
271.3630 	Level c.jpg at position=right and d.jpg at position=left 	25
272.9827 	DATA 	Keypress: o
272.9838 	DATA 	Keypress: 2
272.9977 	Level keypress=2 at time= 1.585842 	25
272.9981 	Level injecting via pump at address 1 and a keypress of 2 and image of c.jpg 	25
277.9868 	DATA 	Keypress: o
277.9881 	DATA 	Keypress: o
277.9893 	DATA 	Keypress: o
278.9982 	Level RINSE 	25
280.9865 	DATA 	Keypress: o
287.9816 	Level finished 	25
287.9831 	DATA 	Keypress: o
287.9843 	DATA 	Keypress: o
287.9856 	DATA 	Keypress: o
287.9867 	DATA 	Keypress: o
288.3708 	Level e.jpg at position=right and f.jpg at position=left 	25
289.9829 	DATA 	Keypress: 1
289.9844 	DATA 	Keypress: o
290.0155 	Level keypress=1 at time= 1.584108 	25
290.0160 	Level injecting via pump at address 1 and a keypress of 1 and image of f.jpg 	25
294.9861 	DATA 	Keypress: o
294.9871 	DATA 	Keypress: o
295.9842 	DATA 	Keypress: o
295.9995 	Level RINSE 	25
297.9864 	DATA 	Keypress: o
302.9816 	Level finished 	25
302.9835 	DATA 	Keypress: o
302.9849 	DATA 	Keypress: o
303.3608 	Level a.jpg at position=right and b.jpg at position=left 	25
304.9828 	DATA 	Keypress: o
304.9840 	DATA 	Keypress: 1
305.0003 	Level keypress=1 at time= 1.600878 	25
305.0008 	Level injecting via pump at address 2 and a keypress of 1 and image of b.jpg 	25
309.9868 	DATA 	Keypress: o
309.9879 	DATA 	Keypress: o
309.9889 	DATA 	Keypress: o
311.0006 	Level RINSE 	25
312.9864 	DATA 	Keypress: o
317.9816 	Level finished 	25
317.9831 	DATA 	Keypress: o
317.9841 	DATA 	Keypress: o
317.9851 	DATA 	Keypress: o
318.3562 	Level b.jpg at position=right and a.jpg at position=left 	25
319.9829 	DATA 	Keypress: 2
319.9842 	DATA 	Keypress: o
320.0009 	Level keypress=2 at time= 1.598319 	25
320.0014 	Level injecting via pump at address 2 and a keypress of 2 and image of b.jpg 	25
324.9860 	DATA 	Keypress: o
324.9870 	DATA 	Keypress: o
325.9840 	DATA 	Keypress: o
326.0016 	Level RINSE 	25
327.9866 	DATA 	Keypress: o
330.9816 	Level finished 	25
330.9833 	DATA 	Keypress: o
331.3631 	Level b.jpg at position=right and a.jpg at position=left 	25
332.9832 	DATA 	Keypress: o
332.9845 	DATA 	Keypress: 2
333.0018 	Level keypress=2 at time= 1.582758 	25
333.0023 	Level injecting via pump at address 2 and a keypress of 2 and image of b.jpg 	25
337.9864 	DATA 	Keypress: o
337.9876 	DATA 	Keypress: o
337.9888 	DATA 	Keypress: o
339.0025 	Level RINSE 	25
340.9862 	DATA 	Keypress: o
344.9816 	Level finished 	25
344.9834 	DATA 	Keypress: o
344.9849 	DATA 	Keypress: o
345.3700 	Level c.jpg at position=right and d.jpg at position=left 	25
346.9828 	DATA 	Keypress: o
346.9840 	DATA 	Keypress: 2
347.0195 	Level keypress=2 at time= 1.581336 	25
347.0199 	Level injecting via pump at address 2 and a keypress of 2 and image of c.jpg 	25
351.9861 	DATA 	Keypress: o
351.9871 	DATA 	Keypress: o
351.9880 	DATA 	Keypress: o
353.0034 	Level RINSE 	25
354.9866 	DATA 	Keypress: o
359.9816 	Level finished 	25
359.9833 	DATA 	Keypress: o
359.9845 	DATA 	Keypress: o
359.9855 	DATA 	Keypress: o
360.3719 	Level f.jpg at position=left and e.jpg at position=right 	25
361.9829 	DATA 	Keypress: 2
361.9841 	DATA 	Keypress: o
361.9853 	DATA 	Keypress: 1
362.0043 	Level keypress=2 at time= 1.595833 	25
362.0048 	Level injecting via pump at address 1 and a keypress of 2 and image of e.jpg 	25
366.9878 	DATA 	Keypress: o
366.9891 	DATA 	Keypress: o
367.9842 	DATA 	Keypress: o
368.0044 	Level RINSE 	25
369.9870 	DATA 	Keypress: o
375.9816 	Level finished 	25
375.9832 	DATA 	Keypress: o
375.9842 	DATA 	Keypress: o
375.9851 	DATA 	Keypress: o
376.3769 	Level a.jpg at position=left and b.jpg at position=right 	25
377.9833 	DATA 	Keypress: 1
377.9851 	DATA 	Keypress: o
378.0050 	Level keypress=1 at time= 1.578096 	25
378.0055 	Level injecting via pump at address 1 and a keypress of 1 and image of a.jpg 	25
382.9870 	DATA 	Keypress: o
382.9882 	DATA 	Keypress: o
383.9843 	DATA 	Keypress: o
384.0056 	Level RINSE 	25
385.9870 	DATA 	Keypress: o
389.9816 	Level finished 	25
389.9832 	DATA 	Keypress: o
389.9844 	DATA 	Keypress: o
390.3665 	Level a.jpg at position=left and b.jpg at position=right 	25
391.9829 	DATA 	Keypress: 2
391.9841 	DATA 	Keypress: o
392.0059 	Level keypress=2 at time= 1.577111 	25
392.0064 	Level injecting via pump at address 1 and a keypress of 2 and image of b.jpg 	25
396.9867 	DATA 	Keypress: o
396.9880 	DATA 	Keypress: o
397.9843 	DATA 	Keypress: o
398.0066 	Level RINSE 	25
399.9877 	DATA 	Keypress: o
405.9816 	Level finished 	25
405.9835 	DATA 	Keypress: o
405.9848 	DATA 	Keypress: o
405.9860 	DATA 	Keypress: o
406.3762 	Level f.jpg at position=right and e.jpg at position=left 	25
407.9827 	DATA 	Keypress: 1
407.9839 	DATA 	Keypress: o
408.0074 	Level keypress=1 at time= 1.592316 	25
408.0079 	Level injecting via pump at address 1 and a keypress of 1 and image of e.jpg 	25
412.9866 	DATA 	Keypress: o
412.9877 	DATA 	Keypress: o
413.9844 	DATA 	Keypress: o
414.0077 	Level RINSE 	25
415.9877 	DATA 	Keypress: o
419.9816 	Level finished 	25
